2015/01/01 04:15:00    2015/01/01 04:17:20
2015/01/02 04:15:00    2015/01/02 04:17:16
2015/01/03 04:15:00    2015/01/03 04:17:13
2015/01/04 04:15:00    2015/01/04 04:17:09
2015/01/05 04:15:00    2015/01/05 04:17:17
2015/01/06 04:15:00    2015/01/06 04:17:17
2015/01/07 04:15:00    2015/01/07 04:17:13
2015/01/08 04:15:00    2015/01/08 04:17:38
2015/01/09 04:15:00    2015/01/09 04:17:23
2015/01/10 04:15:00    2015/01/10 04:17:17
2015/01/11 04:15:00    2015/01/11 04:17:11
2015/01/12 04:15:00    2015/01/12 04:17:14
2015/01/13 04:15:00    2015/01/13 04:19:00
2015/01/14 04:15:00    2015/01/14 04:17:17
2015/01/15 04:15:00    2015/01/15 04:17:28
2015/01/16 04:15:00    2015/01/16 04:17:32
2015/01/17 04:15:00    2015/01/17 04:17:13
2015/01/18 04:15:00    2015/01/18 04:17:21
2015/01/19 04:15:00    2015/01/19 04:19:37
2015/01/20 04:15:00    2015/01/20 04:20:47
2015/01/21 04:15:00    2015/01/21 04:19:25
2015/01/22 04:15:00    2015/01/22 04:19:33
2015/01/23 04:15:00    2015/01/23 04:18:19
2015/01/24 04:15:00    2015/01/24 04:18:23
2015/01/25 04:15:00    2015/01/25 04:18:08
2015/01/26 04:15:00    2015/01/26 04:18:02
2015/01/27 04:15:00    2015/01/27 04:18:28
2015/01/28 04:15:00    2015/01/28 04:18:21
2015/01/29 04:15:00    2015/01/29 04:18:01
2015/01/30 04:15:00    2015/01/30 04:18:06
2015/01/31 04:15:00    2015/01/31 04:18:07
2015/02/01 04:15:00    2015/02/01 04:18:08
2015/02/02 04:15:00    2015/02/02 04:18:06
2015/02/03 04:15:00    2015/02/03 04:18:10
2015/02/04 04:15:00    2015/02/04 04:18:27
2015/02/05 04:15:00    2015/02/05 04:18:15
2015/02/06 04:15:00    2015/02/06 04:17:24
2015/02/07 04:15:00    2015/02/07 04:17:21
2015/02/08 04:15:00    2015/02/08 04:17:21
2015/02/09 04:15:00    2015/02/09 04:17:24
2015/02/10 04:15:00    2015/02/10 04:17:22
2015/02/11 04:15:00    2015/02/12 04:15:00    2015/02/12 04:17:35
2015/02/13 04:15:00    2015/02/13 04:17:28
2015/02/14 04:15:00    2015/02/14 04:17:51
2015/02/15 04:15:00    2015/02/15 04:18:15
2015/02/15 22:24:56    2015/02/15 22:25:15
2015/02/15 22:26:09    2015/02/15 22:28:30
2015/02/16 04:15:00    2015/02/16 04:17:31
2015/02/17 04:15:00    2015/02/17 04:17:27
2015/02/18 04:15:00    2015/02/18 04:17:39
2015/02/19 04:15:00    2015/02/19 04:17:27
2015/02/20 04:15:00    2015/02/20 04:17:27
2015/02/21 04:15:00    2015/02/21 04:17:34
2015/02/22 04:15:00    2015/02/22 04:17:29
2015/02/23 04:15:00    2015/02/23 04:17:42
2015/02/24 04:15:00    2015/02/24 04:17:27
2015/02/25 04:15:00    2015/02/25 04:17:30
2015/02/26 04:15:00    2015/02/26 04:17:27
2015/02/27 04:15:00    2015/02/27 04:17:26
2015/02/28 04:15:00    2015/02/28 04:17:24
2015/03/01 04:15:00    2015/03/01 04:18:34
2015/03/02 04:15:00    2015/03/02 04:18:42
2015/03/03 04:15:00    2015/03/03 04:18:03
2015/03/04 04:15:00    2015/03/04 04:18:14
2015/03/05 04:15:00    2015/03/05 04:18:14
2015/03/06 04:15:00    2015/03/06 04:18:15
2015/03/07 04:15:00    2015/03/07 04:18:05
2015/03/08 04:15:00    2015/03/08 04:17:27
2015/03/09 04:15:00    2015/03/09 04:18:34
2015/03/10 04:15:00    2015/03/10 04:18:26
2015/03/11 04:15:00    2015/03/11 04:18:30
2015/03/12 04:15:00    2015/03/12 04:18:17
2015/03/13 04:15:00    2015/03/13 04:18:09
2015/03/14 04:15:00    2015/03/14 04:18:37
2015/03/15 04:15:00    2015/03/15 04:18:23
2015/03/16 04:15:00    2015/03/16 04:17:21
2015/03/17 04:15:00    2015/03/17 04:17:24
2015/03/18 04:15:00    2015/03/18 04:17:40
2015/03/19 04:15:00    2015/03/19 04:17:18
2015/03/20 04:15:00    2015/03/20 04:17:39
2015/03/21 04:15:00    2015/03/21 04:18:04
2015/03/22 04:15:00    2015/03/22 04:18:18
2015/03/23 04:15:00    2015/03/23 04:18:21
2015/03/24 04:15:00    2015/03/24 04:16:50
2015/03/25 04:15:00    2015/03/25 04:16:19
2015/03/26 04:15:00    2015/03/26 04:16:17
2015/03/27 04:15:00    2015/03/27 04:16:19
2015/03/28 04:15:00    2015/03/28 04:16:24
2015/03/29 04:15:00    2015/03/29 04:16:23
2015/03/30 04:15:00    2015/03/30 04:16:18
2015/03/31 04:15:00    2015/03/31 04:16:19
2015/04/01 04:15:00    2015/04/01 04:16:18
2015/04/02 04:15:00    2015/04/02 04:16:17
2015/04/03 04:15:00    2015/04/03 04:16:21
2015/04/04 04:15:00    2015/04/04 04:16:35
2015/04/05 04:15:00    2015/04/05 04:17:18
2015/04/06 04:15:00    2015/04/06 04:16:54
2015/04/07 04:15:00    2015/04/07 04:17:43
2015/04/08 04:15:00    2015/04/08 04:16:47
2015/04/09 04:15:00    2015/04/09 04:16:52
2015/04/10 04:15:00    2015/04/10 04:16:49
2015/04/11 04:15:00    2015/04/11 04:16:57
2015/04/12 04:15:00    2015/04/12 04:16:55
2015/04/13 04:15:00    2015/04/13 04:16:57
2015/04/14 04:15:00    2015/04/14 04:16:49
2015/04/15 04:15:00    2015/04/15 04:16:59
2015/04/16 04:15:00    2015/04/16 04:16:58
2015/04/17 04:15:00    2015/04/17 04:16:52
2015/04/18 04:15:00    2015/04/18 04:17:00
2015/04/19 04:15:00    2015/04/19 04:16:50
2015/04/20 04:15:00    2015/04/20 04:16:46
2015/04/21 04:15:00    2015/04/21 04:16:38
2015/04/22 04:15:00    2015/04/22 04:16:36
2015/04/23 04:15:00    2015/04/23 04:16:41
2015/04/24 04:15:00    2015/04/24 04:16:46
2015/04/25 04:15:00    2015/04/25 04:16:40
2015/04/26 04:15:00    2015/04/26 04:16:51
2015/04/27 04:15:00    2015/04/27 04:16:45
2015/04/28 04:15:00    2015/04/28 04:16:40
2015/04/29 04:15:00    2015/04/29 04:16:23
2015/04/30 04:15:00    2015/04/30 04:16:38
2015/05/01 04:15:00    2015/05/01 04:17:12
2015/05/02 04:15:00    2015/05/02 04:16:42
2015/05/03 04:15:00    2015/05/03 04:16:43
2015/05/04 04:15:00    2015/05/04 04:16:47
2015/05/05 04:15:00    2015/05/05 04:17:32
2015/05/06 04:15:00    2015/05/06 04:16:54
2015/05/07 04:15:00    2015/05/07 04:16:57
2015/05/08 04:15:00    2015/05/08 04:16:57
2015/05/09 04:15:00    2015/05/09 04:16:46
2015/05/10 04:15:00    2015/05/10 04:16:26
2015/05/11 04:15:00    2015/05/11 04:16:45
2015/05/12 04:15:00    2015/05/12 04:18:33
2015/05/13 04:15:00    2015/05/13 04:18:39
2015/05/14 04:15:00    2015/05/14 04:16:59
2015/05/15 04:15:00    2015/05/15 04:16:32
2015/05/16 04:15:00    2015/05/16 04:16:51
2015/05/17 04:15:00    2015/05/17 04:16:55
2015/05/18 04:15:00    2015/05/18 04:16:54
2015/05/19 04:15:00    2015/05/19 04:16:48
2015/05/20 04:15:00    2015/05/20 04:16:48
2015/05/21 04:15:00    2015/05/21 04:16:26
2015/05/22 04:15:00    2015/05/22 04:17:14
2015/05/23 04:15:00    2015/05/23 04:17:00
2015/05/24 04:15:00    2015/05/24 04:16:43
2015/05/25 04:15:00    2015/05/25 04:16:52
2015/05/26 04:15:00    2015/05/26 04:16:47
2015/05/27 04:15:00    2015/05/27 04:16:50
2015/05/28 04:15:00    2015/05/28 04:16:40
2015/05/29 04:15:00    2015/05/29 04:16:47
2015/05/30 04:15:00    2015/05/30 04:16:57
2015/05/31 04:15:00    2015/05/31 04:16:24
2015/06/01 04:15:00    2015/06/01 04:16:51
2015/06/02 04:15:00    2015/06/02 04:16:46
2015/06/03 04:15:00    2015/06/03 04:16:22
2015/06/04 04:15:00    2015/06/04 04:16:29
2015/06/05 04:15:00    2015/06/05 04:16:16
2015/06/06 04:15:00    2015/06/06 04:16:58
2015/06/07 04:15:00    2015/06/07 04:16:47
2015/06/08 04:15:00    2015/06/08 04:16:41
2015/06/09 04:15:00    2015/06/09 04:16:31
2015/06/10 04:15:00    2015/06/10 04:16:49
2015/06/11 04:15:00    2015/06/11 04:16:46
2015/06/12 04:15:00    2015/06/12 04:16:49
2015/06/13 04:15:00    2015/06/13 04:16:31
2015/06/14 04:15:00    2015/06/14 04:16:45
2015/06/15 04:15:00    2015/06/15 04:16:52
2015/06/16 04:15:00    2015/06/16 04:16:39
2015/06/17 04:15:00    2015/06/17 04:17:02
2015/06/18 04:15:00    2015/06/18 04:16:58
2015/06/18 09:17:44    2015/06/18 09:19:55    2015/06/18 09:21:17    2015/06/18 09:30:05    2015/06/18 09:48:48    2015/06/18 09:50:54    2015/06/18 09:57:28    2015/06/18 10:21:43    2015/06/18 10:28:35    2015/06/18 10:34:37    2015/06/18 10:38:08    2015/06/18 10:43:01
2015/06/19 04:15:00    2015/06/19 04:16:58
2015/06/20 04:15:00    2015/06/20 04:16:45
2015/06/21 04:15:00    2015/06/21 04:17:08
2015/06/29 04:15:00    2015/06/29 04:16:59
2015/06/30 04:15:00    2015/06/30 04:16:55
2015/07/01 04:15:00    2015/07/01 04:16:53
2015/07/02 04:15:00    2015/07/02 04:16:58
2015/07/03 04:15:00    2015/07/03 04:16:46
2015/07/04 04:15:00    2015/07/04 04:17:01
2015/07/05 04:15:00    2015/07/05 04:17:10
2015/07/06 04:15:00    2015/07/06 04:17:05
2015/07/07 04:15:00    在所要求名稱或序數的相關集合物件中找不到此項目。    2015/07/07 04:16:58
2015/07/08 04:15:00    2015/07/08 04:17:01
2015/07/09 04:15:00    2015/07/09 04:17:01
2015/07/10 04:15:00    2015/07/10 04:17:06
2015/07/11 04:15:00    2015/07/11 04:17:10
2015/07/12 04:15:00    2015/07/12 04:17:11
2015/07/13 04:15:00    2015/07/13 04:17:01
2015/07/14 04:15:00    2015/07/14 04:16:48
2015/07/15 04:15:00    2015/07/15 04:17:07
2015/07/16 04:15:00    2015/07/16 04:17:04
2015/07/17 04:15:00    2015/07/17 04:17:11
2015/07/18 04:15:00    2015/07/18 04:16:57
2015/07/19 04:15:00    2015/07/19 04:16:57
2015/07/20 04:15:00    2015/07/20 04:16:52
2015/07/21 04:15:00    2015/07/21 04:16:39
2015/07/22 04:15:00    2015/07/22 04:16:04
2015/07/23 04:15:00    2015/07/23 04:16:04
2015/07/24 04:15:00    2015/07/24 04:15:59
2015/07/25 04:15:00    2015/07/25 04:16:04
2015/07/26 04:15:00    2015/07/26 04:16:06
2015/07/27 04:15:00    2015/07/27 04:16:03
2015/07/28 04:15:00    2015/07/28 04:16:07
2015/07/29 04:15:00    2015/07/29 04:15:56
2015/07/30 04:15:00    2015/07/30 04:16:05
2015/07/31 04:15:00    2015/07/31 04:16:05
2015/08/01 04:15:00    2015/08/01 04:16:10
2015/08/02 04:15:00    2015/08/02 04:15:59
2015/08/03 04:15:00    2015/08/03 04:16:04
2015/08/04 04:15:00    2015/08/04 04:16:11
2015/08/05 04:15:00    2015/08/05 04:16:04
2015/08/06 04:15:00    2015/08/06 04:16:07
2015/08/07 04:15:00    2015/08/07 04:16:09
2015/08/08 04:15:00    2015/08/08 04:16:14
2015/08/09 04:15:00    2015/08/09 04:16:10
2015/08/14 17:44:23    2015/08/14 17:46:34
2015/08/15 04:15:00    2015/08/15 04:16:17
2015/08/18 04:15:00    2015/08/18 04:16:46
2015/08/19 04:15:00    2015/08/19 04:16:43
2015/08/20 04:15:00    2015/08/20 04:16:46
2015/08/21 04:15:00    2015/08/22 04:15:00    2015/08/22 04:16:46
2015/08/23 04:15:00    2015/08/23 04:16:42
2015/08/24 04:15:00    2015/08/25 04:15:00    2015/08/25 04:16:41
2015/08/26 04:15:00    2015/08/26 04:16:45
2015/08/27 04:15:00    2015/08/27 04:16:36
2015/08/28 04:15:00    2015/08/28 04:16:43
2015/08/29 04:15:00    2015/08/29 04:16:45
2015/08/30 04:15:00    2015/08/30 04:16:38
2015/08/31 04:15:00    2015/08/31 04:16:36
2015/09/01 04:15:00    2015/09/01 04:16:41
2015/09/02 04:15:00    2015/09/02 04:16:39
2015/09/03 04:15:00    2015/09/03 04:16:38
2015/09/04 04:15:00    2015/09/04 04:16:37
2015/09/05 04:15:00    2015/09/05 17:07:22    2015/09/05 17:08:51
2015/09/06 04:15:00    2015/09/06 04:16:47
2015/09/07 04:15:00    2015/09/07 04:16:40
2015/09/08 04:15:00    2015/09/08 04:16:39
2015/09/09 04:15:00    2015/09/09 04:16:47
2015/09/10 04:15:00    2015/09/10 04:16:38
2015/09/11 04:15:00    2015/09/11 04:16:40
2015/09/12 04:15:00    2015/09/12 04:16:49
2015/09/13 04:15:00    2015/09/13 04:16:39
2015/09/14 04:15:00    2015/09/15 04:15:00    2015/09/15 04:16:36
2015/09/16 04:15:00    2015/09/16 04:16:35
2015/09/17 04:15:00    2015/09/17 04:16:44
2015/09/18 04:15:00    2015/09/18 04:16:41
2015/09/19 04:15:00    2015/09/19 04:16:43
2015/09/20 04:15:00    2015/09/20 04:16:40
2015/09/21 04:15:00    2015/09/21 04:16:39
2015/09/22 04:15:00    2015/09/22 04:16:39
2015/09/23 04:15:00    2015/09/23 04:16:41
2015/09/24 04:15:00    2015/09/24 04:16:39
2015/09/25 04:15:00    2015/09/25 04:16:41
2015/09/26 04:15:00    2015/09/26 04:17:04
2015/09/27 04:15:00    2015/09/27 04:16:45
2015/09/28 04:15:00    2015/09/28 04:16:43
2015/09/29 04:15:00    2015/09/29 04:16:52
2015/09/30 04:15:00    2015/09/30 04:16:44
2015/10/01 04:15:00    2015/10/01 04:16:45
2015/10/02 04:15:00    2015/10/02 04:16:41
2015/10/03 04:15:00    2015/10/04 04:15:00    2015/10/04 04:16:40
2015/10/05 04:15:00    2015/10/05 04:16:43
2015/10/06 04:15:00    2015/10/06 04:16:42
2015/10/07 04:15:00    2015/10/07 04:16:44
2015/10/08 04:15:00    2015/10/08 04:16:45
2015/10/09 04:15:00    2015/10/09 04:16:39
2015/10/10 04:15:00    2015/10/10 04:16:58
2015/10/11 04:15:00    2015/10/11 04:16:44
2015/10/12 04:15:00    2015/10/12 04:16:46
2015/10/13 04:15:00    2015/10/13 04:16:45
2015/10/14 04:15:00    2015/10/14 04:16:34
2015/10/15 04:15:00    2015/10/15 04:16:41
2015/10/16 04:15:00    2015/10/16 04:16:32
2015/10/17 04:15:00    2015/10/17 04:17:02
2015/10/18 04:15:00    2015/10/18 04:16:38
2015/10/19 04:15:00    2015/10/19 04:16:35
2015/10/20 04:15:00    2015/10/20 04:16:35
2015/10/21 04:15:00    2015/10/21 04:17:13
2015/10/22 04:15:00    2015/10/22 04:16:46
2015/10/23 04:15:00    2015/10/23 04:16:39
2015/10/24 04:15:00    2015/10/25 04:15:00    2015/10/25 04:16:47
2015/10/26 04:15:00    2015/10/26 04:16:33
2015/10/27 04:15:00    2015/10/27 04:16:55
2015/10/28 04:15:00    2015/10/28 04:16:53
2015/10/29 04:15:00    2015/10/29 04:16:44
2015/10/30 04:15:00    2015/10/30 04:16:41
2015/10/31 04:15:00    2015/11/01 04:15:00    2015/11/01 04:16:45
2015/11/02 04:15:00    2015/11/02 04:16:48
2015/11/03 04:15:00    2015/11/03 04:16:46
2015/11/04 04:15:00    2015/11/04 04:16:45
2015/11/05 04:15:00    2015/11/05 04:16:42
2015/11/06 04:15:00    2015/11/06 04:16:52
2015/11/07 04:15:00    2015/11/08 04:15:00    2015/11/08 04:16:36
2015/11/09 04:15:00    2015/11/09 04:16:32
2015/11/10 04:15:00    2015/11/10 04:16:50
2015/11/11 04:15:00    2015/11/11 04:16:43
2015/11/12 04:15:00    2015/11/12 04:16:47
2015/11/13 04:15:00    2015/11/13 04:16:39
2015/11/14 04:15:00    2015/11/14 04:16:51
2015/11/15 04:15:00    2015/11/15 04:16:44
2015/11/16 04:15:00    2015/11/16 04:16:43
2015/11/17 04:15:00    2015/11/17 04:16:40
2015/11/18 04:15:00    2015/11/18 04:16:47
2015/11/19 04:15:00    2015/11/19 04:16:41
2015/11/20 04:15:00    2015/11/20 04:17:20
2015/11/21 04:15:00    2015/11/21 04:16:50
2015/11/22 04:15:00    2015/11/22 04:16:59
2015/11/23 04:15:00    2015/11/23 04:16:46
2015/11/24 04:15:00    2015/11/24 04:16:44
2015/11/25 04:15:00    2015/11/25 04:16:44
2015/11/26 04:15:00    2015/11/26 04:16:36
2015/11/27 04:15:00    2015/11/27 04:16:45
2015/11/28 04:15:00    2015/11/28 04:16:52
2015/11/28 19:23:59    2015/11/29 04:15:00    2015/11/30 04:15:00    2015/11/30 04:16:36
2015/12/01 04:15:00    2015/12/01 04:16:38
2015/12/02 04:15:00    2015/12/02 04:16:39
2015/12/03 04:15:00    2015/12/03 04:16:58
2015/12/04 04:15:00    2015/12/04 04:16:42
2015/12/05 04:15:00    2015/12/05 04:16:50
2015/12/06 04:15:00    2015/12/06 04:16:40
2015/12/07 04:15:00    2015/12/07 04:16:46
2015/12/08 04:15:00    2015/12/08 04:17:40
2015/12/09 04:15:00    2015/12/09 04:16:44
2015/12/10 04:15:00    2015/12/10 04:16:34
2015/12/11 04:15:00    2015/12/11 04:16:36
2015/12/12 04:15:00    2015/12/12 04:16:43
2015/12/13 04:15:00    2015/12/13 04:16:36
2015/12/14 04:15:00    2015/12/14 04:16:31
2015/12/15 04:15:00    2015/12/16 04:15:00    2015/12/16 04:16:36
2015/12/17 04:15:00    2015/12/17 04:16:37
2015/12/18 04:15:00    2015/12/18 04:16:31
2015/12/19 04:15:00    2015/12/19 04:16:39
2015/12/20 04:15:00    2015/12/20 04:16:33
2015/12/21 04:15:00    2015/12/21 04:16:37
2015/12/22 04:15:00    2015/12/22 04:16:34
2015/12/23 04:15:00    2015/12/23 04:16:30
2015/12/24 04:15:00    2015/12/24 04:16:44
2015/12/25 04:15:00    2015/12/25 04:16:44
2015/12/26 04:15:00    2015/12/26 04:16:46
2015/12/26 18:02:47    秘總財產：18:05:49 保管變更：18:05:49 報廢回收：18:05:49 財產新增：18:05:49 財產移除：18:05:49 歷史財產：18:07:51 2015/12/26 18:07:51
2015/12/27 04:15:00 秘總財產：04:16:20 保管變更：04:16:20 報廢回收：04:16:20 財產新增：04:16:20 財產移除：04:16:20 歷史財產：04:16:53 2015/12/27 04:16:53
2015/12/28 04:15:00 秘總財產：04:16:15 保管變更：04:16:15 報廢回收：04:16:15 財產新增：04:16:15 財產移除：04:16:15 歷史財產：04:16:48 2015/12/28 04:16:48
2015/12/29 04:15:00 秘總財產：04:16:17 保管變更：04:16:18 報廢回收：04:16:18 財產新增：04:16:18 財產移除：04:16:18 歷史財產：04:16:51 2015/12/29 04:16:51
2015/12/30 04:15:00 秘總財產：04:16:18 保管變更：04:16:18 報廢回收：04:16:18 財產新增：04:16:18 財產移除：04:16:18 歷史財產：04:16:52 2015/12/30 04:16:52
2015/12/31 04:15:00 秘總財產：04:16:19 保管變更：04:16:19 報廢回收：04:16:19 財產新增：04:16:19 財產移除：04:16:19 歷史財產：04:16:52 2015/12/31 04:16:52
