2016/01/01 04:15:00 秘總財產：04:16:25 保管變更：04:16:25 報廢回收：04:16:25 財產新增：04:16:25 財產移除：04:16:25 歷史財產：04:16:59 2016/01/01 04:16:59
2016/01/02 04:15:00 2016/01/03 04:15:00 秘總財產：04:16:22 保管變更：04:16:22 報廢回收：04:16:23 財產新增：04:16:23 財產移除：04:16:23 歷史財產：04:16:56 2016/01/03 04:16:56
2016/01/04 04:15:00 秘總財產：04:16:14 保管變更：04:16:14 報廢回收：04:16:14 財產新增：04:16:14 財產移除：04:16:14 歷史財產：04:16:47 2016/01/04 04:16:47
2016/01/05 04:15:00 秘總財產：04:16:16 保管變更：04:16:16 報廢回收：04:16:16 財產新增：04:16:16 財產移除：04:16:16 歷史財產：04:16:50 2016/01/05 04:16:50
2016/01/06 04:15:00 秘總財產：04:16:20 保管變更：04:16:21 報廢回收：04:16:21 財產新增：04:16:21 財產移除：04:16:21 歷史財產：04:16:54 2016/01/06 04:16:54
2016/01/07 04:15:00 秘總財產：04:16:14 保管變更：04:16:14 報廢回收：04:16:14 財產新增：04:16:14 財產移除：04:16:14 歷史財產：04:16:48 2016/01/07 04:16:48
2016/01/08 04:15:00 秘總財產：04:16:17 保管變更：04:16:18 報廢回收：04:16:18 財產新增：04:16:18 財產移除：04:16:18 歷史財產：04:16:51 2016/01/08 04:16:51
2016/01/09 04:15:00 秘總財產：04:16:22 保管變更：04:16:22 報廢回收：04:16:22 財產新增：04:16:22 財產移除：04:16:22 歷史財產：04:16:57 2016/01/09 04:16:57
2016/01/09 16:37:58 秘總財產：16:39:12 保管變更：16:39:12 報廢回收：16:39:12 財產新增：16:39:12 財產移除：16:39:12 歷史財產：16:39:46 2016/01/09 16:39:46
2016/01/10 04:15:00 秘總財產：04:16:16 保管變更：04:16:16 報廢回收：04:16:16 財產新增：04:16:16 財產移除：04:16:16 歷史財產：04:16:49 2016/01/10 04:16:49
2016/01/11 04:15:00 秘總財產：04:16:17 保管變更：04:16:17 報廢回收：04:16:17 財產新增：04:16:17 財產移除：04:16:18 歷史財產：04:16:51 2016/01/11 04:16:51
2016/01/12 04:15:00 秘總財產：04:16:18 保管變更：04:16:18 報廢回收：04:16:18 財產新增：04:16:18 財產移除：04:16:18 歷史財產：04:16:51 2016/01/12 04:16:51
2016/01/13 04:15:00 秘總財產：04:16:17 保管變更：04:16:17 報廢回收：04:16:17 財產新增：04:16:18 財產移除：04:16:18 歷史財產：04:16:51 2016/01/13 04:16:51
2016/01/14 04:15:00 秘總財產：04:16:15 保管變更：04:16:15 報廢回收：04:16:15 財產新增：04:16:15 財產移除：04:16:15 歷史財產：04:16:50 2016/01/14 04:16:50
2016/01/15 04:15:00 秘總財產：04:16:23 保管變更：04:16:23 報廢回收：04:16:23 財產新增：04:16:23 財產移除：04:16:23 歷史財產：04:16:58 2016/01/15 04:16:58
2016/01/16 04:15:00 秘總財產：04:16:21 保管變更：04:16:21 報廢回收：04:16:21 財產新增：04:16:21 財產移除：04:16:21 歷史財產：04:16:54 2016/01/16 04:16:54
2016/01/17 04:15:00 秘總財產：04:16:19 保管變更：04:16:19 報廢回收：04:16:19 財產新增：04:16:19 財產移除：04:16:19 歷史財產：04:16:52 2016/01/17 04:16:52
2016/01/18 04:15:00 秘總財產：04:16:16 保管變更：04:16:16 報廢回收：04:16:16 財產新增：04:16:16 財產移除：04:16:16 歷史財產：04:16:50 2016/01/18 04:16:50
2016/01/19 04:15:00 秘總財產：04:16:16 保管變更：04:16:16 報廢回收：04:16:16 財產新增：04:16:16 財產移除：04:16:16 歷史財產：04:16:50 2016/01/19 04:16:50
2016/01/20 04:15:00 秘總財產：04:16:14 保管變更：04:16:14 報廢回收：04:16:14 財產新增：04:16:14 財產移除：04:16:14 歷史財產：04:16:48 2016/01/20 04:16:48
2016/01/21 04:15:00 秘總財產：04:16:16 保管變更：04:16:16 報廢回收：04:16:16 財產新增：04:16:16 財產移除：04:16:16 歷史財產：04:16:50 2016/01/21 04:16:50
2016/01/22 04:15:00 秘總財產：04:16:19 保管變更：04:16:19 報廢回收：04:16:19 財產新增：04:16:19 財產移除：04:16:19 歷史財產：04:16:55 2016/01/22 04:16:55
2016/01/23 04:15:00 2016/01/23 19:56:55 秘總財產：19:58:04 保管變更：19:58:05 報廢回收：19:58:05 財產新增：19:58:05 財產移除：19:58:05 歷史財產：19:58:39 2016/01/23 19:58:39
2016/01/24 04:15:00 2016/01/25 04:15:00 秘總財產：04:16:16 保管變更：04:16:16 報廢回收：04:16:16 財產新增：04:16:16 財產移除：04:16:16 歷史財產：04:16:50 2016/01/25 04:16:50
2016/01/26 04:15:00 秘總財產：04:16:16 保管變更：04:16:16 報廢回收：04:16:16 財產新增：04:16:16 財產移除：04:16:16 歷史財產：04:16:51 2016/01/26 04:16:51
2016/01/27 04:15:00 秘總財產：04:16:15 保管變更：04:16:16 報廢回收：04:16:16 財產新增：04:16:16 財產移除：04:16:16 歷史財產：04:16:49 2016/01/27 04:16:49
2016/01/28 04:15:00 秘總財產：04:16:16 保管變更：04:16:17 報廢回收：04:16:17 財產新增：04:16:17 財產移除：04:16:17 歷史財產：04:16:50 2016/01/28 04:16:50
2016/01/29 04:15:00 秘總財產：04:16:15 保管變更：04:16:15 報廢回收：04:16:15 財產新增：04:16:15 財產移除：04:16:15 歷史財產：04:16:48 2016/01/29 04:16:48
2016/01/30 04:15:00 秘總財產：04:16:23 保管變更：04:16:24 報廢回收：04:16:24 財產新增：04:16:24 財產移除：04:16:24 歷史財產：04:16:58 2016/01/30 04:16:58
2016/01/31 04:15:00 秘總財產：04:16:27 保管變更：04:16:27 報廢回收：04:16:27 財產新增：04:16:27 財產移除：04:16:27 歷史財產：04:17:01 2016/01/31 04:17:01
2016/02/01 04:15:00 秘總財產：04:16:16 保管變更：04:16:16 報廢回收：04:16:16 財產新增：04:16:16 財產移除：04:16:16 歷史財產：04:16:49 2016/02/01 04:16:49
2016/02/02 04:15:00 2016/02/03 04:15:00 秘總財產：04:16:22 保管變更：04:16:22 報廢回收：04:16:22 財產新增：04:16:22 財產移除：04:16:22 歷史財產：04:16:56 2016/02/03 04:16:56
2016/02/04 04:15:00 2016/02/05 04:15:00 秘總財產：04:16:16 保管變更：04:16:16 報廢回收：04:16:16 財產新增：04:16:16 財產移除：04:16:16 歷史財產：04:16:50 2016/02/05 04:16:50
2016/02/06 04:15:00 2016/02/07 04:15:00 2016/02/08 04:15:00 秘總財產：04:16:22 保管變更：04:16:22 報廢回收：04:16:22 財產新增：04:16:22 財產移除：04:16:22 歷史財產：04:16:56 2016/02/08 04:16:56
2016/02/09 04:15:00 秘總財產：04:16:18 保管變更：04:16:18 報廢回收：04:16:18 財產新增：04:16:18 財產移除：04:16:18 歷史財產：04:16:52 2016/02/09 04:16:52
2016/02/10 04:15:00 秘總財產：04:16:18 保管變更：04:16:18 報廢回收：04:16:19 財產新增：04:16:19 財產移除：04:16:19 歷史財產：04:16:53 2016/02/10 04:16:53
2016/02/11 04:15:00 秘總財產：04:16:24 保管變更：04:16:24 報廢回收：04:16:24 財產新增：04:16:24 財產移除：04:16:24 歷史財產：04:16:57 2016/02/11 04:16:57
2016/02/12 04:15:00 秘總財產：04:16:19 保管變更：04:16:19 報廢回收：04:16:19 財產新增：04:16:19 財產移除：04:16:19 歷史財產：04:16:53 2016/02/12 04:16:53
2016/02/13 04:15:00 2016/02/13 07:45:30 秘總財產：07:46:40 保管變更：07:46:40 報廢回收：07:46:40 財產新增：07:46:40 財產移除：07:46:40 歷史財產：07:47:14 2016/02/13 07:47:14
2016/02/14 04:15:00 2016/02/14 07:45:30 秘總財產：07:46:50 保管變更：07:46:50 報廢回收：07:46:50 財產新增：07:46:50 財產移除：07:46:50 歷史財產：07:47:24 2016/02/14 07:47:24
2016/02/15 04:15:00 2016/02/15 07:45:30 秘總財產：07:46:41 保管變更：07:46:41 報廢回收：07:46:41 財產新增：07:46:41 財產移除：07:46:41 歷史財產：07:47:18 2016/02/15 07:47:18
2016/02/16 04:15:00 秘總財產：04:16:16 保管變更：04:16:16 報廢回收：04:16:16 財產新增：04:16:16 財產移除：04:16:16 歷史財產：04:16:50 2016/02/16 04:16:50
2016/02/17 04:15:00 秘總財產：04:16:16 保管變更：04:16:16 報廢回收：04:16:16 財產新增：04:16:16 財產移除：04:16:16 歷史財產：04:16:49 2016/02/17 04:16:49
2016/02/18 04:15:00 秘總財產：04:16:16 保管變更：04:16:16 報廢回收：04:16:16 財產新增：04:16:16 財產移除：04:16:16 歷史財產：04:16:50 2016/02/18 04:16:50
2016/02/19 04:15:00 秘總財產：04:16:14 保管變更：04:16:15 報廢回收：04:16:15 財產新增：04:16:15 財產移除：04:16:15 歷史財產：04:16:48 2016/02/19 04:16:48
2016/02/20 04:15:00 秘總財產：04:16:25 保管變更：04:16:26 報廢回收：04:16:26 財產新增：04:16:26 財產移除：04:16:26 歷史財產：04:17:01 2016/02/20 04:17:01
2016/02/21 04:15:00 秘總財產：04:16:20 保管變更：04:16:20 報廢回收：04:16:20 財產新增：04:16:20 財產移除：04:16:20 歷史財產：04:16:54 2016/02/21 04:16:54
2016/02/22 04:15:00 秘總財產：04:16:21 保管變更：04:16:21 報廢回收：04:16:21 財產新增：04:16:21 財產移除：04:16:21 歷史財產：04:16:55 2016/02/22 04:16:55
2016/02/23 04:15:00 秘總財產：04:16:17 保管變更：04:16:17 報廢回收：04:16:17 財產新增：04:16:17 財產移除：04:16:17 歷史財產：04:16:51 2016/02/23 04:16:51
2016/02/24 04:15:00 秘總財產：04:16:15 保管變更：04:16:15 報廢回收：04:16:15 財產新增：04:16:15 財產移除：04:16:15 歷史財產：04:16:49 2016/02/24 04:16:49
2016/02/25 04:15:00 秘總財產：04:16:16 保管變更：04:16:16 報廢回收：04:16:16 財產新增：04:16:16 財產移除：04:16:16 歷史財產：04:16:49 2016/02/25 04:16:49
2016/02/26 04:15:00 秘總財產：04:16:22 保管變更：04:16:22 報廢回收：04:16:22 財產新增：04:16:22 財產移除：04:16:22 歷史財產：04:16:56 2016/02/26 04:16:56
2016/02/27 04:15:00 秘總財產：04:16:18 保管變更：04:16:19 報廢回收：04:16:19 財產新增：04:16:19 財產移除：04:16:19 歷史財產：04:16:52 2016/02/27 04:16:52
2016/02/28 04:15:00 秘總財產：04:16:11 保管變更：04:16:12 報廢回收：04:16:12 財產新增：04:16:12 財產移除：04:16:12 歷史財產：04:16:45 2016/02/28 04:16:45
2016/02/29 04:15:00 秘總財產：04:16:18 保管變更：04:16:18 報廢回收：04:16:18 財產新增：04:16:18 財產移除：04:16:18 歷史財產：04:16:51 2016/02/29 04:16:51
2016/03/01 04:15:00 秘總財產：04:16:19 保管變更：04:16:19 報廢回收：04:16:19 財產新增：04:16:19 財產移除：04:16:19 歷史財產：04:16:53 2016/03/01 04:16:53
2016/03/02 04:15:00 秘總財產：04:16:16 保管變更：04:16:17 報廢回收：04:16:17 財產新增：04:16:17 財產移除：04:16:17 歷史財產：04:16:50 2016/03/02 04:16:50
2016/03/03 04:15:00 秘總財產：04:16:19 保管變更：04:16:19 報廢回收：04:16:19 財產新增：04:16:19 財產移除：04:16:19 歷史財產：04:16:53 2016/03/03 04:16:53
2016/03/04 04:15:00 秘總財產：04:16:20 保管變更：04:16:20 報廢回收：04:16:20 財產新增：04:16:20 財產移除：04:16:20 歷史財產：04:16:54 2016/03/04 04:16:54
2016/03/05 04:15:00 秘總財產：04:16:34 保管變更：04:16:34 報廢回收：04:16:34 財產新增：04:16:34 財產移除：04:16:34 歷史財產：04:17:09 2016/03/05 04:17:09
2016/03/06 04:15:00 秘總財產：04:16:14 保管變更：04:16:14 報廢回收：04:16:14 財產新增：04:16:14 財產移除：04:16:14 歷史財產：04:16:47 2016/03/06 04:16:47
2016/03/07 04:15:00 秘總財產：04:16:18 保管變更：04:16:18 報廢回收：04:16:18 財產新增：04:16:18 財產移除：04:16:18 歷史財產：04:16:52 2016/03/07 04:16:52
2016/03/08 04:15:00 秘總財產：04:16:26 保管變更：04:16:26 報廢回收：04:16:26 財產新增：04:16:26 財產移除：04:16:26 歷史財產：04:17:00 2016/03/08 04:17:00
2016/03/09 04:15:00 秘總財產：04:16:20 保管變更：04:16:21 報廢回收：04:16:21 財產新增：04:16:21 財產移除：04:16:21 歷史財產：04:16:54 2016/03/09 04:16:54
2016/03/10 04:15:00 秘總財產：04:16:18 保管變更：04:16:18 報廢回收：04:16:18 財產新增：04:16:18 財產移除：04:16:18 歷史財產：04:16:52 2016/03/10 04:16:52
2016/03/11 04:15:00 2016/03/11 07:45:30 秘總財產：07:46:46 保管變更：07:46:46 報廢回收：07:46:46 財產新增：07:46:46 財產移除：07:46:46 歷史財產：07:47:20 2016/03/11 07:47:20
2016/03/12 04:15:00 秘總財產：04:16:17 保管變更：04:16:17 報廢回收：04:16:17 財產新增：04:16:17 財產移除：04:16:17 歷史財產：04:16:51 2016/03/12 04:16:51
2016/03/13 04:15:00 秘總財產：04:16:19 保管變更：04:16:20 報廢回收：04:16:20 財產新增：04:16:20 財產移除：04:16:20 歷史財產：04:16:53 2016/03/13 04:16:53
2016/03/14 04:15:00 秘總財產：04:16:13 保管變更：04:16:13 報廢回收：04:16:13 財產新增：04:16:13 財產移除：04:16:13 歷史財產：04:16:46 2016/03/14 04:16:46
2016/03/15 04:15:00 秘總財產：04:16:15 保管變更：04:16:16 報廢回收：04:16:16 財產新增：04:16:16 財產移除：04:16:16 歷史財產：04:16:49 2016/03/15 04:16:49
2016/03/16 04:15:00 秘總財產：04:16:20 保管變更：04:16:20 報廢回收：04:16:20 財產新增：04:16:20 財產移除：04:16:20 歷史財產：04:16:54 2016/03/16 04:16:54
2016/03/17 04:15:00 秘總財產：04:16:23 保管變更：04:16:23 報廢回收：04:16:23 財產新增：04:16:23 財產移除：04:16:23 歷史財產：04:16:57 2016/03/17 04:16:57
2016/03/18 04:15:00 秘總財產：04:16:18 保管變更：04:16:18 報廢回收：04:16:19 財產新增：04:16:19 財產移除：04:16:19 歷史財產：04:16:52 2016/03/18 04:16:52
2016/03/19 04:15:00 秘總財產：04:16:16 保管變更：04:16:17 報廢回收：04:16:17 財產新增：04:16:17 財產移除：04:16:17 歷史財產：04:16:50 2016/03/19 04:16:50
2016/03/20 04:15:00 秘總財產：04:16:15 保管變更：04:16:15 報廢回收：04:16:15 財產新增：04:16:15 財產移除：04:16:15 歷史財產：04:16:49 2016/03/20 04:16:49
2016/03/21 04:15:00 秘總財產：04:16:21 保管變更：04:16:22 報廢回收：04:16:22 財產新增：04:16:22 財產移除：04:16:22 歷史財產：04:16:57 [Microsoft][ODBC SQL Server Driver][SQL Server]資料庫 'IDMS' 的交易記錄已滿。如果要了解為何無法重複使用記錄中的空間，請參閱 sys.databases 中的 log_reuse_wait_desc 資料行。 2016/03/21 04:16:57
2016/03/22 04:15:00 2016/03/22 07:45:31 秘總財產：07:47:27 保管變更：07:47:28 報廢回收：07:47:28 財產新增：07:47:28 財產移除：07:47:28 歷史財產：07:48:33 2016/03/22 07:48:33
2016/03/23 04:15:00 秘總財產：04:17:06 保管變更：04:17:06 報廢回收：04:17:06 財產新增：04:17:06 財產移除：04:17:06 歷史財產：04:18:17 2016/03/23 04:18:17
2016/03/24 04:15:00 2016/03/24 07:45:31 秘總財產：07:47:29 保管變更：07:47:30 報廢回收：07:47:30 財產新增：07:47:30 財產移除：07:47:30 歷史財產：07:48:40 2016/03/24 07:48:40
2016/03/25 04:15:00 2016/03/25 07:45:30 秘總財產：07:47:33 保管變更：07:47:33 報廢回收：07:47:33 財產新增：07:47:33 財產移除：07:47:33 歷史財產：07:48:46 2016/03/25 07:48:46
2016/03/26 04:15:00 秘總財產：04:17:09 保管變更：04:17:09 報廢回收：04:17:09 財產新增：04:17:10 財產移除：04:17:10 歷史財產：04:18:20 2016/03/26 04:18:20
2016/03/27 04:15:00 2016/03/27 07:45:30 秘總財產：07:47:28 保管變更：07:47:28 報廢回收：07:47:28 財產新增：07:47:28 財產移除：07:47:28 歷史財產：07:48:40 2016/03/27 07:48:40
2016/03/28 04:15:00 2016/03/28 07:45:30 秘總財產：07:47:18 保管變更：07:47:18 報廢回收：07:47:18 財產新增：07:47:18 財產移除：07:47:18 歷史財產：07:48:22 2016/03/28 07:48:22
2016/03/29 04:15:00 2016/03/29 07:45:30 秘總財產：07:47:19 保管變更：07:47:19 報廢回收：07:47:19 財產新增：07:47:19 財產移除：07:47:19 歷史財產：07:48:21 2016/03/29 07:48:21
2016/03/30 04:15:00 2016/03/30 07:45:30 秘總財產：07:47:04 保管變更：07:47:04 報廢回收：07:47:04 財產新增：07:47:04 財產移除：07:47:04 歷史財產：07:47:57 2016/03/30 07:47:57
2016/03/31 04:15:00 秘總財產：04:16:56 保管變更：04:16:57 報廢回收：04:16:57 財產新增：04:16:57 財產移除：04:16:57 歷史財產：04:17:58 2016/03/31 04:17:58
2016/04/01 04:15:00 2016/04/01 07:45:30 秘總財產：07:46:58 保管變更：07:46:58 報廢回收：07:46:58 財產新增：07:46:58 財產移除：07:46:58 歷史財產：07:47:47 2016/04/01 07:47:47
2016/04/02 04:15:00 秘總財產：04:16:45 保管變更：04:16:45 報廢回收：04:16:45 財產新增：04:16:45 財產移除：04:16:45 歷史財產：04:17:33 2016/04/02 04:17:33
2016/04/03 04:15:00 秘總財產：04:16:41 保管變更：04:16:42 報廢回收：04:16:42 財產新增：04:16:42 財產移除：04:16:42 歷史財產：04:17:33 2016/04/03 04:17:33
2016/04/04 04:15:00 2016/04/04 07:45:30 2016/04/04 11:16:00 秘總財產：11:17:37 保管變更：11:17:37 報廢回收：11:17:37 財產新增：11:17:37 財產移除：11:17:38 歷史財產：11:18:29 2016/04/04 11:18:29
2016/04/05 04:15:00 秘總財產：04:16:44 保管變更：04:16:44 報廢回收：04:16:44 財產新增：04:16:44 財產移除：04:16:44 歷史財產：04:17:38 2016/04/05 04:17:38
2016/04/06 04:15:00 2016/04/06 05:15:30 秘總財產：05:17:07 保管變更：05:17:07 報廢回收：05:17:08 財產新增：05:17:08 財產移除：05:17:08 歷史財產：05:18:00 2016/04/06 05:18:00
2016/04/07 04:15:00 秘總財產：04:16:46 保管變更：04:16:46 報廢回收：04:16:46 財產新增：04:16:47 財產移除：04:16:47 歷史財產：04:17:38 2016/04/07 04:17:38
2016/04/08 04:15:00 2016/04/08 05:15:30 2016/04/08 06:16:00 秘總財產：06:17:47 保管變更：06:17:48 報廢回收：06:17:48 財產新增：06:17:48 財產移除：06:17:48 歷史財產：06:18:56 2016/04/08 06:18:56
2016/04/09 02:15:00 2016/04/09 03:30:53 2016/04/09 03:35:37 2016/04/09 03:44:35 秘總財產：03:46:51 保管變更：03:46:51 報廢回收：03:46:52 財產新增：03:46:52 財產移除：03:46:52 歷史財產：03:48:08 2016/04/09 03:48:08
2016/04/10 02:45:00 
2016/04/12 02:45:00 2016/04/12 20:34:48 2016/04/12 20:40:28 2016/04/12 20:51:37 秘總財產：20:54:07 保管變更：20:54:07 報廢回收：20:54:07 財產新增：20:54:07 財產移除：20:54:07 
2016/04/13 02:45:00 秘總財產：02:47:15 保管變更：02:47:16 報廢回收：02:47:16 財產新增：02:47:31 財產移除：02:47:31 歷史財產：02:48:48 2016/04/13 02:48:48
2016/04/14 02:45:00 秘總財產：02:47:06 保管變更：02:47:06 報廢回收：02:47:06 財產新增：02:47:06 財產移除：02:47:06 歷史財產：02:48:21 2016/04/14 02:48:21
2016/04/15 02:45:00 秘總財產：02:47:03 保管變更：02:47:04 報廢回收：02:47:04 財產新增：02:47:04 財產移除：02:47:04 歷史財產：02:48:21 2016/04/15 02:48:21
2016/04/16 02:45:00 秘總財產：02:46:58 保管變更：02:46:58 報廢回收：02:46:59 財產新增：02:46:59 財產移除：02:46:59 歷史財產：02:48:09 2016/04/16 02:48:09
2016/04/17 02:45:00 秘總財產：02:47:03 保管變更：02:47:04 報廢回收：02:47:04 財產新增：02:47:04 財產移除：02:47:04 歷史財產：02:48:16 2016/04/17 02:48:16
2016/04/18 02:45:00 秘總財產：02:47:04 保管變更：02:47:04 報廢回收：02:47:04 財產新增：02:47:04 財產移除：02:47:04 歷史財產：02:48:13 2016/04/18 02:48:13
2016/04/19 02:45:00 秘總財產：02:47:05 保管變更：02:47:05 報廢回收：02:47:05 財產新增：02:47:05 財產移除：02:47:05 歷史財產：02:48:17 2016/04/19 02:48:17
2016/04/20 02:45:00 秘總財產：02:47:06 保管變更：02:47:06 報廢回收：02:47:06 財產新增：02:47:06 財產移除：02:47:07 歷史財產：02:48:10 2016/04/20 02:48:10
2016/04/21 02:45:00 秘總財產：02:47:21 保管變更：02:47:21 報廢回收：02:47:21 財產新增：02:47:21 財產移除：02:47:21 歷史財產：02:48:39 2016/04/21 02:48:39
2016/04/22 02:45:00 秘總財產：02:47:07 保管變更：02:47:07 報廢回收：02:47:07 財產新增：02:47:07 財產移除：02:47:07 歷史財產：02:48:20 2016/04/22 02:48:20
2016/04/23 02:45:00 秘總財產：02:46:44 保管變更：02:46:44 報廢回收：02:46:44 財產新增：02:46:44 財產移除：02:46:44 歷史財產：02:47:36 2016/04/23 02:47:36
2016/04/24 02:45:00 秘總財產：02:46:39 保管變更：02:46:40 報廢回收：02:46:40 財產新增：02:46:40 財產移除：02:46:40 歷史財產：02:47:33 2016/04/24 02:47:33
2016/04/25 02:45:00 秘總財產：02:46:37 保管變更：02:46:37 報廢回收：02:46:37 財產新增：02:46:37 財產移除：02:46:37 歷史財產：02:47:30 2016/04/25 02:47:30
2016/04/26 02:45:00 秘總財產：02:46:38 保管變更：02:46:38 報廢回收：02:46:38 財產新增：02:46:38 財產移除：02:46:38 歷史財產：02:47:31 2016/04/26 02:47:31
2016/04/27 02:45:00 秘總財產：02:46:40 保管變更：02:46:40 報廢回收：02:46:40 財產新增：02:46:40 財產移除：02:46:40 歷史財產：02:47:33 2016/04/27 02:47:33
2016/04/28 02:45:00 秘總財產：02:46:46 保管變更：02:46:46 報廢回收：02:46:46 財產新增：02:46:46 財產移除：02:46:46 歷史財產：02:47:38 2016/04/28 02:47:38
2016/04/29 02:45:00 秘總財產：02:46:36 保管變更：02:46:36 報廢回收：02:46:36 財產新增：02:46:36 財產移除：02:46:36 歷史財產：02:47:27 2016/04/29 02:47:27
2016/04/30 02:45:00 秘總財產：02:46:44 保管變更：02:46:45 報廢回收：02:46:45 財產新增：02:46:45 財產移除：02:46:45 歷史財產：02:47:33 2016/04/30 02:47:33
2016/05/01 02:45:00 秘總財產：02:46:41 保管變更：02:46:41 報廢回收：02:46:41 財產新增：02:46:41 財產移除：02:46:41 歷史財產：02:47:31 2016/05/01 02:47:31
2016/05/02 02:45:00 秘總財產：02:46:36 保管變更：02:46:36 報廢回收：02:46:36 財產新增：02:46:36 財產移除：02:46:36 歷史財產：02:47:27 2016/05/02 02:47:27
2016/05/03 02:45:00 秘總財產：02:46:43 保管變更：02:46:44 報廢回收：02:46:44 財產新增：02:46:44 財產移除：02:46:44 歷史財產：02:47:35 2016/05/03 02:47:35
2016/05/04 02:45:00 秘總財產：02:46:51 保管變更：02:46:51 報廢回收：02:46:51 財產新增：02:46:51 財產移除：02:46:51 歷史財產：02:47:45 2016/05/04 02:47:45
2016/05/05 02:45:00 秘總財產：02:46:41 保管變更：02:46:41 報廢回收：02:46:41 財產新增：02:46:41 財產移除：02:46:41 歷史財產：02:47:31 2016/05/05 02:47:31
2016/05/06 02:45:00 秘總財產：02:46:37 保管變更：02:46:37 報廢回收：02:46:38 財產新增：02:46:38 財產移除：02:46:38 歷史財產：02:47:29 2016/05/06 02:47:29
2016/05/07 02:45:00 秘總財產：02:46:35 保管變更：02:46:35 報廢回收：02:46:35 財產新增：02:46:35 財產移除：02:46:35 歷史財產：02:47:25 2016/05/07 02:47:25
2016/05/08 02:45:00 秘總財產：02:46:44 保管變更：02:46:44 報廢回收：02:46:44 財產新增：02:46:44 財產移除：02:46:44 歷史財產：02:47:34 2016/05/08 02:47:34
2016/05/08 15:31:28 資產清冊：15:31:29 秘總財產：15:33:14 保管變更：15:33:14 報廢回收：15:33:14 財產新增：15:33:14 財產移除：15:33:15 歷史財產：15:34:14 2016/05/08 15:34:14
2016/05/09 02:45:00 資產清冊：02:45:00 秘總財產：02:46:55 保管變更：02:46:55 報廢回收：02:46:55 財產新增：02:46:55 財產移除：02:46:55 歷史財產：02:47:47 2016/05/09 02:47:47
2016/05/10 02:45:00 資產清冊：02:45:00 秘總財產：02:46:54 保管變更：02:46:54 報廢回收：02:46:54 財產新增：02:46:54 財產移除：02:46:54 歷史財產：02:47:45 2016/05/10 02:47:45
2016/05/11 02:45:00 資產清冊：02:45:00 秘總財產：02:46:56 保管變更：02:46:56 報廢回收：02:46:56 財產新增：02:46:56 財產移除：02:46:56 歷史財產：02:47:46 2016/05/11 02:47:46
2016/05/12 02:45:00 資產清冊：02:45:00 秘總財產：02:46:59 保管變更：02:46:59 報廢回收：02:46:59 財產新增：02:46:59 財產移除：02:47:00 歷史財產：02:47:50 2016/05/12 02:47:50
2016/05/12 14:44:35 資產清冊：14:44:35 秘總財產：14:44:59 保管變更：14:44:59 財產報廢：14:45:00 財產新增：14:45:00 財產移除：14:45:00 財產主檔：14:45:00 14:45:00 (6142)
2016/05/12 17:10:14 資產清冊：17:10:15 秘總財產：17:10:49 保管變更：17:10:49 財產報廢：17:10:49 財產新增：17:10:49 財產移除：17:10:49 財產主檔：17:10:50 17:10:50 (6142)
2016/05/13 02:45:00 資產清冊：02:45:00 秘總財產：02:45:27 保管變更：02:45:27 財產報廢：02:45:27 財產新增：02:45:27 財產移除：02:45:27 財產主檔：02:45:28 02:45:28 (6142)
2016/05/14 02:45:00 資產清冊：02:45:00 秘總財產：02:45:25 保管變更：02:45:25 財產報廢：02:45:25 財產新增：02:45:25 財產移除：02:45:25 財產主檔：02:45:26 02:45:26 (6142)
2016/05/15 02:45:00 資產清冊：02:45:00 秘總財產：02:45:27 保管變更：02:45:28 財產報廢：02:45:28 財產新增：02:45:28 財產移除：02:45:28 財產主檔：02:45:28 02:45:28 (6142)
2016/05/16 02:45:00 資產清冊：02:45:00 秘總財產：02:45:26 保管變更：02:45:26 財產報廢：02:45:27 財產新增：02:45:27 財產移除：02:45:27 財產主檔：02:45:27 02:45:27 (6142)
2016/05/17 02:45:00 資產清冊：02:45:00 秘總財產：02:45:27 異動查核：02:45:27 財產主檔：02:45:28 02:45:28 (6146)
2016/05/18 02:45:00 資產清冊：02:45:00 秘總財產：02:45:29 異動查核：02:45:29 財產主檔：02:45:30 02:45:30 (6146)
2016/05/19 02:45:00 資產清冊：02:45:00 秘總財產：02:45:28 異動查核：02:45:29 財產主檔：02:45:30 02:45:30 (6146)
2016/05/20 02:45:00 資產清冊：02:45:00 秘總財產：02:45:27 異動查核：02:45:28 財產主檔：02:45:28 02:45:28 (6146)
2016/05/20 07:05:37 資產清冊：07:05:38 秘總財產：07:06:10 異動查核：07:06:10 財產主檔：07:06:11 07:06:11 (6146)
2016/05/21 02:45:00 資產清冊：02:45:00 秘總財產：02:45:32 異動查核：02:45:32 財產主檔：02:45:33 02:45:33 (6146)
2016/05/22 02:45:00 資產清冊：02:45:00 秘總財產：02:45:29 異動查核：02:45:29 財產主檔：02:45:30 02:45:30 (6146)
2016/05/23 02:45:00 資產清冊：02:45:00 秘總財產：02:45:29 異動查核：02:45:30 財產主檔：02:45:30 02:45:30 (6146)
2016/05/24 02:45:00 資產清冊：02:45:00 秘總財產：02:45:26 異動查核：02:45:27 財產主檔：02:45:27 02:45:27 (6146)
2016/05/25 02:45:00 資產清冊：02:45:00 秘總財產：02:45:30 異動查核：02:45:31 財產主檔：02:45:31 02:45:31 (6146)
2016/05/26 02:45:00 資產清冊：02:45:00 秘總財產：02:45:36 異動查核：02:45:37 財產主檔：02:45:38 02:45:38 (6146)
2016/05/27 02:45:00 資產清冊：02:45:00 秘總財產：02:45:26 異動查核：02:45:27 財產主檔：02:45:27 02:45:27 (6146)
2016/05/28 02:45:00 資產清冊：02:45:00 秘總財產：02:45:25 異動查核：02:45:26 財產主檔：02:45:26 02:45:26 (6146)
2016/05/29 02:45:00 資產清冊：02:45:00 秘總財產：02:45:27 異動查核：02:45:27 財產主檔：02:45:28 02:45:28 (6146)
2016/05/30 02:45:00 資產清冊：02:45:00 秘總財產：02:45:30 異動查核：02:45:30 財產主檔：02:45:31 02:45:31 (6146)
2016/05/31 02:45:00 資產清冊：02:45:00 秘總財產：02:45:29 異動查核：02:45:29 財產主檔：02:45:30 02:45:30 (6146)
2016/06/01 02:45:00 資產清冊：02:45:00 秘總財產：02:45:31 異動查核：02:45:32 財產主檔：02:45:33 02:45:33 (6147)
2016/06/02 02:45:00 資產清冊：02:45:00 秘總財產：02:45:32 異動查核：02:45:32 財產主檔：02:45:33 02:45:33 (6147)
2016/06/03 02:45:00 資產清冊：02:45:00 秘總財產：02:45:35 異動查核：02:45:36 財產主檔：02:45:36 02:45:36 (6147)
2016/06/04 02:45:00 資產清冊：02:45:00 秘總財產：02:45:32 異動查核：02:45:32 財產主檔：02:45:33 02:45:33 (6147)
2016/06/05 02:45:00 資產清冊：02:45:00 秘總財產：02:45:27 異動查核：02:45:27 財產主檔：02:45:28 02:45:28 (6147)
2016/06/06 02:45:00 資產清冊：02:45:00 秘總財產：02:45:31 異動查核：02:45:31 財產主檔：02:45:32 02:45:32 (6147)
2016/06/07 02:45:00 資產清冊：02:45:00 秘總財產：02:45:30 異動查核：02:45:31 財產主檔：02:45:31 02:45:31 (6143)
2016/06/08 02:45:00 資產清冊：02:45:00 秘總財產：02:45:39 異動查核：02:45:40 財產主檔：02:45:41 02:45:41 (6143)
2016/06/09 02:45:00 資產清冊：02:45:00 秘總財產：02:45:32 異動查核：02:45:33 財產主檔：02:45:34 02:45:34 (6143)
2016/06/10 02:45:00 資產清冊：02:45:00 秘總財產：02:45:38 異動查核：02:45:38 財產主檔：02:45:39 02:45:39 (6143)
2016/06/11 02:45:00 資產清冊：02:45:00 秘總財產：02:45:27 異動查核：02:45:27 財產主檔：02:45:28 02:45:28 (6143)
2016/06/12 02:45:00 資產清冊：02:45:00 秘總財產：02:45:28 異動查核：02:45:28 財產主檔：02:45:29 02:45:29 (6143)
2016/06/13 02:45:00 資產清冊：02:45:00 秘總財產：02:45:29 異動查核：02:45:30 財產主檔：02:45:31 02:45:31 (6143)
2016/06/14 02:45:00 資產清冊：02:45:00 秘總財產：02:45:29 異動查核：02:45:30 財產主檔：02:45:31 02:45:31 (6143)
2016/06/15 02:45:00 資產清冊：02:45:00 秘總財產：02:45:25 異動查核：02:45:26 財產主檔：02:45:27 02:45:27 (6143)
2016/06/16 02:45:00 資產清冊：02:45:00 秘總財產：02:45:30 異動查核：02:45:31 財產主檔：02:45:32 02:45:32 (6143)
2016/06/17 02:45:00 資產清冊：02:45:00 秘總財產：02:45:24 異動查核：02:45:25 財產主檔：02:45:26 02:45:26 (6143)
2016/06/18 02:45:00 資產清冊：02:45:00 秘總財產：02:45:29 異動查核：02:45:29 財產主檔：02:45:30 02:45:30 (6146)
2016/06/19 02:45:00 資產清冊：02:45:00 秘總財產：02:45:30 異動查核：02:45:31 財產主檔：02:45:32 02:45:32 (6146)
2016/06/20 02:45:00 資產清冊：02:45:00 秘總財產：02:45:30 異動查核：02:45:30 財產主檔：02:45:31 02:45:31 (6146)
2016/06/21 02:45:00 資產清冊：02:45:00 秘總財產：02:45:27 異動查核：02:45:28 財產主檔：02:45:29 02:45:29 (6146)
2016/06/22 02:45:00 資產清冊：02:45:00 秘總財產：02:45:27 異動查核：02:45:27 財產主檔：02:45:28 02:45:28 (6146)
2016/06/23 02:45:00 資產清冊：02:45:00 秘總財產：02:45:27 異動查核：02:45:27 財產主檔：02:45:28 02:45:28 (6146)
2016/06/24 02:45:00 資產清冊：02:45:00 秘總財產：02:45:29 異動查核：02:45:29 財產主檔：02:45:30 02:45:30 (6146)
2016/06/25 02:45:00 資產清冊：02:45:00 秘總財產：02:45:26 異動查核：02:45:27 財產主檔：02:45:27 02:45:27 (6146)
2016/06/26 02:45:00 資產清冊：02:45:00 秘總財產：02:45:32 異動查核：02:45:33 財產主檔：02:45:34 02:45:34 (6146)
2016/06/27 02:45:00 資產清冊：02:45:00 秘總財產：02:45:26 異動查核：02:45:26 財產主檔：02:45:27 02:45:27 (6146)
2016/06/28 02:45:00 資產清冊：02:45:00 秘總財產：02:45:28 異動查核：02:45:28 財產主檔：02:45:29 02:45:29 (6146)
2016/06/29 02:45:00 資產清冊：02:45:00 秘總財產：02:45:28 異動查核：02:45:29 財產主檔：02:45:30 02:45:30 (6189)
2016/06/30 02:45:00 資產清冊：02:45:00 秘總財產：02:45:30 異動查核：02:45:30 財產主檔：02:45:31 02:45:31 (6217)
2016/07/01 02:45:00 資產清冊：02:45:00 秘總財產：02:45:28 異動查核：02:45:29 財產主檔：02:45:30 02:45:30 (6217)
2016/07/02 02:45:00 資產清冊：02:45:00 秘總財產：02:45:32 異動查核：02:45:32 財產主檔：02:45:33 02:45:33 (6217)
2016/07/03 02:45:00 資產清冊：02:45:00 秘總財產：02:45:32 異動查核：02:45:32 財產主檔：02:45:33 02:45:33 (6217)
2016/07/04 02:45:00 資產清冊：02:45:00 秘總財產：02:45:27 異動查核：02:45:27 財產主檔：02:45:28 02:45:28 (6217)
2016/07/05 02:45:00 資產清冊：02:45:00 秘總財產：02:45:29 異動查核：02:45:29 財產主檔：02:45:30 02:45:30 (6217)
2016/07/06 02:45:00 資產清冊：02:45:00 秘總財產：02:45:33 異動查核：02:45:34 財產主檔：02:45:35 02:45:35 (6217)
2016/07/07 02:45:00 資產清冊：02:45:00 秘總財產：02:45:28 異動查核：02:45:29 財產主檔：02:45:30 02:45:30 (6217)
2016/07/08 02:45:00 資產清冊：02:45:00 秘總財產：02:45:31 異動查核：02:45:31 財產主檔：02:45:32 02:45:32 (6217)
2016/07/09 02:45:00 資產清冊：02:45:00 秘總財產：02:45:30 異動查核：02:45:30 財產主檔：02:45:31 02:45:31 (6217)
2016/07/10 02:45:00 資產清冊：02:45:00 秘總財產：02:45:38 異動查核：02:45:39 財產主檔：02:45:40 02:45:40 (6217)
2016/07/11 02:45:00 資產清冊：02:45:00 秘總財產：02:45:28 異動查核：02:45:29 財產主檔：02:45:30 02:45:30 (6217)
2016/07/12 02:45:00 資產清冊：02:45:00 秘總財產：02:45:29 異動查核：02:45:30 財產主檔：02:45:30 02:45:30 (6217)
2016/07/13 02:45:00 資產清冊：02:45:00 秘總財產：02:45:35 異動查核：02:45:35 財產主檔：02:45:36 02:45:36 (6217)
2016/07/14 02:45:00 資產清冊：02:45:00 秘總財產：02:45:32 異動查核：02:45:33 財產主檔：02:45:33 02:45:33 (6217)
2016/07/15 02:45:00 資產清冊：02:45:00 秘總財產：02:45:35 異動查核：02:45:35 財產主檔：02:45:36 02:45:36 (6217)
2016/07/16 02:45:00 資產清冊：02:45:00 秘總財產：02:45:29 異動查核：02:45:30 財產主檔：02:45:31 02:45:31 (6217)
2016/07/17 02:45:00 資產清冊：02:45:00 秘總財產：02:45:33 異動查核：02:45:33 財產主檔：02:45:34 02:45:34 (6217)
2016/07/18 02:45:00 資產清冊：02:45:00 秘總財產：02:45:31 異動查核：02:45:31 財產主檔：02:45:32 02:45:32 (6217)
2016/07/19 02:45:00 資產清冊：02:45:00 秘總財產：02:45:30 異動查核：02:45:30 財產主檔：02:45:31 02:45:31 (6217)
2016/07/20 02:45:00 資產清冊：02:45:00 秘總財產：02:45:30 異動查核：02:45:30 財產主檔：02:45:31 02:45:31 (6217)
2016/07/21 02:45:00 資產清冊：02:45:00 秘總財產：02:45:26 異動查核：02:45:27 財產主檔：02:45:27 02:45:27 (6217)
2016/07/22 02:45:00 資產清冊：02:45:01 秘總財產：02:45:28 異動查核：02:45:28 財產主檔：02:45:29 02:45:29 (6217)
2016/07/23 02:45:00 資產清冊：02:45:00 秘總財產：02:45:28 異動查核：02:45:29 財產主檔：02:45:29 02:45:29 (6217)
2016/07/24 02:45:00 資產清冊：02:45:00 秘總財產：02:45:27 異動查核：02:45:27 財產主檔：02:45:28 02:45:28 (6217)
2016/07/25 02:45:00 資產清冊：02:45:00 秘總財產：02:45:28 異動查核：02:45:28 財產主檔：02:45:29 02:45:29 (6217)
2016/07/26 02:45:00 資產清冊：02:45:00 秘總財產：02:45:27 異動查核：02:45:27 財產主檔：02:45:28 02:45:28 (6228)
2016/07/27 02:45:00 資產清冊：02:45:00 秘總財產：02:45:27 異動查核：02:45:27 財產主檔：02:45:28 02:45:28 (6228)
2016/07/28 02:45:00 資產清冊：02:45:01 秘總財產：02:45:29 異動查核：02:45:29 財產主檔：02:45:30 02:45:30 (6228)
2016/07/29 02:45:00 資產清冊：02:45:00 秘總財產：02:45:28 異動查核：02:45:28 財產主檔：02:45:29 02:45:29 (6228)
2016/07/30 02:45:00 資產清冊：02:45:00 秘總財產：02:45:27 異動查核：02:45:28 財產主檔：02:45:29 02:45:29 (6228)
2016/07/31 02:45:00 資產清冊：02:45:00 秘總財產：02:45:27 異動查核：02:45:27 財產主檔：02:45:28 02:45:28 (6228)
2016/08/01 02:45:00 資產清冊：02:45:00 秘總財產：02:45:24 異動查核：02:45:24 財產主檔：02:45:25 02:45:25 (6228)
2016/08/02 02:45:00 資產清冊：02:45:00 秘總財產：02:45:28 異動查核：02:45:28 財產主檔：02:45:29 02:45:29 (6228)
2016/08/03 02:45:00 資產清冊：02:45:00 秘總財產：02:45:27 異動查核：02:45:27 財產主檔：02:45:28 02:45:28 (6228)
2016/08/04 02:45:00 資產清冊：02:45:00 秘總財產：02:45:27 異動查核：02:45:28 財產主檔：02:45:29 02:45:29 (6254)
2016/08/05 02:45:00 資產清冊：02:45:00 秘總財產：02:45:32 異動查核：02:45:32 財產主檔：02:45:33 02:45:33 (6254)
2016/08/06 02:45:00 資產清冊：02:45:00 秘總財產：02:45:28 異動查核：02:45:28 財產主檔：02:45:29 02:45:29 (6254)
2016/08/07 02:45:00 資產清冊：02:45:00 秘總財產：02:45:29 異動查核：02:45:29 財產主檔：02:45:30 02:45:30 (6254)
2016/08/08 02:45:00 資產清冊：02:45:00 秘總財產：02:45:28 異動查核：02:45:28 財產主檔：02:45:29 02:45:29 (6254)
2016/08/09 02:45:00 資產清冊：02:45:00 秘總財產：02:45:31 異動查核：02:45:31 財產主檔：02:45:33 02:45:33 (6254)
2016/08/10 02:45:00 資產清冊：02:45:00 秘總財產：02:45:27 異動查核：02:45:27 財產主檔：02:45:28 02:45:28 (6254)
2016/08/11 02:45:00 資產清冊：02:45:00 秘總財產：02:45:26 異動查核：02:45:26 財產主檔：02:45:28 02:45:28 (6256)
2016/08/12 02:45:00 資產清冊：02:45:00 秘總財產：02:45:31 異動查核：02:45:32 財產主檔：02:45:33 02:45:33 (6267)
2016/08/13 02:45:00 資產清冊：02:45:00 秘總財產：02:45:30 異動查核：02:45:31 財產主檔：02:45:32 02:45:32 (6267)
2016/08/14 02:45:00 資產清冊：02:45:00 秘總財產：02:45:32 異動查核：02:45:32 財產主檔：02:45:33 02:45:33 (6267)
2016/08/15 02:45:00 資產清冊：02:45:00 秘總財產：02:45:29 異動查核：02:45:29 財產主檔：02:45:30 02:45:30 (6267)
2016/08/16 02:45:00 資產清冊：02:45:00 秘總財產：02:45:29 異動查核：02:45:30 財產主檔：02:45:31 02:45:31 (6267)
2016/08/17 02:45:00 資產清冊：02:45:00 秘總財產：02:45:28 異動查核：02:45:29 財產主檔：02:45:30 02:45:30 (6267)
2016/08/18 02:45:00 資產清冊：02:45:00 秘總財產：02:45:31 異動查核：02:45:31 財產主檔：02:45:32 02:45:32 (6267)
2016/08/19 02:45:00 資產清冊：02:45:00 秘總財產：02:45:29 異動查核：02:45:29 財產主檔：02:45:30 02:45:30 (6282)
2016/08/20 02:45:00 資產清冊：02:45:00 秘總財產：02:45:28 異動查核：02:45:28 財產主檔：02:45:29 02:45:29 (6282)
2016/08/21 02:45:00 資產清冊：02:45:00 秘總財產：02:45:30 異動查核：02:45:31 財產主檔：02:45:32 02:45:32 (6282)
2016/08/22 02:45:00 資產清冊：02:45:00 秘總財產：02:45:28 異動查核：02:45:29 財產主檔：02:45:30 02:45:30 (6282)
2016/08/23 02:45:00 資產清冊：02:45:00 秘總財產：02:45:32 異動查核：02:45:32 財產主檔：02:45:34 02:45:34 (6282)
2016/08/24 02:45:00 資產清冊：02:45:00 秘總財產：02:45:28 異動查核：02:45:28 財產主檔：02:45:29 02:45:29 (6282)
2016/08/25 02:45:00 資產清冊：02:45:00 秘總財產：02:45:28 異動查核：02:45:29 財產主檔：02:45:30 02:45:30 (6282)
2016/08/26 02:45:00 資產清冊：02:45:00 秘總財產：02:45:27 異動查核：02:45:27 財產主檔：02:45:28 02:45:28 (6282)
2016/08/27 02:45:00 資產清冊：02:45:00 秘總財產：02:45:26 異動查核：02:45:27 財產主檔：02:45:28 02:45:28 (6282)
2016/08/28 02:45:00 資產清冊：02:45:00 秘總財產：02:45:26 異動查核：02:45:26 財產主檔：02:45:27 02:45:27 (6282)
2016/08/29 02:45:00 資產清冊：02:45:02 秘總財產：02:45:33 異動查核：02:45:33 財產主檔：02:45:35 02:45:35 (6282)
2016/08/30 02:45:00 資產清冊：02:45:00 秘總財產：02:45:30 異動查核：02:45:30 財產主檔：02:45:31 02:45:31 (6282)
2016/08/31 02:45:00 資產清冊：02:45:00 秘總財產：02:45:27 異動查核：02:45:27 財產主檔：02:45:28 02:45:28 (6282)
2016/09/01 02:45:00 資產清冊：02:45:00 秘總財產：02:45:28 異動查核：02:45:28 財產主檔：02:45:29 02:45:29 (6282)
2016/09/02 02:45:00 資產清冊：02:45:00 秘總財產：02:45:26 異動查核：02:45:27 財產主檔：02:45:28 02:45:28 (6282)
2016/09/03 02:45:00 資產清冊：02:45:00 秘總財產：02:45:28 異動查核：02:45:28 財產主檔：02:45:29 02:45:29 (6282)
2016/09/04 02:45:00 資產清冊：02:45:03 秘總財產：02:45:36 異動查核：02:45:36 財產主檔：02:45:37 02:45:37 (6282)
2016/09/05 02:45:00 資產清冊：02:45:01 秘總財產：02:45:28 異動查核：02:45:28 財產主檔：02:45:29 02:45:29 (6282)
2016/09/06 02:45:00 資產清冊：02:45:00 秘總財產：02:45:27 異動查核：02:45:27 財產主檔：02:45:28 02:45:28 (6282)
2016/09/07 02:45:00 資產清冊：02:45:00 秘總財產：02:45:29 異動查核：02:45:29 財產主檔：02:45:30 02:45:30 (6282)
2016/09/08 02:45:00 資產清冊：02:45:00 秘總財產：02:45:27 異動查核：02:45:27 財產主檔：02:45:28 02:45:28 (6282)
2016/09/09 02:45:00 資產清冊：02:45:00 秘總財產：02:45:30 異動查核：02:45:30 財產主檔：02:45:31 02:45:31 (6282)
2016/09/10 02:45:00 資產清冊：02:45:00 秘總財產：02:45:29 異動查核：02:45:29 財產主檔：02:45:30 02:45:30 (6282)
2016/09/11 02:45:00 資產清冊：02:45:00 秘總財產：02:45:31 異動查核：02:45:32 財產主檔：02:45:33 02:45:33 (6282)
2016/09/12 02:45:00 資產清冊：02:45:00 秘總財產：02:45:29 異動查核：02:45:30 財產主檔：02:45:30 02:45:30 (6282)
2016/09/13 02:45:00 資產清冊：02:45:00 秘總財產：02:45:32 異動查核：02:45:32 財產主檔：02:45:34 02:45:34 (6282)
2016/09/14 02:45:00 資產清冊：02:45:00 秘總財產：02:45:31 異動查核：02:45:31 財產主檔：02:45:32 02:45:32 (6282)
2016/09/15 02:45:00 資產清冊：02:45:00 秘總財產：02:45:30 異動查核：02:45:31 財產主檔：02:45:32 02:45:32 (6282)
2016/09/16 02:45:00 資產清冊：02:45:00 秘總財產：02:45:35 異動查核：02:45:35 財產主檔：02:45:36 02:45:36 (6282)
2016/09/17 02:45:00 資產清冊：02:45:00 秘總財產：02:45:30 異動查核：02:45:30 財產主檔：02:45:31 02:45:31 (6282)
2016/09/18 02:45:00 資產清冊：02:45:01 秘總財產：02:45:34 異動查核：02:45:34 財產主檔：02:45:36 02:45:36 (6282)
2016/09/19 02:45:00 資產清冊：02:45:00 秘總財產：02:45:30 異動查核：02:45:31 財產主檔：02:45:32 02:45:32 (6282)
2016/09/20 02:45:00 資產清冊：02:45:00 秘總財產：02:45:29 異動查核：02:45:29 財產主檔：02:45:30 02:45:30 (6282)
2016/09/21 02:45:00 資產清冊：02:45:00 秘總財產：02:45:26 異動查核：02:45:26 財產主檔：02:45:27 02:45:27 (6282)
2016/09/22 02:45:00 資產清冊：02:45:00 秘總財產：02:45:30 異動查核：02:45:30 財產主檔：02:45:31 02:45:31 (6282)
2016/09/23 02:45:00 資產清冊：02:45:00 秘總財產：02:45:27 異動查核：02:45:27 財產主檔：02:45:28 02:45:28 (6282)
2016/09/24 02:45:00 資產清冊：02:45:00 秘總財產：02:45:30 異動查核：02:45:30 財產主檔：02:45:31 02:45:31 (6283)
2016/09/25 02:45:00 資產清冊：02:45:00 秘總財產：02:45:31 異動查核：02:45:31 財產主檔：02:45:33 02:45:33 (6283)
2016/09/26 02:45:00 資產清冊：02:45:00 秘總財產：02:45:27 異動查核：02:45:27 財產主檔：02:45:28 02:45:28 (6283)
2016/09/27 02:45:00 資產清冊：02:45:00 秘總財產：02:45:28 異動查核：02:45:29 財產主檔：02:45:29 02:45:29 (6283)
2016/09/28 02:45:00 資產清冊：02:45:00 秘總財產：02:45:26 異動查核：02:45:27 財產主檔：02:45:27 02:45:27 (6283)
2016/09/29 02:45:00 資產清冊：02:45:00 秘總財產：02:45:33 異動查核：02:45:33 財產主檔：02:45:34 02:45:34 (6283)
2016/09/30 02:45:00 資產清冊：02:45:00 秘總財產：02:45:27 異動查核：02:45:28 財產主檔：02:45:28 02:45:28 (6283)
2016/10/01 02:45:00 資產清冊：02:45:00 秘總財產：02:45:27 異動查核：02:45:28 財產主檔：02:45:29 02:45:29 (6319)
2016/10/02 02:45:00 資產清冊：02:45:00 秘總財產：02:45:28 異動查核：02:45:29 財產主檔：02:45:29 02:45:29 (6319)
2016/10/03 02:45:00 資產清冊：02:45:00 秘總財產：02:45:28 異動查核：02:45:29 財產主檔：02:45:29 02:45:29 (6319)
2016/10/04 02:45:00 資產清冊：02:45:00 秘總財產：02:45:30 異動查核：02:45:31 財產主檔：02:45:31 02:45:31 (6332)
2016/10/05 02:45:00 資產清冊：02:45:00 秘總財產：02:45:27 異動查核：02:45:27 財產主檔：02:45:28 02:45:28 (6332)
2016/10/06 02:45:00 資產清冊：02:45:00 秘總財產：02:45:31 異動查核：02:45:31 財產主檔：02:45:32 02:45:32 (6332)
2016/10/07 02:45:00 資產清冊：02:45:00 秘總財產：02:45:34 異動查核：02:45:34 財產主檔：02:45:35 02:45:35 (6332)
2016/10/08 02:45:00 資產清冊：02:45:00 秘總財產：02:45:32 異動查核：02:45:32 財產主檔：02:45:33 02:45:33 (6332)
2016/10/09 02:45:00 資產清冊：02:45:00 秘總財產：02:45:31 異動查核：02:45:31 財產主檔：02:45:33 02:45:33 (6332)
2016/10/10 02:45:00 資產清冊：02:45:00 秘總財產：02:45:29 異動查核：02:45:30 財產主檔：02:45:31 02:45:31 (6332)
2016/10/11 02:45:00 資產清冊：02:45:00 秘總財產：02:45:30 異動查核：02:45:30 財產主檔：02:45:31 02:45:31 (6332)
2016/10/12 02:45:00 資產清冊：02:45:00 秘總財產：02:45:33 異動查核：02:45:33 財產主檔：02:45:34 02:45:34 (6332)
2016/10/13 02:45:00 資產清冊：02:45:00 秘總財產：02:45:31 異動查核：02:45:32 財產主檔：02:45:33 02:45:33 (6332)
2016/10/14 02:45:00 資產清冊：02:45:00 秘總財產：02:45:34 異動查核：02:45:34 財產主檔：02:45:36 02:45:36 (6332)
2016/10/15 02:45:00 資產清冊：02:45:00 秘總財產：02:45:31 異動查核：02:45:32 財產主檔：02:45:33 02:45:33 (6332)
2016/10/16 02:45:00 資產清冊：02:45:00 秘總財產：02:45:30 異動查核：02:45:30 財產主檔：02:45:31 02:45:31 (6332)
2016/10/17 02:45:00 資產清冊：02:45:00 秘總財產：02:45:29 異動查核：02:45:29 財產主檔：02:45:30 02:45:30 (6332)
2016/10/18 02:45:00 資產清冊：02:45:00 秘總財產：02:45:33 異動查核：02:45:33 財產主檔：02:45:34 02:45:34 (6332)
2016/10/19 02:45:00 資產清冊：02:45:00 秘總財產：02:45:36 異動查核：02:45:37 財產主檔：02:45:38 02:45:38 (6332)
2016/10/20 02:45:00 資產清冊：02:45:00 秘總財產：02:45:34 異動查核：02:45:34 財產主檔：02:45:35 02:45:35 (6332)
2016/10/21 02:45:00 資產清冊：02:45:00 秘總財產：02:45:33 異動查核：02:45:33 財產主檔：02:45:34 02:45:34 (6332)
2016/10/22 02:45:00 資產清冊：02:45:00 秘總財產：02:45:35 異動查核：02:45:36 財產主檔：02:45:37 02:45:37 (6332)
2016/10/23 02:45:00 資產清冊：02:45:00 秘總財產：02:45:33 異動查核：02:45:34 財產主檔：02:45:35 02:45:35 (6332)
2016/10/24 02:45:00 資產清冊：02:45:00 秘總財產：02:45:34 異動查核：02:45:35 財產主檔：02:45:36 02:45:36 (6332)
2016/10/25 02:45:00 資產清冊：02:45:00 秘總財產：02:45:31 異動查核：02:45:31 財產主檔：02:45:32 02:45:32 (6332)
2016/10/26 02:45:00 資產清冊：02:45:00 秘總財產：02:45:32 異動查核：02:45:32 財產主檔：02:45:33 02:45:33 (6332)
2016/10/27 02:45:00 資產清冊：02:45:00 秘總財產：02:45:32 異動查核：02:45:33 財產主檔：02:45:34 02:45:34 (6332)
2016/10/28 02:45:00 資產清冊：02:45:00 秘總財產：02:45:32 異動查核：02:45:32 財產主檔：02:45:33 02:45:33 (6335)
2016/10/29 02:45:00 資產清冊：02:45:00 秘總財產：02:45:28 異動查核：02:45:28 財產主檔：02:45:29 02:45:29 (6335)
2016/10/30 02:45:00 資產清冊：02:45:00 秘總財產：02:45:34 異動查核：02:45:34 財產主檔：02:45:35 02:45:35 (6335)
2016/10/31 02:45:00 資產清冊：02:45:00 秘總財產：02:45:31 異動查核：02:45:31 財產主檔：02:45:33 02:45:33 (6335)
2016/11/01 02:45:00 資產清冊：02:45:00 秘總財產：02:45:28 異動查核：02:45:28 財產主檔：02:45:29 02:45:29 (6348)
2016/11/02 02:45:00 資產清冊：02:45:00 秘總財產：02:45:29 異動查核：02:45:29 財產主檔：02:45:30 02:45:30 (6348)
2016/11/03 02:45:00 資產清冊：02:45:00 秘總財產：02:45:32 異動查核：02:45:33 財產主檔：02:45:34 02:45:34 (6348)
2016/11/04 02:45:00 資產清冊：02:45:00 秘總財產：02:45:28 異動查核：02:45:29 財產主檔：02:45:29 02:45:29 (6348)
2016/11/05 02:45:00 資產清冊：02:45:00 秘總財產：02:45:28 異動查核：02:45:28 財產主檔：02:45:29 02:45:29 (6348)
2016/11/06 02:45:00 資產清冊：02:45:00 秘總財產：02:45:31 異動查核：02:45:32 財產主檔：02:45:33 02:45:33 (6348)
2016/11/07 02:45:00 資產清冊：02:45:00 秘總財產：02:45:27 異動查核：02:45:28 財產主檔：02:45:29 02:45:29 (6348)
2016/11/08 02:45:00 資產清冊：02:45:00 秘總財產：02:45:28 異動查核：02:45:28 財產主檔：02:45:29 02:45:29 (6348)
2016/11/09 02:45:00 資產清冊：02:45:00 秘總財產：02:45:27 異動查核：02:45:28 財產主檔：02:45:29 02:45:29 (6348)
2016/11/10 02:45:00 資產清冊：02:45:00 秘總財產：02:45:30 異動查核：02:45:31 財產主檔：02:45:32 02:45:32 (6348)
2016/11/11 02:45:00 資產清冊：02:45:00 秘總財產：02:45:27 異動查核：02:45:28 財產主檔：02:45:29 02:45:29 (6348)
2016/11/12 02:45:00 資產清冊：02:45:00 秘總財產：02:45:28 異動查核：02:45:28 財產主檔：02:45:29 02:45:29 (6348)
2016/11/13 02:45:00 資產清冊：02:45:00 秘總財產：02:45:31 異動查核：02:45:31 財產主檔：02:45:32 02:45:32 (6348)
2016/11/14 02:45:00 資產清冊：02:45:00 秘總財產：02:45:26 異動查核：02:45:26 財產主檔：02:45:27 02:45:27 (6348)
2016/11/15 02:45:00 資產清冊：02:45:00 秘總財產：02:45:28 異動查核：02:45:28 財產主檔：02:45:29 02:45:29 (6348)
2016/11/16 02:45:00 資產清冊：02:45:00 秘總財產：02:45:24 異動查核：02:45:25 財產主檔：02:45:25 02:45:25 (6348)
2016/11/17 02:45:00 資產清冊：02:45:00 秘總財產：02:45:25 異動查核：02:45:25 財產主檔：02:45:26 02:45:26 (6348)
2016/11/18 02:45:00 資產清冊：02:45:00 秘總財產：02:45:28 異動查核：02:45:28 財產主檔：02:45:29 02:45:29 (6348)
2016/11/19 02:45:00 資產清冊：02:45:00 秘總財產：02:45:32 異動查核：02:45:32 財產主檔：02:45:33 02:45:33 (6348)
2016/11/20 02:45:00 資產清冊：02:45:00 秘總財產：02:45:30 異動查核：02:45:30 財產主檔：02:45:31 02:45:31 (6348)
2016/11/21 02:45:00 資產清冊：02:45:00 秘總財產：02:45:28 異動查核：02:45:29 財產主檔：02:45:29 02:45:29 (6348)
2016/11/22 02:45:00 資產清冊：02:45:00 秘總財產：02:45:28 異動查核：02:45:29 財產主檔：02:45:30 02:45:30 (6348)
2016/11/23 02:45:00 資產清冊：02:45:00 秘總財產：02:45:29 異動查核：02:45:29 財產主檔：02:45:30 02:45:30 (6348)
2016/11/24 02:45:00 資產清冊：02:45:00 秘總財產：02:45:26 異動查核：02:45:26 財產主檔：02:45:27 02:45:27 (6348)
2016/11/25 02:45:00 資產清冊：02:45:00 秘總財產：02:45:28 異動查核：02:45:28 財產主檔：02:45:29 02:45:29 (6348)
2016/11/26 02:45:00 資產清冊：02:45:00 秘總財產：02:45:27 異動查核：02:45:27 財產主檔：02:45:28 02:45:28 (6348)
2016/11/27 02:45:00 資產清冊：02:45:00 秘總財產：02:45:30 異動查核：02:45:31 財產主檔：02:45:32 02:45:32 (6348)
2016/11/28 02:45:00 資產清冊：02:45:00 秘總財產：02:45:25 異動查核：02:45:26 財產主檔：02:45:26 02:45:26 (6348)
2016/11/29 02:45:00 資產清冊：02:45:00 秘總財產：02:45:27 異動查核：02:45:28 財產主檔：02:45:28 02:45:28 (6348)
2016/11/30 02:45:00 資產清冊：02:45:00 秘總財產：02:45:28 異動查核：02:45:29 財產主檔：02:45:30 02:45:30 (6374)
2016/12/01 02:45:00 資產清冊：02:45:00 秘總財產：02:45:27 異動查核：02:45:28 財產主檔：02:45:29 02:45:29 (6375)
2016/12/02 02:45:00 資產清冊：02:45:00 秘總財產：02:45:28 異動查核：02:45:28 財產主檔：02:45:29 02:45:29 (6375)
2016/12/03 02:45:00 資產清冊：02:45:00 秘總財產：02:45:26 異動查核：02:45:27 財產主檔：02:45:28 02:45:28 (6375)
2016/12/04 02:45:00 資產清冊：02:45:00 秘總財產：02:45:30 異動查核：02:45:30 財產主檔：02:45:31 02:45:31 (6375)
2016/12/05 02:45:00 資產清冊：02:45:00 秘總財產：02:45:28 異動查核：02:45:28 財產主檔：02:45:29 02:45:29 (6375)
2016/12/06 02:45:00 資產清冊：02:45:00 秘總財產：02:45:28 異動查核：02:45:28 財產主檔：02:45:29 02:45:29 (6375)
2016/12/07 02:45:00 資產清冊：02:45:00 秘總財產：02:45:25 異動查核：02:45:25 財產主檔：02:45:26 02:45:26 (6375)
2016/12/08 02:45:00 資產清冊：02:45:00 秘總財產：02:45:26 異動查核：02:45:26 財產主檔：02:45:27 02:45:27 (6375)
2016/12/09 02:45:00 資產清冊：02:45:00 秘總財產：02:45:27 異動查核：02:45:27 財產主檔：02:45:28 02:45:28 (6375)
2016/12/10 02:45:00 資產清冊：02:45:00 秘總財產：02:45:24 異動查核：02:45:24 財產主檔：02:45:25 02:45:25 (6375)
2016/12/11 02:45:00 資產清冊：02:45:00 秘總財產：02:45:27 異動查核：02:45:28 財產主檔：02:45:29 02:45:29 (6375)
2016/12/12 02:45:00 資產清冊：02:45:00 秘總財產：02:45:26 異動查核：02:45:26 財產主檔：02:45:27 02:45:27 (6375)
2016/12/13 02:45:00 資產清冊：02:45:00 秘總財產：02:45:29 異動查核：02:45:29 財產主檔：02:45:30 02:45:30 (6375)
2016/12/14 02:45:00 資產清冊：02:45:00 秘總財產：02:45:30 異動查核：02:45:30 財產主檔：02:45:31 02:45:31 (6375)
2016/12/15 02:45:00 資產清冊：02:45:00 秘總財產：02:45:27 異動查核：02:45:28 財產主檔：02:45:29 02:45:29 (6375)
2016/12/16 02:45:00 資產清冊：02:45:00 秘總財產：02:45:30 異動查核：02:45:30 財產主檔：02:45:32 02:45:32 (6375)
2016/12/17 02:45:00 資產清冊：02:45:00 秘總財產：02:45:28 異動查核：02:45:28 財產主檔：02:45:29 02:45:29 (6376)
2016/12/18 02:45:00 資產清冊：02:45:00 秘總財產：02:45:32 異動查核：02:45:32 財產主檔：02:45:33 02:45:33 (6376)
2016/12/19 02:45:00 資產清冊：02:45:00 秘總財產：02:45:27 異動查核：02:45:27 財產主檔：02:45:28 02:45:28 (6376)
2016/12/20 02:45:00 資產清冊：02:45:00 秘總財產：02:45:28 異動查核：02:45:28 財產主檔：02:45:29 02:45:29 (6376)
2016/12/21 02:45:00 資產清冊：02:45:00 秘總財產：02:45:26 異動查核：02:45:27 財產主檔：02:45:28 02:45:28 (6376)
2016/12/22 02:45:00 資產清冊：02:45:00 秘總財產：02:45:25 異動查核：02:45:25 財產主檔：02:45:26 02:45:26 (6376)
2016/12/23 02:45:00 資產清冊：02:45:00 秘總財產：02:45:28 異動查核：02:45:28 財產主檔：02:45:29 02:45:29 (6376)
2016/12/24 02:45:00 資產清冊：02:45:00 秘總財產：02:45:28 異動查核：02:45:28 財產主檔：02:45:29 02:45:29 (6376)
2016/12/25 02:45:00 資產清冊：02:45:00 秘總財產：02:45:27 異動查核：02:45:27 財產主檔：02:45:28 02:45:28 (6376)
2016/12/26 02:45:00 資產清冊：02:45:00 秘總財產：02:45:27 異動查核：02:45:27 財產主檔：02:45:28 02:45:28 (6376)
2016/12/27 02:45:00 資產清冊：02:45:00 秘總財產：02:45:29 異動查核：02:45:29 財產主檔：02:45:30 02:45:30 (6376)
2016/12/28 02:45:00 資產清冊：02:45:00 秘總財產：02:45:27 異動查核：02:45:27 財產主檔：02:45:28 02:45:28 (6376)
2016/12/29 02:45:00 資產清冊：02:45:00 秘總財產：02:45:26 異動查核：02:45:26 財產主檔：02:45:27 02:45:27 (6376)
2016/12/30 02:45:00 資產清冊：02:45:00 秘總財產：02:45:26 異動查核：02:45:27 財產主檔：02:45:27 02:45:27 (6376)
2016/12/31 02:45:00 資產清冊：02:45:00 秘總財產：02:45:26 異動查核：02:45:26 財產主檔：02:45:28 02:45:28 (6393)
