2014/10/27 07:50:00(Begin)------------------------------------------------------------------
完成更新[資料查核] 07:50:13 
林弘倉 lhc@cwb.gov.tw (待更正:86筆，異動:40筆)
陳鼎論 chentl@cwb.gov.tw (待更正:6筆，異動:1筆)
HP人員 hpuser@cwb.gov.tw (待更正:15筆，異動:0筆)
PC人員 chueh@cwb.gov.tw (待更正:1筆，異動:2筆)
莊惟然 chuangwj@cwb.gov.tw (待更正:6筆，異動:0筆)
曾國棟 tseng@cwb.gov.tw (待更正:16筆，異動:1筆)
曾雪卿 tsc@cwb.gov.tw (待更正:0筆，異動:1筆)
黃婉綺 wanchi@cwb.gov.tw (待更正:14筆，異動:0筆)
劉政 lc@cwb.gov.tw (待更正:114筆，異動:40筆)
蔡志揮 taists@cwb.gov.tw (待更正:7筆，異動:2筆)
李凱琦 winnie@cwb.gov.tw (待更正:1筆，異動:0筆)
黃耀瑩 kevin@cwb.gov.tw (待更正:3筆，異動:0筆)
劉亦容 fo@cwb.gov.tw (待更正:1筆，異動:0筆)
林介峰 dan@cwb.gov.tw (待更正:6筆，異動:1筆)
柯宏明 khm@cwb.gov.tw (待更正:6筆，異動:1筆)
曹富傑 chuck@cwb.gov.tw (待更正:6筆，異動:1筆)
曾怡豪 tyh900@cwb.gov.tw (待更正:7筆，異動:1筆)
黃秀珍 hsj@cwb.gov.tw (待更正:0筆，異動:1筆)
蔡佳學 B891@cwb.gov.tw (待更正:4筆，異動:0筆)
郭奇偉 kiwikuo@cwb.gov.tw (待更正:6筆，異動:5筆)
潘如龍 pan@cwb.gov.tw (待更正:5筆，異動:5筆)
蔡煌濱 hptsai@cwb.gov.tw (待更正:6筆，異動:5筆)
江晉孝 chiangch@cwb.gov.tw (待更正:0筆，異動:1筆)
吳蕙如 hrwu@cwb.gov.tw (待更正:0筆，異動:2筆)
湯國輝 gorin@cwb.gov.tw (待更正:1筆，異動:0筆)
2014/10/27 07:50:48(End)-------------------------------------------------------------------
2014/11/03 07:50:00(Begin)------------------------------------------------------------------
完成更新[資料查核] 07:50:15 
林弘倉 lhc@cwb.gov.tw (待更正:86筆，異動:0筆)
陳鼎論 chentl@cwb.gov.tw (待更正:6筆，異動:0筆)
HP人員 hpuser@cwb.gov.tw (待更正:15筆，異動:0筆)
PC人員 chueh@cwb.gov.tw (待更正:1筆，異動:7筆)
莊惟然 chuangwj@cwb.gov.tw (待更正:6筆，異動:1筆)
曾國棟 tseng@cwb.gov.tw (待更正:16筆，異動:0筆)
黃婉綺 wanchi@cwb.gov.tw (待更正:14筆，異動:7筆)
劉政 lc@cwb.gov.tw (待更正:114筆，異動:0筆)
蔡志揮 taists@cwb.gov.tw (待更正:7筆，異動:0筆)
李凱琦 winnie@cwb.gov.tw (待更正:85筆，異動:0筆)
黃耀瑩 kevin@cwb.gov.tw (待更正:3筆，異動:0筆)
劉亦容 fo@cwb.gov.tw (待更正:85筆，異動:0筆)
林介峰 dan@cwb.gov.tw (待更正:6筆，異動:0筆)
柯宏明 khm@cwb.gov.tw (待更正:6筆，異動:0筆)
曹富傑 chuck@cwb.gov.tw (待更正:6筆，異動:0筆)
曾怡豪 tyh900@cwb.gov.tw (待更正:7筆，異動:0筆)
蔡佳學 B891@cwb.gov.tw (待更正:4筆，異動:0筆)
郭奇偉 kiwikuo@cwb.gov.tw (待更正:6筆，異動:0筆)
潘如龍 pan@cwb.gov.tw (待更正:5筆，異動:0筆)
蔡煌濱 hptsai@cwb.gov.tw (待更正:6筆，異動:0筆)
湯國輝 gorin@cwb.gov.tw (待更正:1筆，異動:0筆)
2014/11/03 07:50:45(End)-------------------------------------------------------------------

2014/11/10 07:50:00(Begin)------------------------------------------------------------------
完成更新[資料查核] 07:50:17 
林弘倉 lhc@cwb.gov.tw (待更正:84筆，異動:29筆)
陳鼎論 chentl@cwb.gov.tw (待更正:6筆，異動:0筆)
HP人員 hpuser@cwb.gov.tw (待更正:5筆，異動:20筆)
PC人員 chueh@cwb.gov.tw (待更正:0筆，異動:3筆)
莊惟然 chuangwj@cwb.gov.tw (待更正:6筆，異動:2筆)
曾國棟 tseng@cwb.gov.tw (待更正:17筆，異動:1筆)
黃婉綺 wanchi@cwb.gov.tw (待更正:14筆，異動:2筆)
劉政 lc@cwb.gov.tw (待更正:92筆，異動:69筆)
蔡志揮 taists@cwb.gov.tw (待更正:3筆，異動:17筆)
李凱琦 winnie@cwb.gov.tw (待更正:64筆，異動:0筆)
黃耀瑩 kevin@cwb.gov.tw (待更正:2筆，異動:5筆)
劉亦容 fo@cwb.gov.tw (待更正:64筆，異動:0筆)
林介峰 dan@cwb.gov.tw (待更正:6筆，異動:0筆)
柯宏明 khm@cwb.gov.tw (待更正:6筆，異動:0筆)
曹富傑 chuck@cwb.gov.tw (待更正:6筆，異動:0筆)
曾怡豪 tyh900@cwb.gov.tw (待更正:7筆，異動:0筆)
蔡佳學 B891@cwb.gov.tw (待更正:4筆，異動:0筆)
郭奇偉 kiwikuo@cwb.gov.tw (待更正:6筆，異動:0筆)
潘如龍 pan@cwb.gov.tw (待更正:5筆，異動:0筆)
蔡煌濱 hptsai@cwb.gov.tw (待更正:6筆，異動:0筆)
胡錦淵 yuan@cwb.gov.tw (待更正:0筆，異動:2筆)
張博閎 nick@cwb.gov.tw (待更正:0筆，異動:2筆)
湯國輝 gorin@cwb.gov.tw (待更正:1筆，異動:0筆)
黃柏禎 joehuang74@cwb.gov.tw (待更正:0筆，異動:2筆)
黃崇益 chungyi.huang@cwb.gov.tw (待更正:0筆，異動:2筆)
2014/11/10 07:50:52(End)-------------------------------------------------------------------

2014/11/17 07:50:00(Begin)------------------------------------------------------------------
林弘倉 lhc@cwb.gov.tw (待更正:0筆，異動:51筆)
陳鼎論 chentl@cwb.gov.tw (待更正:0筆，異動:5筆)
HP人員 hpuser@cwb.gov.tw (待更正:0筆，異動:6筆)
PC人員 chueh@cwb.gov.tw (待更正:0筆，異動:3筆)
莊惟然 chuangwj@cwb.gov.tw (待更正:0筆，異動:1筆)
曾雪卿 tsc@cwb.gov.tw (待更正:0筆，異動:1筆)
黃婉綺 wanchi@cwb.gov.tw (待更正:0筆，異動:2筆)
劉政 lc@cwb.gov.tw (待更正:0筆，異動:58筆)
李凱琦 winnie@cwb.gov.tw (待更正:0筆，異動:1筆)
黃耀瑩 kevin@cwb.gov.tw (待更正:0筆，異動:1筆)
劉亦容 fo@cwb.gov.tw (待更正:0筆，異動:1筆)
吳政修 jswu@cwb.gov.tw (待更正:0筆，異動:1筆)
林介峰 dan@cwb.gov.tw (待更正:0筆，異動:5筆)
柯宏明 khm@cwb.gov.tw (待更正:0筆，異動:5筆)
曹富傑 chuck@cwb.gov.tw (待更正:0筆，異動:5筆)
曾怡豪 tyh900@cwb.gov.tw (待更正:0筆，異動:5筆)
黃秀珍 hsj@cwb.gov.tw (待更正:0筆，異動:1筆)
蔡佳學 B891@cwb.gov.tw (待更正:0筆，異動:2筆)
鄭照雄 wtbeer@cwb.gov.tw (待更正:0筆，異動:1筆)

[Microsoft][ODBC SQL Server Driver][SQL Server]無效的資料行名稱 '資產編號'。 
2014/11/17 07:50:25(End)-------------------------------------------------------------------

2014/11/24 07:50:00(Begin)------------------------------------------------------------------
完成更新[資料查核] 07:50:19 
林弘倉 lhc@cwb.gov.tw (待更正:44筆，異動:0筆)
陳鼎論 chentl@cwb.gov.tw (待更正:4筆，異動:0筆)
HP人員 hpuser@cwb.gov.tw (待更正:3筆，異動:1筆)
PC人員 chueh@cwb.gov.tw (待更正:0筆，異動:12筆)
莊惟然 chuangwj@cwb.gov.tw (待更正:6筆，異動:1筆)
曾國棟 tseng@cwb.gov.tw (待更正:17筆，異動:0筆)
黃婉綺 wanchi@cwb.gov.tw (待更正:14筆，異動:7筆)
劉政 lc@cwb.gov.tw (待更正:49筆，異動:1筆)
蔡志揮 taists@cwb.gov.tw (待更正:3筆，異動:0筆)
李凱琦 winnie@cwb.gov.tw (待更正:64筆，異動:0筆)
黃耀瑩 kevin@cwb.gov.tw (待更正:1筆，異動:0筆)
劉亦容 fo@cwb.gov.tw (待更正:64筆，異動:0筆)
吳政修 jswu@cwb.gov.tw (待更正:0筆，異動:15筆)
林介峰 dan@cwb.gov.tw (待更正:4筆，異動:0筆)
柯宏明 khm@cwb.gov.tw (待更正:4筆，異動:0筆)
曹富傑 chuck@cwb.gov.tw (待更正:4筆，異動:0筆)
曾怡豪 tyh900@cwb.gov.tw (待更正:5筆，異動:0筆)
黃秀珍 hsj@cwb.gov.tw (待更正:0筆，異動:15筆)
蔡佳學 B891@cwb.gov.tw (待更正:4筆，異動:0筆)
鄭照雄 wtbeer@cwb.gov.tw (待更正:0筆，異動:15筆)
機房OP sosop@cwb.gov.tw (待更正:0筆，異動:4筆)
郭奇偉 kiwikuo@cwb.gov.tw (待更正:6筆，異動:7筆)
潘如龍 pan@cwb.gov.tw (待更正:5筆，異動:7筆)
蔡煌濱 hptsai@cwb.gov.tw (待更正:6筆，異動:7筆)
胡錦淵 yuan@cwb.gov.tw (待更正:0筆，異動:1筆)
湯國輝 gorin@cwb.gov.tw (待更正:1筆，異動:0筆)
2014/11/24 07:50:56(End)-------------------------------------------------------------------

2014/12/01 07:50:00(Begin)------------------------------------------------------------------
完成更新[資料查核] 07:50:18 
林弘倉 lhc@cwb.gov.tw (待更正:27筆，異動:27筆)
陳鼎論 chentl@cwb.gov.tw (待更正:4筆，異動:0筆)
葉莉貞 lijen@cwb.gov.tw (待更正:0筆，異動:1筆)
潘琦 gfs8@cwb.gov.tw (待更正:0筆，異動:1筆)
HP人員 hpuser@cwb.gov.tw (待更正:2筆，異動:1筆)
PC人員 chueh@cwb.gov.tw (待更正:0筆，異動:12筆)
莊惟然 chuangwj@cwb.gov.tw (待更正:6筆，異動:0筆)
曾國棟 tseng@cwb.gov.tw (待更正:17筆，異動:0筆)
曾雪卿 tsc@cwb.gov.tw (待更正:0筆，異動:1筆)
黃婉綺 wanchi@cwb.gov.tw (待更正:14筆，異動:0筆)
劉政 lc@cwb.gov.tw (待更正:31筆，異動:28筆)
蔡志揮 taists@cwb.gov.tw (待更正:3筆，異動:0筆)
李凱琦 winnie@cwb.gov.tw (待更正:64筆，異動:0筆)
黃耀瑩 kevin@cwb.gov.tw (待更正:1筆，異動:0筆)
劉亦容 fo@cwb.gov.tw (待更正:64筆，異動:0筆)
林介峰 dan@cwb.gov.tw (待更正:4筆，異動:0筆)
柯宏明 khm@cwb.gov.tw (待更正:4筆，異動:0筆)
曹富傑 chuck@cwb.gov.tw (待更正:4筆，異動:0筆)
曾怡豪 tyh900@cwb.gov.tw (待更正:5筆，異動:0筆)
蔡佳學 B891@cwb.gov.tw (待更正:4筆，異動:0筆)
李宜芳 yvonne@cwb.gov.tw (待更正:0筆，異動:1筆)
李淑蓉 lee@cwb.gov.tw (待更正:0筆，異動:3筆)
郭奇偉 kiwikuo@cwb.gov.tw (待更正:6筆，異動:0筆)
潘如龍 pan@cwb.gov.tw (待更正:5筆，異動:0筆)
蔡煌濱 hptsai@cwb.gov.tw (待更正:6筆，異動:0筆)
張庭槐 rfs19@cwb.gov.tw (待更正:0筆，異動:1筆)
許秀桃 shelly@cwb.gov.tw (待更正:0筆，異動:1筆)
湯國輝 gorin@cwb.gov.tw (待更正:1筆，異動:0筆)
黃崇益 chungyi.huang@cwb.gov.tw (待更正:0筆，異動:1筆)

需要至少有一名收件者，但找不到任何一位。
 
2014/12/01 07:50:55(End)-------------------------------------------------------------------

2014/12/08 07:50:00(Begin)------------------------------------------------------------------
完成更新[資料查核] 07:50:17 
林弘倉 lhc@cwb.gov.tw (待更正:27筆，異動:0筆)
陳鼎論 chentl@cwb.gov.tw (待更正:4筆，異動:0筆)
HP人員 hpuser@cwb.gov.tw (待更正:2筆，異動:0筆)
PC人員 chueh@cwb.gov.tw (待更正:0筆，異動:6筆)
莊惟然 chuangwj@cwb.gov.tw (待更正:6筆，異動:4筆)
曾國棟 tseng@cwb.gov.tw (待更正:17筆，異動:0筆)
黃婉綺 wanchi@cwb.gov.tw (待更正:14筆，異動:0筆)
劉政 lc@cwb.gov.tw (待更正:31筆，異動:0筆)
蔡志揮 taists@cwb.gov.tw (待更正:2筆，異動:4筆)
李凱琦 winnie@cwb.gov.tw (待更正:66筆，異動:0筆)
黃耀瑩 kevin@cwb.gov.tw (待更正:1筆，異動:0筆)
劉亦容 fo@cwb.gov.tw (待更正:66筆，異動:0筆)
林介峰 dan@cwb.gov.tw (待更正:4筆，異動:0筆)
柯宏明 khm@cwb.gov.tw (待更正:4筆，異動:0筆)
曹富傑 chuck@cwb.gov.tw (待更正:4筆，異動:0筆)
曾怡豪 tyh900@cwb.gov.tw (待更正:5筆，異動:0筆)
蔡佳學 B891@cwb.gov.tw (待更正:4筆，異動:0筆)
李淑蓉 lee@cwb.gov.tw (待更正:0筆，異動:4筆)
郭奇偉 kiwikuo@cwb.gov.tw (待更正:6筆，異動:0筆)
潘如龍 pan@cwb.gov.tw (待更正:5筆，異動:0筆)
蔡煌濱 hptsai@cwb.gov.tw (待更正:6筆，異動:0筆)
湯國輝 gorin@cwb.gov.tw (待更正:1筆，異動:0筆)
2014/12/08 07:50:55(End)-------------------------------------------------------------------

2014/12/15 07:50:00(Begin)------------------------------------------------------------------
完成更新[資料查核] 07:50:18 
林弘倉 lhc@cwb.gov.tw (待更正:27筆，異動:0筆)
陳鼎論 chentl@cwb.gov.tw (待更正:4筆，異動:9筆)
HP人員 hpuser@cwb.gov.tw (待更正:2筆，異動:0筆)
PC人員 chueh@cwb.gov.tw (待更正:0筆，異動:5筆)
莊惟然 chuangwj@cwb.gov.tw (待更正:6筆，異動:0筆)
曾國棟 tseng@cwb.gov.tw (待更正:17筆，異動:0筆)
黃婉綺 wanchi@cwb.gov.tw (待更正:14筆，異動:0筆)
劉政 lc@cwb.gov.tw (待更正:31筆，異動:0筆)
蔡志揮 taists@cwb.gov.tw (待更正:2筆，異動:0筆)
李凱琦 winnie@cwb.gov.tw (待更正:66筆，異動:0筆)
黃耀瑩 kevin@cwb.gov.tw (待更正:1筆，異動:0筆)
劉亦容 fo@cwb.gov.tw (待更正:66筆，異動:0筆)
吳政修 jswu@cwb.gov.tw (待更正:0筆，異動:4筆)
林介峰 dan@cwb.gov.tw (待更正:4筆，異動:9筆)
柯宏明 khm@cwb.gov.tw (待更正:4筆，異動:9筆)
曹富傑 chuck@cwb.gov.tw (待更正:4筆，異動:9筆)
曾怡豪 tyh900@cwb.gov.tw (待更正:4筆，異動:10筆)
黃秀珍 hsj@cwb.gov.tw (待更正:0筆，異動:4筆)
蔡佳學 B891@cwb.gov.tw (待更正:4筆，異動:9筆)
鄭照雄 wtbeer@cwb.gov.tw (待更正:0筆，異動:4筆)
郭奇偉 kiwikuo@cwb.gov.tw (待更正:6筆，異動:23筆)
潘如龍 pan@cwb.gov.tw (待更正:5筆，異動:23筆)
蔡煌濱 hptsai@cwb.gov.tw (待更正:6筆，異動:23筆)
陳昱安 yuan731006@cwb.gov.tw (待更正:0筆，異動:5筆)
湯國輝 gorin@cwb.gov.tw (待更正:1筆，異動:0筆)
2014/12/15 07:50:56(End)-------------------------------------------------------------------

2014/12/22 07:50:00(Begin)------------------------------------------------------------------
完成更新[資料查核] 07:50:17 
林弘倉 lhc@cwb.gov.tw (待更正:27筆，異動:0筆)
陳鼎論 chentl@cwb.gov.tw (待更正:4筆，異動:0筆)
HP人員 hpuser@cwb.gov.tw (待更正:13筆，異動:0筆)
PC人員 chueh@cwb.gov.tw (待更正:5筆，異動:23筆)
莊惟然 chuangwj@cwb.gov.tw (待更正:21筆，異動:4筆)
曾國棟 tseng@cwb.gov.tw (待更正:17筆，異動:0筆)
黃婉綺 wanchi@cwb.gov.tw (待更正:41筆，異動:0筆)
劉政 lc@cwb.gov.tw (待更正:38筆，異動:0筆)
蔡志揮 taists@cwb.gov.tw (待更正:5筆，異動:0筆)
李凱琦 winnie@cwb.gov.tw (待更正:66筆，異動:0筆)
黃耀瑩 kevin@cwb.gov.tw (待更正:8筆，異動:0筆)
劉亦容 fo@cwb.gov.tw (待更正:66筆，異動:0筆)
吳政修 jswu@cwb.gov.tw (待更正:0筆，異動:2筆)
林介峰 dan@cwb.gov.tw (待更正:4筆，異動:0筆)
柯宏明 khm@cwb.gov.tw (待更正:5筆，異動:3筆)
曹富傑 chuck@cwb.gov.tw (待更正:4筆，異動:1筆)
曾怡豪 tyh900@cwb.gov.tw (待更正:4筆，異動:0筆)
黃秀珍 hsj@cwb.gov.tw (待更正:0筆，異動:2筆)
蔡佳學 B891@cwb.gov.tw (待更正:5筆，異動:0筆)
鄭照雄 wtbeer@cwb.gov.tw (待更正:5筆，異動:2筆)
李淑蓉 lee@cwb.gov.tw (待更正:1筆，異動:14筆)
郭奇偉 kiwikuo@cwb.gov.tw (待更正:7筆，異動:0筆)
潘如龍 pan@cwb.gov.tw (待更正:6筆，異動:0筆)
蔡煌濱 hptsai@cwb.gov.tw (待更正:7筆，異動:0筆)
張庭槐 rfs19@cwb.gov.tw (待更正:1筆，異動:0筆)
陳昱安 yuan731006@cwb.gov.tw (待更正:0筆，異動:1筆)
湯國輝 gorin@cwb.gov.tw (待更正:1筆，異動:0筆)

需要至少有一名收件者，但找不到任何一位。
 
2014/12/22 07:51:06(End)-------------------------------------------------------------------

2014/12/29 07:50:00(Begin)------------------------------------------------------------------
完成更新[資料查核] 07:50:19 
林弘倉 lhc@cwb.gov.tw (待更正:27筆，異動:0筆)
陳鼎論 chentl@cwb.gov.tw (待更正:4筆，異動:0筆)
HP人員 hpuser@cwb.gov.tw (待更正:13筆，異動:0筆)
PC人員 chueh@cwb.gov.tw (待更正:4筆，異動:21筆)
莊惟然 chuangwj@cwb.gov.tw (待更正:21筆，異動:0筆)
曾國棟 tseng@cwb.gov.tw (待更正:17筆，異動:0筆)
黃婉綺 wanchi@cwb.gov.tw (待更正:41筆，異動:8筆)
劉政 lc@cwb.gov.tw (待更正:38筆，異動:0筆)
蔡志揮 taists@cwb.gov.tw (待更正:2筆，異動:4筆)
李凱琦 winnie@cwb.gov.tw (待更正:66筆，異動:0筆)
黃耀瑩 kevin@cwb.gov.tw (待更正:8筆，異動:0筆)
劉亦容 fo@cwb.gov.tw (待更正:66筆，異動:0筆)
吳政修 jswu@cwb.gov.tw (待更正:0筆，異動:1筆)
林介峰 dan@cwb.gov.tw (待更正:4筆，異動:0筆)
柯宏明 khm@cwb.gov.tw (待更正:4筆，異動:7筆)
曹富傑 chuck@cwb.gov.tw (待更正:4筆，異動:5筆)
曾怡豪 tyh900@cwb.gov.tw (待更正:4筆，異動:0筆)
黃秀珍 hsj@cwb.gov.tw (待更正:0筆，異動:1筆)
蔡佳學 B891@cwb.gov.tw (待更正:5筆，異動:0筆)
鄭照雄 wtbeer@cwb.gov.tw (待更正:0筆，異動:6筆)
李淑蓉 lee@cwb.gov.tw (待更正:1筆，異動:0筆)
郭奇偉 kiwikuo@cwb.gov.tw (待更正:7筆，異動:0筆)
潘如龍 pan@cwb.gov.tw (待更正:6筆，異動:0筆)
蔡煌濱 hptsai@cwb.gov.tw (待更正:7筆，異動:0筆)
張庭槐 rfs19@cwb.gov.tw (待更正:1筆，異動:0筆)
湯國輝 gorin@cwb.gov.tw (待更正:1筆，異動:0筆)
韓承穎 cy_han@cwb.gov.tw (待更正:0筆，異動:1筆)

需要至少有一名收件者，但找不到任何一位。
 
2014/12/29 07:50:58(End)-------------------------------------------------------------------

