2017/01/02 07:50:00(Begin)------------------------------------------------------------------
07:50:54 王琇玄 amywang@cwb.gov.tw (待更正:0筆，異動:26筆)
07:50:54 劉亦容 fo@cwb.gov.tw (待更正:0筆，異動:26筆)
07:50:55 HP人員 hpuser@cwb.gov.tw (待更正:1筆，異動:0筆)
07:50:55 PC人員 chueh@cwb.gov.tw (待更正:1筆，異動:70筆)
07:50:55 宋恩承 encheng@cwb.gov.tw (待更正:1筆，異動:0筆)
07:50:55 唐睿 baron0607@cwb.gov.tw (待更正:1筆，異動:17筆)
07:50:55 許美玲 shiu@cwb.gov.tw (待更正:1筆，異動:0筆)
07:50:56 曾國棟 tseng@cwb.gov.tw (待更正:1筆，異動:7筆)
07:50:56 黃婉綺 wanchi@cwb.gov.tw (待更正:1筆，異動:36筆)
07:50:56 蔡志揮 taists@cwb.gov.tw (待更正:1筆，異動:31筆)
07:50:57 王奕紘 wangyihung@cwb.gov.tw (待更正:0筆，異動:40筆)
07:50:57 吳政修 jswu@cwb.gov.tw (待更正:1筆，異動:13筆)
07:50:57 林介峰 dan@cwb.gov.tw (待更正:0筆，異動:40筆)
07:50:58 秦照萍 jpc@cwb.gov.tw (待更正:1筆，異動:60筆)
07:50:58 曾怡豪 tyh900@cwb.gov.tw (待更正:0筆，異動:40筆)
07:50:58 蔡佳學 B891@cwb.gov.tw (待更正:0筆，異動:41筆)
07:50:58 鄭照雄 wtbeer@cwb.gov.tw (待更正:1筆，異動:13筆)
07:50:59 機房OP sosop@cwb.gov.tw (待更正:0筆，異動:4筆)
07:50:59 余承恩 chengen@cwb.gov.tw (待更正:0筆，異動:2筆)
07:50:59 胡錦淵 yuan@cwb.gov.tw (待更正:0筆，異動:2筆)
07:50:59 曹富傑 chuck@cwb.gov.tw (待更正:0筆，異動:2筆)
07:51:00 黃崇益 chungyi.huang@cwb.gov.tw (待更正:0筆，異動:2筆)
07:51:00 劉萬祿 gary@cwb.gov.tw (待更正:0筆，異動:4筆)
07:51:00 潘如龍 pan@cwb.gov.tw (待更正:0筆，異動:17筆)
07:51:00 蔡煌濱 hptsai@cwb.gov.tw (待更正:0筆，異動:1筆)

型態不符合 
2017/01/02 07:51:04(End)-------------------------------------------------------------------

2017/01/02 08:09:55(Begin)------------------------------------------------------------------
08:10:52 完成更新[資料查核]
08:10:53 洪景山 rfs14@cwb.gov.tw (待更正:1筆，異動:0筆)
08:10:58 王琇玄 amywang@cwb.gov.tw (待更正:594筆，異動:26筆)
08:10:59 劉亦容 fo@cwb.gov.tw (待更正:594筆，異動:26筆)
08:11:00 HP人員 hpuser@cwb.gov.tw (待更正:3筆，異動:0筆)
08:11:01 PC人員 chueh@cwb.gov.tw (待更正:3筆，異動:70筆)
08:11:01 宋恩承 encheng@cwb.gov.tw (待更正:2筆，異動:0筆)
08:11:02 唐睿 baron0607@cwb.gov.tw (待更正:5筆，異動:17筆)
08:11:02 許美玲 shiu@cwb.gov.tw (待更正:2筆，異動:0筆)
08:11:03 曾國棟 tseng@cwb.gov.tw (待更正:5筆，異動:7筆)
08:11:03 黃婉綺 wanchi@cwb.gov.tw (待更正:4筆，異動:36筆)
08:11:04 蔡志揮 taists@cwb.gov.tw (待更正:3筆，異動:31筆)
08:11:06 劉政 lc@cwb.gov.tw (待更正:23筆，異動:0筆)
08:11:08 王奕紘 wangyihung@cwb.gov.tw (待更正:0筆，異動:40筆)
08:11:08 吳政修 jswu@cwb.gov.tw (待更正:2筆，異動:13筆)
08:11:09 林介峰 dan@cwb.gov.tw (待更正:1筆，異動:40筆)
08:11:10 秦照萍 jpc@cwb.gov.tw (待更正:3筆，異動:60筆)
08:11:11 曾怡豪 tyh900@cwb.gov.tw (待更正:1筆，異動:40筆)
08:11:12 蔡佳學 B891@cwb.gov.tw (待更正:2筆，異動:41筆)
08:11:13 鄭照雄 wtbeer@cwb.gov.tw (待更正:2筆，異動:13筆)
08:11:13 機房OP sosop@cwb.gov.tw (待更正:0筆，異動:4筆)
08:11:13 余承恩 chengen@cwb.gov.tw (待更正:1筆，異動:2筆)
08:11:15 胡錦淵 yuan@cwb.gov.tw (待更正:0筆，異動:2筆)
08:11:16 曹富傑 chuck@cwb.gov.tw (待更正:0筆，異動:2筆)
08:11:17 郭奇偉 kiwikuo@cwb.gov.tw (待更正:1筆，異動:0筆)
08:11:17 黃崇益 chungyi.huang@cwb.gov.tw (待更正:0筆，異動:2筆)
08:11:18 劉萬祿 gary@cwb.gov.tw (待更正:0筆，異動:4筆)
08:11:18 潘如龍 pan@cwb.gov.tw (待更正:1筆，異動:17筆)
08:11:19 蔡煌濱 hptsai@cwb.gov.tw (待更正:1筆，異動:1筆)
08:11:20 吳蕙如 hrwu@cwb.gov.tw (待更正:2筆，異動:0筆)
2017/01/02 08:11:32(End)-------------------------------------------------------------------

2017/01/09 07:50:00(Begin)------------------------------------------------------------------
07:50:59 完成更新[資料查核]
07:51:01 洪景山 rfs14@cwb.gov.tw (待更正:1筆，異動:0筆)
07:51:02 曾雪卿 tsc@cwb.gov.tw (待更正:1筆，異動:0筆)
07:51:03 程家平 olga@cwb.gov.tw (待更正:0筆，異動:1筆)
07:51:04 葉莉貞 lijen@cwb.gov.tw (待更正:0筆，異動:6筆)
07:51:06 王琇玄 amywang@cwb.gov.tw (待更正:519筆，異動:1筆)
07:51:07 劉亦容 fo@cwb.gov.tw (待更正:519筆，異動:0筆)
07:51:08 HP人員 hpuser@cwb.gov.tw (待更正:2筆，異動:3筆)
07:51:08 PC人員 chueh@cwb.gov.tw (待更正:3筆，異動:9筆)
07:51:09 唐睿 baron0607@cwb.gov.tw (待更正:6筆，異動:49筆)
07:51:09 許美玲 shiu@cwb.gov.tw (待更正:2筆，異動:0筆)
07:51:10 曾國棟 tseng@cwb.gov.tw (待更正:4筆，異動:6筆)
07:51:11 黃婉綺 wanchi@cwb.gov.tw (待更正:5筆，異動:52筆)
07:51:11 蔡志揮 taists@cwb.gov.tw (待更正:1筆，異動:2筆)
07:51:13 黃秀珍 hsj@cwb.gov.tw (待更正:0筆，異動:6筆)
07:51:13 劉政 lc@cwb.gov.tw (待更正:29筆，異動:35筆)
07:51:15 吳政修 jswu@cwb.gov.tw (待更正:1筆，異動:15筆)
07:51:16 林介峰 dan@cwb.gov.tw (待更正:1筆，異動:0筆)
07:51:17 秦照萍 jpc@cwb.gov.tw (待更正:3筆，異動:135筆)
07:51:17 曾怡豪 tyh900@cwb.gov.tw (待更正:1筆，異動:0筆)
07:51:18 蔡佳學 B891@cwb.gov.tw (待更正:2筆，異動:0筆)
07:51:19 鄭照雄 wtbeer@cwb.gov.tw (待更正:2筆，異動:15筆)
07:51:19 機房OP sosop@cwb.gov.tw (待更正:1筆，異動:0筆)
07:51:20 余承恩 chengen@cwb.gov.tw (待更正:1筆，異動:2筆)
07:51:20 吳俊鋒 vincentwu@cwb.gov.tw (待更正:0筆，異動:4筆)
07:51:21 李宜芳 yvonne@cwb.gov.tw (待更正:0筆，異動:4筆)
07:51:21 李俊樺 jyunhuali@cwb.gov.tw (待更正:0筆，異動:4筆)
07:51:22 胡錦淵 yuan@cwb.gov.tw (待更正:0筆，異動:8筆)
07:51:22 曹富傑 chuck@cwb.gov.tw (待更正:0筆，異動:2筆)
07:51:23 許秀桃 shelly@cwb.gov.tw (待更正:1筆，異動:0筆)
07:51:23 郭奇偉 kiwikuo@cwb.gov.tw (待更正:1筆，異動:19筆)
07:51:23 黃崇益 chungyi.huang@cwb.gov.tw (待更正:0筆，異動:2筆)
07:51:24 劉萬祿 gary@cwb.gov.tw (待更正:0筆，異動:2筆)
07:51:24 潘如龍 pan@cwb.gov.tw (待更正:1筆，異動:19筆)
07:51:25 蔡煌濱 hptsai@cwb.gov.tw (待更正:1筆，異動:19筆)
07:51:25 賴文敏 laiwm@cwb.gov.tw (待更正:0筆，異動:4筆)
07:51:26 吳蕙如 hrwu@cwb.gov.tw (待更正:2筆，異動:6筆)
07:51:36 陳昱安 yuan731006@cwb.gov.tw (待更正:0筆，異動:6筆)
07:51:37 黃偉芬 mullysa@cwb.gov.tw (待更正:0筆，異動:1筆)
2017/01/09 07:51:37(End)-------------------------------------------------------------------

2017/01/16 07:50:00(Begin)------------------------------------------------------------------
07:50:58 完成更新[資料查核]
07:50:59 林昌鴻 changhong@cwb.gov.tw (待更正:0筆，異動:1筆)
07:51:00 洪景山 rfs14@cwb.gov.tw (待更正:1筆，異動:1筆)
07:51:01 曾雪卿 tsc@cwb.gov.tw (待更正:7筆，異動:1筆)
07:51:02 馮欽賜 fong@cwb.gov.tw (待更正:0筆，異動:1筆)
07:51:03 潘琦 gfs8@cwb.gov.tw (待更正:0筆，異動:1筆)
07:51:05 王琇玄 amywang@cwb.gov.tw (待更正:519筆，異動:0筆)
07:51:06 劉亦容 fo@cwb.gov.tw (待更正:519筆，異動:0筆)
07:51:06 HP人員 hpuser@cwb.gov.tw (待更正:2筆，異動:0筆)
07:51:07 PC人員 chueh@cwb.gov.tw (待更正:8筆，異動:60筆)
07:51:07 唐睿 baron0607@cwb.gov.tw (待更正:6筆，異動:1筆)
07:51:08 許美玲 shiu@cwb.gov.tw (待更正:8筆，異動:2筆)
07:51:09 曾國棟 tseng@cwb.gov.tw (待更正:3筆，異動:8筆)
07:51:09 黃婉綺 wanchi@cwb.gov.tw (待更正:5筆，異動:19筆)
07:51:10 蔡志揮 taists@cwb.gov.tw (待更正:1筆，異動:1筆)
07:51:10 莊柏浚 pcchuang@cwb.gov.tw (待更正:0筆，異動:1筆)
07:51:11 莊峰銘 fmchuang@cwb.gov.tw (待更正:0筆，異動:1筆)
07:51:11 陳蕙茹 michlle@cwb.gov.tw (待更正:0筆，異動:2筆)
07:51:12 劉政 lc@cwb.gov.tw (待更正:29筆，異動:0筆)
07:51:13 韓承穎 cy_han@cwb.gov.tw (待更正:0筆，異動:2筆)
07:51:13 簡泰滄 ttchien@cwb.gov.tw (待更正:0筆，異動:1筆)
07:51:14 王奕紘 wangyihung@cwb.gov.tw (待更正:0筆，異動:2筆)
07:51:14 吳政修 jswu@cwb.gov.tw (待更正:1筆，異動:3筆)
07:51:15 林介峰 dan@cwb.gov.tw (待更正:1筆，異動:0筆)
07:51:15 柯惠華 hei_cwb@cwb.gov.tw (待更正:0筆，異動:2筆)
07:51:16 秦照萍 jpc@cwb.gov.tw (待更正:9筆，異動:4筆)
07:51:16 曾怡豪 tyh900@cwb.gov.tw (待更正:1筆，異動:0筆)
07:51:18 蔡佳學 B891@cwb.gov.tw (待更正:2筆，異動:0筆)
07:51:18 鄭照雄 wtbeer@cwb.gov.tw (待更正:8筆，異動:3筆)
07:51:19 機房OP sosop@cwb.gov.tw (待更正:7筆，異動:0筆)
07:51:19 余承恩 chengen@cwb.gov.tw (待更正:0筆，異動:2筆)
07:51:20 李宜芳 yvonne@cwb.gov.tw (待更正:0筆，異動:1筆)
07:51:22 許秀桃 shelly@cwb.gov.tw (待更正:7筆，異動:2筆)
07:51:22 郭奇偉 kiwikuo@cwb.gov.tw (待更正:3筆，異動:34筆)
07:51:23 潘如龍 pan@cwb.gov.tw (待更正:3筆，異動:35筆)
07:51:24 蔡煌濱 hptsai@cwb.gov.tw (待更正:3筆，異動:34筆)
07:51:25 吳蕙如 hrwu@cwb.gov.tw (待更正:2筆，異動:2筆)
07:51:26 李香蘭 gfs5@cwb.gov.tw (待更正:0筆，異動:2筆)
07:51:26 李淑玲 shanti@cwb.gov.tw (待更正:0筆，異動:1筆)
07:51:27 林庭毅 tingyi@cwb.gov.tw (待更正:0筆，異動:2筆)
07:51:28 許喬祺 b879@cwb.gov.tw (待更正:0筆，異動:1筆)
07:51:28 陳柏榮 fajan09@cwb.gov.tw (待更正:0筆，異動:1筆)
07:51:29 陳婉瑜 carinchen@cwb.gov.tw (待更正:0筆，異動:1筆)
07:51:30 李志昕 iamduduli@cwb.gov.tw (待更正:0筆，異動:2筆)
07:51:31 林伯勳 bslin0701@cwb.gov.tw (待更正:0筆，異動:1筆)
07:51:31 邵彥銘 benjamin1023@cwb.gov.tw (待更正:0筆，異動:1筆)
07:51:31 陳白榆 elmy926@cwb.gov.tw (待更正:0筆，異動:1筆)
07:51:32 陳依涵 ihan@cwb.gov.tw (待更正:0筆，異動:2筆)
07:51:33 黃小玲 sling@cwb.gov.tw (待更正:0筆，異動:1筆)
07:51:33 蔡雅婷 yating@cwb.gov.tw (待更正:0筆，異動:1筆)
07:51:34 賴曉薇 hlai@cwb.gov.tw (待更正:0筆，異動:1筆)
07:51:35 蘇奕叡 su2ray@cwb.gov.tw (待更正:0筆，異動:1筆)
2017/01/16 07:51:37(End)-------------------------------------------------------------------

2017/01/23 07:50:00(Begin)------------------------------------------------------------------
07:51:06 完成更新[資料查核]
07:51:07 洪景山 rfs14@cwb.gov.tw (待更正:1筆，異動:0筆)
07:51:12 王琇玄 amywang@cwb.gov.tw (待更正:519筆，異動:0筆)
07:51:13 劉亦容 fo@cwb.gov.tw (待更正:519筆，異動:0筆)
07:51:13 HP人員 hpuser@cwb.gov.tw (待更正:2筆，異動:0筆)
07:51:14 PC人員 chueh@cwb.gov.tw (待更正:1筆，異動:8筆)
07:51:14 唐睿 baron0607@cwb.gov.tw (待更正:6筆，異動:0筆)
07:51:15 許美玲 shiu@cwb.gov.tw (待更正:1筆，異動:0筆)
07:51:16 曾國棟 tseng@cwb.gov.tw (待更正:20筆，異動:8筆)
07:51:16 黃婉綺 wanchi@cwb.gov.tw (待更正:5筆，異動:1筆)
07:51:17 蔡志揮 taists@cwb.gov.tw (待更正:1筆，異動:14筆)
07:51:19 劉政 lc@cwb.gov.tw (待更正:23筆，異動:8筆)
07:51:21 吳政修 jswu@cwb.gov.tw (待更正:1筆，異動:10筆)
07:51:22 林介峰 dan@cwb.gov.tw (待更正:1筆，異動:0筆)
07:51:23 秦照萍 jpc@cwb.gov.tw (待更正:2筆，異動:10筆)
07:51:23 曾怡豪 tyh900@cwb.gov.tw (待更正:1筆，異動:0筆)
07:51:24 蔡佳學 B891@cwb.gov.tw (待更正:2筆，異動:0筆)
07:51:25 鄭照雄 wtbeer@cwb.gov.tw (待更正:1筆，異動:10筆)
07:51:28 郭奇偉 kiwikuo@cwb.gov.tw (待更正:3筆，異動:55筆)
07:51:30 潘如龍 pan@cwb.gov.tw (待更正:3筆，異動:44筆)
07:51:30 蔡煌濱 hptsai@cwb.gov.tw (待更正:3筆，異動:44筆)
07:51:31 吳蕙如 hrwu@cwb.gov.tw (待更正:2筆，異動:7筆)
2017/01/23 07:51:42(End)-------------------------------------------------------------------

2017/01/30 07:50:00(Begin)------------------------------------------------------------------
07:51:00 完成更新[資料查核]
07:51:01 洪景山 rfs14@cwb.gov.tw (待更正:1筆，異動:1筆)
07:51:06 王琇玄 amywang@cwb.gov.tw (待更正:518筆，異動:40筆)
07:51:07 劉亦容 fo@cwb.gov.tw (待更正:518筆，異動:40筆)
07:51:08 HP人員 hpuser@cwb.gov.tw (待更正:2筆，異動:0筆)
07:51:08 PC人員 chueh@cwb.gov.tw (待更正:1筆，異動:24筆)
07:51:09 唐睿 baron0607@cwb.gov.tw (待更正:6筆，異動:0筆)
07:51:10 許美玲 shiu@cwb.gov.tw (待更正:1筆，異動:0筆)
07:51:10 曾國棟 tseng@cwb.gov.tw (待更正:20筆，異動:2筆)
07:51:11 黃婉綺 wanchi@cwb.gov.tw (待更正:5筆，異動:8筆)
07:51:11 蔡志揮 taists@cwb.gov.tw (待更正:1筆，異動:0筆)
07:51:12 莊柏浚 pcchuang@cwb.gov.tw (待更正:0筆，異動:1筆)
07:51:12 莊峰銘 fmchuang@cwb.gov.tw (待更正:0筆，異動:2筆)
07:51:13 陳蕙茹 michlle@cwb.gov.tw (待更正:0筆，異動:1筆)
07:51:13 劉政 lc@cwb.gov.tw (待更正:23筆，異動:0筆)
07:51:15 王奕紘 wangyihung@cwb.gov.tw (待更正:0筆，異動:7筆)
07:51:15 吳政修 jswu@cwb.gov.tw (待更正:4筆，異動:4筆)
07:51:16 林介峰 dan@cwb.gov.tw (待更正:1筆，異動:2筆)
07:51:16 秦照萍 jpc@cwb.gov.tw (待更正:5筆，異動:6筆)
07:51:17 曾怡豪 tyh900@cwb.gov.tw (待更正:1筆，異動:2筆)
07:51:18 蔡佳學 B891@cwb.gov.tw (待更正:2筆，異動:2筆)
07:51:19 鄭照雄 wtbeer@cwb.gov.tw (待更正:4筆，異動:4筆)
07:51:22 郭奇偉 kiwikuo@cwb.gov.tw (待更正:1筆，異動:41筆)
07:51:24 潘如龍 pan@cwb.gov.tw (待更正:1筆，異動:13筆)
07:51:24 蔡煌濱 hptsai@cwb.gov.tw (待更正:1筆，異動:13筆)
07:51:26 吳蕙如 hrwu@cwb.gov.tw (待更正:2筆，異動:0筆)
07:51:31 陳白榆 elmy926@cwb.gov.tw (待更正:0筆，異動:1筆)
2017/01/30 07:51:36(End)-------------------------------------------------------------------

2017/02/06 07:50:00(Begin)------------------------------------------------------------------
07:50:52 完成更新[資料查核]
07:50:53 洪景山 rfs14@cwb.gov.tw (待更正:1筆，異動:1筆)
07:50:57 王琇玄 amywang@cwb.gov.tw (待更正:518筆，異動:0筆)
07:50:58 劉亦容 fo@cwb.gov.tw (待更正:518筆，異動:0筆)
07:50:59 HP人員 hpuser@cwb.gov.tw (待更正:2筆，異動:0筆)
07:50:59 PC人員 chueh@cwb.gov.tw (待更正:1筆，異動:0筆)
07:51:00 唐睿 baron0607@cwb.gov.tw (待更正:6筆，異動:0筆)
07:51:00 許美玲 shiu@cwb.gov.tw (待更正:1筆，異動:0筆)
07:51:01 曾國棟 tseng@cwb.gov.tw (待更正:6筆，異動:92筆)
07:51:01 黃婉綺 wanchi@cwb.gov.tw (待更正:5筆，異動:0筆)
07:51:02 蔡志揮 taists@cwb.gov.tw (待更正:1筆，異動:0筆)
07:51:04 劉政 lc@cwb.gov.tw (待更正:9筆，異動:91筆)
07:51:06 吳政修 jswu@cwb.gov.tw (待更正:4筆，異動:0筆)
07:51:06 林介峰 dan@cwb.gov.tw (待更正:1筆，異動:0筆)
07:51:07 秦照萍 jpc@cwb.gov.tw (待更正:5筆，異動:0筆)
07:51:08 曾怡豪 tyh900@cwb.gov.tw (待更正:1筆，異動:0筆)
07:51:09 蔡佳學 B891@cwb.gov.tw (待更正:2筆，異動:0筆)
07:51:09 鄭照雄 wtbeer@cwb.gov.tw (待更正:4筆，異動:0筆)
07:51:13 郭奇偉 kiwikuo@cwb.gov.tw (待更正:1筆，異動:0筆)
07:51:14 潘如龍 pan@cwb.gov.tw (待更正:1筆，異動:0筆)
07:51:14 蔡煌濱 hptsai@cwb.gov.tw (待更正:1筆，異動:0筆)
07:51:15 吳蕙如 hrwu@cwb.gov.tw (待更正:2筆，異動:0筆)
2017/02/06 07:51:25(End)-------------------------------------------------------------------

2017/02/13 07:50:00(Begin)------------------------------------------------------------------
07:50:54 洪景山 rfs14@cwb.gov.tw (待更正:0筆，異動:2筆)
07:50:55 HP人員 hpuser@cwb.gov.tw (待更正:1筆，異動:0筆)
07:50:55 PC人員 chueh@cwb.gov.tw (待更正:1筆，異動:0筆)
07:50:55 唐睿 baron0607@cwb.gov.tw (待更正:1筆，異動:6筆)
07:50:56 許美玲 shiu@cwb.gov.tw (待更正:1筆，異動:0筆)
07:50:56 曾國棟 tseng@cwb.gov.tw (待更正:1筆，異動:4筆)
07:50:56 黃婉綺 wanchi@cwb.gov.tw (待更正:1筆，異動:2筆)
07:50:56 蔡志揮 taists@cwb.gov.tw (待更正:1筆，異動:11筆)
07:50:56 莊峰銘 fmchuang@cwb.gov.tw (待更正:0筆，異動:3筆)
07:50:57 劉政 lc@cwb.gov.tw (待更正:0筆，異動:4筆)
07:50:57 王奕紘 wangyihung@cwb.gov.tw (待更正:1筆，異動:20筆)
07:50:57 吳政修 jswu@cwb.gov.tw (待更正:1筆，異動:20筆)
07:50:57 秦照萍 jpc@cwb.gov.tw (待更正:1筆，異動:20筆)
07:50:58 鄭照雄 wtbeer@cwb.gov.tw (待更正:1筆，異動:20筆)
07:50:58 吳俊鋒 vincentwu@cwb.gov.tw (待更正:0筆，異動:2筆)
07:50:58 李宜芳 yvonne@cwb.gov.tw (待更正:0筆，異動:2筆)
07:50:58 李俊樺 jyunhuali@cwb.gov.tw (待更正:0筆，異動:2筆)
07:50:59 郭奇偉 kiwikuo@cwb.gov.tw (待更正:0筆，異動:14筆)
07:50:59 賴文敏 laiwm@cwb.gov.tw (待更正:0筆，異動:2筆)
07:50:59 吳蕙如 hrwu@cwb.gov.tw (待更正:0筆，異動:2筆)
07:51:00 李香蘭 gfs5@cwb.gov.tw (待更正:0筆，異動:1筆)
07:51:01 張柏洋 lnchang@cwb.gov.tw (待更正:1筆，異動:20筆)

型態不符合 
2017/02/13 07:51:02(End)-------------------------------------------------------------------

2017/02/20 07:50:00(Begin)------------------------------------------------------------------
07:50:56 完成更新[資料查核]
07:50:58 洪景山 rfs14@cwb.gov.tw (待更正:1筆，異動:0筆)
07:51:02 王琇玄 amywang@cwb.gov.tw (待更正:532筆，異動:0筆)
07:51:03 劉亦容 fo@cwb.gov.tw (待更正:532筆，異動:0筆)
07:51:03 HP人員 hpuser@cwb.gov.tw (待更正:2筆，異動:0筆)
07:51:03 PC人員 chueh@cwb.gov.tw (待更正:1筆，異動:7筆)
07:51:04 唐睿 baron0607@cwb.gov.tw (待更正:6筆，異動:0筆)
07:51:05 許美玲 shiu@cwb.gov.tw (待更正:1筆，異動:0筆)
07:51:05 曾國棟 tseng@cwb.gov.tw (待更正:11筆，異動:11筆)
07:51:06 黃婉綺 wanchi@cwb.gov.tw (待更正:3筆，異動:4筆)
07:51:06 蔡志揮 taists@cwb.gov.tw (待更正:1筆，異動:0筆)
07:51:09 劉政 lc@cwb.gov.tw (待更正:7筆，異動:0筆)
07:51:10 王奕紘 wangyihung@cwb.gov.tw (待更正:2筆，異動:1筆)
07:51:10 吳政修 jswu@cwb.gov.tw (待更正:2筆，異動:1筆)
07:51:11 林介峰 dan@cwb.gov.tw (待更正:1筆，異動:0筆)
07:51:12 秦照萍 jpc@cwb.gov.tw (待更正:3筆，異動:1筆)
07:51:12 曾怡豪 tyh900@cwb.gov.tw (待更正:1筆，異動:0筆)
07:51:13 趙竑 ZhaoHong@cwb.gov.tw (待更正:1筆，異動:0筆)
07:51:13 蔡佳學 B891@cwb.gov.tw (待更正:2筆，異動:0筆)
07:51:14 鄭照雄 wtbeer@cwb.gov.tw (待更正:2筆，異動:1筆)
07:51:15 機房OP sosop@cwb.gov.tw (待更正:36筆，異動:0筆)
07:51:15 吳俊鋒 vincentwu@cwb.gov.tw (待更正:0筆，異動:1筆)
07:51:16 李宜芳 yvonne@cwb.gov.tw (待更正:0筆，異動:1筆)
07:51:16 李俊樺 jyunhuali@cwb.gov.tw (待更正:0筆，異動:1筆)
07:51:18 郭奇偉 kiwikuo@cwb.gov.tw (待更正:37筆，異動:16筆)
07:51:19 潘如龍 pan@cwb.gov.tw (待更正:37筆，異動:13筆)
07:51:19 蔡煌濱 hptsai@cwb.gov.tw (待更正:37筆，異動:13筆)
07:51:20 賴文敏 laiwm@cwb.gov.tw (待更正:0筆，異動:1筆)
07:51:21 吳蕙如 hrwu@cwb.gov.tw (待更正:3筆，異動:0筆)
07:51:23 許志禎 basehsu@cwb.gov.tw (待更正:3筆，異動:0筆)
07:51:24 黃俊穎 philhuang@cwb.gov.tw (待更正:3筆，異動:0筆)
07:51:30 張柏洋 lnchang@cwb.gov.tw (待更正:2筆，異動:1筆)
2017/02/20 07:51:32(End)-------------------------------------------------------------------

2017/02/27 07:50:00(Begin)------------------------------------------------------------------
07:50:56 完成更新[資料查核]
07:50:56 李淑蓉 lee@cwb.gov.tw (待更正:0筆，異動:1筆)
07:50:57 洪景山 rfs14@cwb.gov.tw (待更正:1筆，異動:0筆)
07:50:59 劉國隆 liu@cwb.gov.tw (待更正:0筆，異動:1筆)
07:51:01 王琇玄 amywang@cwb.gov.tw (待更正:395筆，異動:0筆)
07:51:02 劉亦容 fo@cwb.gov.tw (待更正:395筆，異動:0筆)
07:51:03 HP人員 hpuser@cwb.gov.tw (待更正:1筆，異動:1筆)
07:51:03 PC人員 chueh@cwb.gov.tw (待更正:0筆，異動:7筆)
07:51:03 唐睿 baron0607@cwb.gov.tw (待更正:5筆，異動:2筆)
07:51:04 曾國棟 tseng@cwb.gov.tw (待更正:10筆，異動:0筆)
07:51:05 黃婉綺 wanchi@cwb.gov.tw (待更正:2筆，異動:5筆)
07:51:06 黃秀珍 hsj@cwb.gov.tw (待更正:0筆，異動:2筆)
07:51:07 劉政 lc@cwb.gov.tw (待更正:7筆，異動:0筆)
07:51:07 韓承穎 cy_han@cwb.gov.tw (待更正:0筆，異動:1筆)
07:51:08 王奕紘 wangyihung@cwb.gov.tw (待更正:1筆，異動:9筆)
07:51:08 吳政修 jswu@cwb.gov.tw (待更正:1筆，異動:9筆)
07:51:09 林介峰 dan@cwb.gov.tw (待更正:1筆，異動:0筆)
07:51:09 秦照萍 jpc@cwb.gov.tw (待更正:2筆，異動:9筆)
07:51:10 曾怡豪 tyh900@cwb.gov.tw (待更正:1筆，異動:0筆)
07:51:10 趙竑 ZhaoHong@cwb.gov.tw (待更正:1筆，異動:0筆)
07:51:11 蔡佳學 B891@cwb.gov.tw (待更正:2筆，異動:0筆)
07:51:11 鄭照雄 wtbeer@cwb.gov.tw (待更正:1筆，異動:9筆)
07:51:12 機房OP sosop@cwb.gov.tw (待更正:36筆，異動:0筆)
07:51:13 李宜芳 yvonne@cwb.gov.tw (待更正:0筆，異動:1筆)
07:51:15 郭奇偉 kiwikuo@cwb.gov.tw (待更正:37筆，異動:0筆)
07:51:16 潘如龍 pan@cwb.gov.tw (待更正:37筆，異動:0筆)
07:51:16 蔡煌濱 hptsai@cwb.gov.tw (待更正:37筆，異動:0筆)
07:51:17 何旭慧 hsuhui@cwb.gov.tw (待更正:3筆，異動:0筆)
07:51:18 吳蕙如 hrwu@cwb.gov.tw (待更正:3筆，異動:0筆)
07:51:18 李奕德 itlee@cwb.gov.tw (待更正:3筆，異動:0筆)
07:51:20 許志禎 basehsu@cwb.gov.tw (待更正:3筆，異動:0筆)
07:51:21 黃俊穎 philhuang@cwb.gov.tw (待更正:3筆，異動:0筆)
07:51:26 張柏洋 lnchang@cwb.gov.tw (待更正:1筆，異動:9筆)
2017/02/27 07:51:27(End)-------------------------------------------------------------------

2017/03/06 07:50:00(Begin)------------------------------------------------------------------
07:50:54 完成更新[資料查核]
07:50:55 洪景山 rfs14@cwb.gov.tw (待更正:1筆，異動:2筆)
07:50:59 王琇玄 amywang@cwb.gov.tw (待更正:395筆，異動:0筆)
07:51:00 劉亦容 fo@cwb.gov.tw (待更正:395筆，異動:0筆)
07:51:01 HP人員 hpuser@cwb.gov.tw (待更正:1筆，異動:0筆)
07:51:01 PC人員 chueh@cwb.gov.tw (待更正:0筆，異動:10筆)
07:51:01 唐睿 baron0607@cwb.gov.tw (待更正:5筆，異動:0筆)
07:51:02 曾國棟 tseng@cwb.gov.tw (待更正:10筆，異動:0筆)
07:51:02 黃婉綺 wanchi@cwb.gov.tw (待更正:2筆，異動:3筆)
07:51:04 劉政 lc@cwb.gov.tw (待更正:7筆，異動:0筆)
07:51:05 王奕紘 wangyihung@cwb.gov.tw (待更正:1筆，異動:3筆)
07:51:05 吳政修 jswu@cwb.gov.tw (待更正:1筆，異動:3筆)
07:51:06 林介峰 dan@cwb.gov.tw (待更正:1筆，異動:0筆)
07:51:07 秦照萍 jpc@cwb.gov.tw (待更正:2筆，異動:3筆)
07:51:07 曾怡豪 tyh900@cwb.gov.tw (待更正:1筆，異動:0筆)
07:51:08 趙竑 ZhaoHong@cwb.gov.tw (待更正:1筆，異動:0筆)
07:51:08 蔡佳學 B891@cwb.gov.tw (待更正:2筆，異動:0筆)
07:51:09 鄭照雄 wtbeer@cwb.gov.tw (待更正:1筆，異動:3筆)
07:51:09 機房OP sosop@cwb.gov.tw (待更正:36筆，異動:0筆)
07:51:11 郭奇偉 kiwikuo@cwb.gov.tw (待更正:37筆，異動:0筆)
07:51:12 潘如龍 pan@cwb.gov.tw (待更正:37筆，異動:0筆)
07:51:12 蔡煌濱 hptsai@cwb.gov.tw (待更正:37筆，異動:0筆)
07:51:13 何旭慧 hsuhui@cwb.gov.tw (待更正:3筆，異動:0筆)
07:51:14 吳蕙如 hrwu@cwb.gov.tw (待更正:3筆，異動:0筆)
07:51:14 李奕德 itlee@cwb.gov.tw (待更正:3筆，異動:0筆)
07:51:16 許志禎 basehsu@cwb.gov.tw (待更正:3筆，異動:0筆)
07:51:17 黃俊穎 philhuang@cwb.gov.tw (待更正:3筆，異動:0筆)
07:51:20 劉正欽 ccliu@cwb.gov.tw (待更正:0筆，異動:2筆)
07:51:23 張柏洋 lnchang@cwb.gov.tw (待更正:1筆，異動:3筆)
2017/03/06 07:51:24(End)-------------------------------------------------------------------

2017/03/13 07:50:00(Begin)------------------------------------------------------------------
07:50:58 完成更新[資料查核]
07:50:59 洪景山 rfs14@cwb.gov.tw (待更正:1筆，異動:0筆)
07:51:03 王琇玄 amywang@cwb.gov.tw (待更正:395筆，異動:23筆)
07:51:04 劉亦容 fo@cwb.gov.tw (待更正:395筆，異動:23筆)
07:51:05 HP人員 hpuser@cwb.gov.tw (待更正:1筆，異動:0筆)
07:51:05 PC人員 chueh@cwb.gov.tw (待更正:0筆，異動:13筆)
07:51:05 唐睿 baron0607@cwb.gov.tw (待更正:5筆，異動:13筆)
07:51:06 曾國棟 tseng@cwb.gov.tw (待更正:10筆，異動:0筆)
07:51:06 黃婉綺 wanchi@cwb.gov.tw (待更正:2筆，異動:0筆)
07:51:08 劉政 lc@cwb.gov.tw (待更正:7筆，異動:0筆)
07:51:09 王奕紘 wangyihung@cwb.gov.tw (待更正:1筆，異動:0筆)
07:51:09 吳政修 jswu@cwb.gov.tw (待更正:1筆，異動:0筆)
07:51:10 林介峰 dan@cwb.gov.tw (待更正:1筆，異動:0筆)
07:51:11 秦照萍 jpc@cwb.gov.tw (待更正:2筆，異動:0筆)
07:51:11 曾怡豪 tyh900@cwb.gov.tw (待更正:1筆，異動:0筆)
07:51:12 趙竑 ZhaoHong@cwb.gov.tw (待更正:1筆，異動:0筆)
07:51:13 蔡佳學 B891@cwb.gov.tw (待更正:2筆，異動:0筆)
07:51:13 鄭照雄 wtbeer@cwb.gov.tw (待更正:1筆，異動:0筆)
07:51:16 郭奇偉 kiwikuo@cwb.gov.tw (待更正:1筆，異動:0筆)
07:51:17 潘如龍 pan@cwb.gov.tw (待更正:1筆，異動:0筆)
07:51:18 蔡煌濱 hptsai@cwb.gov.tw (待更正:1筆，異動:0筆)
07:51:19 何旭慧 hsuhui@cwb.gov.tw (待更正:3筆，異動:0筆)
07:51:19 吳蕙如 hrwu@cwb.gov.tw (待更正:3筆，異動:0筆)
07:51:20 李奕德 itlee@cwb.gov.tw (待更正:3筆，異動:0筆)
07:51:21 許志禎 basehsu@cwb.gov.tw (待更正:3筆，異動:0筆)
07:51:23 黃俊穎 philhuang@cwb.gov.tw (待更正:3筆，異動:0筆)
07:51:26 劉正欽 ccliu@cwb.gov.tw (待更正:0筆，異動:4筆)
07:51:29 張柏洋 lnchang@cwb.gov.tw (待更正:1筆，異動:0筆)
2017/03/13 07:51:30(End)-------------------------------------------------------------------

2017/03/20 07:50:00(Begin)------------------------------------------------------------------
07:50:51 完成更新[資料查核]
07:50:52 洪景山 rfs14@cwb.gov.tw (待更正:1筆，異動:0筆)
07:50:56 王琇玄 amywang@cwb.gov.tw (待更正:398筆，異動:0筆)
07:50:57 劉亦容 fo@cwb.gov.tw (待更正:398筆，異動:0筆)
07:50:57 HP人員 hpuser@cwb.gov.tw (待更正:1筆，異動:0筆)
07:50:58 PC人員 chueh@cwb.gov.tw (待更正:0筆，異動:30筆)
07:50:58 唐睿 baron0607@cwb.gov.tw (待更正:5筆，異動:2筆)
07:50:59 曾國棟 tseng@cwb.gov.tw (待更正:10筆，異動:0筆)
07:50:59 黃婉綺 wanchi@cwb.gov.tw (待更正:2筆，異動:1筆)
07:51:00 蔡志揮 taists@cwb.gov.tw (待更正:0筆，異動:1筆)
07:51:00 莊柏浚 pcchuang@cwb.gov.tw (待更正:0筆，異動:1筆)
07:51:02 劉政 lc@cwb.gov.tw (待更正:7筆，異動:0筆)
07:51:03 王奕紘 wangyihung@cwb.gov.tw (待更正:0筆，異動:2筆)
07:51:03 吳政修 jswu@cwb.gov.tw (待更正:0筆，異動:2筆)
07:51:04 林介峰 dan@cwb.gov.tw (待更正:1筆，異動:0筆)
07:51:04 柯惠華 hei_cwb@cwb.gov.tw (待更正:0筆，異動:3筆)
07:51:05 秦照萍 jpc@cwb.gov.tw (待更正:1筆，異動:2筆)
07:51:05 曾怡豪 tyh900@cwb.gov.tw (待更正:1筆，異動:0筆)
07:51:06 趙竑 ZhaoHong@cwb.gov.tw (待更正:1筆，異動:0筆)
07:51:06 蔡佳學 B891@cwb.gov.tw (待更正:2筆，異動:0筆)
07:51:07 鄭照雄 wtbeer@cwb.gov.tw (待更正:0筆，異動:2筆)
07:51:09 郭奇偉 kiwikuo@cwb.gov.tw (待更正:1筆，異動:0筆)
07:51:10 潘如龍 pan@cwb.gov.tw (待更正:1筆，異動:0筆)
07:51:11 蔡煌濱 hptsai@cwb.gov.tw (待更正:1筆，異動:0筆)
07:51:11 何旭慧 hsuhui@cwb.gov.tw (待更正:3筆，異動:0筆)
07:51:12 何傳忠 monnan@cwb.gov.tw (待更正:0筆，異動:2筆)
07:51:12 吳蕙如 hrwu@cwb.gov.tw (待更正:3筆，異動:2筆)
07:51:13 李奕德 itlee@cwb.gov.tw (待更正:3筆，異動:0筆)
07:51:14 許志禎 basehsu@cwb.gov.tw (待更正:3筆，異動:0筆)
07:51:15 許喬祺 b879@cwb.gov.tw (待更正:0筆，異動:2筆)
07:51:15 陳柏榮 fajan09@cwb.gov.tw (待更正:0筆，異動:3筆)
07:51:16 陳婉瑜 carinchen@cwb.gov.tw (待更正:0筆，異動:1筆)
07:51:16 黃俊穎 philhuang@cwb.gov.tw (待更正:3筆，異動:0筆)
07:51:19 劉正欽 ccliu@cwb.gov.tw (待更正:0筆，異動:1筆)
07:51:22 張柏洋 lnchang@cwb.gov.tw (待更正:0筆，異動:2筆)
2017/03/20 07:51:23(End)-------------------------------------------------------------------

2017/03/27 07:50:00(Begin)------------------------------------------------------------------
07:50:52 完成更新[資料查核]
07:50:53 李淑蓉 lee@cwb.gov.tw (待更正:0筆，異動:1筆)
07:50:54 洪景山 rfs14@cwb.gov.tw (待更正:1筆，異動:0筆)
07:50:55 程家平 olga@cwb.gov.tw (待更正:0筆，異動:1筆)
07:50:56 馮欽賜 fong@cwb.gov.tw (待更正:0筆，異動:2筆)
07:50:56 劉國隆 liu@cwb.gov.tw (待更正:0筆，異動:1筆)
07:50:58 王琇玄 amywang@cwb.gov.tw (待更正:405筆，異動:4筆)
07:50:59 劉亦容 fo@cwb.gov.tw (待更正:405筆，異動:1筆)
07:50:59 HP人員 hpuser@cwb.gov.tw (待更正:1筆，異動:0筆)
07:50:59 PC人員 chueh@cwb.gov.tw (待更正:0筆，異動:11筆)
07:51:00 唐睿 baron0607@cwb.gov.tw (待更正:5筆，異動:2筆)
07:51:00 許美玲 shiu@cwb.gov.tw (待更正:0筆，異動:4筆)
07:51:01 曾國棟 tseng@cwb.gov.tw (待更正:11筆，異動:13筆)
07:51:01 黃婉綺 wanchi@cwb.gov.tw (待更正:2筆，異動:3筆)
07:51:02 莊峰銘 fmchuang@cwb.gov.tw (待更正:0筆，異動:1筆)
07:51:04 劉政 lc@cwb.gov.tw (待更正:7筆，異動:0筆)
07:51:05 王奕紘 wangyihung@cwb.gov.tw (待更正:0筆，異動:21筆)
07:51:05 吳政修 jswu@cwb.gov.tw (待更正:0筆，異動:21筆)
07:51:06 林介峰 dan@cwb.gov.tw (待更正:1筆，異動:0筆)
07:51:07 秦照萍 jpc@cwb.gov.tw (待更正:1筆，異動:21筆)
07:51:07 曾怡豪 tyh900@cwb.gov.tw (待更正:1筆，異動:0筆)
07:51:07 趙竑 ZhaoHong@cwb.gov.tw (待更正:1筆，異動:0筆)
07:51:08 蔡佳學 B891@cwb.gov.tw (待更正:2筆，異動:0筆)
07:51:09 鄭照雄 wtbeer@cwb.gov.tw (待更正:0筆，異動:21筆)
07:51:10 吳俊鋒 vincentwu@cwb.gov.tw (待更正:0筆，異動:3筆)
07:51:10 李宜芳 yvonne@cwb.gov.tw (待更正:0筆，異動:3筆)
07:51:10 李俊樺 jyunhuali@cwb.gov.tw (待更正:0筆，異動:3筆)
07:51:11 許秀桃 shelly@cwb.gov.tw (待更正:0筆，異動:1筆)
07:51:12 郭奇偉 kiwikuo@cwb.gov.tw (待更正:1筆，異動:5筆)
07:51:13 潘如龍 pan@cwb.gov.tw (待更正:1筆，異動:5筆)
07:51:13 蔡煌濱 hptsai@cwb.gov.tw (待更正:1筆，異動:5筆)
07:51:14 賴文敏 laiwm@cwb.gov.tw (待更正:0筆，異動:3筆)
07:51:14 何旭慧 hsuhui@cwb.gov.tw (待更正:3筆，異動:0筆)
07:51:15 吳蕙如 hrwu@cwb.gov.tw (待更正:3筆，異動:2筆)
07:51:15 李奕德 itlee@cwb.gov.tw (待更正:3筆，異動:0筆)
07:51:16 李淑玲 shanti@cwb.gov.tw (待更正:0筆，異動:1筆)
07:51:17 許志禎 basehsu@cwb.gov.tw (待更正:3筆，異動:0筆)
07:51:18 黃俊穎 philhuang@cwb.gov.tw (待更正:3筆，異動:0筆)
07:51:24 張柏洋 lnchang@cwb.gov.tw (待更正:0筆，異動:26筆)
07:51:25 湯國輝 gorin@cwb.gov.tw (待更正:0筆，異動:5筆)
07:51:25 黃偉芬 mullysa@cwb.gov.tw (待更正:0筆，異動:2筆)
2017/03/27 07:51:25(End)-------------------------------------------------------------------

2017/04/03 07:50:00(Begin)------------------------------------------------------------------
07:50:57 完成更新[資料查核]
07:50:58 洪景山 rfs14@cwb.gov.tw (待更正:1筆，異動:0筆)
07:51:03 王琇玄 amywang@cwb.gov.tw (待更正:610筆，異動:0筆)
07:51:04 劉亦容 fo@cwb.gov.tw (待更正:610筆，異動:1筆)
07:51:04 HP人員 hpuser@cwb.gov.tw (待更正:1筆，異動:0筆)
07:51:05 唐睿 baron0607@cwb.gov.tw (待更正:5筆，異動:11筆)
07:51:06 曾國棟 tseng@cwb.gov.tw (待更正:10筆，異動:2筆)
07:51:07 黃婉綺 wanchi@cwb.gov.tw (待更正:2筆，異動:12筆)
07:51:09 黃秀珍 hsj@cwb.gov.tw (待更正:0筆，異動:1筆)
07:51:09 劉政 lc@cwb.gov.tw (待更正:7筆，異動:0筆)
07:51:10 王奕紘 wangyihung@cwb.gov.tw (待更正:0筆，異動:15筆)
07:51:11 吳政修 jswu@cwb.gov.tw (待更正:0筆，異動:15筆)
07:51:12 林介峰 dan@cwb.gov.tw (待更正:1筆，異動:0筆)
07:51:13 秦照萍 jpc@cwb.gov.tw (待更正:1筆，異動:15筆)
07:51:13 曾怡豪 tyh900@cwb.gov.tw (待更正:1筆，異動:0筆)
07:51:14 趙竑 ZhaoHong@cwb.gov.tw (待更正:1筆，異動:0筆)
07:51:15 蔡佳學 B891@cwb.gov.tw (待更正:2筆，異動:0筆)
07:51:15 鄭照雄 wtbeer@cwb.gov.tw (待更正:0筆，異動:15筆)
07:51:19 郭奇偉 kiwikuo@cwb.gov.tw (待更正:1筆，異動:0筆)
07:51:20 潘如龍 pan@cwb.gov.tw (待更正:1筆，異動:0筆)
07:51:21 蔡煌濱 hptsai@cwb.gov.tw (待更正:1筆，異動:0筆)
07:51:22 何旭慧 hsuhui@cwb.gov.tw (待更正:3筆，異動:0筆)
07:51:23 吳蕙如 hrwu@cwb.gov.tw (待更正:3筆，異動:1筆)
07:51:23 李奕德 itlee@cwb.gov.tw (待更正:3筆，異動:0筆)
07:51:26 許志禎 basehsu@cwb.gov.tw (待更正:3筆，異動:0筆)
07:51:27 黃俊穎 philhuang@cwb.gov.tw (待更正:3筆，異動:0筆)
07:51:35 張柏洋 lnchang@cwb.gov.tw (待更正:0筆，異動:15筆)
2017/04/03 07:51:36(End)-------------------------------------------------------------------

2017/04/10 07:50:00(Begin)------------------------------------------------------------------
07:50:57 完成更新[資料查核]
07:50:59 洪景山 rfs14@cwb.gov.tw (待更正:1筆，異動:0筆)
07:51:04 王琇玄 amywang@cwb.gov.tw (待更正:610筆，異動:0筆)
07:51:05 劉亦容 fo@cwb.gov.tw (待更正:610筆，異動:0筆)
07:51:05 HP人員 hpuser@cwb.gov.tw (待更正:1筆，異動:0筆)
07:51:06 PC人員 chueh@cwb.gov.tw (待更正:2筆，異動:8筆)
07:51:06 唐睿 baron0607@cwb.gov.tw (待更正:5筆，異動:0筆)
07:51:07 曾國棟 tseng@cwb.gov.tw (待更正:10筆，異動:0筆)
07:51:08 黃婉綺 wanchi@cwb.gov.tw (待更正:2筆，異動:0筆)
07:51:10 黃秀珍 hsj@cwb.gov.tw (待更正:0筆，異動:1筆)
07:51:10 劉政 lc@cwb.gov.tw (待更正:7筆，異動:4筆)
07:51:11 韓承穎 cy_han@cwb.gov.tw (待更正:0筆，異動:1筆)
07:51:12 王奕紘 wangyihung@cwb.gov.tw (待更正:2筆，異動:98筆)
07:51:12 吳政修 jswu@cwb.gov.tw (待更正:2筆，異動:98筆)
07:51:13 林介峰 dan@cwb.gov.tw (待更正:1筆，異動:5筆)
07:51:14 秦照萍 jpc@cwb.gov.tw (待更正:3筆，異動:103筆)
07:51:15 曾怡豪 tyh900@cwb.gov.tw (待更正:1筆，異動:5筆)
07:51:15 趙竑 ZhaoHong@cwb.gov.tw (待更正:1筆，異動:5筆)
07:51:16 蔡佳學 b891@cwb.gov.tw (待更正:2筆，異動:5筆)
07:51:17 鄭照雄 wtbeer@cwb.gov.tw (待更正:2筆，異動:98筆)
07:51:17 機房OP sosop@cwb.gov.tw (待更正:0筆，異動:49筆)
07:51:21 郭奇偉 kiwikuo@cwb.gov.tw (待更正:1筆，異動:65筆)
07:51:22 潘如龍 pan@cwb.gov.tw (待更正:1筆，異動:65筆)
07:51:23 蔡煌濱 hptsai@cwb.gov.tw (待更正:1筆，異動:65筆)
07:51:24 何旭慧 hsuhui@cwb.gov.tw (待更正:3筆，異動:0筆)
07:51:25 吳蕙如 hrwu@cwb.gov.tw (待更正:3筆，異動:4筆)
07:51:25 李奕德 itlee@cwb.gov.tw (待更正:3筆，異動:0筆)
07:51:27 許志禎 basehsu@cwb.gov.tw (待更正:3筆，異動:0筆)
07:51:29 黃俊穎 philhuang@cwb.gov.tw (待更正:3筆，異動:0筆)
07:51:36 張柏洋 lnchang@cwb.gov.tw (待更正:2筆，異動:98筆)
2017/04/10 07:51:37(End)-------------------------------------------------------------------

2017/04/24 07:50:00(Begin)------------------------------------------------------------------
07:51:08 完成更新[資料查核]
07:51:10 洪景山 rfs14@cwb.gov.tw (待更正:1筆，異動:0筆)
07:51:11 曾雪卿 tsc@cwb.gov.tw (待更正:1筆，異動:0筆)
07:51:13 劉國隆 liu@cwb.gov.tw (待更正:0筆，異動:1筆)
07:51:16 王琇玄 amywang@cwb.gov.tw (待更正:616筆，異動:0筆)
07:51:17 劉亦容 fo@cwb.gov.tw (待更正:616筆，異動:0筆)
07:51:18 HP人員 hpuser@cwb.gov.tw (待更正:1筆，異動:0筆)
07:51:18 PC人員 chueh@cwb.gov.tw (待更正:2筆，異動:31筆)
07:51:19 唐睿 baron0607@cwb.gov.tw (待更正:5筆，異動:0筆)
07:51:20 許美玲 shiu@cwb.gov.tw (待更正:1筆，異動:1筆)
07:51:20 曾國棟 tseng@cwb.gov.tw (待更正:10筆，異動:0筆)
07:51:21 黃婉綺 wanchi@cwb.gov.tw (待更正:2筆，異動:5筆)
07:51:24 劉政 lc@cwb.gov.tw (待更正:7筆，異動:0筆)
07:51:25 簡泰滄 ttchien@cwb.gov.tw (待更正:0筆，異動:5筆)
07:51:26 王奕紘 wangyihung@cwb.gov.tw (待更正:3筆，異動:6筆)
07:51:26 吳政修 jswu@cwb.gov.tw (待更正:3筆，異動:6筆)
07:51:27 林介峰 dan@cwb.gov.tw (待更正:1筆，異動:0筆)
07:51:28 秦照萍 jpc@cwb.gov.tw (待更正:5筆，異動:6筆)
07:51:29 曾怡豪 tyh900@cwb.gov.tw (待更正:1筆，異動:0筆)
07:51:29 趙竑 ZhaoHong@cwb.gov.tw (待更正:1筆，異動:0筆)
07:51:30 蔡佳學 b891@cwb.gov.tw (待更正:2筆，異動:0筆)
07:51:31 鄭照雄 wtbeer@cwb.gov.tw (待更正:4筆，異動:6筆)
07:51:32 機房OP sosop@cwb.gov.tw (待更正:1筆，異動:0筆)
07:51:35 許秀桃 shelly@cwb.gov.tw (待更正:1筆，異動:0筆)
07:51:36 郭奇偉 kiwikuo@cwb.gov.tw (待更正:1筆，異動:0筆)
07:51:37 劉萬祿 gary@cwb.gov.tw (待更正:0筆，異動:1筆)
07:51:37 潘如龍 pan@cwb.gov.tw (待更正:1筆，異動:0筆)
07:51:38 蔡煌濱 hptsai@cwb.gov.tw (待更正:1筆，異動:0筆)
07:51:39 何旭慧 hsuhui@cwb.gov.tw (待更正:3筆，異動:0筆)
07:51:40 吳蕙如 hrwu@cwb.gov.tw (待更正:3筆，異動:0筆)
07:51:40 李奕德 itlee@cwb.gov.tw (待更正:3筆，異動:0筆)
07:51:42 孫于力 isen21260@cwb.gov.tw (待更正:0筆，異動:2筆)
07:51:43 許志禎 basehsu@cwb.gov.tw (待更正:3筆，異動:0筆)
07:51:44 陳柏榮 fajan09@cwb.gov.tw (待更正:0筆，異動:2筆)
07:51:44 陳婉瑜 carinchen@cwb.gov.tw (待更正:0筆，異動:1筆)
07:51:45 黃俊穎 philhuang@cwb.gov.tw (待更正:3筆，異動:0筆)
07:51:54 張柏洋 lnchang@cwb.gov.tw (待更正:3筆，異動:6筆)
2017/04/24 07:51:55(End)-------------------------------------------------------------------

2017/04/29 12:18:14(Begin)------------------------------------------------------------------
12:19:16 完成更新[資料查核]
12:19:18 洪景山 rfs14@cwb.gov.tw (待更正:1筆，異動:0筆)
12:19:25 王琇玄 amywang@cwb.gov.tw (待更正:621筆，異動:0筆)
12:19:26 劉亦容 fo@cwb.gov.tw (待更正:621筆，異動:0筆)
12:19:27 HP人員 hpuser@cwb.gov.tw (待更正:1筆，異動:0筆)
12:19:28 PC人員 chueh@cwb.gov.tw (待更正:1筆，異動:44筆)
12:19:28 唐睿 baron0607@cwb.gov.tw (待更正:5筆，異動:0筆)
12:19:29 許美玲 shiu@cwb.gov.tw (待更正:0筆，異動:2筆)
12:19:29 曾國棟 tseng@cwb.gov.tw (待更正:10筆，異動:0筆)
12:19:30 黃婉綺 wanchi@cwb.gov.tw (待更正:2筆，異動:7筆)
12:19:34 劉政 lc@cwb.gov.tw (待更正:7筆，異動:0筆)
12:19:36 王奕紘 wangyihung@cwb.gov.tw (待更正:2筆，異動:7筆)
12:19:36 吳政修 jswu@cwb.gov.tw (待更正:2筆，異動:7筆)
12:19:37 林介峰 dan@cwb.gov.tw (待更正:1筆，異動:0筆)
12:19:39 秦照萍 jpc@cwb.gov.tw (待更正:3筆，異動:7筆)
12:19:39 曾怡豪 tyh900@cwb.gov.tw (待更正:1筆，異動:0筆)
12:19:40 趙竑 ZhaoHong@cwb.gov.tw (待更正:1筆，異動:0筆)
12:19:41 蔡佳學 b891@cwb.gov.tw (待更正:2筆，異動:0筆)
12:19:42 鄭照雄 wtbeer@cwb.gov.tw (待更正:623筆，異動:7筆)
12:19:47 李宜芳 yvonne@cwb.gov.tw (待更正:0筆，異動:1筆)
12:19:48 胡錦淵 yuan@cwb.gov.tw (待更正:0筆，異動:2筆)
12:19:50 郭奇偉 kiwikuo@cwb.gov.tw (待更正:1筆，異動:1筆)
12:19:52 潘如龍 pan@cwb.gov.tw (待更正:1筆，異動:0筆)
12:19:52 蔡煌濱 hptsai@cwb.gov.tw (待更正:1筆，異動:0筆)
12:19:53 何旭慧 hsuhui@cwb.gov.tw (待更正:3筆，異動:0筆)
12:19:54 吳蕙如 hrwu@cwb.gov.tw (待更正:3筆，異動:0筆)
12:19:55 李奕德 itlee@cwb.gov.tw (待更正:3筆，異動:0筆)
12:19:56 李淑玲 shanti@cwb.gov.tw (待更正:0筆，異動:1筆)
12:19:58 許志禎 basehsu@cwb.gov.tw (待更正:3筆，異動:0筆)
12:20:00 黃俊穎 philhuang@cwb.gov.tw (待更正:3筆，異動:0筆)
12:20:09 王惠瑜 rachel@cwb.gov.tw (待更正:0筆，異動:1筆)
12:20:10 張柏洋 lnchang@cwb.gov.tw (待更正:2筆，異動:8筆)
2017/04/29 12:20:12(End)-------------------------------------------------------------------

2017/05/01 07:50:00(Begin)------------------------------------------------------------------
07:51:07 完成更新[資料查核]
07:51:10 洪景山 rfs14@cwb.gov.tw (待更正:1筆，異動:0筆)
07:51:17 王琇玄 amywang@cwb.gov.tw (待更正:621筆，異動:0筆)
07:51:18 劉亦容 fo@cwb.gov.tw (待更正:621筆，異動:0筆)
07:51:18 HP人員 hpuser@cwb.gov.tw (待更正:1筆，異動:0筆)
07:51:19 PC人員 chueh@cwb.gov.tw (待更正:1筆，異動:44筆)
07:51:20 唐睿 baron0607@cwb.gov.tw (待更正:5筆，異動:0筆)
07:51:21 許美玲 shiu@cwb.gov.tw (待更正:0筆，異動:2筆)
07:51:21 曾國棟 tseng@cwb.gov.tw (待更正:10筆，異動:0筆)
07:51:22 黃婉綺 wanchi@cwb.gov.tw (待更正:2筆，異動:7筆)
07:51:26 劉政 lc@cwb.gov.tw (待更正:7筆，異動:0筆)
07:51:28 王奕紘 wangyihung@cwb.gov.tw (待更正:2筆，異動:3筆)
07:51:28 吳政修 jswu@cwb.gov.tw (待更正:2筆，異動:3筆)
07:51:29 林介峰 dan@cwb.gov.tw (待更正:1筆，異動:0筆)
07:51:31 秦照萍 jpc@cwb.gov.tw (待更正:3筆，異動:3筆)
07:51:31 曾怡豪 tyh900@cwb.gov.tw (待更正:1筆，異動:0筆)
07:51:32 趙竑 ZhaoHong@cwb.gov.tw (待更正:1筆，異動:0筆)
07:51:33 蔡佳學 b891@cwb.gov.tw (待更正:2筆，異動:0筆)
07:51:33 鄭照雄 wtbeer@cwb.gov.tw (待更正:2筆，異動:3筆)
07:51:36 李宜芳 yvonne@cwb.gov.tw (待更正:0筆，異動:1筆)
07:51:37 胡錦淵 yuan@cwb.gov.tw (待更正:0筆，異動:2筆)
07:51:39 郭奇偉 kiwikuo@cwb.gov.tw (待更正:1筆，異動:1筆)
07:51:41 潘如龍 pan@cwb.gov.tw (待更正:1筆，異動:0筆)
07:51:41 蔡煌濱 hptsai@cwb.gov.tw (待更正:1筆，異動:0筆)
07:51:42 何旭慧 hsuhui@cwb.gov.tw (待更正:3筆，異動:0筆)
07:51:44 吳蕙如 hrwu@cwb.gov.tw (待更正:3筆，異動:0筆)
07:51:44 李奕德 itlee@cwb.gov.tw (待更正:3筆，異動:0筆)
07:51:46 李淑玲 shanti@cwb.gov.tw (待更正:0筆，異動:1筆)
07:51:47 許志禎 basehsu@cwb.gov.tw (待更正:3筆，異動:0筆)
07:51:49 黃俊穎 philhuang@cwb.gov.tw (待更正:3筆，異動:0筆)
07:51:58 王惠瑜 rachel@cwb.gov.tw (待更正:0筆，異動:1筆)
07:51:59 張柏洋 lnchang@cwb.gov.tw (待更正:2筆，異動:4筆)

型態不符合 
2017/05/01 07:52:01(End)-------------------------------------------------------------------

2017/05/06 19:42:13(Begin)------------------------------------------------------------------
19:43:14 完成更新[資料查核]
19:43:17 洪景山 rfs14@cwb.gov.tw (待更正:1筆，異動:0筆)
19:43:22 謝銘祥 hsiang@cwb.gov.tw (待更正:0筆，異動:5筆)
2017/05/08 07:50:00(Begin)------------------------------------------------------------------
07:51:04 完成更新[資料查核]
07:51:06 洪景山 rfs14@cwb.gov.tw (待更正:1筆，異動:0筆)
07:51:11 謝銘祥 hsiang@cwb.gov.tw (待更正:0筆，異動:5筆)
07:51:13 王琇玄 amywang@cwb.gov.tw (待更正:630筆，異動:0筆)
07:51:14 劉亦容 fo@cwb.gov.tw (待更正:630筆，異動:0筆)
07:51:14 HP人員 hpuser@cwb.gov.tw (待更正:1筆，異動:0筆)
07:51:15 PC人員 chueh@cwb.gov.tw (待更正:1筆，異動:30筆)
07:51:15 唐睿 baron0607@cwb.gov.tw (待更正:5筆，異動:0筆)
07:51:16 曾國棟 tseng@cwb.gov.tw (待更正:10筆，異動:15筆)
07:51:17 黃婉綺 wanchi@cwb.gov.tw (待更正:2筆，異動:7筆)
07:51:17 蔡志揮 taists@cwb.gov.tw (待更正:0筆，異動:1筆)
07:51:18 李珮琳 evalee@cwb.gov.tw (待更正:0筆，異動:1筆)
07:51:20 黃秀珍 hsj@cwb.gov.tw (待更正:0筆，異動:2筆)
07:51:20 趙建宣 brady.chao@cwb.gov.tw (待更正:0筆，異動:1筆)
07:51:21 劉政 lc@cwb.gov.tw (待更正:7筆，異動:0筆)
07:51:22 王奕紘 wangyihung@cwb.gov.tw (待更正:1筆，異動:12筆)
07:51:23 吳政修 jswu@cwb.gov.tw (待更正:1筆，異動:12筆)
07:51:24 林介峰 dan@cwb.gov.tw (待更正:1筆，異動:6筆)
07:51:25 柯惠華 hei_cwb@cwb.gov.tw (待更正:0筆，異動:4筆)
07:51:25 秦照萍 jpc@cwb.gov.tw (待更正:2筆，異動:18筆)
07:51:26 曾怡豪 tyh900@cwb.gov.tw (待更正:1筆，異動:6筆)
07:51:26 趙竑 ZhaoHong@cwb.gov.tw (待更正:1筆，異動:6筆)
07:51:27 蔡佳學 b891@cwb.gov.tw (待更正:2筆，異動:6筆)
07:51:28 鄭照雄 wtbeer@cwb.gov.tw (待更正:1筆，異動:12筆)
07:51:32 胡錦淵 yuan@cwb.gov.tw (待更正:0筆，異動:1筆)
07:51:34 郭奇偉 kiwikuo@cwb.gov.tw (待更正:1筆，異動:16筆)
07:51:35 潘如龍 pan@cwb.gov.tw (待更正:1筆，異動:15筆)
07:51:36 蔡煌濱 hptsai@cwb.gov.tw (待更正:1筆，異動:15筆)
07:51:37 何旭慧 hsuhui@cwb.gov.tw (待更正:3筆，異動:0筆)
07:51:38 吳蕙如 hrwu@cwb.gov.tw (待更正:3筆，異動:21筆)
07:51:38 李奕德 itlee@cwb.gov.tw (待更正:3筆，異動:0筆)
07:51:39 李淑玲 shanti@cwb.gov.tw (待更正:0筆，異動:1筆)
07:51:41 許志禎 basehsu@cwb.gov.tw (待更正:3筆，異動:0筆)
07:51:43 黃俊穎 philhuang@cwb.gov.tw (待更正:3筆，異動:0筆)
07:51:52 王惠瑜 rachel@cwb.gov.tw (待更正:0筆，異動:1筆)
07:51:53 張柏洋 lnchang@cwb.gov.tw (待更正:1筆，異動:13筆)
2017/05/08 07:51:54(End)-------------------------------------------------------------------

2017/05/15 07:50:00(Begin)------------------------------------------------------------------
07:51:14 完成更新[資料查核]
07:51:16 洪景山 rfs14@cwb.gov.tw (待更正:1筆，異動:0筆)
07:51:18 陳建河 river@cwb.gov.tw (待更正:0筆，異動:5筆)
07:51:23 王琇玄 amywang@cwb.gov.tw (待更正:628筆，異動:0筆)
07:51:24 吳石吉 rfs12@cwb.gov.tw (待更正:0筆，異動:10筆)
07:51:25 劉亦容 fo@cwb.gov.tw (待更正:628筆，異動:0筆)
07:51:25 HP人員 hpuser@cwb.gov.tw (待更正:1筆，異動:0筆)
07:51:26 PC人員 chueh@cwb.gov.tw (待更正:1筆，異動:1筆)
07:51:27 唐睿 baron0607@cwb.gov.tw (待更正:6筆，異動:0筆)
07:51:27 許美玲 shiu@cwb.gov.tw (待更正:0筆，異動:6筆)
07:51:28 曾國棟 tseng@cwb.gov.tw (待更正:10筆，異動:0筆)
07:51:29 黃婉綺 wanchi@cwb.gov.tw (待更正:2筆，異動:0筆)
07:51:34 劉政 lc@cwb.gov.tw (待更正:7筆，異動:4筆)
07:51:34 韓承穎 cy_han@cwb.gov.tw (待更正:1筆，異動:1筆)
07:51:36 王奕紘 wangyihung@cwb.gov.tw (待更正:1筆，異動:0筆)
07:51:36 吳政修 jswu@cwb.gov.tw (待更正:1筆，異動:0筆)
07:51:37 林介峰 dan@cwb.gov.tw (待更正:1筆，異動:0筆)
07:51:39 秦照萍 jpc@cwb.gov.tw (待更正:2筆，異動:3筆)
07:51:39 曾怡豪 tyh900@cwb.gov.tw (待更正:1筆，異動:0筆)
07:51:40 趙竑 ZhaoHong@cwb.gov.tw (待更正:1筆，異動:0筆)
07:51:41 蔡佳學 b891@cwb.gov.tw (待更正:2筆，異動:0筆)
07:51:41 鄭照雄 wtbeer@cwb.gov.tw (待更正:1筆，異動:0筆)
07:51:46 許秀桃 shelly@cwb.gov.tw (待更正:0筆，異動:1筆)
07:51:47 郭奇偉 kiwikuo@cwb.gov.tw (待更正:1筆，異動:0筆)
07:51:48 黃崇益 chungyi.huang@cwb.gov.tw (待更正:0筆，異動:1筆)
07:51:49 潘如龍 pan@cwb.gov.tw (待更正:1筆，異動:0筆)
07:51:50 蔡煌濱 hptsai@cwb.gov.tw (待更正:1筆，異動:1筆)
07:51:51 何旭慧 hsuhui@cwb.gov.tw (待更正:3筆，異動:0筆)
07:51:51 何傳忠 monnan@cwb.gov.tw (待更正:0筆，異動:1筆)
07:51:52 吳蕙如 hrwu@cwb.gov.tw (待更正:3筆，異動:11筆)
07:51:52 李奕德 itlee@cwb.gov.tw (待更正:3筆，異動:0筆)
07:51:53 李香蘭 gfs5@cwb.gov.tw (待更正:0筆，異動:1筆)
07:51:54 李淑玲 shanti@cwb.gov.tw (待更正:0筆，異動:1筆)
07:51:55 許志禎 basehsu@cwb.gov.tw (待更正:3筆，異動:0筆)
07:51:56 許喬祺 b879@cwb.gov.tw (待更正:0筆，異動:1筆)
07:51:56 陳柏榮 fajan09@cwb.gov.tw (待更正:0筆，異動:1筆)
07:51:57 陳婉瑜 carinchen@cwb.gov.tw (待更正:0筆，異動:1筆)
07:51:58 黃俊穎 philhuang@cwb.gov.tw (待更正:3筆，異動:0筆)
07:52:07 王惠瑜 rachel@cwb.gov.tw (待更正:0筆，異動:1筆)
07:52:08 張柏洋 lnchang@cwb.gov.tw (待更正:1筆，異動:0筆)
07:52:09 陳昱安 yuan731006@cwb.gov.tw (待更正:0筆，異動:1筆)
07:52:10 湯國輝 gorin@cwb.gov.tw (待更正:0筆，異動:2筆)
07:52:10 黃偉芬 mullysa@cwb.gov.tw (待更正:0筆，異動:1筆)
2017/05/15 07:52:10(End)-------------------------------------------------------------------

2017/05/22 07:50:00(Begin)------------------------------------------------------------------
07:51:00 完成更新[資料查核]
07:51:02 洪景山 rfs14@cwb.gov.tw (待更正:1筆，異動:2筆)
07:51:07 王琇玄 amywang@cwb.gov.tw (待更正:628筆，異動:0筆)
07:51:08 劉亦容 fo@cwb.gov.tw (待更正:628筆，異動:0筆)
07:51:09 PC人員 chueh@cwb.gov.tw (待更正:1筆，異動:9筆)
07:51:09 唐睿 baron0607@cwb.gov.tw (待更正:6筆，異動:13筆)
07:51:10 曾國棟 tseng@cwb.gov.tw (待更正:11筆，異動:1筆)
07:51:10 黃婉綺 wanchi@cwb.gov.tw (待更正:3筆，異動:9筆)
07:51:11 蔡志揮 taists@cwb.gov.tw (待更正:0筆，異動:8筆)
07:51:11 簡宏霖 hongling@cwb.gov.tw (待更正:0筆，異動:3筆)
07:51:14 劉政 lc@cwb.gov.tw (待更正:7筆，異動:2筆)
07:51:14 韓承穎 cy_han@cwb.gov.tw (待更正:1筆，異動:11筆)
07:51:15 王奕紘 wangyihung@cwb.gov.tw (待更正:0筆，異動:5筆)
07:51:16 吳政修 jswu@cwb.gov.tw (待更正:0筆，異動:5筆)
07:51:17 林介峰 dan@cwb.gov.tw (待更正:0筆，異動:1筆)
07:51:18 秦照萍 jpc@cwb.gov.tw (待更正:0筆，異動:6筆)
07:51:18 曾怡豪 tyh900@cwb.gov.tw (待更正:0筆，異動:1筆)
07:51:19 趙竑 ZhaoHong@cwb.gov.tw (待更正:0筆，異動:1筆)
07:51:20 蔡佳學 b891@cwb.gov.tw (待更正:1筆，異動:1筆)
07:51:21 鄭照雄 wtbeer@cwb.gov.tw (待更正:0筆，異動:5筆)
07:51:22 余承恩 chengen@cwb.gov.tw (待更正:0筆，異動:1筆)
07:51:23 胡錦淵 yuan@cwb.gov.tw (待更正:0筆，異動:1筆)
07:51:24 曹富傑 chuck@cwb.gov.tw (待更正:0筆，異動:1筆)
07:51:25 郭奇偉 kiwikuo@cwb.gov.tw (待更正:1筆，異動:0筆)
07:51:25 黃崇益 chungyi.huang@cwb.gov.tw (待更正:0筆，異動:1筆)
07:51:25 劉萬祿 gary@cwb.gov.tw (待更正:0筆，異動:1筆)
07:51:26 潘如龍 pan@cwb.gov.tw (待更正:1筆，異動:0筆)
07:51:26 蔡煌濱 hptsai@cwb.gov.tw (待更正:1筆，異動:0筆)
07:51:27 何旭慧 hsuhui@cwb.gov.tw (待更正:3筆，異動:0筆)
07:51:28 吳蕙如 hrwu@cwb.gov.tw (待更正:3筆，異動:2筆)
07:51:29 李奕德 itlee@cwb.gov.tw (待更正:3筆，異動:0筆)
07:51:31 許志禎 basehsu@cwb.gov.tw (待更正:3筆，異動:0筆)
07:51:31 許喬祺 b879@cwb.gov.tw (待更正:0筆，異動:1筆)
07:51:32 黃俊穎 philhuang@cwb.gov.tw (待更正:3筆，異動:0筆)
07:51:40 張柏洋 lnchang@cwb.gov.tw (待更正:0筆，異動:5筆)
07:51:40 湯國輝 gorin@cwb.gov.tw (待更正:0筆，異動:2筆)
07:51:41 黃偉芬 mullysa@cwb.gov.tw (待更正:0筆，異動:1筆)
2017/05/22 07:51:41(End)-------------------------------------------------------------------

2017/05/29 07:50:00(Begin)------------------------------------------------------------------
07:50:51 完成更新[資料查核]
07:50:53 洪景山 rfs14@cwb.gov.tw (待更正:1筆，異動:0筆)
07:50:55 程家平 olga@cwb.gov.tw (待更正:0筆，異動:1筆)
07:50:58 王琇玄 amywang@cwb.gov.tw (待更正:628筆，異動:0筆)
07:50:58 劉亦容 fo@cwb.gov.tw (待更正:628筆，異動:0筆)
07:50:59 PC人員 chueh@cwb.gov.tw (待更正:1筆，異動:2筆)
07:51:00 唐睿 baron0607@cwb.gov.tw (待更正:6筆，異動:0筆)
07:51:00 曾國棟 tseng@cwb.gov.tw (待更正:11筆，異動:0筆)
07:51:01 黃婉綺 wanchi@cwb.gov.tw (待更正:3筆，異動:0筆)
07:51:04 劉政 lc@cwb.gov.tw (待更正:7筆，異動:0筆)
07:51:04 韓承穎 cy_han@cwb.gov.tw (待更正:1筆，異動:0筆)
07:51:05 王奕紘 wangyihung@cwb.gov.tw (待更正:0筆，異動:3筆)
07:51:05 吳政修 jswu@cwb.gov.tw (待更正:0筆，異動:3筆)
07:51:07 秦照萍 jpc@cwb.gov.tw (待更正:0筆，異動:3筆)
07:51:08 蔡佳學 b891@cwb.gov.tw (待更正:1筆，異動:0筆)
07:51:09 鄭照雄 wtbeer@cwb.gov.tw (待更正:0筆，異動:3筆)
07:51:12 郭奇偉 kiwikuo@cwb.gov.tw (待更正:1筆，異動:7筆)
07:51:13 潘如龍 pan@cwb.gov.tw (待更正:1筆，異動:7筆)
07:51:14 蔡煌濱 hptsai@cwb.gov.tw (待更正:1筆，異動:7筆)
07:51:15 何旭慧 hsuhui@cwb.gov.tw (待更正:3筆，異動:0筆)
07:51:15 吳蕙如 hrwu@cwb.gov.tw (待更正:3筆，異動:0筆)
07:51:16 李奕德 itlee@cwb.gov.tw (待更正:3筆，異動:0筆)
07:51:18 許志禎 basehsu@cwb.gov.tw (待更正:3筆，異動:0筆)
07:51:19 黃俊穎 philhuang@cwb.gov.tw (待更正:3筆，異動:0筆)
07:51:25 張柏洋 lnchang@cwb.gov.tw (待更正:0筆，異動:3筆)
2017/05/29 07:51:27(End)-------------------------------------------------------------------

2017/06/05 07:50:00(Begin)------------------------------------------------------------------
07:51:04 完成更新[資料查核]
07:51:06 洪景山 rfs14@cwb.gov.tw (待更正:1筆，異動:0筆)
07:51:07 曾雪卿 tsc@cwb.gov.tw (待更正:1筆，異動:0筆)
07:51:11 王琇玄 amywang@cwb.gov.tw (待更正:628筆，異動:0筆)
07:51:12 劉亦容 fo@cwb.gov.tw (待更正:628筆，異動:0筆)
07:51:13 PC人員 chueh@cwb.gov.tw (待更正:2筆，異動:1筆)
07:51:14 唐睿 baron0607@cwb.gov.tw (待更正:6筆，異動:0筆)
07:51:14 許美玲 shiu@cwb.gov.tw (待更正:1筆，異動:0筆)
07:51:15 曾國棟 tseng@cwb.gov.tw (待更正:11筆，異動:0筆)
07:51:15 黃婉綺 wanchi@cwb.gov.tw (待更正:3筆，異動:2筆)
07:51:19 劉政 lc@cwb.gov.tw (待更正:7筆，異動:0筆)
07:51:20 韓承穎 cy_han@cwb.gov.tw (待更正:1筆，異動:0筆)
07:51:22 秦照萍 jpc@cwb.gov.tw (待更正:1筆，異動:0筆)
07:51:24 蔡佳學 b891@cwb.gov.tw (待更正:1筆，異動:0筆)
07:51:24 鄭照雄 wtbeer@cwb.gov.tw (待更正:1筆，異動:0筆)
07:51:25 機房OP sosop@cwb.gov.tw (待更正:1筆，異動:0筆)
07:51:29 許秀桃 shelly@cwb.gov.tw (待更正:1筆，異動:0筆)
07:51:30 郭奇偉 kiwikuo@cwb.gov.tw (待更正:1筆，異動:1筆)
07:51:31 潘如龍 pan@cwb.gov.tw (待更正:1筆，異動:0筆)
07:51:32 蔡煌濱 hptsai@cwb.gov.tw (待更正:1筆，異動:0筆)
07:51:32 何旭慧 hsuhui@cwb.gov.tw (待更正:3筆，異動:0筆)
07:51:33 吳蕙如 hrwu@cwb.gov.tw (待更正:3筆，異動:0筆)
07:51:34 李奕德 itlee@cwb.gov.tw (待更正:3筆，異動:0筆)
07:51:36 許志禎 basehsu@cwb.gov.tw (待更正:3筆，異動:0筆)
07:51:38 黃俊穎 philhuang@cwb.gov.tw (待更正:3筆，異動:0筆)
07:51:46 黃偉芬 mullysa@cwb.gov.tw (待更正:0筆，異動:1筆)
2017/06/05 07:51:46(End)-------------------------------------------------------------------

2017/06/12 07:50:00(Begin)------------------------------------------------------------------
07:51:00 完成更新[資料查核]
07:51:02 洪景山 rfs14@cwb.gov.tw (待更正:1筆，異動:0筆)
07:51:03 曾雪卿 tsc@cwb.gov.tw (待更正:6筆，異動:0筆)
07:51:04 程家平 olga@cwb.gov.tw (待更正:0筆，異動:1筆)
07:51:08 王琇玄 amywang@cwb.gov.tw (待更正:645筆，異動:0筆)
07:51:08 劉亦容 fo@cwb.gov.tw (待更正:645筆，異動:0筆)
07:51:09 PC人員 chueh@cwb.gov.tw (待更正:7筆，異動:13筆)
07:51:10 唐睿 baron0607@cwb.gov.tw (待更正:5筆，異動:19筆)
07:51:10 曾國棟 tseng@cwb.gov.tw (待更正:11筆，異動:11筆)
07:51:11 黃婉綺 wanchi@cwb.gov.tw (待更正:3筆，異動:6筆)
07:51:11 劉政 lc@cwb.gov.tw (待更正:3筆，異動:5筆)
07:51:13 莊柏浚 pcchuang@cwb.gov.tw (待更正:0筆，異動:1筆)
07:51:14 莊峰銘 fmchuang@cwb.gov.tw (待更正:0筆，異動:1筆)
07:51:14 許美玲 shiu@cwb.gov.tw (待更正:6筆，異動:0筆)
07:51:15 黃秀珍 hsj@cwb.gov.tw (待更正:0筆，異動:1筆)
07:51:15 韓承穎 cy_han@cwb.gov.tw (待更正:0筆，異動:2筆)
07:51:16 王奕紘 wangyihung@cwb.gov.tw (待更正:0筆，異動:9筆)
07:51:17 吳政修 jswu@cwb.gov.tw (待更正:0筆，異動:9筆)
07:51:19 秦照萍 jpc@cwb.gov.tw (待更正:6筆，異動:9筆)
07:51:21 蔡佳學 b891@cwb.gov.tw (待更正:1筆，異動:0筆)
07:51:21 鄭照雄 wtbeer@cwb.gov.tw (待更正:6筆，異動:9筆)
07:51:21 機房OP sosop@cwb.gov.tw (待更正:6筆，異動:0筆)
07:51:25 許秀桃 shelly@cwb.gov.tw (待更正:6筆，異動:0筆)
07:51:25 郭奇偉 kiwikuo@cwb.gov.tw (待更正:1筆，異動:0筆)
07:51:26 潘如龍 pan@cwb.gov.tw (待更正:1筆，異動:5筆)
07:51:27 蔡煌濱 hptsai@cwb.gov.tw (待更正:1筆，異動:0筆)
07:51:28 何旭慧 hsuhui@cwb.gov.tw (待更正:3筆，異動:0筆)
07:51:29 吳蕙如 hrwu@cwb.gov.tw (待更正:3筆，異動:0筆)
07:51:29 李奕德 itlee@cwb.gov.tw (待更正:3筆，異動:0筆)
07:51:31 許志禎 basehsu@cwb.gov.tw (待更正:3筆，異動:0筆)
07:51:33 黃俊穎 philhuang@cwb.gov.tw (待更正:3筆，異動:0筆)
07:51:41 張柏洋 lnchang@cwb.gov.tw (待更正:0筆，異動:9筆)
2017/06/12 07:51:42(End)-------------------------------------------------------------------

2017/06/19 07:50:00(Begin)------------------------------------------------------------------
07:51:00 完成更新[資料查核]
07:51:03 洪景山 rfs14@cwb.gov.tw (待更正:1筆，異動:1筆)
07:51:04 陳建河 river@cwb.gov.tw (待更正:1筆，異動:0筆)
07:51:04 曾雪卿 tsc@cwb.gov.tw (待更正:6筆，異動:0筆)
07:51:09 王琇玄 amywang@cwb.gov.tw (待更正:645筆，異動:0筆)
07:51:10 劉亦容 fo@cwb.gov.tw (待更正:645筆，異動:0筆)
07:51:10 HP人員 hpuser@cwb.gov.tw (待更正:1筆，異動:0筆)
07:51:11 PC人員 chueh@cwb.gov.tw (待更正:8筆，異動:1筆)
07:51:11 唐睿 baron0607@cwb.gov.tw (待更正:5筆，異動:31筆)
07:51:12 曾國棟 tseng@cwb.gov.tw (待更正:42筆，異動:0筆)
07:51:13 黃婉綺 wanchi@cwb.gov.tw (待更正:6筆，異動:17筆)
07:51:13 劉政 lc@cwb.gov.tw (待更正:37筆，異動:0筆)
07:51:13 蔡志揮 taists@cwb.gov.tw (待更正:2筆，異動:2筆)
07:51:16 許美玲 shiu@cwb.gov.tw (待更正:6筆，異動:0筆)
07:51:18 王奕紘 wangyihung@cwb.gov.tw (待更正:0筆，異動:2筆)
07:51:18 吳政修 jswu@cwb.gov.tw (待更正:0筆，異動:1筆)
07:51:19 林介峰 dan@cwb.gov.tw (待更正:2筆，異動:1筆)
07:51:20 秦照萍 jpc@cwb.gov.tw (待更正:10筆，異動:3筆)
07:51:20 曾怡豪 tyh900@cwb.gov.tw (待更正:4筆，異動:1筆)
07:51:21 趙竑 ZhaoHong@cwb.gov.tw (待更正:2筆，異動:1筆)
07:51:22 蔡佳學 b891@cwb.gov.tw (待更正:3筆，異動:1筆)
07:51:22 鄭照雄 wtbeer@cwb.gov.tw (待更正:6筆，異動:1筆)
07:51:23 機房OP sosop@cwb.gov.tw (待更正:6筆，異動:0筆)
07:51:27 許秀桃 shelly@cwb.gov.tw (待更正:6筆，異動:0筆)
07:51:27 郭奇偉 kiwikuo@cwb.gov.tw (待更正:9筆，異動:0筆)
07:51:29 潘如龍 pan@cwb.gov.tw (待更正:9筆，異動:0筆)
07:51:29 蔡煌濱 hptsai@cwb.gov.tw (待更正:9筆，異動:0筆)
07:51:30 何旭慧 hsuhui@cwb.gov.tw (待更正:33筆，異動:0筆)
07:51:31 吳蕙如 hrwu@cwb.gov.tw (待更正:37筆，異動:0筆)
07:51:32 李奕德 itlee@cwb.gov.tw (待更正:33筆，異動:0筆)
07:51:34 許志禎 basehsu@cwb.gov.tw (待更正:33筆，異動:0筆)
07:51:36 黃俊穎 philhuang@cwb.gov.tw (待更正:33筆，異動:0筆)
07:51:44 張柏洋 lnchang@cwb.gov.tw (待更正:0筆，異動:1筆)
2017/06/19 07:51:46(End)-------------------------------------------------------------------

2017/07/10 07:50:00(Begin)------------------------------------------------------------------
07:50:54 完成更新[資料查核]
07:50:56 洪景山 rfs14@cwb.gov.tw (待更正:1筆，異動:1筆)
07:50:57 陳建河 river@cwb.gov.tw (待更正:3筆，異動:5筆)
07:50:58 曾雪卿 tsc@cwb.gov.tw (待更正:2筆，異動:0筆)
07:51:01 謝銘祥 hsiang@cwb.gov.tw (待更正:0筆，異動:1筆)
07:51:02 王琇玄 amywang@cwb.gov.tw (待更正:662筆，異動:0筆)
07:51:03 劉亦容 fo@cwb.gov.tw (待更正:662筆，異動:0筆)
07:51:04 PC人員 chueh@cwb.gov.tw (待更正:13筆，異動:84筆)
07:51:04 唐睿 baron0607@cwb.gov.tw (待更正:9筆，異動:0筆)
07:51:05 曾國棟 tseng@cwb.gov.tw (待更正:40筆，異動:1筆)
07:51:05 黃婉綺 wanchi@cwb.gov.tw (待更正:11筆，異動:46筆)
07:51:05 劉政 lc@cwb.gov.tw (待更正:36筆，異動:0筆)
07:51:06 蔡志揮 taists@cwb.gov.tw (待更正:0筆，異動:16筆)
07:51:08 許美玲 shiu@cwb.gov.tw (待更正:2筆，異動:2筆)
07:51:10 王奕紘 wangyihung@cwb.gov.tw (待更正:0筆，異動:2筆)
07:51:11 吳政修 jswu@cwb.gov.tw (待更正:0筆，異動:2筆)
07:51:12 林介峰 dan@cwb.gov.tw (待更正:2筆，異動:3筆)
07:51:13 秦照萍 jpc@cwb.gov.tw (待更正:4筆，異動:5筆)
07:51:13 曾怡豪 tyh900@cwb.gov.tw (待更正:2筆，異動:3筆)
07:51:14 趙竑 ZhaoHong@cwb.gov.tw (待更正:2筆，異動:3筆)
07:51:15 蔡佳學 b891@cwb.gov.tw (待更正:3筆，異動:3筆)
07:51:15 鄭照雄 wtbeer@cwb.gov.tw (待更正:2筆，異動:2筆)
07:51:16 機房OP sosop@cwb.gov.tw (待更正:2筆，異動:0筆)
07:51:16 余承恩 chengen@cwb.gov.tw (待更正:0筆，異動:6筆)
07:51:18 胡錦淵 yuan@cwb.gov.tw (待更正:0筆，異動:6筆)
07:51:19 曹富傑 chuck@cwb.gov.tw (待更正:0筆，異動:6筆)
07:51:19 許秀桃 shelly@cwb.gov.tw (待更正:2筆，異動:0筆)
07:51:20 郭奇偉 kiwikuo@cwb.gov.tw (待更正:5筆，異動:5筆)
07:51:20 黃崇益 chungyi.huang@cwb.gov.tw (待更正:0筆，異動:6筆)
07:51:21 劉萬祿 gary@cwb.gov.tw (待更正:0筆，異動:9筆)
07:51:21 潘如龍 pan@cwb.gov.tw (待更正:5筆，異動:5筆)
07:51:22 蔡煌濱 hptsai@cwb.gov.tw (待更正:5筆，異動:5筆)
07:51:23 何旭慧 hsuhui@cwb.gov.tw (待更正:32筆，異動:0筆)
07:51:23 吳蕙如 hrwu@cwb.gov.tw (待更正:36筆，異動:0筆)
07:51:24 李奕德 itlee@cwb.gov.tw (待更正:32筆，異動:0筆)
07:51:25 林庭毅 tingyi@cwb.gov.tw (待更正:1筆，異動:0筆)
07:51:26 許志禎 basehsu@cwb.gov.tw (待更正:32筆，異動:0筆)
07:51:28 黃俊穎 philhuang@cwb.gov.tw (待更正:32筆，異動:0筆)
07:51:33 賴曉薇 hlai@cwb.gov.tw (待更正:2筆，異動:2筆)
07:51:36 張柏洋 lnchang@cwb.gov.tw (待更正:0筆，異動:2筆)
2017/07/10 07:51:37(End)-------------------------------------------------------------------

2017/07/17 07:50:00(Begin)------------------------------------------------------------------
07:50:57 完成更新[資料查核]
07:50:59 洪景山 rfs14@cwb.gov.tw (待更正:1筆，異動:0筆)
07:51:00 陳建河 river@cwb.gov.tw (待更正:3筆，異動:0筆)
07:51:01 曾雪卿 tsc@cwb.gov.tw (待更正:2筆，異動:0筆)
07:51:03 潘琦 gfs8@cwb.gov.tw (待更正:0筆，異動:1筆)
07:51:05 王琇玄 amywang@cwb.gov.tw (待更正:664筆，異動:1筆)
07:51:06 劉亦容 fo@cwb.gov.tw (待更正:664筆，異動:0筆)
07:51:07 PC人員 chueh@cwb.gov.tw (待更正:9筆，異動:5筆)
07:51:07 唐睿 baron0607@cwb.gov.tw (待更正:9筆，異動:5筆)
07:51:08 曾國棟 tseng@cwb.gov.tw (待更正:40筆，異動:1筆)
07:51:08 黃婉綺 wanchi@cwb.gov.tw (待更正:9筆，異動:9筆)
07:51:09 劉政 lc@cwb.gov.tw (待更正:36筆，異動:4筆)
07:51:09 蔡志揮 taists@cwb.gov.tw (待更正:0筆，異動:21筆)
07:51:11 許美玲 shiu@cwb.gov.tw (待更正:2筆，異動:0筆)
07:51:15 林介峰 dan@cwb.gov.tw (待更正:0筆，異動:1筆)
07:51:15 秦照萍 jpc@cwb.gov.tw (待更正:2筆，異動:1筆)
07:51:16 曾怡豪 tyh900@cwb.gov.tw (待更正:0筆，異動:1筆)
07:51:16 趙竑 ZhaoHong@cwb.gov.tw (待更正:0筆，異動:1筆)
07:51:17 蔡佳學 b891@cwb.gov.tw (待更正:1筆，異動:1筆)
07:51:18 鄭照雄 wtbeer@cwb.gov.tw (待更正:2筆，異動:0筆)
07:51:18 機房OP sosop@cwb.gov.tw (待更正:2筆，異動:1筆)
07:51:19 余承恩 chengen@cwb.gov.tw (待更正:0筆，異動:8筆)
07:51:21 胡錦淵 yuan@cwb.gov.tw (待更正:0筆，異動:8筆)
07:51:21 曹富傑 chuck@cwb.gov.tw (待更正:0筆，異動:8筆)
07:51:22 許秀桃 shelly@cwb.gov.tw (待更正:2筆，異動:0筆)
07:51:22 郭奇偉 kiwikuo@cwb.gov.tw (待更正:5筆，異動:2筆)
07:51:23 黃崇益 chungyi.huang@cwb.gov.tw (待更正:0筆，異動:8筆)
07:51:23 劉萬祿 gary@cwb.gov.tw (待更正:0筆，異動:8筆)
07:51:23 潘如龍 pan@cwb.gov.tw (待更正:5筆，異動:2筆)
07:51:24 蔡煌濱 hptsai@cwb.gov.tw (待更正:5筆，異動:3筆)
07:51:25 何旭慧 hsuhui@cwb.gov.tw (待更正:32筆，異動:0筆)
07:51:26 吳蕙如 hrwu@cwb.gov.tw (待更正:36筆，異動:4筆)
07:51:26 李奕德 itlee@cwb.gov.tw (待更正:32筆，異動:0筆)
07:51:27 林庭毅 tingyi@cwb.gov.tw (待更正:1筆，異動:0筆)
07:51:28 許志禎 basehsu@cwb.gov.tw (待更正:32筆，異動:0筆)
07:51:30 黃俊穎 philhuang@cwb.gov.tw (待更正:32筆，異動:0筆)
2017/07/17 07:51:39(End)-------------------------------------------------------------------

2017/07/24 07:50:00(Begin)------------------------------------------------------------------
07:50:23 洪景山 rfs14@cwb.gov.tw (待更正:0筆，異動:7筆)
07:50:25 謝銘祥 hsiang@cwb.gov.tw (待更正:0筆，異動:1筆)
07:50:26 HP人員 hpuser@cwb.gov.tw (待更正:0筆，異動:3筆)
07:50:26 PC人員 chueh@cwb.gov.tw (待更正:0筆，異動:4筆)
07:50:27 唐睿 baron0607@cwb.gov.tw (待更正:0筆，異動:182筆)
07:50:27 曾國棟 tseng@cwb.gov.tw (待更正:0筆，異動:25筆)
07:50:27 黃婉綺 wanchi@cwb.gov.tw (待更正:0筆，異動:73筆)
07:50:27 劉政 lc@cwb.gov.tw (待更正:0筆，異動:29筆)
07:50:28 蔡志揮 taists@cwb.gov.tw (待更正:0筆，異動:87筆)
07:50:28 簡宏霖 hongling@cwb.gov.tw (待更正:0筆，異動:1筆)
07:50:29 王奕紘 wangyihung@cwb.gov.tw (待更正:0筆，異動:2筆)
07:50:30 吳政修 jswu@cwb.gov.tw (待更正:0筆，異動:2筆)
07:50:30 林介峰 dan@cwb.gov.tw (待更正:0筆，異動:2筆)
07:50:30 秦照萍 jpc@cwb.gov.tw (待更正:0筆，異動:4筆)
07:50:31 曾怡豪 tyh900@cwb.gov.tw (待更正:0筆，異動:2筆)
07:50:31 趙竑 ZhaoHong@cwb.gov.tw (待更正:0筆，異動:2筆)
07:50:31 蔡佳學 b891@cwb.gov.tw (待更正:0筆，異動:2筆)
07:50:31 鄭照雄 wtbeer@cwb.gov.tw (待更正:0筆，異動:2筆)
07:50:33 許秀桃 shelly@cwb.gov.tw (待更正:0筆，異動:1筆)
07:50:33 郭奇偉 kiwikuo@cwb.gov.tw (待更正:0筆，異動:2筆)
07:50:34 潘如龍 pan@cwb.gov.tw (待更正:0筆，異動:1筆)
07:50:34 蔡煌濱 hptsai@cwb.gov.tw (待更正:0筆，異動:1筆)
07:50:34 吳蕙如 hrwu@cwb.gov.tw (待更正:0筆，異動:21筆)
07:50:36 許喬祺 b879@cwb.gov.tw (待更正:0筆，異動:1筆)
07:50:39 張柏洋 lnchang@cwb.gov.tw (待更正:0筆，異動:2筆)

[Microsoft][ODBC SQL Server Driver][SQL Server]無效的資料行名稱 '迴路名稱'。 
2017/07/24 07:50:39(End)-------------------------------------------------------------------

2017/07/31 07:50:00(Begin)------------------------------------------------------------------
07:50:54 完成更新[資料查核]
07:50:56 洪景山 rfs14@cwb.gov.tw (待更正:1筆，異動:0筆)
07:50:57 陳建河 river@cwb.gov.tw (待更正:3筆，異動:0筆)
07:51:00 王琇玄 amywang@cwb.gov.tw (待更正:461筆，異動:0筆)
07:51:01 劉亦容 fo@cwb.gov.tw (待更正:461筆，異動:0筆)
07:51:02 PC人員 chueh@cwb.gov.tw (待更正:6筆，異動:8筆)
07:51:02 唐睿 baron0607@cwb.gov.tw (待更正:8筆，異動:10筆)
07:51:03 曾國棟 tseng@cwb.gov.tw (待更正:40筆，異動:1筆)
07:51:03 黃婉綺 wanchi@cwb.gov.tw (待更正:3筆，異動:3筆)
07:51:03 劉政 lc@cwb.gov.tw (待更正:36筆，異動:92筆)
07:51:04 蔡志揮 taists@cwb.gov.tw (待更正:0筆，異動:7筆)
07:51:04 簡宏霖 hongling@cwb.gov.tw (待更正:1筆，異動:0筆)
07:51:09 秦照萍 jpc@cwb.gov.tw (待更正:2筆，異動:2筆)
07:51:10 蔡佳學 b891@cwb.gov.tw (待更正:2筆，異動:1筆)
07:51:11 余承恩 chengen@cwb.gov.tw (待更正:0筆，異動:16筆)
07:51:13 胡錦淵 yuan@cwb.gov.tw (待更正:0筆，異動:16筆)
07:51:13 曹富傑 chuck@cwb.gov.tw (待更正:0筆，異動:16筆)
07:51:14 郭奇偉 kiwikuo@cwb.gov.tw (待更正:5筆，異動:0筆)
07:51:14 黃崇益 chungyi.huang@cwb.gov.tw (待更正:0筆，異動:16筆)
07:51:15 劉萬祿 gary@cwb.gov.tw (待更正:0筆，異動:16筆)
07:51:15 潘如龍 pan@cwb.gov.tw (待更正:5筆，異動:0筆)
07:51:15 蔡煌濱 hptsai@cwb.gov.tw (待更正:5筆，異動:0筆)
07:51:16 何旭慧 hsuhui@cwb.gov.tw (待更正:32筆，異動:0筆)
07:51:17 吳蕙如 hrwu@cwb.gov.tw (待更正:36筆，異動:87筆)
07:51:17 李奕德 itlee@cwb.gov.tw (待更正:32筆，異動:0筆)
07:51:18 李香蘭 gfs5@cwb.gov.tw (待更正:0筆，異動:1筆)
07:51:18 林庭毅 tingyi@cwb.gov.tw (待更正:1筆，異動:0筆)
07:51:19 許志禎 basehsu@cwb.gov.tw (待更正:32筆，異動:0筆)
07:51:21 黃俊穎 philhuang@cwb.gov.tw (待更正:32筆，異動:0筆)
07:51:26 周喬隆 ccl@cwb.gov.tw (待更正:0筆，異動:1筆)
2017/07/31 07:51:28(End)-------------------------------------------------------------------

2017/08/07 07:50:00(Begin)------------------------------------------------------------------
07:51:30 完成更新[資料查核]
07:51:32 洪景山 rfs14@cwb.gov.tw (待更正:2筆，異動:0筆)
07:51:33 陳建河 river@cwb.gov.tw (待更正:3筆，異動:0筆)
07:51:39 王琇玄 amywang@cwb.gov.tw (待更正:461筆，異動:0筆)
07:51:40 劉亦容 fo@cwb.gov.tw (待更正:461筆，異動:0筆)
07:51:40 HP人員 hpuser@cwb.gov.tw (待更正:8筆，異動:0筆)
07:51:41 PC人員 chueh@cwb.gov.tw (待更正:26筆，異動:7筆)
07:51:41 唐睿 baron0607@cwb.gov.tw (待更正:78筆，異動:23筆)
07:51:42 曾國棟 tseng@cwb.gov.tw (待更正:110筆，異動:4筆)
07:51:42 黃婉綺 wanchi@cwb.gov.tw (待更正:27筆，異動:5筆)
07:51:43 劉政 lc@cwb.gov.tw (待更正:407筆，異動:6筆)
07:51:43 蔡志揮 taists@cwb.gov.tw (待更正:8筆，異動:4筆)
07:51:44 簡宏霖 hongling@cwb.gov.tw (待更正:1筆，異動:0筆)
07:51:44 李珮琳 evalee@cwb.gov.tw (待更正:0筆，異動:2筆)
07:51:45 莊柏浚 pcchuang@cwb.gov.tw (待更正:1筆，異動:2筆)
07:51:45 莊峰銘 fmchuang@cwb.gov.tw (待更正:0筆，異動:2筆)
07:51:46 許美玲 shiu@cwb.gov.tw (待更正:0筆，異動:2筆)
07:51:46 黃秀珍 hsj@cwb.gov.tw (待更正:2筆，異動:2筆)
07:51:46 趙建宣 brady.chao@cwb.gov.tw (待更正:0筆，異動:4筆)
07:51:47 韓承穎 cy_han@cwb.gov.tw (待更正:17筆，異動:2筆)
07:51:47 簡泰滄 ttchien@cwb.gov.tw (待更正:0筆，異動:2筆)
07:51:48 王奕紘 wangyihung@cwb.gov.tw (待更正:14筆，異動:26筆)
07:51:48 吳政修 jswu@cwb.gov.tw (待更正:4筆，異動:26筆)
07:51:49 周貞娟 jou@cwb.gov.tw (待更正:4筆，異動:2筆)
07:51:50 林介峰 dan@cwb.gov.tw (待更正:15筆，異動:6筆)
07:51:50 柯惠華 hei_cwb@cwb.gov.tw (待更正:5筆，異動:2筆)
07:51:51 秦照萍 jpc@cwb.gov.tw (待更正:34筆，異動:30筆)
07:51:51 曾怡豪 tyh900@cwb.gov.tw (待更正:30筆，異動:6筆)
07:51:52 趙竑 ZhaoHong@cwb.gov.tw (待更正:15筆，異動:6筆)
07:51:52 蔡伊其 ichi@cwb.gov.tw (待更正:4筆，異動:2筆)
07:51:53 蔡佳學 b891@cwb.gov.tw (待更正:17筆，異動:6筆)
07:51:53 鄭照雄 wtbeer@cwb.gov.tw (待更正:4筆，異動:26筆)
07:51:54 機房OP sosop@cwb.gov.tw (待更正:4筆，異動:2筆)
07:51:54 機房備援 sosop@cwb.gov.tw (待更正:4筆，異動:2筆)
07:51:55 余承恩 chengen@cwb.gov.tw (待更正:4筆，異動:1筆)
07:51:57 胡錦淵 yuan@cwb.gov.tw (待更正:4筆，異動:1筆)
07:51:57 曹富傑 chuck@cwb.gov.tw (待更正:4筆，異動:1筆)
07:51:58 郭奇偉 kiwikuo@cwb.gov.tw (待更正:110筆，異動:59筆)
07:51:59 黃崇益 chungyi.huang@cwb.gov.tw (待更正:4筆，異動:1筆)
07:51:59 劉萬祿 gary@cwb.gov.tw (待更正:4筆，異動:1筆)
07:52:00 潘如龍 pan@cwb.gov.tw (待更正:111筆，異動:58筆)
07:52:00 蔡煌濱 hptsai@cwb.gov.tw (待更正:110筆，異動:58筆)
07:52:01 何旭慧 hsuhui@cwb.gov.tw (待更正:69筆，異動:0筆)
07:52:02 吳蕙如 hrwu@cwb.gov.tw (待更正:391筆，異動:0筆)
07:52:03 李奕德 itlee@cwb.gov.tw (待更正:69筆，異動:0筆)
07:52:04 林庭毅 tingyi@cwb.gov.tw (待更正:1筆，異動:0筆)
07:52:05 許志禎 basehsu@cwb.gov.tw (待更正:69筆，異動:0筆)
07:52:07 黃俊穎 philhuang@cwb.gov.tw (待更正:69筆，異動:0筆)
07:52:16 張柏洋 lnchang@cwb.gov.tw (待更正:0筆，異動:24筆)
2017/08/07 07:52:17(End)-------------------------------------------------------------------

2017/08/14 07:50:00(Begin)------------------------------------------------------------------
07:51:48 完成更新[資料查核]
07:51:51 洪景山 rfs14@cwb.gov.tw (待更正:1筆，異動:1筆)
07:51:53 陳建河 river@cwb.gov.tw (待更正:3筆，異動:0筆)
07:52:01 王琇玄 amywang@cwb.gov.tw (待更正:466筆，異動:0筆)
07:52:02 劉亦容 fo@cwb.gov.tw (待更正:466筆，異動:0筆)
07:52:03 HP人員 hpuser@cwb.gov.tw (待更正:8筆，異動:0筆)
07:52:03 PC人員 chueh@cwb.gov.tw (待更正:26筆，異動:7筆)
07:52:04 唐睿 baron0607@cwb.gov.tw (待更正:57筆，異動:25筆)
07:52:05 曾國棟 tseng@cwb.gov.tw (待更正:103筆，異動:0筆)
07:52:05 黃婉綺 wanchi@cwb.gov.tw (待更正:25筆，異動:5筆)
07:52:06 劉政 lc@cwb.gov.tw (待更正:398筆，異動:1筆)
07:52:07 蔡志揮 taists@cwb.gov.tw (待更正:0筆，異動:6筆)
07:52:07 簡宏霖 hongling@cwb.gov.tw (待更正:1筆，異動:0筆)
07:52:11 黃秀珍 hsj@cwb.gov.tw (待更正:2筆，異動:0筆)
07:52:12 韓承穎 cy_han@cwb.gov.tw (待更正:17筆，異動:0筆)
07:52:13 王奕紘 wangyihung@cwb.gov.tw (待更正:14筆，異動:4筆)
07:52:14 吳政修 jswu@cwb.gov.tw (待更正:4筆，異動:4筆)
07:52:14 周貞娟 jou@cwb.gov.tw (待更正:4筆，異動:0筆)
07:52:15 林介峰 dan@cwb.gov.tw (待更正:15筆，異動:0筆)
07:52:16 柯惠華 hei_cwb@cwb.gov.tw (待更正:5筆，異動:0筆)
07:52:17 秦照萍 jpc@cwb.gov.tw (待更正:34筆，異動:4筆)
07:52:17 曾怡豪 tyh900@cwb.gov.tw (待更正:30筆，異動:0筆)
07:52:18 趙竑 ZhaoHong@cwb.gov.tw (待更正:15筆，異動:0筆)
07:52:19 蔡伊其 ichi@cwb.gov.tw (待更正:4筆，異動:0筆)
07:52:19 蔡佳學 b891@cwb.gov.tw (待更正:17筆，異動:0筆)
07:52:20 鄭照雄 wtbeer@cwb.gov.tw (待更正:4筆，異動:4筆)
07:52:21 機房OP sosop@cwb.gov.tw (待更正:4筆，異動:0筆)
07:52:22 余承恩 chengen@cwb.gov.tw (待更正:4筆，異動:1筆)
07:52:23 吳俊鋒 vincentwu@cwb.gov.tw (待更正:0筆，異動:3筆)
07:52:24 李宜芳 yvonne@cwb.gov.tw (待更正:0筆，異動:3筆)
07:52:25 李俊樺 jyunhuali@cwb.gov.tw (待更正:0筆，異動:3筆)
07:52:26 胡錦淵 yuan@cwb.gov.tw (待更正:4筆，異動:1筆)
07:52:26 曹富傑 chuck@cwb.gov.tw (待更正:4筆，異動:1筆)
07:52:27 許秀桃 shelly@cwb.gov.tw (待更正:0筆，異動:1筆)
07:52:28 郭奇偉 kiwikuo@cwb.gov.tw (待更正:29筆，異動:149筆)
07:52:28 黃崇益 chungyi.huang@cwb.gov.tw (待更正:4筆，異動:1筆)
07:52:29 劉萬祿 gary@cwb.gov.tw (待更正:4筆，異動:1筆)
07:52:30 潘如龍 pan@cwb.gov.tw (待更正:30筆，異動:149筆)
07:52:31 蔡煌濱 hptsai@cwb.gov.tw (待更正:29筆，異動:149筆)
07:52:31 賴文敏 laiwm@cwb.gov.tw (待更正:0筆，異動:3筆)
07:52:32 何旭慧 hsuhui@cwb.gov.tw (待更正:62筆，異動:0筆)
07:52:33 吳蕙如 hrwu@cwb.gov.tw (待更正:382筆，異動:0筆)
07:52:34 李奕德 itlee@cwb.gov.tw (待更正:62筆，異動:0筆)
07:52:36 林庭毅 tingyi@cwb.gov.tw (待更正:1筆，異動:0筆)
07:52:37 許志禎 basehsu@cwb.gov.tw (待更正:62筆，異動:0筆)
07:52:39 黃俊穎 philhuang@cwb.gov.tw (待更正:62筆，異動:0筆)
07:52:51 張柏洋 lnchang@cwb.gov.tw (待更正:0筆，異動:4筆)
2017/08/14 07:52:52(End)-------------------------------------------------------------------

2017/08/21 07:50:00(Begin)------------------------------------------------------------------
07:51:41 完成更新[資料查核]
07:51:44 洪景山 rfs14@cwb.gov.tw (待更正:1筆，異動:0筆)
07:51:45 陳建河 river@cwb.gov.tw (待更正:3筆，異動:0筆)
07:51:52 王琇玄 amywang@cwb.gov.tw (待更正:466筆，異動:0筆)
07:51:53 劉亦容 fo@cwb.gov.tw (待更正:466筆，異動:0筆)
07:51:54 HP人員 hpuser@cwb.gov.tw (待更正:8筆，異動:0筆)
07:51:54 PC人員 chueh@cwb.gov.tw (待更正:26筆，異動:1筆)
07:51:55 唐睿 baron0607@cwb.gov.tw (待更正:15筆，異動:25筆)
07:51:56 曾國棟 tseng@cwb.gov.tw (待更正:103筆，異動:0筆)
07:51:56 黃婉綺 wanchi@cwb.gov.tw (待更正:23筆，異動:3筆)
07:51:57 劉政 lc@cwb.gov.tw (待更正:397筆，異動:0筆)
07:51:58 蔡志揮 taists@cwb.gov.tw (待更正:0筆，異動:15筆)
07:51:58 簡宏霖 hongling@cwb.gov.tw (待更正:1筆，異動:0筆)
07:52:03 王奕紘 wangyihung@cwb.gov.tw (待更正:14筆，異動:12筆)
07:52:04 吳政修 jswu@cwb.gov.tw (待更正:4筆，異動:12筆)
07:52:05 周貞娟 jou@cwb.gov.tw (待更正:4筆，異動:0筆)
07:52:05 林介峰 dan@cwb.gov.tw (待更正:15筆，異動:0筆)
07:52:06 柯惠華 hei_cwb@cwb.gov.tw (待更正:5筆，異動:0筆)
07:52:07 秦照萍 jpc@cwb.gov.tw (待更正:34筆，異動:12筆)
07:52:07 曾怡豪 tyh900@cwb.gov.tw (待更正:30筆，異動:0筆)
07:52:08 趙竑 ZhaoHong@cwb.gov.tw (待更正:15筆，異動:0筆)
07:52:09 蔡伊其 ichi@cwb.gov.tw (待更正:4筆，異動:0筆)
07:52:09 蔡佳學 b891@cwb.gov.tw (待更正:17筆，異動:0筆)
07:52:10 鄭照雄 wtbeer@cwb.gov.tw (待更正:4筆，異動:12筆)
07:52:10 機房OP sosop@cwb.gov.tw (待更正:4筆，異動:0筆)
07:52:12 余承恩 chengen@cwb.gov.tw (待更正:4筆，異動:0筆)
07:52:14 胡錦淵 yuan@cwb.gov.tw (待更正:4筆，異動:0筆)
07:52:15 曹富傑 chuck@cwb.gov.tw (待更正:4筆，異動:0筆)
07:52:16 郭奇偉 kiwikuo@cwb.gov.tw (待更正:29筆，異動:3筆)
07:52:21 黃崇益 chungyi.huang@cwb.gov.tw (待更正:4筆，異動:0筆)
07:52:22 劉萬祿 gary@cwb.gov.tw (待更正:4筆，異動:0筆)
07:52:22 潘如龍 pan@cwb.gov.tw (待更正:30筆，異動:3筆)
07:52:23 蔡煌濱 hptsai@cwb.gov.tw (待更正:29筆，異動:3筆)
07:52:24 何旭慧 hsuhui@cwb.gov.tw (待更正:62筆，異動:0筆)
07:52:25 吳蕙如 hrwu@cwb.gov.tw (待更正:382筆，異動:0筆)
07:52:26 李奕德 itlee@cwb.gov.tw (待更正:62筆，異動:0筆)
07:52:27 林庭毅 tingyi@cwb.gov.tw (待更正:1筆，異動:0筆)
07:52:28 許志禎 basehsu@cwb.gov.tw (待更正:62筆，異動:0筆)
07:52:31 黃俊穎 philhuang@cwb.gov.tw (待更正:62筆，異動:0筆)
2017/08/21 07:52:41(End)-------------------------------------------------------------------

2017/08/28 07:50:00(Begin)------------------------------------------------------------------
07:51:50 完成更新[資料查核]
07:51:53 洪景山 rfs14@cwb.gov.tw (待更正:1筆，異動:0筆)
07:51:54 陳建河 river@cwb.gov.tw (待更正:3筆，異動:0筆)
07:52:01 王琇玄 amywang@cwb.gov.tw (待更正:470筆，異動:0筆)
07:52:03 劉亦容 fo@cwb.gov.tw (待更正:470筆，異動:0筆)
07:52:03 HP人員 hpuser@cwb.gov.tw (待更正:5筆，異動:0筆)
07:52:04 PC人員 chueh@cwb.gov.tw (待更正:24筆，異動:11筆)
07:52:05 唐睿 baron0607@cwb.gov.tw (待更正:10筆，異動:2筆)
07:52:05 曾國棟 tseng@cwb.gov.tw (待更正:92筆，異動:1筆)
07:52:06 黃婉綺 wanchi@cwb.gov.tw (待更正:7筆，異動:4筆)
07:52:07 劉政 lc@cwb.gov.tw (待更正:378筆，異動:2筆)
07:52:08 簡宏霖 hongling@cwb.gov.tw (待更正:1筆，異動:0筆)
07:52:10 莊峰銘 fmchuang@cwb.gov.tw (待更正:0筆，異動:1筆)
07:52:11 黃秀珍 hsj@cwb.gov.tw (待更正:1筆，異動:1筆)
07:52:12 韓承穎 cy_han@cwb.gov.tw (待更正:1筆，異動:2筆)
07:52:14 王奕紘 wangyihung@cwb.gov.tw (待更正:10筆，異動:6筆)
07:52:15 吳政修 jswu@cwb.gov.tw (待更正:0筆，異動:5筆)
07:52:15 周貞娟 jou@cwb.gov.tw (待更正:0筆，異動:2筆)
07:52:16 林介峰 dan@cwb.gov.tw (待更正:11筆，異動:10筆)
07:52:17 柯惠華 hei_cwb@cwb.gov.tw (待更正:0筆，異動:3筆)
07:52:18 秦照萍 jpc@cwb.gov.tw (待更正:28筆，異動:13筆)
07:52:18 曾怡豪 tyh900@cwb.gov.tw (待更正:24筆，異動:10筆)
07:52:19 趙竑 ZhaoHong@cwb.gov.tw (待更正:11筆，異動:10筆)
07:52:20 蔡伊其 ichi@cwb.gov.tw (待更正:0筆，異動:2筆)
07:52:20 蔡佳學 b891@cwb.gov.tw (待更正:13筆，異動:10筆)
07:52:21 鄭照雄 wtbeer@cwb.gov.tw (待更正:24筆，異動:292筆)
07:52:22 機房OP sosop@cwb.gov.tw (待更正:0筆，異動:5筆)
07:52:23 余承恩 chengen@cwb.gov.tw (待更正:2筆，異動:0筆)
07:52:24 吳俊鋒 vincentwu@cwb.gov.tw (待更正:0筆，異動:3筆)
07:52:24 李宜芳 yvonne@cwb.gov.tw (待更正:0筆，異動:3筆)
07:52:25 李俊樺 jyunhuali@cwb.gov.tw (待更正:0筆，異動:3筆)
07:52:26 胡錦淵 yuan@cwb.gov.tw (待更正:2筆，異動:0筆)
07:52:26 曹富傑 chuck@cwb.gov.tw (待更正:2筆，異動:0筆)
07:52:28 郭奇偉 kiwikuo@cwb.gov.tw (待更正:24筆，異動:287筆)
07:52:29 黃崇益 chungyi.huang@cwb.gov.tw (待更正:2筆，異動:0筆)
07:52:29 劉萬祿 gary@cwb.gov.tw (待更正:2筆，異動:0筆)
07:52:30 潘如龍 pan@cwb.gov.tw (待更正:25筆，異動:287筆)
07:52:31 蔡煌濱 hptsai@cwb.gov.tw (待更正:24筆，異動:287筆)
07:52:32 賴文敏 laiwm@cwb.gov.tw (待更正:0筆，異動:3筆)
07:52:32 何旭慧 hsuhui@cwb.gov.tw (待更正:54筆，異動:0筆)
07:52:34 吳蕙如 hrwu@cwb.gov.tw (待更正:370筆，異動:0筆)
07:52:35 李奕德 itlee@cwb.gov.tw (待更正:54筆，異動:0筆)
07:52:36 林庭毅 tingyi@cwb.gov.tw (待更正:1筆，異動:0筆)
07:52:38 許志禎 basehsu@cwb.gov.tw (待更正:54筆，異動:0筆)
07:52:40 黃俊穎 philhuang@cwb.gov.tw (待更正:54筆，異動:0筆)
07:52:42 李志昕 iamduduli@cwb.gov.tw (待更正:0筆，異動:4筆)
2017/08/28 07:52:53(End)-------------------------------------------------------------------

2017/09/04 07:50:00(Begin)------------------------------------------------------------------
07:51:48 完成更新[資料查核]
07:51:51 洪景山 rfs14@cwb.gov.tw (待更正:4筆，異動:1筆)
07:51:53 陳建河 river@cwb.gov.tw (待更正:3筆，異動:6筆)
07:51:55 曾雪卿 tsc@cwb.gov.tw (待更正:2筆，異動:0筆)
07:52:01 王琇玄 amywang@cwb.gov.tw (待更正:470筆，異動:0筆)
07:52:02 劉亦容 fo@cwb.gov.tw (待更正:470筆，異動:4筆)
07:52:03 HP人員 hpuser@cwb.gov.tw (待更正:6筆，異動:1筆)
07:52:03 PC人員 chueh@cwb.gov.tw (待更正:35筆，異動:7筆)
07:52:04 唐睿 baron0607@cwb.gov.tw (待更正:151筆，異動:30筆)
07:52:05 曾國棟 tseng@cwb.gov.tw (待更正:116筆，異動:5筆)
07:52:06 黃婉綺 wanchi@cwb.gov.tw (待更正:9筆，異動:27筆)
07:52:07 劉政 lc@cwb.gov.tw (待更正:553筆，異動:11筆)
07:52:07 蔡志揮 taists@cwb.gov.tw (待更正:28筆，異動:4筆)
07:52:08 簡宏霖 hongling@cwb.gov.tw (待更正:2筆，異動:1筆)
07:52:11 許美玲 shiu@cwb.gov.tw (待更正:2筆，異動:1筆)
07:52:11 黃秀珍 hsj@cwb.gov.tw (待更正:1筆，異動:0筆)
07:52:13 韓承穎 cy_han@cwb.gov.tw (待更正:1筆，異動:0筆)
07:52:14 王奕紘 wangyihung@cwb.gov.tw (待更正:96筆，異動:37筆)
07:52:15 吳政修 jswu@cwb.gov.tw (待更正:86筆，異動:37筆)
07:52:15 周貞娟 jou@cwb.gov.tw (待更正:1筆，異動:0筆)
07:52:16 林介峰 dan@cwb.gov.tw (待更正:12筆，異動:31筆)
07:52:17 柯惠華 hei_cwb@cwb.gov.tw (待更正:1筆，異動:0筆)
07:52:18 秦照萍 jpc@cwb.gov.tw (待更正:123筆，異動:68筆)
07:52:19 曾怡豪 tyh900@cwb.gov.tw (待更正:32筆，異動:31筆)
07:52:19 趙竑 ZhaoHong@cwb.gov.tw (待更正:12筆，異動:31筆)
07:52:20 蔡伊其 ichi@cwb.gov.tw (待更正:1筆，異動:0筆)
07:52:21 蔡佳學 b891@cwb.gov.tw (待更正:14筆，異動:31筆)
07:52:22 鄭照雄 wtbeer@cwb.gov.tw (待更正:483筆，異動:42筆)
07:52:23 機房OP sosop@cwb.gov.tw (待更正:3筆，異動:0筆)
07:52:24 余承恩 chengen@cwb.gov.tw (待更正:0筆，異動:29筆)
07:52:25 吳俊鋒 vincentwu@cwb.gov.tw (待更正:0筆，異動:1筆)
07:52:25 李宜芳 yvonne@cwb.gov.tw (待更正:0筆，異動:1筆)
07:52:26 李俊樺 jyunhuali@cwb.gov.tw (待更正:0筆，異動:1筆)
07:52:27 胡錦淵 yuan@cwb.gov.tw (待更正:0筆，異動:29筆)
07:52:27 曹富傑 chuck@cwb.gov.tw (待更正:0筆，異動:29筆)
07:52:28 許秀桃 shelly@cwb.gov.tw (待更正:2筆，異動:0筆)
07:52:29 郭奇偉 kiwikuo@cwb.gov.tw (待更正:396筆，異動:7筆)
07:52:30 黃崇益 chungyi.huang@cwb.gov.tw (待更正:0筆，異動:29筆)
07:52:30 劉萬祿 gary@cwb.gov.tw (待更正:0筆，異動:30筆)
07:52:31 潘如龍 pan@cwb.gov.tw (待更正:397筆，異動:5筆)
07:52:32 蔡煌濱 hptsai@cwb.gov.tw (待更正:396筆，異動:5筆)
07:52:34 賴文敏 laiwm@cwb.gov.tw (待更正:0筆，異動:1筆)
07:52:35 何旭慧 hsuhui@cwb.gov.tw (待更正:107筆，異動:2筆)
07:52:36 吳蕙如 hrwu@cwb.gov.tw (待更正:498筆，異動:35筆)
07:52:37 李奕德 itlee@cwb.gov.tw (待更正:107筆，異動:2筆)
07:52:39 林庭毅 tingyi@cwb.gov.tw (待更正:1筆，異動:0筆)
07:52:42 黃俊穎 philhuang@cwb.gov.tw (待更正:107筆，異動:2筆)
07:52:53 周喬隆 ccl@cwb.gov.tw (待更正:0筆，異動:12筆)
2017/09/04 07:52:55(End)-------------------------------------------------------------------

2017/09/11 07:50:00(Begin)------------------------------------------------------------------
07:51:56 完成更新[資料查核]
07:51:59 洪景山 rfs14@cwb.gov.tw (待更正:4筆，異動:0筆)
07:52:01 陳建河 river@cwb.gov.tw (待更正:3筆，異動:0筆)
07:52:03 曾雪卿 tsc@cwb.gov.tw (待更正:2筆，異動:0筆)
07:52:10 王琇玄 amywang@cwb.gov.tw (待更正:481筆，異動:0筆)
07:52:11 劉亦容 fo@cwb.gov.tw (待更正:481筆，異動:0筆)
07:52:12 HP人員 hpuser@cwb.gov.tw (待更正:6筆，異動:4筆)
07:52:13 PC人員 chueh@cwb.gov.tw (待更正:33筆，異動:14筆)
07:52:14 唐睿 baron0607@cwb.gov.tw (待更正:178筆，異動:29筆)
07:52:15 曾國棟 tseng@cwb.gov.tw (待更正:105筆，異動:28筆)
07:52:16 黃婉綺 wanchi@cwb.gov.tw (待更正:9筆，異動:5筆)
07:52:17 劉政 lc@cwb.gov.tw (待更正:553筆，異動:0筆)
07:52:18 蔡志揮 taists@cwb.gov.tw (待更正:45筆，異動:18筆)
07:52:18 簡宏霖 hongling@cwb.gov.tw (待更正:1筆，異動:1筆)
07:52:20 莊柏浚 pcchuang@cwb.gov.tw (待更正:0筆，異動:1筆)
07:52:21 許美玲 shiu@cwb.gov.tw (待更正:2筆，異動:0筆)
07:52:22 黃秀珍 hsj@cwb.gov.tw (待更正:0筆，異動:44筆)
07:52:23 韓承穎 cy_han@cwb.gov.tw (待更正:0筆，異動:47筆)
07:52:24 簡泰滄 ttchien@cwb.gov.tw (待更正:0筆，異動:43筆)
07:52:25 王奕紘 wangyihung@cwb.gov.tw (待更正:92筆，異動:21筆)
07:52:26 吳政修 jswu@cwb.gov.tw (待更正:82筆，異動:21筆)
07:52:27 周貞娟 jou@cwb.gov.tw (待更正:1筆，異動:0筆)
07:52:28 林介峰 dan@cwb.gov.tw (待更正:12筆，異動:57筆)
07:52:28 柯惠華 hei_cwb@cwb.gov.tw (待更正:1筆，異動:0筆)
07:52:29 秦照萍 jpc@cwb.gov.tw (待更正:113筆，異動:90筆)
07:52:30 曾怡豪 tyh900@cwb.gov.tw (待更正:26筆，異動:69筆)
07:52:31 趙竑 ZhaoHong@cwb.gov.tw (待更正:12筆，異動:57筆)
07:52:32 蔡伊其 ichi@cwb.gov.tw (待更正:1筆，異動:0筆)
07:52:32 蔡佳學 b891@cwb.gov.tw (待更正:14筆，異動:57筆)
07:52:34 鄭照雄 wtbeer@cwb.gov.tw (待更正:460筆，異動:102筆)
07:52:34 機房OP sosop@cwb.gov.tw (待更正:3筆，異動:0筆)
07:52:40 許秀桃 shelly@cwb.gov.tw (待更正:2筆，異動:0筆)
07:52:41 郭奇偉 kiwikuo@cwb.gov.tw (待更正:377筆，異動:81筆)
07:52:43 潘如龍 pan@cwb.gov.tw (待更正:378筆，異動:81筆)
07:52:44 蔡煌濱 hptsai@cwb.gov.tw (待更正:377筆，異動:81筆)
07:52:46 何旭慧 hsuhui@cwb.gov.tw (待更正:107筆，異動:7筆)
07:52:47 吳蕙如 hrwu@cwb.gov.tw (待更正:498筆，異動:0筆)
07:52:48 李奕德 itlee@cwb.gov.tw (待更正:107筆，異動:7筆)
07:52:53 黃俊穎 philhuang@cwb.gov.tw (待更正:107筆，異動:7筆)
2017/09/11 07:53:08(End)-------------------------------------------------------------------

2017/09/18 07:50:00(Begin)------------------------------------------------------------------
07:51:41 完成更新[資料查核]
07:51:44 洪景山 rfs14@cwb.gov.tw (待更正:4筆，異動:0筆)
07:51:46 陳建河 river@cwb.gov.tw (待更正:3筆，異動:0筆)
07:51:48 曾雪卿 tsc@cwb.gov.tw (待更正:2筆，異動:0筆)
07:51:54 王琇玄 amywang@cwb.gov.tw (待更正:489筆，異動:0筆)
07:51:55 劉亦容 fo@cwb.gov.tw (待更正:489筆，異動:0筆)
07:51:56 HP人員 hpuser@cwb.gov.tw (待更正:6筆，異動:1筆)
07:51:57 PC人員 chueh@cwb.gov.tw (待更正:33筆，異動:9筆)
07:51:58 唐睿 baron0607@cwb.gov.tw (待更正:160筆，異動:32筆)
07:51:59 曾國棟 tseng@cwb.gov.tw (待更正:59筆，異動:0筆)
07:51:59 黃婉綺 wanchi@cwb.gov.tw (待更正:9筆，異動:6筆)
07:52:00 劉政 lc@cwb.gov.tw (待更正:406筆，異動:10筆)
07:52:01 蔡志揮 taists@cwb.gov.tw (待更正:52筆，異動:20筆)
07:52:02 簡宏霖 hongling@cwb.gov.tw (待更正:1筆，異動:0筆)
07:52:04 莊柏浚 pcchuang@cwb.gov.tw (待更正:3筆，異動:9筆)
07:52:08 王奕紘 wangyihung@cwb.gov.tw (待更正:56筆，異動:3筆)
07:52:09 吳政修 jswu@cwb.gov.tw (待更正:46筆，異動:3筆)
07:52:10 周貞娟 jou@cwb.gov.tw (待更正:1筆，異動:0筆)
07:52:11 林介峰 dan@cwb.gov.tw (待更正:13筆，異動:51筆)
07:52:11 柯惠華 hei_cwb@cwb.gov.tw (待更正:1筆，異動:0筆)
07:52:12 秦照萍 jpc@cwb.gov.tw (待更正:78筆，異動:54筆)
07:52:13 曾怡豪 tyh900@cwb.gov.tw (待更正:27筆，異動:51筆)
07:52:14 趙竑 ZhaoHong@cwb.gov.tw (待更正:13筆，異動:51筆)
07:52:15 蔡伊其 ichi@cwb.gov.tw (待更正:1筆，異動:0筆)
07:52:15 蔡佳學 b891@cwb.gov.tw (待更正:15筆，異動:51筆)
07:52:16 鄭照雄 wtbeer@cwb.gov.tw (待更正:220筆，異動:22筆)
07:52:17 機房OP sosop@cwb.gov.tw (待更正:3筆，異動:0筆)
07:52:19 吳俊鋒 vincentwu@cwb.gov.tw (待更正:0筆，異動:1筆)
07:52:20 李宜芳 yvonne@cwb.gov.tw (待更正:0筆，異動:1筆)
07:52:21 李俊樺 jyunhuali@cwb.gov.tw (待更正:0筆，異動:1筆)
07:52:23 許秀桃 shelly@cwb.gov.tw (待更正:2筆，異動:0筆)
07:52:24 郭奇偉 kiwikuo@cwb.gov.tw (待更正:173筆，異動:19筆)
07:52:26 潘如龍 pan@cwb.gov.tw (待更正:174筆，異動:19筆)
07:52:27 蔡煌濱 hptsai@cwb.gov.tw (待更正:173筆，異動:20筆)
07:52:28 賴文敏 laiwm@cwb.gov.tw (待更正:0筆，異動:1筆)
07:52:29 何旭慧 hsuhui@cwb.gov.tw (待更正:107筆，異動:0筆)
07:52:31 吳蕙如 hrwu@cwb.gov.tw (待更正:349筆，異動:8筆)
07:52:31 李奕德 itlee@cwb.gov.tw (待更正:107筆，異動:0筆)
07:52:37 黃俊穎 philhuang@cwb.gov.tw (待更正:107筆，異動:0筆)
2017/09/18 07:52:51(End)-------------------------------------------------------------------

2017/09/25 07:50:00(Begin)------------------------------------------------------------------
07:51:54 完成更新[資料查核]
07:51:57 洪景山 rfs14@cwb.gov.tw (待更正:4筆，異動:0筆)
07:51:59 陳建河 river@cwb.gov.tw (待更正:3筆，異動:0筆)
07:52:07 王琇玄 amywang@cwb.gov.tw (待更正:489筆，異動:0筆)
07:52:08 劉亦容 fo@cwb.gov.tw (待更正:489筆，異動:0筆)
07:52:09 HP人員 hpuser@cwb.gov.tw (待更正:6筆，異動:0筆)
07:52:10 PC人員 chueh@cwb.gov.tw (待更正:19筆，異動:6筆)
07:52:11 唐睿 baron0607@cwb.gov.tw (待更正:157筆，異動:0筆)
07:52:11 曾國棟 tseng@cwb.gov.tw (待更正:59筆，異動:0筆)
07:52:12 黃婉綺 wanchi@cwb.gov.tw (待更正:9筆，異動:0筆)
07:52:13 劉政 lc@cwb.gov.tw (待更正:404筆，異動:0筆)
07:52:14 蔡志揮 taists@cwb.gov.tw (待更正:52筆，異動:8筆)
07:52:15 簡宏霖 hongling@cwb.gov.tw (待更正:1筆，異動:0筆)
07:52:16 莊柏浚 pcchuang@cwb.gov.tw (待更正:3筆，異動:0筆)
07:52:21 王奕紘 wangyihung@cwb.gov.tw (待更正:52筆，異動:12筆)
07:52:22 吳政修 jswu@cwb.gov.tw (待更正:46筆，異動:8筆)
07:52:22 周貞娟 jou@cwb.gov.tw (待更正:1筆，異動:0筆)
07:52:23 林介峰 dan@cwb.gov.tw (待更正:7筆，異動:0筆)
07:52:24 柯惠華 hei_cwb@cwb.gov.tw (待更正:1筆，異動:0筆)
07:52:24 秦照萍 jpc@cwb.gov.tw (待更正:68筆，異動:12筆)
07:52:25 曾怡豪 tyh900@cwb.gov.tw (待更正:21筆，異動:2筆)
07:52:26 趙竑 ZhaoHong@cwb.gov.tw (待更正:7筆，異動:0筆)
07:52:27 蔡伊其 ichi@cwb.gov.tw (待更正:1筆，異動:0筆)
07:52:28 蔡佳學 b891@cwb.gov.tw (待更正:9筆，異動:0筆)
07:52:29 鄭照雄 wtbeer@cwb.gov.tw (待更正:218筆，異動:8筆)
07:52:29 機房OP sosop@cwb.gov.tw (待更正:1筆，異動:0筆)
07:52:35 郭奇偉 kiwikuo@cwb.gov.tw (待更正:173筆，異動:0筆)
07:52:37 潘如龍 pan@cwb.gov.tw (待更正:174筆，異動:0筆)
07:52:37 蔡煌濱 hptsai@cwb.gov.tw (待更正:173筆，異動:0筆)
07:52:39 何旭慧 hsuhui@cwb.gov.tw (待更正:107筆，異動:0筆)
07:52:40 吳蕙如 hrwu@cwb.gov.tw (待更正:349筆，異動:0筆)
07:52:41 李奕德 itlee@cwb.gov.tw (待更正:107筆，異動:0筆)
07:52:46 黃俊穎 philhuang@cwb.gov.tw (待更正:107筆，異動:0筆)
2017/09/25 07:53:00(End)-------------------------------------------------------------------

2017/10/02 07:50:00(Begin)------------------------------------------------------------------
07:51:46 完成更新[資料查核]
07:51:49 洪景山 rfs14@cwb.gov.tw (待更正:3筆，異動:0筆)
07:51:50 陳建河 river@cwb.gov.tw (待更正:3筆，異動:0筆)
07:51:51 曾雪卿 tsc@cwb.gov.tw (待更正:13筆，異動:0筆)
07:51:55 鍾燕君 yenchun@cwb.gov.tw (待更正:348筆，異動:0筆)
07:51:56 王琇玄 amywang@cwb.gov.tw (待更正:485筆，異動:85筆)
07:51:57 劉亦容 fo@cwb.gov.tw (待更正:485筆，異動:85筆)
07:51:58 HP人員 hpuser@cwb.gov.tw (待更正:6筆，異動:2筆)
07:51:58 PC人員 chueh@cwb.gov.tw (待更正:32筆，異動:5筆)
07:51:59 唐睿 baron0607@cwb.gov.tw (待更正:161筆，異動:25筆)
07:51:59 曾國棟 tseng@cwb.gov.tw (待更正:56筆，異動:4筆)
07:52:00 黃婉綺 wanchi@cwb.gov.tw (待更正:9筆，異動:10筆)
07:52:01 劉政 lc@cwb.gov.tw (待更正:411筆，異動:0筆)
07:52:01 蔡志揮 taists@cwb.gov.tw (待更正:52筆，異動:0筆)
07:52:02 簡宏霖 hongling@cwb.gov.tw (待更正:1筆，異動:0筆)
07:52:03 莊柏浚 pcchuang@cwb.gov.tw (待更正:3筆，異動:0筆)
07:52:06 王奕紘 wangyihung@cwb.gov.tw (待更正:49筆，異動:1筆)
07:52:07 吳政修 jswu@cwb.gov.tw (待更正:43筆，異動:1筆)
07:52:07 周貞娟 jou@cwb.gov.tw (待更正:1筆，異動:0筆)
07:52:08 林介峰 dan@cwb.gov.tw (待更正:5筆，異動:9筆)
07:52:09 柯惠華 hei_cwb@cwb.gov.tw (待更正:1筆，異動:0筆)
07:52:09 秦照萍 jpc@cwb.gov.tw (待更正:64筆，異動:22筆)
07:52:10 曾怡豪 tyh900@cwb.gov.tw (待更正:7筆，異動:19筆)
07:52:10 趙竑 ZhaoHong@cwb.gov.tw (待更正:5筆，異動:9筆)
07:52:11 蔡伊其 ichi@cwb.gov.tw (待更正:1筆，異動:0筆)
07:52:11 蔡佳學 b891@cwb.gov.tw (待更正:7筆，異動:9筆)
07:52:12 鄭照雄 wtbeer@cwb.gov.tw (待更正:228筆，異動:8筆)
07:52:13 機房OP sosop@cwb.gov.tw (待更正:14筆，異動:0筆)
07:52:13 余承恩 chengen@cwb.gov.tw (待更正:0筆，異動:7筆)
07:52:14 吳俊鋒 vincentwu@cwb.gov.tw (待更正:0筆，異動:1筆)
07:52:14 李宜芳 yvonne@cwb.gov.tw (待更正:0筆，異動:1筆)
07:52:15 李俊樺 jyunhuali@cwb.gov.tw (待更正:0筆，異動:1筆)
07:52:16 胡錦淵 yuan@cwb.gov.tw (待更正:0筆，異動:7筆)
07:52:16 曹富傑 chuck@cwb.gov.tw (待更正:0筆，異動:7筆)
07:52:17 許秀桃 shelly@cwb.gov.tw (待更正:13筆，異動:0筆)
07:52:17 郭奇偉 kiwikuo@cwb.gov.tw (待更正:173筆，異動:7筆)
07:52:18 黃崇益 chungyi.huang@cwb.gov.tw (待更正:0筆，異動:7筆)
07:52:18 劉萬祿 gary@cwb.gov.tw (待更正:0筆，異動:7筆)
07:52:19 潘如龍 pan@cwb.gov.tw (待更正:174筆，異動:7筆)
07:52:19 蔡煌濱 hptsai@cwb.gov.tw (待更正:173筆，異動:7筆)
07:52:20 賴文敏 laiwm@cwb.gov.tw (待更正:0筆，異動:1筆)
07:52:21 何旭慧 hsuhui@cwb.gov.tw (待更正:107筆，異動:0筆)
07:52:22 吳蕙如 hrwu@cwb.gov.tw (待更正:349筆，異動:0筆)
07:52:22 李奕德 itlee@cwb.gov.tw (待更正:107筆，異動:0筆)
07:52:27 黃俊穎 philhuang@cwb.gov.tw (待更正:107筆，異動:0筆)
2017/10/02 07:52:37(End)-------------------------------------------------------------------

2017/10/09 07:50:00(Begin)------------------------------------------------------------------
07:51:35 完成更新[資料查核]
07:51:38 洪景山 rfs14@cwb.gov.tw (待更正:3筆，異動:1筆)
07:51:39 陳建河 river@cwb.gov.tw (待更正:3筆，異動:0筆)
07:51:40 曾雪卿 tsc@cwb.gov.tw (待更正:2筆，異動:0筆)
07:51:44 鍾燕君 yenchun@cwb.gov.tw (待更正:327筆，異動:29筆)
07:51:45 王琇玄 amywang@cwb.gov.tw (待更正:414筆，異動:12筆)
07:51:45 劉亦容 fo@cwb.gov.tw (待更正:414筆，異動:12筆)
07:51:46 HP人員 hpuser@cwb.gov.tw (待更正:9筆，異動:0筆)
07:51:47 PC人員 chueh@cwb.gov.tw (待更正:24筆，異動:13筆)
07:51:47 唐睿 baron0607@cwb.gov.tw (待更正:160筆，異動:16筆)
07:51:48 曾國棟 tseng@cwb.gov.tw (待更正:55筆，異動:0筆)
07:51:48 黃婉綺 wanchi@cwb.gov.tw (待更正:12筆，異動:10筆)
07:51:49 劉政 lc@cwb.gov.tw (待更正:384筆，異動:32筆)
07:51:49 蔡志揮 taists@cwb.gov.tw (待更正:44筆，異動:7筆)
07:51:50 簡宏霖 hongling@cwb.gov.tw (待更正:4筆，異動:0筆)
07:51:50 李珮琳 evalee@cwb.gov.tw (待更正:1筆，異動:0筆)
07:51:51 莊柏浚 pcchuang@cwb.gov.tw (待更正:1筆，異動:2筆)
07:51:51 莊峰銘 fmchuang@cwb.gov.tw (待更正:1筆，異動:0筆)
07:51:52 許美玲 shiu@cwb.gov.tw (待更正:1筆，異動:0筆)
07:51:52 黃秀珍 hsj@cwb.gov.tw (待更正:1筆，異動:0筆)
07:51:53 趙建宣 brady.chao@cwb.gov.tw (待更正:1筆，異動:0筆)
07:51:53 韓承穎 cy_han@cwb.gov.tw (待更正:2筆，異動:1筆)
07:51:54 簡泰滄 ttchien@cwb.gov.tw (待更正:1筆，異動:0筆)
07:51:54 王奕紘 wangyihung@cwb.gov.tw (待更正:62筆，異動:31筆)
07:51:55 吳政修 jswu@cwb.gov.tw (待更正:56筆，異動:31筆)
07:51:55 周貞娟 jou@cwb.gov.tw (待更正:9筆，異動:5筆)
07:51:56 林介峰 dan@cwb.gov.tw (待更正:12筆，異動:44筆)
07:51:56 柯惠華 hei_cwb@cwb.gov.tw (待更正:9筆，異動:5筆)
07:51:57 秦照萍 jpc@cwb.gov.tw (待更正:65筆，異動:60筆)
07:51:57 曾怡豪 tyh900@cwb.gov.tw (待更正:14筆，異動:44筆)
07:51:58 趙竑 ZhaoHong@cwb.gov.tw (待更正:12筆，異動:44筆)
07:51:58 蔡伊其 ichi@cwb.gov.tw (待更正:9筆，異動:5筆)
07:51:59 蔡佳學 b891@cwb.gov.tw (待更正:14筆，異動:44筆)
07:52:00 鄭照雄 wtbeer@cwb.gov.tw (待更正:216筆，異動:124筆)
07:52:00 機房OP sosop@cwb.gov.tw (待更正:11筆，異動:5筆)
07:52:02 吳俊鋒 vincentwu@cwb.gov.tw (待更正:0筆，異動:1筆)
07:52:02 李宜芳 yvonne@cwb.gov.tw (待更正:0筆，異動:1筆)
07:52:03 李俊樺 jyunhuali@cwb.gov.tw (待更正:0筆，異動:1筆)
07:52:04 許秀桃 shelly@cwb.gov.tw (待更正:2筆，異動:0筆)
07:52:05 郭奇偉 kiwikuo@cwb.gov.tw (待更正:159筆，異動:103筆)
07:52:06 潘如龍 pan@cwb.gov.tw (待更正:160筆，異動:103筆)
07:52:07 蔡煌濱 hptsai@cwb.gov.tw (待更正:159筆，異動:103筆)
07:52:07 賴文敏 laiwm@cwb.gov.tw (待更正:0筆，異動:1筆)
07:52:08 何旭慧 hsuhui@cwb.gov.tw (待更正:107筆，異動:6筆)
07:52:09 吳蕙如 hrwu@cwb.gov.tw (待更正:328筆，異動:29筆)
07:52:09 李奕德 itlee@cwb.gov.tw (待更正:107筆，異動:6筆)
07:52:13 黃俊穎 philhuang@cwb.gov.tw (待更正:107筆，異動:6筆)
07:52:20 王惠瑜 rachel@cwb.gov.tw (待更正:5筆，異動:0筆)
07:52:20 周喬隆 ccl@cwb.gov.tw (待更正:5筆，異動:0筆)
07:52:21 張柏洋 lnchang@cwb.gov.tw (待更正:5筆，異動:0筆)
07:52:22 陳昱安 yuan731006@cwb.gov.tw (待更正:5筆，異動:0筆)
07:52:22 湯國輝 gorin@cwb.gov.tw (待更正:5筆，異動:0筆)
07:52:23 黃偉芬 mullysa@cwb.gov.tw (待更正:5筆，異動:0筆)
2017/10/09 07:52:23(End)-------------------------------------------------------------------

2017/10/16 07:50:00(Begin)------------------------------------------------------------------
07:51:30 完成更新[資料查核]
07:51:32 洪景山 rfs14@cwb.gov.tw (待更正:3筆，異動:0筆)
07:51:33 陳建河 river@cwb.gov.tw (待更正:3筆，異動:0筆)
07:51:34 曾雪卿 tsc@cwb.gov.tw (待更正:2筆，異動:0筆)
07:51:37 鍾燕君 yenchun@cwb.gov.tw (待更正:327筆，異動:0筆)
07:51:38 王琇玄 amywang@cwb.gov.tw (待更正:414筆，異動:0筆)
07:51:39 劉亦容 fo@cwb.gov.tw (待更正:414筆，異動:0筆)
07:51:40 HP人員 hpuser@cwb.gov.tw (待更正:6筆，異動:0筆)
07:51:40 PC人員 chueh@cwb.gov.tw (待更正:17筆，異動:0筆)
07:51:41 唐睿 baron0607@cwb.gov.tw (待更正:140筆，異動:93筆)
07:51:41 曾國棟 tseng@cwb.gov.tw (待更正:51筆，異動:0筆)
07:51:41 黃婉綺 wanchi@cwb.gov.tw (待更正:8筆，異動:1筆)
07:51:42 劉政 lc@cwb.gov.tw (待更正:369筆，異動:32筆)
07:51:43 蔡志揮 taists@cwb.gov.tw (待更正:40筆，異動:2筆)
07:51:43 簡宏霖 hongling@cwb.gov.tw (待更正:1筆，異動:0筆)
07:51:46 韓承穎 cy_han@cwb.gov.tw (待更正:1筆，異動:0筆)
07:51:47 王奕紘 wangyihung@cwb.gov.tw (待更正:189筆，異動:220筆)
07:51:47 吳政修 jswu@cwb.gov.tw (待更正:37筆，異動:18筆)
07:51:48 林介峰 dan@cwb.gov.tw (待更正:3筆，異動:0筆)
07:51:49 秦照萍 jpc@cwb.gov.tw (待更正:46筆，異動:24筆)
07:51:50 曾怡豪 tyh900@cwb.gov.tw (待更正:5筆，異動:6筆)
07:51:50 趙竑 ZhaoHong@cwb.gov.tw (待更正:3筆，異動:0筆)
07:51:51 蔡佳學 b891@cwb.gov.tw (待更正:5筆，異動:0筆)
07:51:52 鄭照雄 wtbeer@cwb.gov.tw (待更正:185筆，異動:220筆)
07:51:52 機房OP sosop@cwb.gov.tw (待更正:2筆，異動:0筆)
07:51:55 許秀桃 shelly@cwb.gov.tw (待更正:2筆，異動:0筆)
07:51:56 郭奇偉 kiwikuo@cwb.gov.tw (待更正:146筆，異動:202筆)
07:51:57 潘如龍 pan@cwb.gov.tw (待更正:147筆，異動:202筆)
07:51:58 蔡煌濱 hptsai@cwb.gov.tw (待更正:146筆，異動:202筆)
07:51:59 何旭慧 hsuhui@cwb.gov.tw (待更正:95筆，異動:68筆)
07:52:00 吳蕙如 hrwu@cwb.gov.tw (待更正:328筆，異動:0筆)
07:52:00 李奕德 itlee@cwb.gov.tw (待更正:95筆，異動:68筆)
07:52:04 黃俊穎 philhuang@cwb.gov.tw (待更正:95筆，異動:68筆)
2017/10/16 07:52:13(End)-------------------------------------------------------------------

2017/10/23 07:50:00(Begin)------------------------------------------------------------------
07:51:45 完成更新[資料查核]
07:51:47 洪景山 rfs14@cwb.gov.tw (待更正:3筆，異動:1筆)
07:51:48 陳建河 river@cwb.gov.tw (待更正:3筆，異動:0筆)
07:51:49 曾雪卿 tsc@cwb.gov.tw (待更正:1筆，異動:0筆)
07:51:52 鍾燕君 yenchun@cwb.gov.tw (待更正:327筆，異動:0筆)
07:51:53 王琇玄 amywang@cwb.gov.tw (待更正:421筆，異動:0筆)
07:51:54 劉亦容 fo@cwb.gov.tw (待更正:421筆，異動:0筆)
07:51:54 HP人員 hpuser@cwb.gov.tw (待更正:6筆，異動:0筆)
07:51:55 PC人員 chueh@cwb.gov.tw (待更正:13筆，異動:12筆)
07:51:55 唐睿 baron0607@cwb.gov.tw (待更正:139筆，異動:13筆)
07:51:56 黃婉綺 wanchi@cwb.gov.tw (待更正:8筆，異動:8筆)
07:51:56 劉政 lc@cwb.gov.tw (待更正:368筆，異動:2筆)
07:51:57 蔡志揮 taists@cwb.gov.tw (待更正:40筆，異動:2筆)
07:51:57 簡宏霖 hongling@cwb.gov.tw (待更正:1筆，異動:0筆)
07:52:00 韓承穎 cy_han@cwb.gov.tw (待更正:0筆，異動:10筆)
07:52:01 王奕紘 wangyihung@cwb.gov.tw (待更正:42筆，異動:0筆)
07:52:02 吳政修 jswu@cwb.gov.tw (待更正:36筆，異動:0筆)
07:52:03 林介峰 dan@cwb.gov.tw (待更正:3筆，異動:0筆)
07:52:04 秦照萍 jpc@cwb.gov.tw (待更正:44筆，異動:2筆)
07:52:04 曾怡豪 tyh900@cwb.gov.tw (待更正:5筆，異動:2筆)
07:52:05 趙竑 ZhaoHong@cwb.gov.tw (待更正:3筆，異動:0筆)
07:52:06 蔡佳學 b891@cwb.gov.tw (待更正:5筆，異動:0筆)
07:52:06 鄭照雄 wtbeer@cwb.gov.tw (待更正:180筆，異動:40筆)
07:52:07 機房OP sosop@cwb.gov.tw (待更正:1筆，異動:0筆)
07:52:08 余承恩 chengen@cwb.gov.tw (待更正:0筆，異動:2筆)
07:52:09 胡錦淵 yuan@cwb.gov.tw (待更正:0筆，異動:2筆)
07:52:10 曹富傑 chuck@cwb.gov.tw (待更正:0筆，異動:2筆)
07:52:10 許秀桃 shelly@cwb.gov.tw (待更正:1筆，異動:0筆)
07:52:11 郭奇偉 kiwikuo@cwb.gov.tw (待更正:143筆，異動:40筆)
07:52:11 黃崇益 chungyi.huang@cwb.gov.tw (待更正:0筆，異動:2筆)
07:52:12 劉萬祿 gary@cwb.gov.tw (待更正:0筆，異動:2筆)
07:52:12 潘如龍 pan@cwb.gov.tw (待更正:144筆，異動:40筆)
07:52:13 蔡煌濱 hptsai@cwb.gov.tw (待更正:143筆，異動:40筆)
07:52:14 何旭慧 hsuhui@cwb.gov.tw (待更正:95筆，異動:0筆)
07:52:14 何傳忠 monnan@cwb.gov.tw (待更正:0筆，異動:2筆)
07:52:15 吳蕙如 hrwu@cwb.gov.tw (待更正:328筆，異動:0筆)
07:52:16 李奕德 itlee@cwb.gov.tw (待更正:95筆，異動:0筆)
07:52:18 許喬祺 b879@cwb.gov.tw (待更正:0筆，異動:2筆)
07:52:18 陳柏榮 fajan09@cwb.gov.tw (待更正:0筆，異動:2筆)
07:52:19 黃俊穎 philhuang@cwb.gov.tw (待更正:95筆，異動:0筆)
07:52:22 陳白榆 elmy926@cwb.gov.tw (待更正:0筆，異動:1筆)
2017/10/23 07:52:28(End)-------------------------------------------------------------------

2017/10/30 07:50:01(Begin)------------------------------------------------------------------
07:51:49 完成更新[資料查核]
07:51:51 洪景山 rfs14@cwb.gov.tw (待更正:2筆，異動:1筆)
07:51:53 陳建河 river@cwb.gov.tw (待更正:3筆，異動:0筆)
07:51:59 鍾燕君 yenchun@cwb.gov.tw (待更正:315筆，異動:12筆)
07:52:00 王琇玄 amywang@cwb.gov.tw (待更正:421筆，異動:6筆)
07:52:02 劉亦容 fo@cwb.gov.tw (待更正:421筆，異動:6筆)
07:52:02 HP人員 hpuser@cwb.gov.tw (待更正:6筆，異動:0筆)
07:52:03 PC人員 chueh@cwb.gov.tw (待更正:12筆，異動:28筆)
07:52:04 唐睿 baron0607@cwb.gov.tw (待更正:139筆，異動:20筆)
07:52:04 黃婉綺 wanchi@cwb.gov.tw (待更正:8筆，異動:5筆)
07:52:05 劉政 lc@cwb.gov.tw (待更正:355筆，異動:13筆)
07:52:06 蔡志揮 taists@cwb.gov.tw (待更正:40筆，異動:6筆)
07:52:07 簡宏霖 hongling@cwb.gov.tw (待更正:1筆，異動:0筆)
07:52:10 黃秀珍 hsj@cwb.gov.tw (待更正:0筆，異動:2筆)
07:52:11 韓承穎 cy_han@cwb.gov.tw (待更正:0筆，異動:2筆)
07:52:12 簡泰滄 ttchien@cwb.gov.tw (待更正:0筆，異動:2筆)
07:52:13 王奕紘 wangyihung@cwb.gov.tw (待更正:36筆，異動:72筆)
07:52:13 吳政修 jswu@cwb.gov.tw (待更正:36筆，異動:33筆)
07:52:15 林介峰 dan@cwb.gov.tw (待更正:4筆，異動:1筆)
07:52:16 秦照萍 jpc@cwb.gov.tw (待更正:44筆，異動:34筆)
07:52:17 曾怡豪 tyh900@cwb.gov.tw (待更正:6筆，異動:1筆)
07:52:17 趙竑 ZhaoHong@cwb.gov.tw (待更正:10筆，異動:1筆)
07:52:19 蔡佳學 b891@cwb.gov.tw (待更正:6筆，異動:2筆)
07:52:19 鄭照雄 wtbeer@cwb.gov.tw (待更正:147筆，異動:50筆)
07:52:21 余承恩 chengen@cwb.gov.tw (待更正:0筆，異動:2筆)
07:52:24 胡錦淵 yuan@cwb.gov.tw (待更正:0筆，異動:2筆)
07:52:24 曹富傑 chuck@cwb.gov.tw (待更正:0筆，異動:2筆)
07:52:25 許秀桃 shelly@cwb.gov.tw (待更正:0筆，異動:1筆)
07:52:26 郭奇偉 kiwikuo@cwb.gov.tw (待更正:111筆，異動:20筆)
07:52:27 黃崇益 chungyi.huang@cwb.gov.tw (待更正:0筆，異動:2筆)
07:52:27 劉萬祿 gary@cwb.gov.tw (待更正:0筆，異動:2筆)
07:52:28 潘如龍 pan@cwb.gov.tw (待更正:112筆，異動:18筆)
07:52:29 蔡煌濱 hptsai@cwb.gov.tw (待更正:111筆，異動:20筆)
07:52:30 何旭慧 hsuhui@cwb.gov.tw (待更正:95筆，異動:0筆)
07:52:32 吳蕙如 hrwu@cwb.gov.tw (待更正:316筆，異動:12筆)
07:52:33 李奕德 itlee@cwb.gov.tw (待更正:95筆，異動:0筆)
07:52:37 黃俊穎 philhuang@cwb.gov.tw (待更正:95筆，異動:0筆)
2017/10/30 07:52:50(End)-------------------------------------------------------------------

2017/11/06 07:50:01(Begin)------------------------------------------------------------------
07:51:53 完成更新[資料查核]
07:51:57 洪景山 rfs14@cwb.gov.tw (待更正:1筆，異動:1筆)
07:52:00 陳建河 river@cwb.gov.tw (待更正:3筆，異動:0筆)
07:52:11 鍾燕君 yenchun@cwb.gov.tw (待更正:315筆，異動:0筆)
07:52:13 王琇玄 amywang@cwb.gov.tw (待更正:424筆，異動:7筆)
07:52:15 劉亦容 fo@cwb.gov.tw (待更正:424筆，異動:7筆)
07:52:16 HP人員 hpuser@cwb.gov.tw (待更正:6筆，異動:0筆)
07:52:17 PC人員 chueh@cwb.gov.tw (待更正:15筆，異動:5筆)
07:52:19 唐睿 baron0607@cwb.gov.tw (待更正:142筆，異動:13筆)
07:52:20 黃婉綺 wanchi@cwb.gov.tw (待更正:8筆，異動:7筆)
07:52:21 劉政 lc@cwb.gov.tw (待更正:352筆，異動:5筆)
07:52:22 蔡志揮 taists@cwb.gov.tw (待更正:44筆，異動:5筆)
07:52:31 吳政修 jswu@cwb.gov.tw (待更正:72筆，異動:49筆)
07:52:32 周貞娟 jou@cwb.gov.tw (待更正:1筆，異動:0筆)
07:52:33 林介峰 dan@cwb.gov.tw (待更正:6筆，異動:0筆)
07:52:34 柯惠華 hei_cwb@cwb.gov.tw (待更正:1筆，異動:0筆)
07:52:35 秦照萍 jpc@cwb.gov.tw (待更正:80筆，異動:49筆)
07:52:37 曾怡豪 tyh900@cwb.gov.tw (待更正:8筆，異動:0筆)
07:52:38 趙竑 ZhaoHong@cwb.gov.tw (待更正:82筆，異動:49筆)
07:52:39 蔡伊其 ichi@cwb.gov.tw (待更正:1筆，異動:0筆)
07:52:40 蔡佳學 b891@cwb.gov.tw (待更正:8筆，異動:0筆)
07:52:41 鄭照雄 wtbeer@cwb.gov.tw (待更正:72筆，異動:49筆)
07:52:42 機房OP sosop@cwb.gov.tw (待更正:1筆，異動:0筆)
07:52:45 余承恩 chengen@cwb.gov.tw (待更正:0筆，異動:253筆)
07:52:46 吳俊鋒 vincentwu@cwb.gov.tw (待更正:0筆，異動:1筆)
07:52:47 李宜芳 yvonne@cwb.gov.tw (待更正:0筆，異動:1筆)
07:52:48 李俊樺 jyunhuali@cwb.gov.tw (待更正:0筆，異動:1筆)
07:52:49 胡錦淵 yuan@cwb.gov.tw (待更正:0筆，異動:253筆)
07:52:50 曹富傑 chuck@cwb.gov.tw (待更正:0筆，異動:253筆)
07:52:52 郭奇偉 kiwikuo@cwb.gov.tw (待更正:111筆，異動:6筆)
07:52:53 黃崇益 chungyi.huang@cwb.gov.tw (待更正:0筆，異動:253筆)
07:52:54 劉萬祿 gary@cwb.gov.tw (待更正:0筆，異動:253筆)
07:52:56 潘如龍 pan@cwb.gov.tw (待更正:112筆，異動:6筆)
07:52:56 蔡煌濱 hptsai@cwb.gov.tw (待更正:111筆，異動:6筆)
07:52:58 賴文敏 laiwm@cwb.gov.tw (待更正:0筆，異動:1筆)
07:52:59 何旭慧 hsuhui@cwb.gov.tw (待更正:95筆，異動:0筆)
07:53:01 吳蕙如 hrwu@cwb.gov.tw (待更正:316筆，異動:0筆)
07:53:02 李奕德 itlee@cwb.gov.tw (待更正:95筆，異動:0筆)
07:53:10 黃俊穎 philhuang@cwb.gov.tw (待更正:95筆，異動:0筆)
2017/11/06 07:53:31(End)-------------------------------------------------------------------

2017/11/13 07:50:00(Begin)------------------------------------------------------------------
07:51:30 完成更新[資料查核]
07:51:36 洪景山 rfs14@cwb.gov.tw (待更正:1筆，異動:0筆)
07:51:40 陳建河 river@cwb.gov.tw (待更正:3筆，異動:0筆)
07:51:55 鍾燕君 yenchun@cwb.gov.tw (待更正:273筆，異動:42筆)
07:51:58 王琇玄 amywang@cwb.gov.tw (待更正:424筆，異動:0筆)
07:52:01 劉亦容 fo@cwb.gov.tw (待更正:424筆，異動:0筆)
07:52:03 HP人員 hpuser@cwb.gov.tw (待更正:6筆，異動:1筆)
07:52:05 PC人員 chueh@cwb.gov.tw (待更正:12筆，異動:19筆)
07:52:07 李柏鋒 c076@cwb.gov.tw (待更正:1筆，異動:1筆)
07:52:08 唐睿 baron0607@cwb.gov.tw (待更正:142筆，異動:1筆)
07:52:10 張嘉宏 pizza@cwb.gov.tw (待更正:1筆，異動:1筆)
07:52:11 黃婉綺 wanchi@cwb.gov.tw (待更正:8筆，異動:5筆)
07:52:13 劉政 lc@cwb.gov.tw (待更正:310筆，異動:48筆)
07:52:15 蔡志揮 taists@cwb.gov.tw (待更正:44筆，異動:1筆)
07:52:17 李珮琳 evalee@cwb.gov.tw (待更正:0筆，異動:1筆)
07:52:30 吳政修 jswu@cwb.gov.tw (待更正:25筆，異動:37筆)
07:52:33 林介峰 dan@cwb.gov.tw (待更正:3筆，異動:8筆)
07:52:36 秦照萍 jpc@cwb.gov.tw (待更正:30筆，異動:36筆)
07:52:39 曾怡豪 tyh900@cwb.gov.tw (待更正:5筆，異動:8筆)
07:52:40 趙竑 ZhaoHong@cwb.gov.tw (待更正:34筆，異動:86筆)
07:52:43 蔡佳學 b891@cwb.gov.tw (待更正:4筆，異動:9筆)
07:52:45 鄭照雄 wtbeer@cwb.gov.tw (待更正:25筆，異動:37筆)
07:52:50 吳俊鋒 vincentwu@cwb.gov.tw (待更正:0筆，異動:1筆)
07:52:52 李宜芳 yvonne@cwb.gov.tw (待更正:0筆，異動:1筆)
07:52:53 李俊樺 jyunhuali@cwb.gov.tw (待更正:0筆，異動:1筆)
07:52:59 郭奇偉 kiwikuo@cwb.gov.tw (待更正:111筆，異動:12筆)
07:53:03 潘如龍 pan@cwb.gov.tw (待更正:112筆，異動:12筆)
07:53:05 蔡煌濱 hptsai@cwb.gov.tw (待更正:111筆，異動:12筆)
07:53:06 賴文敏 laiwm@cwb.gov.tw (待更正:0筆，異動:1筆)
07:53:08 何旭慧 hsuhui@cwb.gov.tw (待更正:95筆，異動:0筆)
07:53:11 吳蕙如 hrwu@cwb.gov.tw (待更正:274筆，異動:42筆)
07:53:13 李奕德 itlee@cwb.gov.tw (待更正:95筆，異動:0筆)
07:53:25 黃俊穎 philhuang@cwb.gov.tw (待更正:95筆，異動:0筆)
07:53:57 湯國輝 gorin@cwb.gov.tw (待更正:0筆，異動:2筆)
07:53:59 黃偉芬 mullysa@cwb.gov.tw (待更正:0筆，異動:2筆)
2017/11/13 07:53:59(End)-------------------------------------------------------------------

2017/11/20 07:50:00(Begin)------------------------------------------------------------------
07:51:27 完成更新[資料查核]
07:51:29 洪景山 rfs14@cwb.gov.tw (待更正:1筆，異動:0筆)
07:51:31 陳建河 river@cwb.gov.tw (待更正:3筆，異動:0筆)
07:51:36 鍾燕君 yenchun@cwb.gov.tw (待更正:209筆，異動:81筆)
07:51:36 王琇玄 amywang@cwb.gov.tw (待更正:426筆，異動:0筆)
07:51:37 劉亦容 fo@cwb.gov.tw (待更正:426筆，異動:0筆)
07:51:38 HP人員 hpuser@cwb.gov.tw (待更正:6筆，異動:0筆)
07:51:38 PC人員 chueh@cwb.gov.tw (待更正:6筆，異動:22筆)
07:51:39 李柏鋒 c076@cwb.gov.tw (待更正:1筆，異動:1筆)
07:51:40 唐睿 baron0607@cwb.gov.tw (待更正:47筆，異動:4筆)
07:51:40 張嘉宏 pizza@cwb.gov.tw (待更正:1筆，異動:0筆)
07:51:41 黃婉綺 wanchi@cwb.gov.tw (待更正:8筆，異動:1筆)
07:51:41 劉政 lc@cwb.gov.tw (待更正:246筆，異動:81筆)
07:51:42 蔡志揮 taists@cwb.gov.tw (待更正:44筆，異動:1筆)
07:51:43 莊柏浚 pcchuang@cwb.gov.tw (待更正:0筆，異動:3筆)
07:51:44 莊峰銘 fmchuang@cwb.gov.tw (待更正:0筆，異動:2筆)
07:51:47 吳政修 jswu@cwb.gov.tw (待更正:25筆，異動:8筆)
07:51:47 周貞娟 jou@cwb.gov.tw (待更正:0筆，異動:5筆)
07:51:48 林介峰 dan@cwb.gov.tw (待更正:0筆，異動:8筆)
07:51:48 柯惠華 hei_cwb@cwb.gov.tw (待更正:0筆，異動:5筆)
07:51:49 秦照萍 jpc@cwb.gov.tw (待更正:27筆，異動:11筆)
07:51:49 郭思辰 szuchen@cwb.gov.tw (待更正:0筆，異動:5筆)
07:51:50 曾怡豪 tyh900@cwb.gov.tw (待更正:2筆，異動:8筆)
07:51:50 趙竑 ZhaoHong@cwb.gov.tw (待更正:25筆，異動:14筆)
07:51:50 蔡伊其 ichi@cwb.gov.tw (待更正:0筆，異動:5筆)
07:51:51 蔡佳學 b891@cwb.gov.tw (待更正:1筆，異動:8筆)
07:51:52 鄭照雄 wtbeer@cwb.gov.tw (待更正:25筆，異動:8筆)
07:51:52 機房OP sosop@cwb.gov.tw (待更正:0筆，異動:5筆)
07:51:53 余承恩 chengen@cwb.gov.tw (待更正:0筆，異動:1筆)
07:51:55 胡錦淵 yuan@cwb.gov.tw (待更正:0筆，異動:1筆)
07:51:56 曹富傑 chuck@cwb.gov.tw (待更正:0筆，異動:1筆)
07:51:57 郭奇偉 kiwikuo@cwb.gov.tw (待更正:111筆，異動:1筆)
07:51:58 黃崇益 chungyi.huang@cwb.gov.tw (待更正:0筆，異動:1筆)
07:51:58 劉萬祿 gary@cwb.gov.tw (待更正:0筆，異動:2筆)
07:51:59 潘如龍 pan@cwb.gov.tw (待更正:112筆，異動:1筆)
07:51:59 蔡煌濱 hptsai@cwb.gov.tw (待更正:111筆，異動:1筆)
07:52:00 何旭慧 hsuhui@cwb.gov.tw (待更正:95筆，異動:0筆)
07:52:01 吳蕙如 hrwu@cwb.gov.tw (待更正:210筆，異動:81筆)
07:52:02 李奕德 itlee@cwb.gov.tw (待更正:95筆，異動:0筆)
07:52:07 黃俊穎 philhuang@cwb.gov.tw (待更正:95筆，異動:0筆)
2017/11/20 07:52:19(End)-------------------------------------------------------------------

2017/11/27 07:50:00(Begin)------------------------------------------------------------------
07:51:25 完成更新[資料查核]
07:51:27 洪景山 rfs14@cwb.gov.tw (待更正:1筆，異動:1筆)
07:51:29 陳建河 river@cwb.gov.tw (待更正:3筆，異動:0筆)
07:51:31 程家平 olga@cwb.gov.tw (待更正:0筆，異動:3筆)
07:51:35 鍾燕君 yenchun@cwb.gov.tw (待更正:191筆，異動:48筆)
07:51:36 王琇玄 amywang@cwb.gov.tw (待更正:423筆，異動:94筆)
07:51:37 劉亦容 fo@cwb.gov.tw (待更正:423筆，異動:94筆)
07:51:37 HP人員 hpuser@cwb.gov.tw (待更正:6筆，異動:0筆)
07:51:38 PC人員 chueh@cwb.gov.tw (待更正:6筆，異動:4筆)
07:51:38 李柏鋒 c076@cwb.gov.tw (待更正:1筆，異動:0筆)
07:51:39 唐睿 baron0607@cwb.gov.tw (待更正:63筆，異動:14筆)
07:51:40 張嘉宏 pizza@cwb.gov.tw (待更正:1筆，異動:0筆)
07:51:40 黃婉綺 wanchi@cwb.gov.tw (待更正:8筆，異動:0筆)
07:51:41 劉政 lc@cwb.gov.tw (待更正:228筆，異動:48筆)
07:51:42 蔡志揮 taists@cwb.gov.tw (待更正:46筆，異動:0筆)
07:51:47 吳政修 jswu@cwb.gov.tw (待更正:12筆，異動:0筆)
07:51:49 秦照萍 jpc@cwb.gov.tw (待更正:14筆，異動:0筆)
07:51:51 曾怡豪 tyh900@cwb.gov.tw (待更正:2筆，異動:0筆)
07:51:51 趙竑 ZhaoHong@cwb.gov.tw (待更正:12筆，異動:0筆)
07:51:53 蔡佳學 b891@cwb.gov.tw (待更正:1筆，異動:0筆)
07:51:53 鄭照雄 wtbeer@cwb.gov.tw (待更正:12筆，異動:0筆)
07:51:55 余承恩 chengen@cwb.gov.tw (待更正:0筆，異動:39筆)
07:51:57 胡錦淵 yuan@cwb.gov.tw (待更正:0筆，異動:39筆)
07:51:58 曹富傑 chuck@cwb.gov.tw (待更正:0筆，異動:39筆)
07:51:59 郭奇偉 kiwikuo@cwb.gov.tw (待更正:116筆，異動:14筆)
07:52:00 黃崇益 chungyi.huang@cwb.gov.tw (待更正:0筆，異動:39筆)
07:52:00 劉萬祿 gary@cwb.gov.tw (待更正:0筆，異動:39筆)
07:52:01 潘如龍 pan@cwb.gov.tw (待更正:117筆，異動:14筆)
07:52:02 蔡煌濱 hptsai@cwb.gov.tw (待更正:116筆，異動:14筆)
07:52:03 何旭慧 hsuhui@cwb.gov.tw (待更正:95筆，異動:0筆)
07:52:05 吳蕙如 hrwu@cwb.gov.tw (待更正:192筆，異動:48筆)
07:52:05 李奕德 itlee@cwb.gov.tw (待更正:95筆，異動:0筆)
07:52:10 黃俊穎 philhuang@cwb.gov.tw (待更正:95筆，異動:0筆)
07:52:21 黃偉芬 mullysa@cwb.gov.tw (待更正:0筆，異動:1筆)
2017/11/27 07:52:21(End)-------------------------------------------------------------------

2017/12/04 07:50:00(Begin)------------------------------------------------------------------
07:51:19 完成更新[資料查核]
07:51:21 洪景山 rfs14@cwb.gov.tw (待更正:1筆，異動:0筆)
07:51:23 陳建河 river@cwb.gov.tw (待更正:3筆，異動:0筆)
07:51:28 鍾燕君 yenchun@cwb.gov.tw (待更正:193筆，異動:5筆)
07:51:29 王琇玄 amywang@cwb.gov.tw (待更正:412筆，異動:71筆)
07:51:30 劉亦容 fo@cwb.gov.tw (待更正:412筆，異動:71筆)
07:51:30 HP人員 hpuser@cwb.gov.tw (待更正:6筆，異動:53筆)
07:51:31 PC人員 chueh@cwb.gov.tw (待更正:6筆，異動:72筆)
07:51:31 李柏鋒 c076@cwb.gov.tw (待更正:1筆，異動:53筆)
07:51:32 唐睿 baron0607@cwb.gov.tw (待更正:63筆，異動:71筆)
07:51:33 張嘉宏 pizza@cwb.gov.tw (待更正:1筆，異動:53筆)
07:51:33 黃婉綺 wanchi@cwb.gov.tw (待更正:8筆，異動:128筆)
07:51:34 劉政 lc@cwb.gov.tw (待更正:230筆，異動:65筆)
07:51:34 蔡志揮 taists@cwb.gov.tw (待更正:42筆，異動:79筆)
07:51:35 李珮琳 evalee@cwb.gov.tw (待更正:0筆，異動:1筆)
07:51:36 莊峰銘 fmchuang@cwb.gov.tw (待更正:0筆，異動:24筆)
07:51:36 許美玲 shiu@cwb.gov.tw (待更正:0筆，異動:1筆)
07:51:37 黃秀珍 hsj@cwb.gov.tw (待更正:0筆，異動:11筆)
07:51:37 趙建宣 brady.chao@cwb.gov.tw (待更正:0筆，異動:1筆)
07:51:38 韓承穎 cy_han@cwb.gov.tw (待更正:0筆，異動:37筆)
07:51:39 吳政修 jswu@cwb.gov.tw (待更正:12筆，異動:40筆)
07:51:41 林介峰 dan@cwb.gov.tw (待更正:3筆，異動:84筆)
07:51:41 柯惠華 hei_cwb@cwb.gov.tw (待更正:0筆，異動:9筆)
07:51:42 秦照萍 jpc@cwb.gov.tw (待更正:17筆，異動:115筆)
07:51:43 曾怡豪 tyh900@cwb.gov.tw (待更正:5筆，異動:85筆)
07:51:44 趙竑 ZhaoHong@cwb.gov.tw (待更正:15筆，異動:124筆)
07:51:45 蔡佳學 b891@cwb.gov.tw (待更正:4筆，異動:84筆)
07:51:46 鄭照雄 wtbeer@cwb.gov.tw (待更正:12筆，異動:31筆)
07:51:48 余承恩 chengen@cwb.gov.tw (待更正:0筆，異動:4筆)
07:51:50 胡錦淵 yuan@cwb.gov.tw (待更正:0筆，異動:4筆)
07:51:51 曹富傑 chuck@cwb.gov.tw (待更正:0筆，異動:4筆)
07:51:52 郭奇偉 kiwikuo@cwb.gov.tw (待更正:111筆，異動:11筆)
07:51:53 黃崇益 chungyi.huang@cwb.gov.tw (待更正:0筆，異動:4筆)
07:51:53 劉萬祿 gary@cwb.gov.tw (待更正:0筆，異動:4筆)
07:51:54 潘如龍 pan@cwb.gov.tw (待更正:112筆，異動:11筆)
07:51:55 蔡煌濱 hptsai@cwb.gov.tw (待更正:111筆，異動:11筆)
07:51:55 賴文敏 laiwm@cwb.gov.tw (待更正:0筆，異動:1筆)
07:51:56 何旭慧 hsuhui@cwb.gov.tw (待更正:95筆，異動:0筆)
07:51:57 何傳忠 monnan@cwb.gov.tw (待更正:0筆，異動:5筆)
07:51:57 吳蕙如 hrwu@cwb.gov.tw (待更正:194筆，異動:5筆)
07:51:58 李奕德 itlee@cwb.gov.tw (待更正:95筆，異動:0筆)
07:51:59 李香蘭 gfs5@cwb.gov.tw (待更正:0筆，異動:5筆)
07:51:59 李淑玲 shanti@cwb.gov.tw (待更正:0筆，異動:3筆)
07:52:00 林庭毅 tingyi@cwb.gov.tw (待更正:0筆，異動:3筆)
07:52:02 陳柏榮 fajan09@cwb.gov.tw (待更正:0筆，異動:5筆)
07:52:02 陳婉瑜 carinchen@cwb.gov.tw (待更正:0筆，異動:3筆)
07:52:03 黃俊穎 philhuang@cwb.gov.tw (待更正:95筆，異動:0筆)
07:52:04 江晉孝 chiangch@cwb.gov.tw (待更正:0筆，異動:7筆)
07:52:07 邵彥銘 benjamin1023@cwb.gov.tw (待更正:0筆，異動:7筆)
07:52:13 謝佳宏 guaiss@cwb.gov.tw (待更正:0筆，異動:2筆)
07:52:16 湯國輝 gorin@cwb.gov.tw (待更正:0筆，異動:1筆)
2017/12/04 07:52:17(End)-------------------------------------------------------------------

2017/12/11 07:50:00(Begin)------------------------------------------------------------------
07:51:15 完成更新[資料查核]
07:51:17 洪景山 rfs14@cwb.gov.tw (待更正:1筆，異動:0筆)
07:51:18 陳建河 river@cwb.gov.tw (待更正:3筆，異動:0筆)
07:51:23 鍾燕君 yenchun@cwb.gov.tw (待更正:222筆，異動:49筆)
07:51:24 王琇玄 amywang@cwb.gov.tw (待更正:412筆，異動:0筆)
07:51:25 劉亦容 fo@cwb.gov.tw (待更正:412筆，異動:0筆)
07:51:25 HP人員 hpuser@cwb.gov.tw (待更正:6筆，異動:0筆)
07:51:26 PC人員 chueh@cwb.gov.tw (待更正:6筆，異動:1筆)
07:51:26 李柏鋒 c076@cwb.gov.tw (待更正:1筆，異動:0筆)
07:51:27 唐睿 baron0607@cwb.gov.tw (待更正:59筆，異動:9筆)
07:51:27 張嘉宏 pizza@cwb.gov.tw (待更正:1筆，異動:0筆)
07:51:27 黃婉綺 wanchi@cwb.gov.tw (待更正:8筆，異動:0筆)
07:51:28 劉政 lc@cwb.gov.tw (待更正:259筆，異動:49筆)
07:51:28 蔡志揮 taists@cwb.gov.tw (待更正:42筆，異動:2筆)
07:51:30 莊峰銘 fmchuang@cwb.gov.tw (待更正:0筆，異動:8筆)
07:51:31 黃秀珍 hsj@cwb.gov.tw (待更正:0筆，異動:8筆)
07:51:32 韓承穎 cy_han@cwb.gov.tw (待更正:0筆，異動:16筆)
07:51:33 吳政修 jswu@cwb.gov.tw (待更正:12筆，異動:1筆)
07:51:33 林介峰 dan@cwb.gov.tw (待更正:3筆，異動:3筆)
07:51:34 秦照萍 jpc@cwb.gov.tw (待更正:17筆，異動:4筆)
07:51:35 曾怡豪 tyh900@cwb.gov.tw (待更正:5筆，異動:3筆)
07:51:36 趙竑 ZhaoHong@cwb.gov.tw (待更正:15筆，異動:4筆)
07:51:37 蔡佳學 b891@cwb.gov.tw (待更正:4筆，異動:3筆)
07:51:37 鄭照雄 wtbeer@cwb.gov.tw (待更正:12筆，異動:1筆)
07:51:39 余承恩 chengen@cwb.gov.tw (待更正:0筆，異動:3筆)
07:51:41 胡錦淵 yuan@cwb.gov.tw (待更正:0筆，異動:3筆)
07:51:42 曹富傑 chuck@cwb.gov.tw (待更正:0筆，異動:3筆)
07:51:43 郭奇偉 kiwikuo@cwb.gov.tw (待更正:107筆，異動:0筆)
07:51:43 黃崇益 chungyi.huang@cwb.gov.tw (待更正:0筆，異動:3筆)
07:51:44 劉萬祿 gary@cwb.gov.tw (待更正:0筆，異動:3筆)
07:51:44 潘如龍 pan@cwb.gov.tw (待更正:108筆，異動:0筆)
07:51:45 蔡煌濱 hptsai@cwb.gov.tw (待更正:107筆，異動:0筆)
07:51:46 何旭慧 hsuhui@cwb.gov.tw (待更正:95筆，異動:0筆)
07:51:47 吳蕙如 hrwu@cwb.gov.tw (待更正:223筆，異動:49筆)
07:51:48 李奕德 itlee@cwb.gov.tw (待更正:95筆，異動:0筆)
07:51:49 李淑玲 shanti@cwb.gov.tw (待更正:0筆，異動:4筆)
07:51:49 林庭毅 tingyi@cwb.gov.tw (待更正:0筆，異動:4筆)
07:51:51 陳婉瑜 carinchen@cwb.gov.tw (待更正:0筆，異動:4筆)
07:51:52 黃俊穎 philhuang@cwb.gov.tw (待更正:95筆，異動:0筆)
2017/12/11 07:52:03(End)-------------------------------------------------------------------

2017/12/18 07:50:00(Begin)------------------------------------------------------------------
07:51:32 完成更新[資料查核]
07:51:34 洪景山 rfs14@cwb.gov.tw (待更正:1筆，異動:0筆)
07:51:36 陳建河 river@cwb.gov.tw (待更正:3筆，異動:0筆)
07:51:41 鍾燕君 yenchun@cwb.gov.tw (待更正:55筆，異動:38筆)
07:51:42 王琇玄 amywang@cwb.gov.tw (待更正:425筆，異動:0筆)
07:51:43 吳石吉 rfs12@cwb.gov.tw (待更正:0筆，異動:1筆)
07:51:43 劉亦容 fo@cwb.gov.tw (待更正:425筆，異動:0筆)
07:51:44 HP人員 hpuser@cwb.gov.tw (待更正:6筆，異動:0筆)
07:51:44 PC人員 chueh@cwb.gov.tw (待更正:6筆，異動:4筆)
07:51:45 李柏鋒 c076@cwb.gov.tw (待更正:1筆，異動:0筆)
07:51:45 唐睿 baron0607@cwb.gov.tw (待更正:59筆，異動:0筆)
07:51:46 張嘉宏 pizza@cwb.gov.tw (待更正:1筆，異動:0筆)
07:51:47 黃婉綺 wanchi@cwb.gov.tw (待更正:8筆，異動:0筆)
07:51:47 劉政 lc@cwb.gov.tw (待更正:92筆，異動:38筆)
07:51:48 蔡志揮 taists@cwb.gov.tw (待更正:42筆，異動:0筆)
07:51:52 吳政修 jswu@cwb.gov.tw (待更正:12筆，異動:0筆)
07:51:53 林介峰 dan@cwb.gov.tw (待更正:6筆，異動:33筆)
07:51:54 秦照萍 jpc@cwb.gov.tw (待更正:20筆，異動:33筆)
07:51:55 曾怡豪 tyh900@cwb.gov.tw (待更正:8筆，異動:33筆)
07:51:56 趙竑 ZhaoHong@cwb.gov.tw (待更正:18筆，異動:33筆)
07:51:57 蔡佳學 b891@cwb.gov.tw (待更正:7筆，異動:33筆)
07:51:57 鄭照雄 wtbeer@cwb.gov.tw (待更正:12筆，異動:0筆)
07:52:02 郭奇偉 kiwikuo@cwb.gov.tw (待更正:106筆，異動:0筆)
07:52:04 潘如龍 pan@cwb.gov.tw (待更正:107筆，異動:0筆)
07:52:04 蔡煌濱 hptsai@cwb.gov.tw (待更正:106筆，異動:0筆)
07:52:06 何旭慧 hsuhui@cwb.gov.tw (待更正:95筆，異動:0筆)
07:52:07 吳蕙如 hrwu@cwb.gov.tw (待更正:56筆，異動:38筆)
07:52:08 李奕德 itlee@cwb.gov.tw (待更正:95筆，異動:0筆)
07:52:12 黃俊穎 philhuang@cwb.gov.tw (待更正:95筆，異動:0筆)
2017/12/18 07:52:23(End)-------------------------------------------------------------------

2017/12/25 07:50:00(Begin)------------------------------------------------------------------
07:51:31 完成更新[資料查核]
07:51:34 洪景山 rfs14@cwb.gov.tw (待更正:1筆，異動:0筆)
07:51:38 陳建河 river@cwb.gov.tw (待更正:3筆，異動:0筆)
07:51:44 鍾燕君 yenchun@cwb.gov.tw (待更正:51筆，異動:18筆)
07:51:46 王琇玄 amywang@cwb.gov.tw (待更正:435筆，異動:0筆)
07:51:47 劉亦容 fo@cwb.gov.tw (待更正:435筆，異動:0筆)
07:51:48 HP人員 hpuser@cwb.gov.tw (待更正:6筆，異動:0筆)
07:51:49 PC人員 chueh@cwb.gov.tw (待更正:6筆，異動:3筆)
07:51:49 李柏鋒 c076@cwb.gov.tw (待更正:1筆，異動:1筆)
07:51:50 唐睿 baron0607@cwb.gov.tw (待更正:62筆，異動:15筆)
07:51:51 張嘉宏 pizza@cwb.gov.tw (待更正:1筆，異動:0筆)
07:51:51 黃婉綺 wanchi@cwb.gov.tw (待更正:8筆，異動:8筆)
07:51:52 劉政 lc@cwb.gov.tw (待更正:85筆，異動:21筆)
07:51:53 蔡志揮 taists@cwb.gov.tw (待更正:42筆，異動:1筆)
07:51:58 吳政修 jswu@cwb.gov.tw (待更正:2筆，異動:5筆)
07:51:59 周貞娟 jou@cwb.gov.tw (待更正:0筆，異動:2筆)
07:52:00 林介峰 dan@cwb.gov.tw (待更正:6筆，異動:22筆)
07:52:01 柯惠華 hei_cwb@cwb.gov.tw (待更正:0筆，異動:4筆)
07:52:02 秦照萍 jpc@cwb.gov.tw (待更正:10筆，異動:32筆)
07:52:02 郭思辰 szuchen@cwb.gov.tw (待更正:0筆，異動:2筆)
07:52:03 曾怡豪 tyh900@cwb.gov.tw (待更正:8筆，異動:22筆)
07:52:04 趙竑 ZhaoHong@cwb.gov.tw (待更正:8筆，異動:25筆)
07:52:05 蔡伊其 ichi@cwb.gov.tw (待更正:0筆，異動:2筆)
07:52:05 蔡佳學 b891@cwb.gov.tw (待更正:7筆，異動:22筆)
07:52:06 鄭照雄 wtbeer@cwb.gov.tw (待更正:2筆，異動:5筆)
07:52:07 機房OP sosop@cwb.gov.tw (待更正:0筆，異動:2筆)
07:52:08 吳俊鋒 vincentwu@cwb.gov.tw (待更正:0筆，異動:1筆)
07:52:09 李宜芳 yvonne@cwb.gov.tw (待更正:0筆，異動:1筆)
07:52:10 李俊樺 jyunhuali@cwb.gov.tw (待更正:0筆，異動:1筆)
07:52:12 郭奇偉 kiwikuo@cwb.gov.tw (待更正:106筆，異動:0筆)
07:52:13 潘如龍 pan@cwb.gov.tw (待更正:107筆，異動:0筆)
07:52:14 蔡煌濱 hptsai@cwb.gov.tw (待更正:106筆，異動:0筆)
07:52:15 賴文敏 laiwm@cwb.gov.tw (待更正:0筆，異動:1筆)
07:52:15 何旭慧 hsuhui@cwb.gov.tw (待更正:95筆，異動:0筆)
07:52:16 吳蕙如 hrwu@cwb.gov.tw (待更正:52筆，異動:19筆)
07:52:17 李奕德 itlee@cwb.gov.tw (待更正:95筆，異動:0筆)
07:52:21 黃俊穎 philhuang@cwb.gov.tw (待更正:95筆，異動:0筆)
2017/12/25 07:52:33(End)-------------------------------------------------------------------

