2023/01/02 07:50:43(Begin)------------------------------------------------------------------
07:53:37 完成更新[資料查核]
07:53:39 沈里音 leonshen@cwb.gov.tw (待更正:1筆，異動:0筆)
07:53:42 莊惟然 chuangwj@cwb.gov.tw (待更正:1筆，異動:0筆)
07:53:46 二組_許勝富 sfhsu@cwb.gov.tw (待更正:17筆，異動:0筆)
07:53:48 二組_陳柏言 ja81939@cwb.gov.tw (待更正:16筆，異動:0筆)
07:53:50 三組_胡博皓 peter200443@cwb.gov.tw (待更正:3筆，異動:0筆)
07:53:54 三組_黃馨儀 ivyhuang@cwb.gov.tw (待更正:1筆，異動:0筆)
07:53:57 吳俊鋒 vincentwu@cwb.gov.tw (待更正:2筆，異動:0筆)
07:53:59 李宜芳 yvonne@cwb.gov.tw (待更正:2筆，異動:0筆)
07:54:01 李俊樺 jyunhuali@cwb.gov.tw (待更正:2筆，異動:0筆)
07:54:03 科技_黃文豪 hower@cwb.gov.tw (待更正:29筆，異動:0筆)
07:54:05 海象_黃士哲 shihche@cwb.gov.tw (待更正:25筆，異動:0筆)
07:54:07 海象_楊天瑋 terryang@cwb.gov.tw (待更正:27筆，異動:0筆)
07:54:08 張伯誠 bcchang@cwb.gov.tw (待更正:2筆，異動:0筆)
07:54:10 葉仁傑 athrun7611@cwb.gov.tw (待更正:2筆，異動:0筆)
07:54:12 預報_林秉承 pingcheng@cwb.gov.tw (待更正:1筆，異動:0筆)
07:54:16 衛星_王文隆 dragon@cwb.gov.tw (待更正:8筆，異動:0筆)
07:54:19 賴文敏 laiwm@cwb.gov.tw (待更正:2筆，異動:0筆)
07:54:23 李先芸 he11@cwb.gov.tw (待更正:1筆，異動:0筆)
07:54:25 阮榮梃 hpuser@cwb.gov.tw (待更正:59筆，異動:1筆)
07:54:26 林功勳 viclin@cwb.gov.tw (待更正:13筆，異動:0筆)
07:54:28 唐睿 baron0607@cwb.gov.tw (待更正:197筆，異動:2筆)
07:54:30 許俊賢 chhsun@cwb.gov.tw (待更正:1筆，異動:0筆)
07:54:31 硬體維護廠商 hpuser@cwb.gov.tw (待更正:3筆，異動:0筆)
07:54:33 黃婉綺 wanchi@cwb.gov.tw (待更正:81筆，異動:4筆)
07:54:35 楊筱筑 hsiaochu@cwb.gov.tw (待更正:143筆，異動:2筆)
07:54:37 闕壯文 chueh@cwb.gov.tw (待更正:1筆，異動:0筆)
07:54:40 何旭慧 hsuhui@cwb.gov.tw (待更正:3筆，異動:0筆)
07:54:45 林敬傑 chingchiehlin@cwb.gov.tw (待更正:3筆，異動:0筆)
07:54:47 張鈺雪 selina266@cwb.gov.tw (待更正:1筆，異動:0筆)
07:54:53 黃俊穎 philhuang@cwb.gov.tw (待更正:3筆，異動:0筆)
07:54:55 吳蕙如 hrwu@cwb.gov.tw (待更正:122筆，異動:0筆)
07:54:57 林育勳 jacky26822865@cwb.gov.tw (待更正:1筆，異動:0筆)
07:55:01 莊柏浚 pcchuang@cwb.gov.tw (待更正:4筆，異動:0筆)
07:55:02 許喬祺 b879@cwb.gov.tw (待更正:3筆，異動:0筆)
07:55:04 王崇穎 leoleo920@cwb.gov.tw (待更正:1筆，異動:0筆)
07:55:06 王雋元 good125628@cwb.gov.tw (待更正:188筆，異動:0筆)
07:55:08 吳石吉 rfs12@cwb.gov.tw (待更正:3筆，異動:14筆)
07:55:09 宋紹良 fredsung@cwb.gov.tw (待更正:11筆，異動:14筆)
07:55:11 周貞娟 jou@cwb.gov.tw (待更正:1筆，異動:0筆)
07:55:14 張峻華 chchang@cwb.gov.tw (待更正:188筆，異動:0筆)
07:55:16 陳彥澤 eatyanjer@cwb.gov.tw (待更正:9筆，異動:0筆)
07:55:18 曾怡豪 tyh900@cwb.gov.tw (待更正:1筆，異動:14筆)
07:55:19 黃宇睿 yujui@cwb.gov.tw (待更正:1筆，異動:14筆)
07:55:24 劉子禎 dogij@cwb.gov.tw (待更正:25筆，異動:4筆)
07:55:26 劉政 lc@cwb.gov.tw (待更正:132筆，異動:0筆)
07:55:29 劉萬祿 gary@cwb.gov.tw (待更正:25筆，異動:4筆)
07:55:30 蔡志揮 taists@cwb.gov.tw (待更正:30筆，異動:4筆)
07:55:32 鍾子健 tony_chung@cwb.gov.tw (待更正:25筆，異動:4筆)
07:55:35 李香蘭 gfs5@cwb.gov.tw (待更正:1筆，異動:0筆)
07:55:37 唐晉堯 chinyao@cwb.gov.tw (待更正:1筆，異動:0筆)
07:55:40 陳柏榮 fajan09@cwb.gov.tw (待更正:1筆，異動:0筆)
07:55:43 劉琬琳 a86245@cwb.gov.tw (待更正:1筆，異動:0筆)
07:55:45 簡泰滄 ttchien@cwb.gov.tw (待更正:2筆，異動:0筆)
07:55:47 江琇瑛 s91219264@cwb.gov.tw (待更正:1筆，異動:0筆)
07:55:49 吳英璋 yjwu@cwb.gov.tw (待更正:1筆，異動:0筆)
07:55:51 李志昕 iamduduli@cwb.gov.tw (待更正:1筆，異動:0筆)
07:55:53 沈彥志 ycshen@cwb.gov.tw (待更正:1筆，異動:0筆)
07:55:54 林伯勳 bslin0701@cwb.gov.tw (待更正:2筆，異動:0筆)
07:55:56 林怡萱 ycshen@cwb.gov.tw (待更正:1筆，異動:0筆)
07:55:58 徐驊 qqj@cwb.gov.tw (待更正:1筆，異動:0筆)
07:55:59 陳怡儒 yiru@cwb.gov.tw (待更正:1筆，異動:0筆)
07:56:01 陳品璇 pinxuan0320@cwb.gov.tw (待更正:1筆，異動:0筆)
07:56:03 陳思穎 aschen903@cwb.gov.tw (待更正:1筆，異動:0筆)
07:56:05 陳盈臻 yjchen@cwb.gov.tw (待更正:1筆，異動:0筆)
07:56:06 游承融 youcr8398@cwb.gov.tw (待更正:1筆，異動:0筆)
07:56:08 黃小玲 sling@cwb.gov.tw (待更正:1筆，異動:0筆)
07:56:10 劉正欽 ccliu@cwb.gov.tw (待更正:2筆，異動:0筆)
07:56:12 蔡金成 cctsai@cwb.gov.tw (待更正:1筆，異動:0筆)
07:56:13 蔡雅婷 yating@cwb.gov.tw (待更正:1筆，異動:0筆)
07:56:15 鄭浚騰 parish@cwb.gov.tw (待更正:1筆，異動:0筆)
07:56:17 賴曉薇 hlai@cwb.gov.tw (待更正:1筆，異動:0筆)
07:56:18 謝佳宏 guaiss@cwb.gov.tw (待更正:1筆，異動:0筆)
07:56:20 蘇奕叡 su2ray@cwb.gov.tw (待更正:1筆，異動:0筆)
07:56:26 陳勁瑋 gd@cwb.gov.tw (待更正:0筆，異動:1筆)

Unknown Error 
2023/01/02 07:56:31(End)-------------------------------------------------------------------

2023/01/09 07:50:43(Begin)------------------------------------------------------------------
07:53:35 完成更新[資料查核]
07:53:37 沈里音 leonshen@cwb.gov.tw (待更正:1筆，異動:0筆)
07:53:40 莊惟然 chuangwj@cwb.gov.tw (待更正:1筆，異動:0筆)
07:53:44 二組_許勝富 sfhsu@cwb.gov.tw (待更正:17筆，異動:0筆)
07:53:46 二組_陳柏言 ja81939@cwb.gov.tw (待更正:16筆，異動:0筆)
07:53:49 三組_胡博皓 peter200443@cwb.gov.tw (待更正:3筆，異動:0筆)
07:53:52 三組_黃馨儀 ivyhuang@cwb.gov.tw (待更正:1筆，異動:0筆)
07:53:56 吳俊鋒 vincentwu@cwb.gov.tw (待更正:2筆，異動:0筆)
07:53:58 李宜芳 yvonne@cwb.gov.tw (待更正:2筆，異動:0筆)
07:54:00 李俊樺 jyunhuali@cwb.gov.tw (待更正:2筆，異動:0筆)
07:54:02 科技_黃文豪 hower@cwb.gov.tw (待更正:29筆，異動:0筆)
07:54:04 海象_黃士哲 shihche@cwb.gov.tw (待更正:25筆，異動:0筆)
07:54:05 海象_楊天瑋 terryang@cwb.gov.tw (待更正:27筆，異動:0筆)
07:54:07 張伯誠 bcchang@cwb.gov.tw (待更正:2筆，異動:0筆)
07:54:09 葉仁傑 athrun7611@cwb.gov.tw (待更正:2筆，異動:0筆)
07:54:11 預報_林秉承 pingcheng@cwb.gov.tw (待更正:1筆，異動:0筆)
07:54:15 衛星_王文隆 dragon@cwb.gov.tw (待更正:8筆，異動:0筆)
07:54:17 衛星_王世傑 scwang@cwb.gov.tw (待更正:3筆，異動:6筆)
07:54:19 賴文敏 laiwm@cwb.gov.tw (待更正:2筆，異動:0筆)
07:54:23 李先芸 he11@cwb.gov.tw (待更正:1筆，異動:0筆)
07:54:24 阮榮梃 hpuser@cwb.gov.tw (待更正:55筆，異動:9筆)
07:54:26 林功勳 viclin@cwb.gov.tw (待更正:13筆，異動:0筆)
07:54:28 唐睿 baron0607@cwb.gov.tw (待更正:193筆，異動:11筆)
07:54:29 許俊賢 chhsun@cwb.gov.tw (待更正:1筆，異動:0筆)
07:54:31 硬體維護廠商 hpuser@cwb.gov.tw (待更正:3筆，異動:0筆)
07:54:33 黃婉綺 wanchi@cwb.gov.tw (待更正:77筆，異動:8筆)
07:54:34 楊筱筑 hsiaochu@cwb.gov.tw (待更正:139筆，異動:11筆)
07:54:37 闕壯文 chueh@cwb.gov.tw (待更正:1筆，異動:0筆)
07:54:40 何旭慧 hsuhui@cwb.gov.tw (待更正:3筆，異動:0筆)
07:54:44 林敬傑 chingchiehlin@cwb.gov.tw (待更正:3筆，異動:0筆)
07:54:47 張鈺雪 selina266@cwb.gov.tw (待更正:1筆，異動:0筆)
07:54:52 黃俊穎 philhuang@cwb.gov.tw (待更正:3筆，異動:0筆)
07:54:54 王崇穎 leoleo920@cwb.gov.tw (待更正:1筆，異動:0筆)
07:54:56 吳蕙如 hrwu@cwb.gov.tw (待更正:122筆，異動:0筆)
07:54:57 林育勳 jacky26822865@cwb.gov.tw (待更正:1筆，異動:0筆)
07:55:01 莊柏浚 pcchuang@cwb.gov.tw (待更正:4筆，異動:0筆)
07:55:03 許喬祺 b879@cwb.gov.tw (待更正:3筆，異動:0筆)
07:55:04 王雋元 good125628@cwb.gov.tw (待更正:189筆，異動:8筆)
07:55:06 吳石吉 rfs12@cwb.gov.tw (待更正:3筆，異動:1筆)
07:55:08 宋紹良 fredsung@cwb.gov.tw (待更正:11筆，異動:1筆)
07:55:10 周貞娟 jou@cwb.gov.tw (待更正:1筆，異動:0筆)
07:55:14 張峻華 chchang@cwb.gov.tw (待更正:189筆，異動:8筆)
07:55:16 陳彥澤 eatyanjer@cwb.gov.tw (待更正:9筆，異動:0筆)
07:55:17 曾怡豪 tyh900@cwb.gov.tw (待更正:1筆，異動:1筆)
07:55:19 黃宇睿 yujui@cwb.gov.tw (待更正:1筆，異動:1筆)
07:55:24 劉子禎 dogij@cwb.gov.tw (待更正:25筆，異動:0筆)
07:55:26 劉政 lc@cwb.gov.tw (待更正:132筆，異動:0筆)
07:55:28 劉萬祿 gary@cwb.gov.tw (待更正:25筆，異動:0筆)
07:55:30 蔡志揮 taists@cwb.gov.tw (待更正:30筆，異動:0筆)
07:55:31 鍾子健 tony_chung@cwb.gov.tw (待更正:25筆，異動:0筆)
07:55:34 李香蘭 gfs5@cwb.gov.tw (待更正:1筆，異動:0筆)
07:55:37 唐晉堯 chinyao@cwb.gov.tw (待更正:1筆，異動:0筆)
07:55:40 陳柏榮 fajan09@cwb.gov.tw (待更正:1筆，異動:0筆)
07:55:42 劉琬琳 a86245@cwb.gov.tw (待更正:1筆，異動:0筆)
07:55:45 簡泰滄 ttchien@cwb.gov.tw (待更正:2筆，異動:0筆)
07:55:47 江琇瑛 s91219264@cwb.gov.tw (待更正:1筆，異動:0筆)
07:55:49 吳英璋 yjwu@cwb.gov.tw (待更正:1筆，異動:0筆)
07:55:51 李志昕 iamduduli@cwb.gov.tw (待更正:1筆，異動:0筆)
07:55:52 沈彥志 ycshen@cwb.gov.tw (待更正:1筆，異動:0筆)
07:55:54 林伯勳 bslin0701@cwb.gov.tw (待更正:2筆，異動:0筆)
07:55:56 林怡萱 ycshen@cwb.gov.tw (待更正:1筆，異動:0筆)
07:55:57 徐驊 qqj@cwb.gov.tw (待更正:1筆，異動:0筆)
07:55:59 陳怡儒 yiru@cwb.gov.tw (待更正:1筆，異動:0筆)
07:56:01 陳品璇 pinxuan0320@cwb.gov.tw (待更正:1筆，異動:0筆)
07:56:02 陳思穎 aschen903@cwb.gov.tw (待更正:1筆，異動:0筆)
07:56:04 陳盈臻 yjchen@cwb.gov.tw (待更正:1筆，異動:0筆)
07:56:06 游承融 youcr8398@cwb.gov.tw (待更正:1筆，異動:0筆)
07:56:08 黃小玲 sling@cwb.gov.tw (待更正:1筆，異動:0筆)
07:56:09 劉正欽 ccliu@cwb.gov.tw (待更正:2筆，異動:0筆)
07:56:11 蔡金成 cctsai@cwb.gov.tw (待更正:1筆，異動:0筆)
07:56:13 蔡雅婷 yating@cwb.gov.tw (待更正:1筆，異動:0筆)
07:56:14 鄭浚騰 parish@cwb.gov.tw (待更正:1筆，異動:0筆)
07:56:16 賴曉薇 hlai@cwb.gov.tw (待更正:1筆，異動:0筆)
07:56:18 謝佳宏 guaiss@cwb.gov.tw (待更正:1筆，異動:0筆)
07:56:20 蘇奕叡 su2ray@cwb.gov.tw (待更正:1筆，異動:0筆)
07:56:26 陳勁瑋 gd@cwb.gov.tw (待更正:0筆，異動:1筆)
2023/01/09 07:56:31(End)-------------------------------------------------------------------

2023/01/16 07:50:43(Begin)------------------------------------------------------------------
2023/01/23 07:50:44(Begin)------------------------------------------------------------------
2023/01/30 07:50:44(Begin)------------------------------------------------------------------
2023/02/06 07:50:44(Begin)------------------------------------------------------------------
2023/02/13 07:50:43(Begin)------------------------------------------------------------------
2023/02/20 07:50:43(Begin)------------------------------------------------------------------
2023/02/27 07:50:43(Begin)------------------------------------------------------------------
2023/03/06 07:50:43(Begin)------------------------------------------------------------------
2023/03/13 07:50:44(Begin)------------------------------------------------------------------
2023/03/20 07:50:43(Begin)------------------------------------------------------------------
2023/03/27 07:50:44(Begin)------------------------------------------------------------------
2023/04/03 07:50:44(Begin)------------------------------------------------------------------
2023/04/10 07:50:44(Begin)------------------------------------------------------------------
2023/04/17 07:50:44(Begin)------------------------------------------------------------------
2023/04/24 07:50:43(Begin)------------------------------------------------------------------
2023/05/01 07:50:44(Begin)------------------------------------------------------------------
2023/05/08 07:50:44(Begin)------------------------------------------------------------------
2023/05/15 07:50:44(Begin)------------------------------------------------------------------
2023/05/22 07:50:44(Begin)------------------------------------------------------------------
2023/05/29 07:50:44(Begin)------------------------------------------------------------------
