2016/01/04 07:50:00(Begin)------------------------------------------------------------------
完成更新[資料查核] 07:50:08 
林弘倉 lhc@cwb.gov.tw (待更正:15筆，異動:0筆)
王琇玄 amywang@cwb.gov.tw (待更正:57筆，異動:0筆)
劉亦容 fo@cwb.gov.tw (待更正:57筆，異動:0筆)
HP人員 hpuser@cwb.gov.tw (待更正:2筆，異動:0筆)
PC人員 chueh@cwb.gov.tw (待更正:28筆，異動:0筆)
莊惟然 chuangwj@cwb.gov.tw (待更正:4筆，異動:2筆)
曾國棟 tseng@cwb.gov.tw (待更正:18筆，異動:12筆)
曾雪卿 tsc@cwb.gov.tw (待更正:27筆，異動:0筆)
黃婉綺 wanchi@cwb.gov.tw (待更正:3筆，異動:0筆)
劉政 lc@cwb.gov.tw (待更正:22筆，異動:0筆)
蔡志揮 taists@cwb.gov.tw (待更正:0筆，異動:15筆)
莊峰銘 fmchuang@cwb.gov.tw (待更正:0筆，異動:2筆)
陳蕙茹 michlle@cwb.gov.tw (待更正:0筆，異動:2筆)
吳政修 jswu@cwb.gov.tw (待更正:0筆，異動:3筆)
秦照萍 jpc@cwb.gov.tw (待更正:27筆，異動:11筆)
黃秀珍 hsj@cwb.gov.tw (待更正:0筆，異動:3筆)
蔡佳學 B891@cwb.gov.tw (待更正:1筆，異動:0筆)
鄭照雄 wtbeer@cwb.gov.tw (待更正:27筆，異動:3筆)
機房OP sosop@cwb.gov.tw (待更正:27筆，異動:0筆)
許秀桃 shelly@cwb.gov.tw (待更正:27筆，異動:0筆)
郭奇偉 kiwikuo@cwb.gov.tw (待更正:1筆，異動:0筆)
潘如龍 pan@cwb.gov.tw (待更正:1筆，異動:0筆)
蔡煌濱 hptsai@cwb.gov.tw (待更正:1筆，異動:0筆)
2016/01/04 07:50:32(End)-------------------------------------------------------------------

2016/01/11 07:50:00(Begin)------------------------------------------------------------------
完成更新[資料查核] 07:50:09 
林弘倉 lhc@cwb.gov.tw (待更正:15筆，異動:0筆)
洪景山 rfs14@cwb.gov.tw (待更正:0筆，異動:1筆)
王琇玄 amywang@cwb.gov.tw (待更正:58筆，異動:1筆)
劉亦容 fo@cwb.gov.tw (待更正:58筆，異動:1筆)
HP人員 hpuser@cwb.gov.tw (待更正:2筆，異動:0筆)
PC人員 chueh@cwb.gov.tw (待更正:38筆，異動:42筆)
莊惟然 chuangwj@cwb.gov.tw (待更正:4筆，異動:1筆)
曾國棟 tseng@cwb.gov.tw (待更正:18筆，異動:8筆)
曾雪卿 tsc@cwb.gov.tw (待更正:37筆，異動:0筆)
黃婉綺 wanchi@cwb.gov.tw (待更正:3筆，異動:18筆)
劉政 lc@cwb.gov.tw (待更正:22筆，異動:3筆)
蔡志揮 taists@cwb.gov.tw (待更正:0筆，異動:2筆)
潘琦 gfs8@cwb.gov.tw (待更正:0筆，異動:1筆)
吳政修 jswu@cwb.gov.tw (待更正:2筆，異動:25筆)
秦照萍 jpc@cwb.gov.tw (待更正:41筆，異動:25筆)
蔡佳學 B891@cwb.gov.tw (待更正:1筆，異動:0筆)
鄭照雄 wtbeer@cwb.gov.tw (待更正:39筆，異動:25筆)
機房OP sosop@cwb.gov.tw (待更正:37筆，異動:0筆)
許秀桃 shelly@cwb.gov.tw (待更正:37筆，異動:0筆)
郭奇偉 kiwikuo@cwb.gov.tw (待更正:1筆，異動:0筆)
潘如龍 pan@cwb.gov.tw (待更正:1筆，異動:0筆)
蔡煌濱 hptsai@cwb.gov.tw (待更正:1筆，異動:0筆)
王志嘉 chicha@cwb.gov.tw (待更正:0筆，異動:1筆)
吳蕙如 hrwu@cwb.gov.tw (待更正:0筆，異動:6筆)
戴俐卉 hway@cwb.gov.tw (待更正:0筆，異動:1筆)
魏士偉 weiwilliam@cwb.gov.tw (待更正:0筆，異動:2筆)
wtbeer wtbeer@cwb.gov.tw (待更正:2筆，異動:-1筆)
sosop sosop@cwb.gov.tw (待更正:2筆，異動:-1筆)
2016/01/11 07:50:46(End)-------------------------------------------------------------------

2016/01/17 08:46:45(Begin)------------------------------------------------------------------
完成更新[資料查核] 08:46:56 
鄭照雄 wtbeer@cwb.gov.tw (待更正:50筆，異動:77筆)
2016/01/17 08:47:36(End)-------------------------------------------------------------------

2016/01/18 07:50:00(Begin)------------------------------------------------------------------
完成更新[資料查核] 07:50:10 
林弘倉 lhc@cwb.gov.tw (待更正:15筆，異動:0筆)
王琇玄 amywang@cwb.gov.tw (待更正:59筆，異動:4筆)
劉亦容 fo@cwb.gov.tw (待更正:59筆，異動:4筆)
HP人員 hpuser@cwb.gov.tw (待更正:2筆，異動:2筆)
PC人員 chueh@cwb.gov.tw (待更正:47筆，異動:33筆)
唐睿 baron0607@cwb.gov.tw (待更正:0筆，異動:1筆)
莊惟然 chuangwj@cwb.gov.tw (待更正:4筆，異動:0筆)
曾國棟 tseng@cwb.gov.tw (待更正:18筆，異動:0筆)
曾雪卿 tsc@cwb.gov.tw (待更正:46筆，異動:1筆)
黃婉綺 wanchi@cwb.gov.tw (待更正:3筆，異動:5筆)
劉政 lc@cwb.gov.tw (待更正:22筆，異動:9筆)
莊柏浚 pcchuang@cwb.gov.tw (待更正:0筆，異動:5筆)
黃秀珍 hsj@cwb.gov.tw (待更正:0筆，異動:8筆)
吳政修 jswu@cwb.gov.tw (待更正:4筆，異動:76筆)
宋恩承 encheng@cwb.gov.tw (待更正:0筆，異動:1筆)
周貞娟 jou@cwb.gov.tw (待更正:0筆，異動:1筆)
林介峰 dan@cwb.gov.tw (待更正:0筆，異動:46筆)
柯惠華 hei_cwb@cwb.gov.tw (待更正:0筆，異動:1筆)
秦照萍 jpc@cwb.gov.tw (待更正:50筆，異動:121筆)
曾怡豪 tyh900@cwb.gov.tw (待更正:0筆，異動:46筆)
劉萬祿 gary@cwb.gov.tw (待更正:0筆，異動:46筆)
蔡佳學 B891@cwb.gov.tw (待更正:1筆，異動:46筆)
鄭照雄 wtbeer@cwb.gov.tw (待更正:50筆，異動:76筆)
機房OP sosop@cwb.gov.tw (待更正:46筆，異動:1筆)
謝章眉 godmay@cwb.gov.tw (待更正:0筆，異動:1筆)
李宜芳 yvonne@cwb.gov.tw (待更正:0筆，異動:1筆)
許秀桃 shelly@cwb.gov.tw (待更正:46筆，異動:0筆)
郭奇偉 kiwikuo@cwb.gov.tw (待更正:1筆，異動:1筆)
潘如龍 pan@cwb.gov.tw (待更正:1筆，異動:1筆)
蔡煌濱 hptsai@cwb.gov.tw (待更正:1筆，異動:1筆)
蘇奕叡 su2ray@cwb.gov.tw (待更正:0筆，異動:1筆)
2016/01/18 07:51:02(End)-------------------------------------------------------------------

2016/01/25 07:50:00(Begin)------------------------------------------------------------------
完成更新[資料查核] 07:50:10 
林弘倉 lhc@cwb.gov.tw (待更正:15筆，異動:0筆)
洪景山 rfs14@cwb.gov.tw (待更正:0筆，異動:5筆)
王琇玄 amywang@cwb.gov.tw (待更正:61筆，異動:0筆)
劉亦容 fo@cwb.gov.tw (待更正:61筆，異動:0筆)
HP人員 hpuser@cwb.gov.tw (待更正:2筆，異動:0筆)
PC人員 chueh@cwb.gov.tw (待更正:19筆，異動:38筆)
莊惟然 chuangwj@cwb.gov.tw (待更正:4筆，異動:9筆)
曾國棟 tseng@cwb.gov.tw (待更正:18筆，異動:14筆)
曾雪卿 tsc@cwb.gov.tw (待更正:19筆，異動:0筆)
黃婉綺 wanchi@cwb.gov.tw (待更正:2筆，異動:9筆)
劉政 lc@cwb.gov.tw (待更正:22筆，異動:1筆)
蔡志揮 taists@cwb.gov.tw (待更正:0筆，異動:19筆)
黃秀珍 hsj@cwb.gov.tw (待更正:0筆，異動:3筆)
潘琦 gfs8@cwb.gov.tw (待更正:0筆，異動:2筆)
吳政修 jswu@cwb.gov.tw (待更正:4筆，異動:19筆)
秦照萍 jpc@cwb.gov.tw (待更正:23筆，異動:20筆)
蔡佳學 B891@cwb.gov.tw (待更正:1筆，異動:0筆)
鄭照雄 wtbeer@cwb.gov.tw (待更正:23筆，異動:19筆)
機房OP sosop@cwb.gov.tw (待更正:19筆，異動:0筆)
李宜芳 yvonne@cwb.gov.tw (待更正:0筆，異動:1筆)
許秀桃 shelly@cwb.gov.tw (待更正:19筆，異動:0筆)
郭奇偉 kiwikuo@cwb.gov.tw (待更正:1筆，異動:2筆)
潘如龍 pan@cwb.gov.tw (待更正:1筆，異動:2筆)
蔡煌濱 hptsai@cwb.gov.tw (待更正:1筆，異動:2筆)
賴文敏 laiwm@cwb.gov.tw (待更正:0筆，異動:1筆)
蘇奕叡 su2ray@cwb.gov.tw (待更正:0筆，異動:2筆)
許美玲 shiu@cwb.gov.tw (待更正:0筆，異動:1筆)
湯國輝 gorin@cwb.gov.tw (待更正:0筆，異動:1筆)
2016/01/25 07:50:59(End)-------------------------------------------------------------------

2016/02/01 07:50:00(Begin)------------------------------------------------------------------
完成更新[資料查核] 07:50:09 
申湘雄 adolf@cwb.gov.tw (待更正:0筆，異動:2筆)
林弘倉 lhc@cwb.gov.tw (待更正:15筆，異動:4筆)
王琇玄 amywang@cwb.gov.tw (待更正:65筆，異動:0筆)
劉亦容 fo@cwb.gov.tw (待更正:65筆，異動:0筆)
HP人員 hpuser@cwb.gov.tw (待更正:1筆，異動:0筆)
PC人員 chueh@cwb.gov.tw (待更正:0筆，異動:9筆)
唐睿 baron0607@cwb.gov.tw (待更正:1筆，異動:60筆)
莊惟然 chuangwj@cwb.gov.tw (待更正:3筆，異動:16筆)
曾國棟 tseng@cwb.gov.tw (待更正:3筆，異動:71筆)
黃婉綺 wanchi@cwb.gov.tw (待更正:2筆，異動:3筆)
莊峰銘 fmchuang@cwb.gov.tw (待更正:0筆，異動:2筆)
黃秀珍 hsj@cwb.gov.tw (待更正:0筆，異動:16筆)
劉政 lc@cwb.gov.tw (待更正:22筆，異動:17筆)
韓承穎 cy_han@cwb.gov.tw (待更正:0筆，異動:16筆)
吳政修 jswu@cwb.gov.tw (待更正:2筆，異動:27筆)
宋恩承 encheng@cwb.gov.tw (待更正:0筆，異動:4筆)
周貞娟 jou@cwb.gov.tw (待更正:0筆，異動:4筆)
林介峰 dan@cwb.gov.tw (待更正:0筆，異動:6筆)
柯惠華 hei_cwb@cwb.gov.tw (待更正:0筆，異動:9筆)
秦照萍 jpc@cwb.gov.tw (待更正:2筆，異動:38筆)
曾怡豪 tyh900@cwb.gov.tw (待更正:0筆，異動:15筆)
劉萬祿 gary@cwb.gov.tw (待更正:0筆，異動:6筆)
蔡佳學 B891@cwb.gov.tw (待更正:1筆，異動:6筆)
鄭照雄 wtbeer@cwb.gov.tw (待更正:2筆，異動:27筆)
機房OP sosop@cwb.gov.tw (待更正:0筆，異動:11筆)
謝章眉 godmay@cwb.gov.tw (待更正:0筆，異動:4筆)
郭奇偉 kiwikuo@cwb.gov.tw (待更正:1筆，異動:16筆)
潘如龍 pan@cwb.gov.tw (待更正:1筆，異動:12筆)
蔡煌濱 hptsai@cwb.gov.tw (待更正:1筆，異動:12筆)
許美玲 shiu@cwb.gov.tw (待更正:0筆，異動:1筆)
2016/02/01 07:51:28(End)-------------------------------------------------------------------

2016/02/08 07:50:00(Begin)------------------------------------------------------------------
完成更新[資料查核] 07:50:10 
林弘倉 lhc@cwb.gov.tw (待更正:15筆，異動:25筆)
洪景山 rfs14@cwb.gov.tw (待更正:0筆，異動:2筆)
馮欽賜 fong@cwb.gov.tw (待更正:0筆，異動:1筆)
潘琦 gfs8@cwb.gov.tw (待更正:0筆，異動:4筆)
王琇玄 amywang@cwb.gov.tw (待更正:66筆，異動:0筆)
劉亦容 fo@cwb.gov.tw (待更正:66筆，異動:0筆)
HP人員 hpuser@cwb.gov.tw (待更正:1筆，異動:0筆)
PC人員 chueh@cwb.gov.tw (待更正:1筆，異動:30筆)
唐睿 baron0607@cwb.gov.tw (待更正:1筆，異動:0筆)
莊惟然 chuangwj@cwb.gov.tw (待更正:3筆，異動:2筆)
曾國棟 tseng@cwb.gov.tw (待更正:3筆，異動:0筆)
黃婉綺 wanchi@cwb.gov.tw (待更正:2筆，異動:2筆)
莊柏浚 pcchuang@cwb.gov.tw (待更正:0筆，異動:2筆)
黃秀珍 hsj@cwb.gov.tw (待更正:0筆，異動:1筆)
劉政 lc@cwb.gov.tw (待更正:22筆，異動:27筆)
韓承穎 cy_han@cwb.gov.tw (待更正:0筆，異動:1筆)
吳政修 jswu@cwb.gov.tw (待更正:3筆，異動:5筆)
秦照萍 jpc@cwb.gov.tw (待更正:3筆，異動:5筆)
蔡佳學 B891@cwb.gov.tw (待更正:1筆，異動:0筆)
鄭照雄 wtbeer@cwb.gov.tw (待更正:3筆，異動:5筆)
李宜芳 yvonne@cwb.gov.tw (待更正:0筆，異動:1筆)
郭奇偉 kiwikuo@cwb.gov.tw (待更正:1筆，異動:0筆)
潘如龍 pan@cwb.gov.tw (待更正:1筆，異動:0筆)
蔡煌濱 hptsai@cwb.gov.tw (待更正:1筆，異動:0筆)
賴文敏 laiwm@cwb.gov.tw (待更正:0筆，異動:1筆)
2016/02/08 07:50:41(End)-------------------------------------------------------------------

2016/02/15 07:50:00(Begin)------------------------------------------------------------------
完成更新[資料查核] 07:50:09 
林弘倉 lhc@cwb.gov.tw (待更正:15筆，異動:0筆)
王琇玄 amywang@cwb.gov.tw (待更正:66筆，異動:0筆)
劉亦容 fo@cwb.gov.tw (待更正:66筆，異動:0筆)
HP人員 hpuser@cwb.gov.tw (待更正:1筆，異動:0筆)
PC人員 chueh@cwb.gov.tw (待更正:1筆，異動:4筆)
唐睿 baron0607@cwb.gov.tw (待更正:1筆，異動:0筆)
莊惟然 chuangwj@cwb.gov.tw (待更正:3筆，異動:1筆)
曾國棟 tseng@cwb.gov.tw (待更正:3筆，異動:0筆)
黃婉綺 wanchi@cwb.gov.tw (待更正:2筆，異動:0筆)
劉政 lc@cwb.gov.tw (待更正:22筆，異動:0筆)
吳政修 jswu@cwb.gov.tw (待更正:3筆，異動:9筆)
林介峰 dan@cwb.gov.tw (待更正:0筆，異動:8筆)
秦照萍 jpc@cwb.gov.tw (待更正:3筆，異動:18筆)
曾怡豪 tyh900@cwb.gov.tw (待更正:0筆，異動:8筆)
劉萬祿 gary@cwb.gov.tw (待更正:0筆，異動:13筆)
蔡佳學 B891@cwb.gov.tw (待更正:1筆，異動:8筆)
鄭照雄 wtbeer@cwb.gov.tw (待更正:3筆，異動:10筆)
郭奇偉 kiwikuo@cwb.gov.tw (待更正:1筆，異動:1筆)
潘如龍 pan@cwb.gov.tw (待更正:1筆，異動:4筆)
蔡煌濱 hptsai@cwb.gov.tw (待更正:1筆，異動:1筆)
2016/02/15 07:50:36(End)-------------------------------------------------------------------

2016/02/22 07:50:00(Begin)------------------------------------------------------------------
完成更新[資料查核] 07:50:10 
林弘倉 lhc@cwb.gov.tw (待更正:15筆，異動:0筆)
王琇玄 amywang@cwb.gov.tw (待更正:67筆，異動:2筆)
劉亦容 fo@cwb.gov.tw (待更正:67筆，異動:2筆)
HP人員 hpuser@cwb.gov.tw (待更正:1筆，異動:0筆)
PC人員 chueh@cwb.gov.tw (待更正:2筆，異動:25筆)
唐睿 baron0607@cwb.gov.tw (待更正:1筆，異動:0筆)
莊惟然 chuangwj@cwb.gov.tw (待更正:3筆，異動:5筆)
曾國棟 tseng@cwb.gov.tw (待更正:3筆，異動:4筆)
黃婉綺 wanchi@cwb.gov.tw (待更正:2筆，異動:19筆)
蔡志揮 taists@cwb.gov.tw (待更正:0筆，異動:2筆)
黃秀珍 hsj@cwb.gov.tw (待更正:0筆，異動:2筆)
劉政 lc@cwb.gov.tw (待更正:22筆，異動:0筆)
吳政修 jswu@cwb.gov.tw (待更正:4筆，異動:1筆)
林介峰 dan@cwb.gov.tw (待更正:0筆，異動:1筆)
柯惠華 hei_cwb@cwb.gov.tw (待更正:0筆，異動:1筆)
秦照萍 jpc@cwb.gov.tw (待更正:4筆，異動:2筆)
曾怡豪 tyh900@cwb.gov.tw (待更正:0筆，異動:1筆)
劉萬祿 gary@cwb.gov.tw (待更正:0筆，異動:37筆)
蔡佳學 B891@cwb.gov.tw (待更正:1筆，異動:1筆)
鄭照雄 wtbeer@cwb.gov.tw (待更正:4筆，異動:1筆)
李宜芳 yvonne@cwb.gov.tw (待更正:0筆，異動:2筆)
曹富傑 chuck@cwb.gov.tw (待更正:0筆，異動:1筆)
許秀桃 shelly@cwb.gov.tw (待更正:0筆，異動:2筆)
郭奇偉 kiwikuo@cwb.gov.tw (待更正:1筆，異動:3筆)
潘如龍 pan@cwb.gov.tw (待更正:1筆，異動:2筆)
蔡煌濱 hptsai@cwb.gov.tw (待更正:1筆，異動:2筆)
賴文敏 laiwm@cwb.gov.tw (待更正:0筆，異動:2筆)
許美玲 shiu@cwb.gov.tw (待更正:0筆，異動:2筆)
2016/02/22 07:51:00(End)-------------------------------------------------------------------

2016/02/29 07:50:00(Begin)------------------------------------------------------------------
完成更新[資料查核] 07:50:10 
王琇玄 amywang@cwb.gov.tw (待更正:67筆，異動:0筆)
劉亦容 fo@cwb.gov.tw (待更正:67筆，異動:0筆)
HP人員 hpuser@cwb.gov.tw (待更正:1筆，異動:0筆)
PC人員 chueh@cwb.gov.tw (待更正:1筆，異動:16筆)
唐睿 baron0607@cwb.gov.tw (待更正:1筆，異動:0筆)
莊惟然 chuangwj@cwb.gov.tw (待更正:3筆，異動:1筆)
曾國棟 tseng@cwb.gov.tw (待更正:3筆，異動:0筆)
黃婉綺 wanchi@cwb.gov.tw (待更正:2筆，異動:1筆)
劉政 lc@cwb.gov.tw (待更正:22筆，異動:1筆)
簡泰滄 ttchien@cwb.gov.tw (待更正:0筆，異動:3筆)
吳政修 jswu@cwb.gov.tw (待更正:2筆，異動:10筆)
林介峰 dan@cwb.gov.tw (待更正:0筆，異動:10筆)
秦照萍 jpc@cwb.gov.tw (待更正:2筆，異動:20筆)
曾怡豪 tyh900@cwb.gov.tw (待更正:0筆，異動:10筆)
劉萬祿 gary@cwb.gov.tw (待更正:0筆，異動:10筆)
蔡佳學 B891@cwb.gov.tw (待更正:1筆，異動:10筆)
鄭照雄 wtbeer@cwb.gov.tw (待更正:2筆，異動:10筆)
李宜芳 yvonne@cwb.gov.tw (待更正:0筆，異動:1筆)
郭奇偉 kiwikuo@cwb.gov.tw (待更正:1筆，異動:0筆)
潘如龍 pan@cwb.gov.tw (待更正:1筆，異動:0筆)
蔡煌濱 hptsai@cwb.gov.tw (待更正:1筆，異動:0筆)
林庭毅 tingyi@cwb.gov.tw (待更正:1筆，異動:0筆)
黃偉芬 mullysa@cwb.gov.tw (待更正:0筆，異動:1筆)
2016/02/29 07:50:31(End)-------------------------------------------------------------------

2016/03/07 07:50:00(Begin)------------------------------------------------------------------
完成更新[資料查核] 07:50:10 
王琇玄 amywang@cwb.gov.tw (待更正:67筆，異動:0筆)
劉亦容 fo@cwb.gov.tw (待更正:67筆，異動:0筆)
HP人員 hpuser@cwb.gov.tw (待更正:1筆，異動:0筆)
PC人員 chueh@cwb.gov.tw (待更正:1筆，異動:16筆)
唐睿 baron0607@cwb.gov.tw (待更正:1筆，異動:0筆)
莊惟然 chuangwj@cwb.gov.tw (待更正:3筆，異動:0筆)
曾國棟 tseng@cwb.gov.tw (待更正:4筆，異動:13筆)
曾雪卿 tsc@cwb.gov.tw (待更正:0筆，異動:1筆)
黃婉綺 wanchi@cwb.gov.tw (待更正:2筆，異動:17筆)
蔡志揮 taists@cwb.gov.tw (待更正:0筆，異動:1筆)
劉政 lc@cwb.gov.tw (待更正:21筆，異動:12筆)
簡泰滄 ttchien@cwb.gov.tw (待更正:0筆，異動:1筆)
吳政修 jswu@cwb.gov.tw (待更正:3筆，異動:6筆)
林介峰 dan@cwb.gov.tw (待更正:0筆，異動:166筆)
秦照萍 jpc@cwb.gov.tw (待更正:3筆，異動:172筆)
曾怡豪 tyh900@cwb.gov.tw (待更正:0筆，異動:166筆)
劉萬祿 gary@cwb.gov.tw (待更正:0筆，異動:166筆)
蔡佳學 B891@cwb.gov.tw (待更正:1筆，異動:166筆)
鄭照雄 wtbeer@cwb.gov.tw (待更正:3筆，異動:6筆)
李宜芳 yvonne@cwb.gov.tw (待更正:0筆，異動:4筆)
郭奇偉 kiwikuo@cwb.gov.tw (待更正:1筆，異動:0筆)
潘如龍 pan@cwb.gov.tw (待更正:1筆，異動:0筆)
蔡煌濱 hptsai@cwb.gov.tw (待更正:1筆，異動:0筆)
賴文敏 laiwm@cwb.gov.tw (待更正:0筆，異動:4筆)
林庭毅 tingyi@cwb.gov.tw (待更正:0筆，異動:1筆)
賴曉薇 hlai@cwb.gov.tw (待更正:1筆，異動:6筆)
2016/03/07 07:51:42(End)-------------------------------------------------------------------

2016/03/14 07:50:00(Begin)------------------------------------------------------------------
完成更新[資料查核] 07:50:10 
洪景山 rfs14@cwb.gov.tw (待更正:0筆，異動:4筆)
陳建河 river@cwb.gov.tw (待更正:0筆，異動:5筆)
王琇玄 amywang@cwb.gov.tw (待更正:71筆，異動:1筆)
劉亦容 fo@cwb.gov.tw (待更正:71筆，異動:1筆)
HP人員 hpuser@cwb.gov.tw (待更正:1筆，異動:0筆)
PC人員 chueh@cwb.gov.tw (待更正:0筆，異動:21筆)
唐睿 baron0607@cwb.gov.tw (待更正:1筆，異動:0筆)
莊惟然 chuangwj@cwb.gov.tw (待更正:3筆，異動:0筆)
曾國棟 tseng@cwb.gov.tw (待更正:4筆，異動:0筆)
黃婉綺 wanchi@cwb.gov.tw (待更正:2筆，異動:30筆)
蔡志揮 taists@cwb.gov.tw (待更正:0筆，異動:21筆)
劉政 lc@cwb.gov.tw (待更正:21筆，異動:23筆)
吳政修 jswu@cwb.gov.tw (待更正:2筆，異動:4筆)
林介峰 dan@cwb.gov.tw (待更正:0筆，異動:28筆)
柯惠華 hei_cwb@cwb.gov.tw (待更正:0筆，異動:1筆)
秦照萍 jpc@cwb.gov.tw (待更正:2筆，異動:32筆)
曾怡豪 tyh900@cwb.gov.tw (待更正:0筆，異動:28筆)
劉萬祿 gary@cwb.gov.tw (待更正:0筆，異動:28筆)
蔡佳學 B891@cwb.gov.tw (待更正:1筆，異動:28筆)
鄭照雄 wtbeer@cwb.gov.tw (待更正:2筆，異動:4筆)
機房OP sosop@cwb.gov.tw (待更正:0筆，異動:1筆)
胡錦淵 yuan@cwb.gov.tw (待更正:0筆，異動:4筆)
曹富傑 chuck@cwb.gov.tw (待更正:0筆，異動:4筆)
郭奇偉 kiwikuo@cwb.gov.tw (待更正:1筆，異動:4筆)
黃柏禎 joehuang74@cwb.gov.tw (待更正:0筆，異動:4筆)
黃崇益 chungyi.huang@cwb.gov.tw (待更正:0筆，異動:4筆)
潘如龍 pan@cwb.gov.tw (待更正:1筆，異動:4筆)
蔡煌濱 hptsai@cwb.gov.tw (待更正:1筆，異動:4筆)
何傳忠 monnan@cwb.gov.tw (待更正:0筆，異動:3筆)
李香蘭 gfs5@cwb.gov.tw (待更正:0筆，異動:3筆)
陳柏榮 fajan09@cwb.gov.tw (待更正:0筆，異動:1筆)
賴曉薇 hlai@cwb.gov.tw (待更正:0筆，異動:2筆)
2016/03/14 07:51:07(End)-------------------------------------------------------------------

2016/03/21 07:50:00(Begin)------------------------------------------------------------------
曾雪卿 tsc@cwb.gov.tw (待更正:0筆，異動:2筆)
王琇玄 amywang@cwb.gov.tw (待更正:0筆，異動:1筆)
劉亦容 fo@cwb.gov.tw (待更正:0筆，異動:1筆)
HP人員 hpuser@cwb.gov.tw (待更正:1筆，異動:0筆)
PC人員 chueh@cwb.gov.tw (待更正:0筆，異動:37筆)
唐睿 baron0607@cwb.gov.tw (待更正:1筆，異動:0筆)
莊惟然 chuangwj@cwb.gov.tw (待更正:4筆，異動:7筆)
許美玲 shiu@cwb.gov.tw (待更正:0筆，異動:10筆)
曾國棟 tseng@cwb.gov.tw (待更正:2筆，異動:6筆)
黃婉綺 wanchi@cwb.gov.tw (待更正:2筆，異動:4筆)
莊峰銘 fmchuang@cwb.gov.tw (待更正:0筆，異動:2筆)
劉政 lc@cwb.gov.tw (待更正:21筆，異動:0筆)
韓承穎 cy_han@cwb.gov.tw (待更正:0筆，異動:1筆)
簡泰滄 ttchien@cwb.gov.tw (待更正:0筆，異動:3筆)
吳政修 jswu@cwb.gov.tw (待更正:1筆，異動:10筆)
林介峰 dan@cwb.gov.tw (待更正:0筆，異動:45筆)
秦照萍 jpc@cwb.gov.tw (待更正:1筆，異動:55筆)
曾怡豪 tyh900@cwb.gov.tw (待更正:0筆，異動:45筆)
劉萬祿 gary@cwb.gov.tw (待更正:0筆，異動:45筆)
蔡佳學 B891@cwb.gov.tw (待更正:1筆，異動:45筆)
鄭照雄 wtbeer@cwb.gov.tw (待更正:1筆，異動:10筆)
胡錦淵 yuan@cwb.gov.tw (待更正:0筆，異動:1筆)
曹富傑 chuck@cwb.gov.tw (待更正:0筆，異動:1筆)
郭奇偉 kiwikuo@cwb.gov.tw (待更正:1筆，異動:20筆)
黃柏禎 joehuang74@cwb.gov.tw (待更正:0筆，異動:1筆)
黃崇益 chungyi.huang@cwb.gov.tw (待更正:0筆，異動:1筆)
潘如龍 pan@cwb.gov.tw (待更正:1筆，異動:20筆)
蔡煌濱 hptsai@cwb.gov.tw (待更正:1筆，異動:20筆)
張柏洋 lnchang@cwb.gov.tw (待更正:0筆，異動:1筆)

伺服器拒絕了一個或多個收件者地址。伺服器的回應為：550 5.1.1 <jackyhou@cwb.gov.tw>: Recipient address rejected: User unknown in local recipient table
 
2016/03/21 07:50:52(End)-------------------------------------------------------------------

2016/03/28 07:50:00(Begin)------------------------------------------------------------------
完成更新[資料查核] 07:50:13 
陳建河 river@cwb.gov.tw (待更正:0筆，異動:2筆)
曾雪卿 tsc@cwb.gov.tw (待更正:1筆，異動:0筆)
HP人員 hpuser@cwb.gov.tw (待更正:1筆，異動:0筆)
PC人員 chueh@cwb.gov.tw (待更正:1筆，異動:4筆)
唐睿 baron0607@cwb.gov.tw (待更正:1筆，異動:5筆)
莊惟然 chuangwj@cwb.gov.tw (待更正:4筆，異動:1筆)
曾國棟 tseng@cwb.gov.tw (待更正:3筆，異動:6筆)
黃婉綺 wanchi@cwb.gov.tw (待更正:2筆，異動:19筆)
劉政 lc@cwb.gov.tw (待更正:20筆，異動:7筆)
簡泰滄 ttchien@cwb.gov.tw (待更正:0筆，異動:2筆)
吳政修 jswu@cwb.gov.tw (待更正:2筆，異動:4筆)
秦照萍 jpc@cwb.gov.tw (待更正:3筆，異動:6筆)
蔡佳學 B891@cwb.gov.tw (待更正:1筆，異動:0筆)
鄭照雄 wtbeer@cwb.gov.tw (待更正:3筆，異動:4筆)
機房OP sosop@cwb.gov.tw (待更正:1筆，異動:0筆)
胡錦淵 yuan@cwb.gov.tw (待更正:0筆，異動:7筆)
曹富傑 chuck@cwb.gov.tw (待更正:0筆，異動:1筆)
許秀桃 shelly@cwb.gov.tw (待更正:1筆，異動:1筆)
郭奇偉 kiwikuo@cwb.gov.tw (待更正:1筆，異動:1筆)
黃柏禎 joehuang74@cwb.gov.tw (待更正:0筆，異動:1筆)
黃崇益 chungyi.huang@cwb.gov.tw (待更正:0筆，異動:1筆)
潘如龍 pan@cwb.gov.tw (待更正:1筆，異動:1筆)
蔡煌濱 hptsai@cwb.gov.tw (待更正:1筆，異動:1筆)
王惠瑜 rachel@cwb.gov.tw (待更正:0筆，異動:2筆)
張柏洋 lnchang@cwb.gov.tw (待更正:0筆，異動:1筆)
陳昱安 yuan731006@cwb.gov.tw (待更正:0筆，異動:3筆)
黃偉芬 mullysa@cwb.gov.tw (待更正:0筆，異動:6筆)

伺服器拒絕了一個或多個收件者地址。伺服器的回應為：550 5.1.1 <jackyhou@cwb.gov.tw>: Recipient address rejected: User unknown in local recipient table
 
2016/03/28 07:50:55(End)-------------------------------------------------------------------

2016/04/04 07:50:00(Begin)------------------------------------------------------------------
完成更新[資料查核] 07:50:23 
林昌鴻 changhong@cwb.gov.tw (待更正:4筆，異動:0筆)
馮欽賜 fong@cwb.gov.tw (待更正:1筆，異動:0筆)
葉莉貞 lijen@cwb.gov.tw (待更正:0筆，異動:4筆)
鍾燕君 yenchun@cwb.gov.tw (待更正:1筆，異動:0筆)
王琇玄 amywang@cwb.gov.tw (待更正:0筆，異動:7筆)
吳石吉 rfs12@cwb.gov.tw (待更正:1筆，異動:0筆)
劉亦容 fo@cwb.gov.tw (待更正:1筆，異動:0筆)
HP人員 hpuser@cwb.gov.tw (待更正:10筆，異動:0筆)
PC人員 chueh@cwb.gov.tw (待更正:471筆，異動:23筆)
唐睿 baron0607@cwb.gov.tw (待更正:16筆，異動:0筆)
莊惟然 chuangwj@cwb.gov.tw (待更正:62筆，異動:9筆)
許美玲 shiu@cwb.gov.tw (待更正:4筆，異動:0筆)
曾國棟 tseng@cwb.gov.tw (待更正:48筆，異動:10筆)
黃婉綺 wanchi@cwb.gov.tw (待更正:69筆，異動:11筆)
蔡志揮 taists@cwb.gov.tw (待更正:45筆，異動:0筆)
莊峰銘 fmchuang@cwb.gov.tw (待更正:1筆，異動:0筆)
黃秀珍 hsj@cwb.gov.tw (待更正:6筆，異動:6筆)
劉政 lc@cwb.gov.tw (待更正:188筆，異動:4筆)
韓承穎 cy_han@cwb.gov.tw (待更正:2筆，異動:0筆)
簡泰滄 ttchien@cwb.gov.tw (待更正:3筆，異動:0筆)
吳政修 jswu@cwb.gov.tw (待更正:4筆，異動:2筆)
宋恩承 encheng@cwb.gov.tw (待更正:1筆，異動:0筆)
周貞娟 jou@cwb.gov.tw (待更正:4筆，異動:0筆)
林介峰 dan@cwb.gov.tw (待更正:37筆，異動:0筆)
柯惠華 hei_cwb@cwb.gov.tw (待更正:3筆，異動:0筆)
秦照萍 jpc@cwb.gov.tw (待更正:31筆，異動:2筆)
曾怡豪 tyh900@cwb.gov.tw (待更正:42筆，異動:0筆)
劉萬祿 gary@cwb.gov.tw (待更正:60筆，異動:1筆)
蔡伊其 ichi@cwb.gov.tw (待更正:1筆，異動:0筆)
蔡佳學 B891@cwb.gov.tw (待更正:25筆，異動:0筆)
鄭照雄 wtbeer@cwb.gov.tw (待更正:10筆，異動:2筆)
機房OP sosop@cwb.gov.tw (待更正:1筆，異動:0筆)
謝章眉 godmay@cwb.gov.tw (待更正:1筆，異動:0筆)
李宜芳 yvonne@cwb.gov.tw (待更正:1筆，異動:1筆)
胡錦淵 yuan@cwb.gov.tw (待更正:0筆，異動:8筆)
曹富傑 chuck@cwb.gov.tw (待更正:0筆，異動:4筆)
郭奇偉 kiwikuo@cwb.gov.tw (待更正:89筆，異動:13筆)
黃柏禎 joehuang74@cwb.gov.tw (待更正:0筆，異動:4筆)
黃崇益 chungyi.huang@cwb.gov.tw (待更正:2筆，異動:4筆)
潘如龍 pan@cwb.gov.tw (待更正:89筆，異動:3筆)
蔡煌濱 hptsai@cwb.gov.tw (待更正:90筆，異動:3筆)
賴文敏 laiwm@cwb.gov.tw (待更正:0筆，異動:1筆)
吳蕙如 hrwu@cwb.gov.tw (待更正:102筆，異動:4筆)
林宗翰 atm8852@cwb.gov.tw (待更正:3筆，異動:0筆)
林庭毅 tingyi@cwb.gov.tw (待更正:4筆，異動:0筆)
孫于力 isen21260@cwb.gov.tw (待更正:4筆，異動:0筆)
陳柏榮 fajan09@cwb.gov.tw (待更正:4筆，異動:0筆)
陳婉瑜 carinchen@cwb.gov.tw (待更正:4筆，異動:0筆)
林伯勳 bslin0701@cwb.gov.tw (待更正:4筆，異動:1筆)
林勤芳 cflin@cwb.gov.tw (待更正:2筆，異動:0筆)
邵彥銘 benjamin1023@cwb.gov.tw (待更正:4筆，異動:0筆)
陳怡儒 yiru@cwb.gov.tw (待更正:4筆，異動:0筆)
黃小玲 sling@cwb.gov.tw (待更正:4筆，異動:0筆)
蔡雅婷 yating@cwb.gov.tw (待更正:2筆，異動:0筆)
賴曉薇 hlai@cwb.gov.tw (待更正:4筆，異動:0筆)
蘇奕叡 su2ray@cwb.gov.tw (待更正:3筆，異動:0筆)
陳昱安 yuan731006@cwb.gov.tw (待更正:0筆，異動:4筆)
2016/04/04 07:51:38(End)-------------------------------------------------------------------

2016/04/09 06:11:51(Begin)------------------------------------------------------------------
完成更新[資料查核] 06:12:06 
2016/04/09 06:12:42(End)-------------------------------------------------------------------

2016/04/11 07:50:00(Begin)------------------------------------------------------------------
曾雪卿 tsc@cwb.gov.tw (待更正:91筆，異動:0筆)
HP人員 hpuser@cwb.gov.tw (待更正:1筆，異動:0筆)
PC人員 chueh@cwb.gov.tw (待更正:91筆，異動:0筆)
唐睿 baron0607@cwb.gov.tw (待更正:1筆，異動:0筆)
莊惟然 chuangwj@cwb.gov.tw (待更正:2筆，異動:4筆)
曾國棟 tseng@cwb.gov.tw (待更正:2筆，異動:5筆)
黃婉綺 wanchi@cwb.gov.tw (待更正:2筆，異動:3筆)
劉政 lc@cwb.gov.tw (待更正:19筆，異動:4筆)
吳政修 jswu@cwb.gov.tw (待更正:3筆，異動:2筆)
宋恩承 encheng@cwb.gov.tw (待更正:0筆，異動:2筆)
周貞娟 jou@cwb.gov.tw (待更正:0筆，異動:5筆)
林介峰 dan@cwb.gov.tw (待更正:0筆，異動:2筆)
柯惠華 hei_cwb@cwb.gov.tw (待更正:0筆，異動:2筆)
秦照萍 jpc@cwb.gov.tw (待更正:94筆，異動:82筆)
曾怡豪 tyh900@cwb.gov.tw (待更正:0筆，異動:2筆)
劉萬祿 gary@cwb.gov.tw (待更正:0筆，異動:2筆)
蔡伊其 ichi@cwb.gov.tw (待更正:0筆，異動:2筆)
蔡佳學 B891@cwb.gov.tw (待更正:1筆，異動:2筆)
鄭照雄 wtbeer@cwb.gov.tw (待更正:94筆，異動:2筆)
機房OP sosop@cwb.gov.tw (待更正:91筆，異動:2筆)
謝章眉 godmay@cwb.gov.tw (待更正:0筆，異動:2筆)
許秀桃 shelly@cwb.gov.tw (待更正:91筆，異動:0筆)
黃崇益 chungyi.huang@cwb.gov.tw (待更正:0筆，異動:1筆)

[Microsoft][ODBC SQL Server Driver][SQL Server]資料庫 'IDMS' 的交易記錄已滿。如果要了解為何無法重複使用記錄中的空間，請參閱 sys.databases 中的 log_reuse_wait_desc 資料行。 
2016/04/11 07:50:21(End)-------------------------------------------------------------------

2016/04/18 07:50:00(Begin)------------------------------------------------------------------
完成更新[資料查核] 07:50:13 
曾雪卿 tsc@cwb.gov.tw (待更正:91筆，異動:0筆)
HP人員 hpuser@cwb.gov.tw (待更正:1筆，異動:0筆)
PC人員 chueh@cwb.gov.tw (待更正:91筆，異動:6筆)
唐睿 baron0607@cwb.gov.tw (待更正:1筆，異動:0筆)
莊惟然 chuangwj@cwb.gov.tw (待更正:4筆，異動:8筆)
許美玲 shiu@cwb.gov.tw (待更正:91筆，異動:0筆)
曾國棟 tseng@cwb.gov.tw (待更正:2筆，異動:1筆)
黃婉綺 wanchi@cwb.gov.tw (待更正:2筆，異動:26筆)
莊柏浚 pcchuang@cwb.gov.tw (待更正:0筆，異動:6筆)
劉政 lc@cwb.gov.tw (待更正:20筆，異動:1筆)
吳政修 jswu@cwb.gov.tw (待更正:3筆，異動:3筆)
秦照萍 jpc@cwb.gov.tw (待更正:94筆，異動:3筆)
蔡佳學 B891@cwb.gov.tw (待更正:1筆，異動:0筆)
鄭照雄 wtbeer@cwb.gov.tw (待更正:94筆，異動:3筆)
機房OP sosop@cwb.gov.tw (待更正:91筆，異動:0筆)
胡錦淵 yuan@cwb.gov.tw (待更正:0筆，異動:20筆)
曹富傑 chuck@cwb.gov.tw (待更正:0筆，異動:16筆)
許秀桃 shelly@cwb.gov.tw (待更正:91筆，異動:0筆)
郭奇偉 kiwikuo@cwb.gov.tw (待更正:1筆，異動:0筆)
黃柏禎 joehuang74@cwb.gov.tw (待更正:0筆，異動:16筆)
黃崇益 chungyi.huang@cwb.gov.tw (待更正:0筆，異動:17筆)
潘如龍 pan@cwb.gov.tw (待更正:1筆，異動:0筆)
蔡煌濱 hptsai@cwb.gov.tw (待更正:1筆，異動:0筆)
2016/04/18 07:51:02(End)-------------------------------------------------------------------

2016/04/25 07:50:00(Begin)------------------------------------------------------------------
完成更新[資料查核] 07:50:11 
洪景山 rfs14@cwb.gov.tw (待更正:0筆，異動:3筆)
HP人員 hpuser@cwb.gov.tw (待更正:1筆，異動:0筆)
PC人員 chueh@cwb.gov.tw (待更正:0筆，異動:9筆)
唐睿 baron0607@cwb.gov.tw (待更正:1筆，異動:0筆)
莊惟然 chuangwj@cwb.gov.tw (待更正:4筆，異動:6筆)
曾國棟 tseng@cwb.gov.tw (待更正:2筆，異動:0筆)
黃婉綺 wanchi@cwb.gov.tw (待更正:2筆，異動:11筆)
黃秀珍 hsj@cwb.gov.tw (待更正:0筆，異動:2筆)
劉政 lc@cwb.gov.tw (待更正:20筆，異動:0筆)
吳政修 jswu@cwb.gov.tw (待更正:3筆，異動:0筆)
林介峰 dan@cwb.gov.tw (待更正:0筆，異動:15筆)
秦照萍 jpc@cwb.gov.tw (待更正:3筆，異動:16筆)
曾怡豪 tyh900@cwb.gov.tw (待更正:0筆，異動:15筆)
劉萬祿 gary@cwb.gov.tw (待更正:0筆，異動:15筆)
蔡佳學 B891@cwb.gov.tw (待更正:1筆，異動:15筆)
鄭照雄 wtbeer@cwb.gov.tw (待更正:3筆，異動:0筆)
胡錦淵 yuan@cwb.gov.tw (待更正:0筆，異動:10筆)
曹富傑 chuck@cwb.gov.tw (待更正:0筆，異動:10筆)
郭奇偉 kiwikuo@cwb.gov.tw (待更正:1筆，異動:0筆)
黃柏禎 joehuang74@cwb.gov.tw (待更正:0筆，異動:10筆)
黃崇益 chungyi.huang@cwb.gov.tw (待更正:0筆，異動:10筆)
潘如龍 pan@cwb.gov.tw (待更正:1筆，異動:0筆)
蔡煌濱 hptsai@cwb.gov.tw (待更正:1筆，異動:0筆)
2016/04/25 07:50:51(End)-------------------------------------------------------------------

2016/05/02 07:50:00(Begin)------------------------------------------------------------------
完成更新[資料查核] 07:50:10 
HP人員 hpuser@cwb.gov.tw (待更正:1筆，異動:0筆)
PC人員 chueh@cwb.gov.tw (待更正:0筆，異動:3筆)
宋恩承 encheng@cwb.gov.tw (待更正:0筆，異動:1筆)
唐睿 baron0607@cwb.gov.tw (待更正:1筆，異動:0筆)
莊惟然 chuangwj@cwb.gov.tw (待更正:4筆，異動:0筆)
曾國棟 tseng@cwb.gov.tw (待更正:2筆，異動:0筆)
黃婉綺 wanchi@cwb.gov.tw (待更正:2筆，異動:3筆)
劉政 lc@cwb.gov.tw (待更正:20筆，異動:0筆)
吳政修 jswu@cwb.gov.tw (待更正:3筆，異動:1筆)
秦照萍 jpc@cwb.gov.tw (待更正:3筆，異動:1筆)
蔡佳學 B891@cwb.gov.tw (待更正:1筆，異動:0筆)
鄭照雄 wtbeer@cwb.gov.tw (待更正:3筆，異動:1筆)
郭奇偉 kiwikuo@cwb.gov.tw (待更正:1筆，異動:0筆)
潘如龍 pan@cwb.gov.tw (待更正:1筆，異動:0筆)
蔡煌濱 hptsai@cwb.gov.tw (待更正:1筆，異動:0筆)
2016/05/02 07:50:30(End)-------------------------------------------------------------------

2016/05/09 07:50:00(Begin)------------------------------------------------------------------
完成更新[資料查核] 07:50:11 
洪景山 rfs14@cwb.gov.tw (待更正:1筆，異動:0筆)
王琇玄 amywang@cwb.gov.tw (待更正:0筆，異動:20筆)
劉亦容 fo@cwb.gov.tw (待更正:0筆，異動:4筆)
HP人員 hpuser@cwb.gov.tw (待更正:1筆，異動:0筆)
PC人員 chueh@cwb.gov.tw (待更正:2筆，異動:19筆)
宋恩承 encheng@cwb.gov.tw (待更正:1筆，異動:6筆)
唐睿 baron0607@cwb.gov.tw (待更正:1筆，異動:2筆)
莊惟然 chuangwj@cwb.gov.tw (待更正:4筆，異動:0筆)
曾國棟 tseng@cwb.gov.tw (待更正:2筆，異動:0筆)
黃婉綺 wanchi@cwb.gov.tw (待更正:2筆，異動:1筆)
劉政 lc@cwb.gov.tw (待更正:22筆，異動:3筆)
吳政修 jswu@cwb.gov.tw (待更正:0筆，異動:8筆)
秦照萍 jpc@cwb.gov.tw (待更正:0筆，異動:9筆)
劉萬祿 gary@cwb.gov.tw (待更正:1筆，異動:1筆)
蔡佳學 B891@cwb.gov.tw (待更正:1筆，異動:0筆)
鄭照雄 wtbeer@cwb.gov.tw (待更正:0筆，異動:8筆)
郭奇偉 kiwikuo@cwb.gov.tw (待更正:1筆，異動:0筆)
潘如龍 pan@cwb.gov.tw (待更正:1筆，異動:0筆)
蔡煌濱 hptsai@cwb.gov.tw (待更正:1筆，異動:0筆)
2016/05/09 07:50:34(End)-------------------------------------------------------------------

2016/05/16 07:50:00(Begin)------------------------------------------------------------------
完成更新[資料查核] 07:50:16 
洪景山 rfs14@cwb.gov.tw (待更正:1筆，異動:0筆)
HP人員 hpuser@cwb.gov.tw (待更正:1筆，異動:0筆)
PC人員 chueh@cwb.gov.tw (待更正:1筆，異動:1筆)
宋恩承 encheng@cwb.gov.tw (待更正:1筆，異動:0筆)
唐睿 baron0607@cwb.gov.tw (待更正:1筆，異動:0筆)
莊惟然 chuangwj@cwb.gov.tw (待更正:4筆，異動:0筆)
曾國棟 tseng@cwb.gov.tw (待更正:2筆，異動:0筆)
黃婉綺 wanchi@cwb.gov.tw (待更正:2筆，異動:3筆)
劉政 lc@cwb.gov.tw (待更正:22筆，異動:0筆)
吳政修 jswu@cwb.gov.tw (待更正:0筆，異動:14筆)
林介峰 dan@cwb.gov.tw (待更正:0筆，異動:2筆)
秦照萍 jpc@cwb.gov.tw (待更正:0筆，異動:16筆)
曾怡豪 tyh900@cwb.gov.tw (待更正:0筆，異動:2筆)
劉萬祿 gary@cwb.gov.tw (待更正:0筆，異動:2筆)
蔡佳學 B891@cwb.gov.tw (待更正:1筆，異動:2筆)
鄭照雄 wtbeer@cwb.gov.tw (待更正:0筆，異動:14筆)
胡錦淵 yuan@cwb.gov.tw (待更正:0筆，異動:2筆)
曹富傑 chuck@cwb.gov.tw (待更正:0筆，異動:2筆)
郭奇偉 kiwikuo@cwb.gov.tw (待更正:1筆，異動:0筆)
黃柏禎 joehuang74@cwb.gov.tw (待更正:0筆，異動:2筆)
黃崇益 chungyi.huang@cwb.gov.tw (待更正:0筆，異動:2筆)
潘如龍 pan@cwb.gov.tw (待更正:1筆，異動:0筆)
蔡煌濱 hptsai@cwb.gov.tw (待更正:1筆，異動:0筆)

2016/05/23 07:50:00(Begin)------------------------------------------------------------------
完成更新[資料查核] 07:50:20 
洪景山 rfs14@cwb.gov.tw (待更正:1筆，異動:0筆)
曾雪卿 tsc@cwb.gov.tw (待更正:4筆，異動:0筆)

2016/05/23 20:41:17(Begin)------------------------------------------------------------------
20:41:34 完成更新[資料查核]
20:41:35 洪景山 rfs14@cwb.gov.tw (待更正:1筆，異動:0筆)
20:41:35 曾雪卿 tsc@cwb.gov.tw (待更正:4筆，異動:0筆)
20:41:37 HP人員 hpuser@cwb.gov.tw (待更正:1筆，異動:0筆)
20:41:37 PC人員 chueh@cwb.gov.tw (待更正:5筆，異動:0筆)
20:41:37 宋恩承 encheng@cwb.gov.tw (待更正:1筆，異動:0筆)
20:41:37 唐睿 baron0607@cwb.gov.tw (待更正:1筆，異動:0筆)
20:41:37 莊惟然 chuangwj@cwb.gov.tw (待更正:4筆，異動:2筆)
20:41:37 許美玲 shiu@cwb.gov.tw (待更正:4筆，異動:0筆)
20:41:38 曾國棟 tseng@cwb.gov.tw (待更正:2筆，異動:0筆)
20:41:38 黃婉綺 wanchi@cwb.gov.tw (待更正:2筆，異動:1筆)
20:41:38 黃秀珍 hsj@cwb.gov.tw (待更正:0筆，異動:2筆)
20:41:39 劉政 lc@cwb.gov.tw (待更正:22筆，異動:0筆)
20:41:39 吳政修 jswu@cwb.gov.tw (待更正:0筆，異動:2筆)
20:41:40 秦照萍 jpc@cwb.gov.tw (待更正:4筆，異動:2筆)
20:41:40 蔡佳學 B891@cwb.gov.tw (待更正:1筆，異動:0筆)
20:41:40 鄭照雄 wtbeer@cwb.gov.tw (待更正:4筆，異動:2筆)
20:41:40 機房OP sosop@cwb.gov.tw (待更正:4筆，異動:0筆)
20:41:41 吳俊峰 vincentwu@cwb.gov.tw (待更正:0筆，異動:1筆)
20:41:41 李宜芳 yvonne@cwb.gov.tw (待更正:0筆，異動:1筆)
20:41:41 李俊樺 jyunhuali@cwb.gov.tw (待更正:0筆，異動:1筆)
20:41:41 胡錦淵 yuan@cwb.gov.tw (待更正:0筆，異動:10筆)
20:41:41 曹富傑 chuck@cwb.gov.tw (待更正:0筆，異動:10筆)
20:41:42 許秀桃 shelly@cwb.gov.tw (待更正:4筆，異動:0筆)
20:41:42 郭奇偉 kiwikuo@cwb.gov.tw (待更正:1筆，異動:4筆)
20:41:42 黃柏禎 joehuang74@cwb.gov.tw (待更正:0筆，異動:10筆)
20:41:42 黃崇益 chungyi.huang@cwb.gov.tw (待更正:0筆，異動:10筆)
20:41:42 潘如龍 pan@cwb.gov.tw (待更正:1筆，異動:0筆)
20:41:43 蔡煌濱 hptsai@cwb.gov.tw (待更正:1筆，異動:0筆)
20:41:43 賴文敏 laiwm@cwb.gov.tw (待更正:0筆，異動:1筆)
2016/05/23 20:41:46(End)-------------------------------------------------------------------

2016/05/30 07:50:00(Begin)------------------------------------------------------------------
07:50:18 完成更新[資料查核]
07:50:19 洪景山 rfs14@cwb.gov.tw (待更正:1筆，異動:0筆)
07:50:20 HP人員 hpuser@cwb.gov.tw (待更正:1筆，異動:0筆)
07:50:20 PC人員 chueh@cwb.gov.tw (待更正:1筆，異動:17筆)
07:50:20 宋恩承 encheng@cwb.gov.tw (待更正:1筆，異動:0筆)
07:50:20 唐睿 baron0607@cwb.gov.tw (待更正:1筆，異動:0筆)
07:50:21 莊惟然 chuangwj@cwb.gov.tw (待更正:4筆，異動:0筆)
07:50:21 許美玲 shiu@cwb.gov.tw (待更正:0筆，異動:3筆)
07:50:21 曾國棟 tseng@cwb.gov.tw (待更正:2筆，異動:2筆)
07:50:21 黃婉綺 wanchi@cwb.gov.tw (待更正:2筆，異動:3筆)
07:50:21 蔡志揮 taists@cwb.gov.tw (待更正:0筆，異動:5筆)
07:50:21 莊峰銘 fmchuang@cwb.gov.tw (待更正:0筆，異動:1筆)
07:50:22 劉政 lc@cwb.gov.tw (待更正:22筆，異動:0筆)
07:50:23 蔡佳學 B891@cwb.gov.tw (待更正:1筆，異動:0筆)
07:50:23 吳俊峰 vincentwu@cwb.gov.tw (待更正:0筆，異動:1筆)
07:50:23 李宜芳 yvonne@cwb.gov.tw (待更正:0筆，異動:1筆)
07:50:23 李俊樺 jyunhuali@cwb.gov.tw (待更正:0筆，異動:1筆)
07:50:23 胡錦淵 yuan@cwb.gov.tw (待更正:0筆，異動:1筆)
07:50:23 曹富傑 chuck@cwb.gov.tw (待更正:0筆，異動:1筆)
07:50:24 許秀桃 shelly@cwb.gov.tw (待更正:0筆，異動:1筆)
07:50:24 郭奇偉 kiwikuo@cwb.gov.tw (待更正:1筆，異動:2筆)
07:50:24 黃柏禎 joehuang74@cwb.gov.tw (待更正:0筆，異動:1筆)
07:50:24 黃崇益 chungyi.huang@cwb.gov.tw (待更正:0筆，異動:1筆)
07:50:24 潘如龍 pan@cwb.gov.tw (待更正:1筆，異動:2筆)
07:50:24 蔡煌濱 hptsai@cwb.gov.tw (待更正:1筆，異動:2筆)
07:50:24 賴文敏 laiwm@cwb.gov.tw (待更正:0筆，異動:1筆)
2016/05/30 07:50:27(End)-------------------------------------------------------------------

2016/06/06 07:50:00(Begin)------------------------------------------------------------------
07:50:20 完成更新[資料查核]
07:50:21 洪景山 rfs14@cwb.gov.tw (待更正:1筆，異動:1筆)
07:50:22 曾雪卿 tsc@cwb.gov.tw (待更正:1筆，異動:0筆)
07:50:22 劉國隆 liu@cwb.gov.tw (待更正:0筆，異動:1筆)
07:50:23 王琇玄 amywang@cwb.gov.tw (待更正:0筆，異動:2筆)
07:50:23 HP人員 hpuser@cwb.gov.tw (待更正:1筆，異動:0筆)
07:50:24 PC人員 chueh@cwb.gov.tw (待更正:2筆，異動:0筆)
07:50:24 宋恩承 encheng@cwb.gov.tw (待更正:1筆，異動:0筆)
07:50:24 唐睿 baron0607@cwb.gov.tw (待更正:1筆，異動:0筆)
07:50:24 莊惟然 chuangwj@cwb.gov.tw (待更正:4筆，異動:0筆)
07:50:24 許美玲 shiu@cwb.gov.tw (待更正:1筆，異動:0筆)
07:50:25 曾國棟 tseng@cwb.gov.tw (待更正:2筆，異動:0筆)
07:50:25 黃婉綺 wanchi@cwb.gov.tw (待更正:8筆，異動:0筆)
07:50:25 蔡志揮 taists@cwb.gov.tw (待更正:4筆，異動:0筆)
07:50:26 劉政 lc@cwb.gov.tw (待更正:22筆，異動:0筆)
07:50:27 秦照萍 jpc@cwb.gov.tw (待更正:1筆，異動:0筆)
07:50:27 蔡佳學 B891@cwb.gov.tw (待更正:1筆，異動:0筆)
07:50:28 鄭照雄 wtbeer@cwb.gov.tw (待更正:1筆，異動:0筆)
07:50:28 機房OP sosop@cwb.gov.tw (待更正:1筆，異動:0筆)
07:50:29 胡錦淵 yuan@cwb.gov.tw (待更正:0筆，異動:5筆)
07:50:29 曹富傑 chuck@cwb.gov.tw (待更正:0筆，異動:5筆)
07:50:29 許秀桃 shelly@cwb.gov.tw (待更正:1筆，異動:0筆)
07:50:29 郭奇偉 kiwikuo@cwb.gov.tw (待更正:1筆，異動:2筆)
07:50:29 黃柏禎 joehuang74@cwb.gov.tw (待更正:0筆，異動:5筆)
07:50:29 黃崇益 chungyi.huang@cwb.gov.tw (待更正:0筆，異動:5筆)
07:50:30 潘如龍 pan@cwb.gov.tw (待更正:1筆，異動:2筆)
07:50:30 蔡煌濱 hptsai@cwb.gov.tw (待更正:1筆，異動:2筆)
2016/06/06 07:50:35(End)-------------------------------------------------------------------

2016/06/13 07:50:00(Begin)------------------------------------------------------------------
07:50:25 完成更新[資料查核]
07:50:26 洪景山 rfs14@cwb.gov.tw (待更正:1筆，異動:0筆)
07:50:27 HP人員 hpuser@cwb.gov.tw (待更正:1筆，異動:0筆)
07:50:28 PC人員 chueh@cwb.gov.tw (待更正:0筆，異動:1筆)
07:50:28 宋恩承 encheng@cwb.gov.tw (待更正:0筆，異動:1筆)
07:50:28 唐睿 baron0607@cwb.gov.tw (待更正:1筆，異動:0筆)
07:50:28 莊惟然 chuangwj@cwb.gov.tw (待更正:4筆，異動:0筆)
07:50:28 曾國棟 tseng@cwb.gov.tw (待更正:2筆，異動:0筆)
07:50:29 黃婉綺 wanchi@cwb.gov.tw (待更正:8筆，異動:0筆)
07:50:29 蔡志揮 taists@cwb.gov.tw (待更正:0筆，異動:4筆)
07:50:30 劉政 lc@cwb.gov.tw (待更正:22筆，異動:0筆)
07:50:31 蔡佳學 B891@cwb.gov.tw (待更正:1筆，異動:0筆)
07:50:33 郭奇偉 kiwikuo@cwb.gov.tw (待更正:1筆，異動:0筆)
07:50:33 潘如龍 pan@cwb.gov.tw (待更正:1筆，異動:0筆)
07:50:33 蔡煌濱 hptsai@cwb.gov.tw (待更正:1筆，異動:0筆)
2016/06/13 07:50:38(End)-------------------------------------------------------------------

2016/06/20 07:50:00(Begin)------------------------------------------------------------------
07:50:24 完成更新[資料查核]
07:50:25 洪景山 rfs14@cwb.gov.tw (待更正:1筆，異動:0筆)
07:50:25 曾雪卿 tsc@cwb.gov.tw (待更正:3筆，異動:0筆)
07:50:27 HP人員 hpuser@cwb.gov.tw (待更正:1筆，異動:0筆)
07:50:28 PC人員 chueh@cwb.gov.tw (待更正:3筆，異動:30筆)
07:50:28 唐睿 baron0607@cwb.gov.tw (待更正:1筆，異動:0筆)
07:50:28 莊惟然 chuangwj@cwb.gov.tw (待更正:19筆，異動:64筆)
07:50:29 許美玲 shiu@cwb.gov.tw (待更正:3筆，異動:1筆)
07:50:29 曾國棟 tseng@cwb.gov.tw (待更正:2筆，異動:3筆)
07:50:29 黃婉綺 wanchi@cwb.gov.tw (待更正:8筆，異動:7筆)
07:50:31 劉政 lc@cwb.gov.tw (待更正:22筆，異動:0筆)
07:50:31 韓承穎 cy_han@cwb.gov.tw (待更正:15筆，異動:24筆)
07:50:32 吳政修 jswu@cwb.gov.tw (待更正:0筆，異動:5筆)
07:50:32 柯惠華 hei_cwb@cwb.gov.tw (待更正:0筆，異動:2筆)
07:50:33 秦照萍 jpc@cwb.gov.tw (待更正:3筆，異動:6筆)
07:50:33 劉萬祿 gary@cwb.gov.tw (待更正:0筆，異動:12筆)
07:50:34 蔡佳學 B891@cwb.gov.tw (待更正:1筆，異動:0筆)
07:50:34 鄭照雄 wtbeer@cwb.gov.tw (待更正:3筆，異動:5筆)
07:50:34 機房OP sosop@cwb.gov.tw (待更正:3筆，異動:1筆)
07:50:35 吳俊峰 vincentwu@cwb.gov.tw (待更正:0筆，異動:4筆)
07:50:35 李宜芳 yvonne@cwb.gov.tw (待更正:0筆，異動:4筆)
07:50:35 李俊樺 jyunhuali@cwb.gov.tw (待更正:0筆，異動:4筆)
07:50:36 許秀桃 shelly@cwb.gov.tw (待更正:3筆，異動:0筆)
07:50:36 郭奇偉 kiwikuo@cwb.gov.tw (待更正:1筆，異動:3筆)
07:50:37 潘如龍 pan@cwb.gov.tw (待更正:1筆，異動:3筆)
07:50:37 蔡煌濱 hptsai@cwb.gov.tw (待更正:1筆，異動:3筆)
07:50:37 賴文敏 laiwm@cwb.gov.tw (待更正:0筆，異動:4筆)
07:50:44 張柏洋 lnchang@cwb.gov.tw (待更正:0筆，異動:1筆)
07:50:44 黃偉芬 mullysa@cwb.gov.tw (待更正:0筆，異動:1筆)
2016/06/20 07:50:44(End)-------------------------------------------------------------------

2016/06/27 07:50:00(Begin)------------------------------------------------------------------
07:50:22 完成更新[資料查核]
07:50:23 李淑蓉 lee@cwb.gov.tw (待更正:0筆，異動:3筆)
07:50:23 洪景山 rfs14@cwb.gov.tw (待更正:1筆，異動:0筆)
07:50:24 曾雪卿 tsc@cwb.gov.tw (待更正:3筆，異動:0筆)
07:50:25 王琇玄 amywang@cwb.gov.tw (待更正:0筆，異動:2筆)
07:50:25 吳石吉 rfs12@cwb.gov.tw (待更正:0筆，異動:2筆)
07:50:25 HP人員 hpuser@cwb.gov.tw (待更正:1筆，異動:3筆)
07:50:26 PC人員 chueh@cwb.gov.tw (待更正:3筆，異動:86筆)
07:50:26 唐睿 baron0607@cwb.gov.tw (待更正:1筆，異動:0筆)
07:50:26 莊惟然 chuangwj@cwb.gov.tw (待更正:34筆，異動:18筆)
07:50:27 許美玲 shiu@cwb.gov.tw (待更正:3筆，異動:0筆)
07:50:27 曾國棟 tseng@cwb.gov.tw (待更正:2筆，異動:0筆)
07:50:27 黃婉綺 wanchi@cwb.gov.tw (待更正:8筆，異動:0筆)
07:50:28 莊柏浚 pcchuang@cwb.gov.tw (待更正:0筆，異動:1筆)
07:50:28 陳蕙茹 michlle@cwb.gov.tw (待更正:0筆，異動:2筆)
07:50:28 黃秀珍 hsj@cwb.gov.tw (待更正:0筆，異動:3筆)
07:50:29 劉政 lc@cwb.gov.tw (待更正:22筆，異動:1筆)
07:50:29 韓承穎 cy_han@cwb.gov.tw (待更正:15筆，異動:1筆)
07:50:29 吳政修 jswu@cwb.gov.tw (待更正:0筆，異動:13筆)
07:50:30 林介峰 dan@cwb.gov.tw (待更正:0筆，異動:8筆)
07:50:30 柯惠華 hei_cwb@cwb.gov.tw (待更正:0筆，異動:24筆)
07:50:30 秦照萍 jpc@cwb.gov.tw (待更正:3筆，異動:21筆)
07:50:31 曾怡豪 tyh900@cwb.gov.tw (待更正:0筆，異動:8筆)
07:50:31 劉萬祿 gary@cwb.gov.tw (待更正:0筆，異動:8筆)
07:50:31 蔡佳學 B891@cwb.gov.tw (待更正:1筆，異動:8筆)
07:50:32 鄭照雄 wtbeer@cwb.gov.tw (待更正:3筆，異動:13筆)
07:50:32 機房OP sosop@cwb.gov.tw (待更正:3筆，異動:0筆)
07:50:33 李宜芳 yvonne@cwb.gov.tw (待更正:0筆，異動:8筆)
07:50:33 胡錦淵 yuan@cwb.gov.tw (待更正:0筆，異動:1筆)
07:50:33 曹富傑 chuck@cwb.gov.tw (待更正:0筆，異動:2筆)
07:50:34 許秀桃 shelly@cwb.gov.tw (待更正:3筆，異動:2筆)
07:50:34 郭奇偉 kiwikuo@cwb.gov.tw (待更正:1筆，異動:0筆)
07:50:34 黃崇益 chungyi.huang@cwb.gov.tw (待更正:0筆，異動:1筆)
07:50:34 潘如龍 pan@cwb.gov.tw (待更正:1筆，異動:2筆)
07:50:35 蔡煌濱 hptsai@cwb.gov.tw (待更正:1筆，異動:0筆)
07:50:36 孫于力 isen21260@cwb.gov.tw (待更正:0筆，異動:2筆)
07:50:37 許喬祺 b879@cwb.gov.tw (待更正:0筆，異動:1筆)
07:50:37 陳白榆 elmy926@cwb.gov.tw (待更正:0筆，異動:3筆)
07:50:38 江晉孝 chiangch@cwb.gov.tw (待更正:0筆，異動:3筆)
07:50:38 江琇瑛 s91219264@cwb.gov.tw (待更正:0筆，異動:3筆)
07:50:38 李志昕 iamduduli@cwb.gov.tw (待更正:0筆，異動:2筆)
07:50:38 林伯勳 bslin0701@cwb.gov.tw (待更正:0筆，異動:3筆)
07:50:40 戴俐卉 hway@cwb.gov.tw (待更正:0筆，異動:3筆)
07:50:40 蘇奕叡 su2ray@cwb.gov.tw (待更正:0筆，異動:2筆)
07:50:41 周喬隆 ccl@cwb.gov.tw (待更正:0筆，異動:5筆)
2016/06/27 07:50:42(End)-------------------------------------------------------------------

2016/07/04 07:50:00(Begin)------------------------------------------------------------------
07:50:20 完成更新[資料查核]
07:50:20 洪景山 rfs14@cwb.gov.tw (待更正:1筆，異動:0筆)
07:50:21 曾雪卿 tsc@cwb.gov.tw (待更正:28筆，異動:0筆)
07:50:22 王琇玄 amywang@cwb.gov.tw (待更正:0筆，異動:43筆)
07:50:22 HP人員 hpuser@cwb.gov.tw (待更正:1筆，異動:0筆)
07:50:22 PC人員 chueh@cwb.gov.tw (待更正:28筆，異動:0筆)
07:50:23 唐睿 baron0607@cwb.gov.tw (待更正:1筆，異動:0筆)
07:50:23 莊惟然 chuangwj@cwb.gov.tw (待更正:19筆，異動:0筆)
07:50:23 許美玲 shiu@cwb.gov.tw (待更正:28筆，異動:0筆)
07:50:23 曾國棟 tseng@cwb.gov.tw (待更正:2筆，異動:0筆)
07:50:23 黃婉綺 wanchi@cwb.gov.tw (待更正:8筆，異動:2筆)
07:50:24 劉政 lc@cwb.gov.tw (待更正:22筆，異動:0筆)
07:50:24 韓承穎 cy_han@cwb.gov.tw (待更正:0筆，異動:15筆)
07:50:25 秦照萍 jpc@cwb.gov.tw (待更正:28筆，異動:0筆)
07:50:25 蔡佳學 B891@cwb.gov.tw (待更正:1筆，異動:0筆)
07:50:26 鄭照雄 wtbeer@cwb.gov.tw (待更正:28筆，異動:0筆)
07:50:26 機房OP sosop@cwb.gov.tw (待更正:28筆，異動:0筆)
07:50:27 許秀桃 shelly@cwb.gov.tw (待更正:28筆，異動:0筆)
07:50:27 郭奇偉 kiwikuo@cwb.gov.tw (待更正:1筆，異動:26筆)
07:50:27 潘如龍 pan@cwb.gov.tw (待更正:1筆，異動:0筆)
07:50:28 蔡煌濱 hptsai@cwb.gov.tw (待更正:1筆，異動:0筆)
2016/07/04 07:50:31(End)-------------------------------------------------------------------

2016/07/11 07:50:00(Begin)------------------------------------------------------------------
07:50:24 完成更新[資料查核]
07:50:24 洪景山 rfs14@cwb.gov.tw (待更正:1筆，異動:0筆)
07:50:25 曾雪卿 tsc@cwb.gov.tw (待更正:28筆，異動:0筆)
07:50:27 HP人員 hpuser@cwb.gov.tw (待更正:1筆，異動:0筆)
07:50:27 PC人員 chueh@cwb.gov.tw (待更正:28筆，異動:0筆)
07:50:27 唐睿 baron0607@cwb.gov.tw (待更正:1筆，異動:0筆)
07:50:28 莊惟然 chuangwj@cwb.gov.tw (待更正:19筆，異動:0筆)
07:50:29 許美玲 shiu@cwb.gov.tw (待更正:28筆，異動:0筆)
07:50:29 曾國棟 tseng@cwb.gov.tw (待更正:2筆，異動:0筆)
07:50:29 黃婉綺 wanchi@cwb.gov.tw (待更正:8筆，異動:0筆)
07:50:29 莊柏浚 pcchuang@cwb.gov.tw (待更正:0筆，異動:12筆)
07:50:30 莊峰銘 fmchuang@cwb.gov.tw (待更正:0筆，異動:1筆)
07:50:30 陳蕙茹 michlle@cwb.gov.tw (待更正:0筆，異動:12筆)
07:50:30 劉政 lc@cwb.gov.tw (待更正:22筆，異動:0筆)
07:50:31 韓承穎 cy_han@cwb.gov.tw (待更正:0筆，異動:1筆)
07:50:31 吳政修 jswu@cwb.gov.tw (待更正:0筆，異動:3筆)
07:50:32 秦照萍 jpc@cwb.gov.tw (待更正:28筆，異動:3筆)
07:50:32 蔡佳學 B891@cwb.gov.tw (待更正:1筆，異動:0筆)
07:50:33 鄭照雄 wtbeer@cwb.gov.tw (待更正:28筆，異動:3筆)
07:50:33 機房OP sosop@cwb.gov.tw (待更正:28筆，異動:0筆)
07:50:34 吳俊峰 vincentwu@cwb.gov.tw (待更正:0筆，異動:2筆)
07:50:34 李宜芳 yvonne@cwb.gov.tw (待更正:0筆，異動:2筆)
07:50:34 李俊樺 jyunhuali@cwb.gov.tw (待更正:0筆，異動:2筆)
07:50:35 許秀桃 shelly@cwb.gov.tw (待更正:28筆，異動:0筆)
07:50:35 郭奇偉 kiwikuo@cwb.gov.tw (待更正:1筆，異動:0筆)
07:50:36 潘如龍 pan@cwb.gov.tw (待更正:1筆，異動:0筆)
07:50:36 蔡煌濱 hptsai@cwb.gov.tw (待更正:1筆，異動:0筆)
07:50:36 賴文敏 laiwm@cwb.gov.tw (待更正:0筆，異動:2筆)
2016/07/11 07:50:41(End)-------------------------------------------------------------------

2016/07/18 07:50:00(Begin)------------------------------------------------------------------
07:50:24 完成更新[資料查核]
07:50:25 洪景山 rfs14@cwb.gov.tw (待更正:1筆，異動:0筆)
07:50:26 曾雪卿 tsc@cwb.gov.tw (待更正:28筆，異動:0筆)
07:50:28 HP人員 hpuser@cwb.gov.tw (待更正:1筆，異動:0筆)
07:50:28 PC人員 chueh@cwb.gov.tw (待更正:28筆，異動:1筆)
07:50:29 唐睿 baron0607@cwb.gov.tw (待更正:2筆，異動:5筆)
07:50:29 莊惟然 chuangwj@cwb.gov.tw (待更正:19筆，異動:2筆)
07:50:30 許美玲 shiu@cwb.gov.tw (待更正:28筆，異動:0筆)
07:50:30 曾國棟 tseng@cwb.gov.tw (待更正:2筆，異動:9筆)
07:50:30 黃婉綺 wanchi@cwb.gov.tw (待更正:1筆，異動:12筆)
07:50:31 劉政 lc@cwb.gov.tw (待更正:24筆，異動:2筆)
07:50:32 吳政修 jswu@cwb.gov.tw (待更正:0筆，異動:4筆)
07:50:32 林介峰 dan@cwb.gov.tw (待更正:0筆，異動:2筆)
07:50:33 秦照萍 jpc@cwb.gov.tw (待更正:28筆，異動:6筆)
07:50:33 曾怡豪 tyh900@cwb.gov.tw (待更正:0筆，異動:2筆)
07:50:33 劉萬祿 gary@cwb.gov.tw (待更正:0筆，異動:2筆)
07:50:34 蔡佳學 B891@cwb.gov.tw (待更正:1筆，異動:2筆)
07:50:34 鄭照雄 wtbeer@cwb.gov.tw (待更正:28筆，異動:4筆)
07:50:35 機房OP sosop@cwb.gov.tw (待更正:28筆，異動:2筆)
07:50:35 吳俊峰 vincentwu@cwb.gov.tw (待更正:0筆，異動:5筆)
07:50:35 李宜芳 yvonne@cwb.gov.tw (待更正:0筆，異動:5筆)
07:50:36 李俊樺 jyunhuali@cwb.gov.tw (待更正:0筆，異動:5筆)
07:50:36 胡錦淵 yuan@cwb.gov.tw (待更正:0筆，異動:1筆)
07:50:36 曹富傑 chuck@cwb.gov.tw (待更正:0筆，異動:1筆)
07:50:37 許秀桃 shelly@cwb.gov.tw (待更正:28筆，異動:0筆)
07:50:37 郭奇偉 kiwikuo@cwb.gov.tw (待更正:1筆，異動:0筆)
07:50:37 黃柏禎 joehuang74@cwb.gov.tw (待更正:0筆，異動:1筆)
07:50:37 黃崇益 chungyi.huang@cwb.gov.tw (待更正:0筆，異動:1筆)
07:50:37 潘如龍 pan@cwb.gov.tw (待更正:1筆，異動:0筆)
07:50:37 蔡煌濱 hptsai@cwb.gov.tw (待更正:1筆，異動:0筆)
07:50:38 賴文敏 laiwm@cwb.gov.tw (待更正:0筆，異動:5筆)
07:50:38 吳蕙如 hrwu@cwb.gov.tw (待更正:2筆，異動:2筆)
2016/07/18 07:50:43(End)-------------------------------------------------------------------

2016/07/25 07:50:00(Begin)------------------------------------------------------------------
07:50:25 完成更新[資料查核]
07:50:26 洪景山 rfs14@cwb.gov.tw (待更正:1筆，異動:0筆)
07:50:27 劉國隆 liu@cwb.gov.tw (待更正:0筆，異動:2筆)
07:50:28 HP人員 hpuser@cwb.gov.tw (待更正:1筆，異動:11筆)
07:50:28 PC人員 chueh@cwb.gov.tw (待更正:0筆，異動:4筆)
07:50:29 唐睿 baron0607@cwb.gov.tw (待更正:2筆，異動:0筆)
07:50:29 莊惟然 chuangwj@cwb.gov.tw (待更正:19筆，異動:0筆)
07:50:29 曾國棟 tseng@cwb.gov.tw (待更正:2筆，異動:12筆)
07:50:29 黃婉綺 wanchi@cwb.gov.tw (待更正:1筆，異動:2筆)
07:50:30 劉政 lc@cwb.gov.tw (待更正:24筆，異動:0筆)
07:50:31 吳政修 jswu@cwb.gov.tw (待更正:0筆，異動:1筆)
07:50:32 秦照萍 jpc@cwb.gov.tw (待更正:0筆，異動:1筆)
07:50:32 蔡佳學 B891@cwb.gov.tw (待更正:1筆，異動:0筆)
07:50:32 鄭照雄 wtbeer@cwb.gov.tw (待更正:0筆，異動:1筆)
07:50:34 郭奇偉 kiwikuo@cwb.gov.tw (待更正:1筆，異動:12筆)
07:50:34 潘如龍 pan@cwb.gov.tw (待更正:1筆，異動:12筆)
07:50:35 蔡煌濱 hptsai@cwb.gov.tw (待更正:1筆，異動:12筆)
07:50:35 吳蕙如 hrwu@cwb.gov.tw (待更正:2筆，異動:0筆)
07:50:39 張柏洋 lnchang@cwb.gov.tw (待更正:0筆，異動:2筆)
2016/07/25 07:50:40(End)-------------------------------------------------------------------

2016/08/01 07:50:01(Begin)------------------------------------------------------------------
07:50:24 完成更新[資料查核]
07:50:24 洪景山 rfs14@cwb.gov.tw (待更正:1筆，異動:0筆)
07:50:25 程家平 olga@cwb.gov.tw (待更正:0筆，異動:1筆)
07:50:26 吳石吉 rfs12@cwb.gov.tw (待更正:0筆，異動:1筆)
07:50:26 劉亦容 fo@cwb.gov.tw (待更正:0筆，異動:1筆)
07:50:26 HP人員 hpuser@cwb.gov.tw (待更正:1筆，異動:0筆)
07:50:27 PC人員 chueh@cwb.gov.tw (待更正:0筆，異動:10筆)
07:50:27 唐睿 baron0607@cwb.gov.tw (待更正:2筆，異動:0筆)
07:50:27 莊惟然 chuangwj@cwb.gov.tw (待更正:19筆，異動:7筆)
07:50:28 曾國棟 tseng@cwb.gov.tw (待更正:2筆，異動:1筆)
07:50:28 黃婉綺 wanchi@cwb.gov.tw (待更正:1筆，異動:4筆)
07:50:29 劉政 lc@cwb.gov.tw (待更正:24筆，異動:0筆)
07:50:29 吳政修 jswu@cwb.gov.tw (待更正:0筆，異動:4筆)
07:50:30 柯惠華 hei_cwb@cwb.gov.tw (待更正:0筆，異動:1筆)
07:50:30 秦照萍 jpc@cwb.gov.tw (待更正:0筆，異動:4筆)
07:50:31 蔡佳學 B891@cwb.gov.tw (待更正:1筆，異動:0筆)
07:50:31 鄭照雄 wtbeer@cwb.gov.tw (待更正:0筆，異動:4筆)
07:50:32 李宜芳 yvonne@cwb.gov.tw (待更正:0筆，異動:1筆)
07:50:32 郭奇偉 kiwikuo@cwb.gov.tw (待更正:0筆，異動:11筆)
07:50:33 潘如龍 pan@cwb.gov.tw (待更正:0筆，異動:11筆)
07:50:33 蔡煌濱 hptsai@cwb.gov.tw (待更正:0筆，異動:11筆)
07:50:34 吳蕙如 hrwu@cwb.gov.tw (待更正:2筆，異動:0筆)
07:50:37 王惠瑜 rachel@cwb.gov.tw (待更正:0筆，異動:1筆)
07:50:37 張柏洋 lnchang@cwb.gov.tw (待更正:0筆，異動:11筆)
07:50:38 湯國輝 gorin@cwb.gov.tw (待更正:0筆，異動:1筆)
2016/08/01 07:50:38(End)-------------------------------------------------------------------

2016/08/08 07:50:00(Begin)------------------------------------------------------------------
07:50:25 完成更新[資料查核]
07:50:26 洪景山 rfs14@cwb.gov.tw (待更正:1筆，異動:0筆)
07:50:28 HP人員 hpuser@cwb.gov.tw (待更正:1筆，異動:2筆)
07:50:28 PC人員 chueh@cwb.gov.tw (待更正:2筆，異動:10筆)
07:50:29 宋恩承 encheng@cwb.gov.tw (待更正:0筆，異動:34筆)
07:50:29 唐睿 baron0607@cwb.gov.tw (待更正:2筆，異動:0筆)
07:50:29 莊惟然 chuangwj@cwb.gov.tw (待更正:4筆，異動:0筆)
07:50:29 曾國棟 tseng@cwb.gov.tw (待更正:2筆，異動:0筆)
07:50:30 黃婉綺 wanchi@cwb.gov.tw (待更正:4筆，異動:12筆)
07:50:30 劉政 lc@cwb.gov.tw (待更正:24筆，異動:0筆)
07:50:31 吳政修 jswu@cwb.gov.tw (待更正:1筆，異動:23筆)
07:50:31 林介峰 dan@cwb.gov.tw (待更正:0筆，異動:2筆)
07:50:32 柯惠華 hei_cwb@cwb.gov.tw (待更正:0筆，異動:1筆)
07:50:32 秦照萍 jpc@cwb.gov.tw (待更正:1筆，異動:32筆)
07:50:32 曾怡豪 tyh900@cwb.gov.tw (待更正:0筆，異動:2筆)
07:50:32 劉萬祿 gary@cwb.gov.tw (待更正:0筆，異動:2筆)
07:50:32 蔡佳學 B891@cwb.gov.tw (待更正:1筆，異動:2筆)
07:50:33 鄭照雄 wtbeer@cwb.gov.tw (待更正:1筆，異動:23筆)
07:50:33 機房OP sosop@cwb.gov.tw (待更正:0筆，異動:1筆)
07:50:34 郭奇偉 kiwikuo@cwb.gov.tw (待更正:0筆，異動:17筆)
07:50:35 潘如龍 pan@cwb.gov.tw (待更正:0筆，異動:15筆)
07:50:35 蔡煌濱 hptsai@cwb.gov.tw (待更正:0筆，異動:15筆)
07:50:35 吳蕙如 hrwu@cwb.gov.tw (待更正:2筆，異動:0筆)
2016/08/08 07:50:39(End)-------------------------------------------------------------------

2016/08/15 07:50:00(Begin)------------------------------------------------------------------
07:50:28 完成更新[資料查核]
07:50:29 洪景山 rfs14@cwb.gov.tw (待更正:1筆，異動:0筆)
07:50:30 程家平 olga@cwb.gov.tw (待更正:0筆，異動:11筆)
07:50:31 HP人員 hpuser@cwb.gov.tw (待更正:1筆，異動:2筆)
07:50:31 PC人員 chueh@cwb.gov.tw (待更正:2筆，異動:6筆)
07:50:32 唐睿 baron0607@cwb.gov.tw (待更正:2筆，異動:0筆)
07:50:32 莊惟然 chuangwj@cwb.gov.tw (待更正:4筆，異動:0筆)
07:50:32 曾國棟 tseng@cwb.gov.tw (待更正:2筆，異動:0筆)
07:50:32 黃婉綺 wanchi@cwb.gov.tw (待更正:3筆，異動:4筆)
07:50:33 劉政 lc@cwb.gov.tw (待更正:24筆，異動:0筆)
07:50:34 吳政修 jswu@cwb.gov.tw (待更正:0筆，異動:8筆)
07:50:34 秦照萍 jpc@cwb.gov.tw (待更正:0筆，異動:8筆)
07:50:35 劉萬祿 gary@cwb.gov.tw (待更正:1筆，異動:1筆)
07:50:35 蔡佳學 B891@cwb.gov.tw (待更正:1筆，異動:0筆)
07:50:35 鄭照雄 wtbeer@cwb.gov.tw (待更正:0筆，異動:8筆)
07:50:36 胡錦淵 yuan@cwb.gov.tw (待更正:0筆，異動:24筆)
07:50:36 曹富傑 chuck@cwb.gov.tw (待更正:0筆，異動:24筆)
07:50:37 黃柏禎 joehuang74@cwb.gov.tw (待更正:0筆，異動:24筆)
07:50:37 黃崇益 chungyi.huang@cwb.gov.tw (待更正:0筆，異動:26筆)
07:50:38 吳蕙如 hrwu@cwb.gov.tw (待更正:2筆，異動:0筆)
2016/08/15 07:50:42(End)-------------------------------------------------------------------

2016/08/22 07:50:00(Begin)------------------------------------------------------------------
07:50:24 完成更新[資料查核]
07:50:24 洪景山 rfs14@cwb.gov.tw (待更正:1筆，異動:22筆)
07:50:25 程家平 olga@cwb.gov.tw (待更正:0筆，異動:2筆)
07:50:27 HP人員 hpuser@cwb.gov.tw (待更正:1筆，異動:0筆)
07:50:27 PC人員 chueh@cwb.gov.tw (待更正:2筆，異動:22筆)
07:50:27 唐睿 baron0607@cwb.gov.tw (待更正:2筆，異動:0筆)
07:50:27 莊惟然 chuangwj@cwb.gov.tw (待更正:4筆，異動:0筆)
07:50:28 曾國棟 tseng@cwb.gov.tw (待更正:2筆，異動:0筆)
07:50:28 黃婉綺 wanchi@cwb.gov.tw (待更正:1筆，異動:7筆)
07:50:29 劉政 lc@cwb.gov.tw (待更正:24筆，異動:0筆)
07:50:29 吳政修 jswu@cwb.gov.tw (待更正:0筆，異動:4筆)
07:50:30 秦照萍 jpc@cwb.gov.tw (待更正:0筆，異動:6筆)
07:50:30 劉萬祿 gary@cwb.gov.tw (待更正:1筆，異動:0筆)
07:50:31 蔡佳學 B891@cwb.gov.tw (待更正:1筆，異動:0筆)
07:50:31 鄭照雄 wtbeer@cwb.gov.tw (待更正:0筆，異動:4筆)
07:50:32 胡錦淵 yuan@cwb.gov.tw (待更正:0筆，異動:2筆)
07:50:32 曹富傑 chuck@cwb.gov.tw (待更正:0筆，異動:2筆)
07:50:32 黃柏禎 joehuang74@cwb.gov.tw (待更正:0筆，異動:2筆)
07:50:33 黃崇益 chungyi.huang@cwb.gov.tw (待更正:0筆，異動:2筆)
07:50:33 吳蕙如 hrwu@cwb.gov.tw (待更正:2筆，異動:0筆)
07:50:36 陳依涵 ihan@cwb.gov.tw (待更正:0筆，異動:4筆)
07:50:37 蘇奕叡 su2ray@cwb.gov.tw (待更正:0筆，異動:1筆)
2016/08/22 07:50:38(End)-------------------------------------------------------------------

2016/08/29 07:50:00(Begin)------------------------------------------------------------------
07:50:23 完成更新[資料查核]
07:50:24 洪景山 rfs14@cwb.gov.tw (待更正:1筆，異動:5筆)
07:50:26 王琇玄 amywang@cwb.gov.tw (待更正:0筆，異動:18筆)
07:50:26 HP人員 hpuser@cwb.gov.tw (待更正:1筆，異動:0筆)
07:50:26 PC人員 chueh@cwb.gov.tw (待更正:1筆，異動:3筆)
07:50:27 唐睿 baron0607@cwb.gov.tw (待更正:2筆，異動:0筆)
07:50:27 莊惟然 chuangwj@cwb.gov.tw (待更正:4筆，異動:0筆)
07:50:27 曾國棟 tseng@cwb.gov.tw (待更正:2筆，異動:1筆)
07:50:27 黃婉綺 wanchi@cwb.gov.tw (待更正:1筆，異動:0筆)
07:50:28 劉政 lc@cwb.gov.tw (待更正:24筆，異動:0筆)
07:50:28 韓承穎 cy_han@cwb.gov.tw (待更正:0筆，異動:10筆)
07:50:29 吳政修 jswu@cwb.gov.tw (待更正:0筆，異動:5筆)
07:50:29 林介峰 dan@cwb.gov.tw (待更正:1筆，異動:9筆)
07:50:29 秦照萍 jpc@cwb.gov.tw (待更正:1筆，異動:14筆)
07:50:29 曾怡豪 tyh900@cwb.gov.tw (待更正:1筆，異動:9筆)
07:50:29 劉萬祿 gary@cwb.gov.tw (待更正:1筆，異動:11筆)
07:50:30 蔡佳學 B891@cwb.gov.tw (待更正:2筆，異動:9筆)
07:50:30 鄭照雄 wtbeer@cwb.gov.tw (待更正:0筆，異動:5筆)
07:50:31 胡錦淵 yuan@cwb.gov.tw (待更正:0筆，異動:2筆)
07:50:31 曹富傑 chuck@cwb.gov.tw (待更正:0筆，異動:2筆)
07:50:31 郭奇偉 kiwikuo@cwb.gov.tw (待更正:0筆，異動:14筆)
07:50:31 黃柏禎 joehuang74@cwb.gov.tw (待更正:0筆，異動:2筆)
07:50:32 黃崇益 chungyi.huang@cwb.gov.tw (待更正:0筆，異動:2筆)
07:50:32 潘如龍 pan@cwb.gov.tw (待更正:0筆，異動:19筆)
07:50:32 蔡煌濱 hptsai@cwb.gov.tw (待更正:0筆，異動:15筆)
07:50:32 吳蕙如 hrwu@cwb.gov.tw (待更正:2筆，異動:0筆)
07:50:35 周喬隆 ccl@cwb.gov.tw (待更正:0筆，異動:1筆)
07:50:36 黃偉芬 mullysa@cwb.gov.tw (待更正:0筆，異動:1筆)
2016/08/29 07:50:36(End)-------------------------------------------------------------------

2016/09/05 07:50:01(Begin)------------------------------------------------------------------
07:50:26 完成更新[資料查核]
07:50:27 洪景山 rfs14@cwb.gov.tw (待更正:1筆，異動:0筆)
07:50:28 HP人員 hpuser@cwb.gov.tw (待更正:1筆，異動:0筆)
07:50:28 PC人員 chueh@cwb.gov.tw (待更正:1筆，異動:0筆)
07:50:29 宋恩承 encheng@cwb.gov.tw (待更正:0筆，異動:15筆)
07:50:29 唐睿 baron0607@cwb.gov.tw (待更正:2筆，異動:0筆)
07:50:29 莊惟然 chuangwj@cwb.gov.tw (待更正:4筆，異動:1筆)
07:50:29 曾國棟 tseng@cwb.gov.tw (待更正:2筆，異動:0筆)
07:50:29 黃婉綺 wanchi@cwb.gov.tw (待更正:1筆，異動:0筆)
07:50:30 劉政 lc@cwb.gov.tw (待更正:24筆，異動:0筆)
07:50:30 吳政修 jswu@cwb.gov.tw (待更正:0筆，異動:8筆)
07:50:31 林介峰 dan@cwb.gov.tw (待更正:0筆，異動:2筆)
07:50:31 秦照萍 jpc@cwb.gov.tw (待更正:0筆，異動:10筆)
07:50:31 曾怡豪 tyh900@cwb.gov.tw (待更正:0筆，異動:2筆)
07:50:31 劉萬祿 gary@cwb.gov.tw (待更正:0筆，異動:2筆)
07:50:31 蔡佳學 B891@cwb.gov.tw (待更正:1筆，異動:2筆)
07:50:31 鄭照雄 wtbeer@cwb.gov.tw (待更正:0筆，異動:8筆)
07:50:32 郭奇偉 kiwikuo@cwb.gov.tw (待更正:0筆，異動:8筆)
07:50:33 潘如龍 pan@cwb.gov.tw (待更正:0筆，異動:8筆)
07:50:33 蔡煌濱 hptsai@cwb.gov.tw (待更正:0筆，異動:8筆)
07:50:33 吳蕙如 hrwu@cwb.gov.tw (待更正:2筆，異動:0筆)
2016/09/05 07:50:36(End)-------------------------------------------------------------------

2016/09/12 07:50:00(Begin)------------------------------------------------------------------
07:50:22 完成更新[資料查核]
07:50:22 洪景山 rfs14@cwb.gov.tw (待更正:1筆，異動:0筆)
07:50:24 HP人員 hpuser@cwb.gov.tw (待更正:1筆，異動:0筆)
07:50:24 PC人員 chueh@cwb.gov.tw (待更正:1筆，異動:2筆)
07:50:24 宋恩承 encheng@cwb.gov.tw (待更正:0筆，異動:2筆)
07:50:25 唐睿 baron0607@cwb.gov.tw (待更正:2筆，異動:6筆)
07:50:25 莊惟然 chuangwj@cwb.gov.tw (待更正:4筆，異動:6筆)
07:50:25 曾國棟 tseng@cwb.gov.tw (待更正:2筆，異動:3筆)
07:50:25 黃婉綺 wanchi@cwb.gov.tw (待更正:1筆，異動:3筆)
07:50:26 劉政 lc@cwb.gov.tw (待更正:24筆，異動:0筆)
07:50:27 吳政修 jswu@cwb.gov.tw (待更正:0筆，異動:5筆)
07:50:27 林介峰 dan@cwb.gov.tw (待更正:0筆，異動:52筆)
07:50:28 秦照萍 jpc@cwb.gov.tw (待更正:0筆，異動:57筆)
07:50:28 曾怡豪 tyh900@cwb.gov.tw (待更正:0筆，異動:52筆)
07:50:28 劉萬祿 gary@cwb.gov.tw (待更正:0筆，異動:52筆)
07:50:29 蔡佳學 B891@cwb.gov.tw (待更正:1筆，異動:52筆)
07:50:29 鄭照雄 wtbeer@cwb.gov.tw (待更正:0筆，異動:5筆)
07:50:29 機房OP sosop@cwb.gov.tw (待更正:0筆，異動:2筆)
07:50:32 吳蕙如 hrwu@cwb.gov.tw (待更正:2筆，異動:0筆)
2016/09/12 07:50:36(End)-------------------------------------------------------------------

2016/09/19 07:50:00(Begin)------------------------------------------------------------------
07:50:26 完成更新[資料查核]
07:50:27 洪景山 rfs14@cwb.gov.tw (待更正:1筆，異動:0筆)
07:50:29 HP人員 hpuser@cwb.gov.tw (待更正:1筆，異動:0筆)
07:50:30 PC人員 chueh@cwb.gov.tw (待更正:1筆，異動:10筆)
07:50:30 宋恩承 encheng@cwb.gov.tw (待更正:0筆，異動:1筆)
07:50:30 唐睿 baron0607@cwb.gov.tw (待更正:2筆，異動:0筆)
07:50:30 莊惟然 chuangwj@cwb.gov.tw (待更正:4筆，異動:1筆)
07:50:31 曾國棟 tseng@cwb.gov.tw (待更正:2筆，異動:0筆)
07:50:31 黃婉綺 wanchi@cwb.gov.tw (待更正:1筆，異動:0筆)
07:50:32 劉政 lc@cwb.gov.tw (待更正:24筆，異動:0筆)
07:50:33 吳政修 jswu@cwb.gov.tw (待更正:0筆，異動:1筆)
07:50:33 秦照萍 jpc@cwb.gov.tw (待更正:0筆，異動:1筆)
07:50:34 蔡佳學 B891@cwb.gov.tw (待更正:1筆，異動:0筆)
07:50:34 鄭照雄 wtbeer@cwb.gov.tw (待更正:0筆，異動:1筆)
07:50:37 吳蕙如 hrwu@cwb.gov.tw (待更正:2筆，異動:0筆)
07:50:38 林宗翰 atm8852@cwb.gov.tw (待更正:0筆，異動:1筆)
07:50:42 蘇奕叡 su2ray@cwb.gov.tw (待更正:0筆，異動:5筆)
2016/09/19 07:50:43(End)-------------------------------------------------------------------

2016/09/26 07:50:00(Begin)------------------------------------------------------------------
07:50:24 完成更新[資料查核]
07:50:24 洪景山 rfs14@cwb.gov.tw (待更正:1筆，異動:0筆)
07:50:26 HP人員 hpuser@cwb.gov.tw (待更正:1筆，異動:0筆)
07:50:26 PC人員 chueh@cwb.gov.tw (待更正:1筆，異動:0筆)
07:50:26 唐睿 baron0607@cwb.gov.tw (待更正:2筆，異動:0筆)
07:50:26 莊惟然 chuangwj@cwb.gov.tw (待更正:4筆，異動:0筆)
07:50:26 曾國棟 tseng@cwb.gov.tw (待更正:2筆，異動:7筆)
07:50:26 黃婉綺 wanchi@cwb.gov.tw (待更正:1筆，異動:2筆)
07:50:27 莊柏浚 pcchuang@cwb.gov.tw (待更正:0筆，異動:5筆)
07:50:27 莊峰銘 fmchuang@cwb.gov.tw (待更正:0筆，異動:15筆)
07:50:27 陳蕙茹 michlle@cwb.gov.tw (待更正:0筆，異動:1筆)
07:50:27 黃秀珍 hsj@cwb.gov.tw (待更正:0筆，異動:12筆)
07:50:27 劉政 lc@cwb.gov.tw (待更正:24筆，異動:2筆)
07:50:27 韓承穎 cy_han@cwb.gov.tw (待更正:0筆，異動:23筆)
07:50:28 蔡佳學 B891@cwb.gov.tw (待更正:1筆，異動:0筆)
07:50:29 郭奇偉 kiwikuo@cwb.gov.tw (待更正:0筆，異動:1筆)
07:50:30 潘如龍 pan@cwb.gov.tw (待更正:0筆，異動:1筆)
07:50:30 蔡煌濱 hptsai@cwb.gov.tw (待更正:0筆，異動:1筆)
07:50:30 吳蕙如 hrwu@cwb.gov.tw (待更正:2筆，異動:2筆)
2016/09/26 07:50:33(End)-------------------------------------------------------------------

2016/10/03 07:50:00(Begin)------------------------------------------------------------------
07:50:23 完成更新[資料查核]
07:50:24 洪景山 rfs14@cwb.gov.tw (待更正:1筆，異動:1筆)
07:50:24 曾雪卿 tsc@cwb.gov.tw (待更正:4筆，異動:0筆)
07:50:24 程家平 olga@cwb.gov.tw (待更正:0筆，異動:28筆)
07:50:24 馮欽賜 fong@cwb.gov.tw (待更正:0筆，異動:3筆)
07:50:26 劉亦容 fo@cwb.gov.tw (待更正:0筆，異動:1筆)
07:50:26 HP人員 hpuser@cwb.gov.tw (待更正:1筆，異動:0筆)
07:50:26 PC人員 chueh@cwb.gov.tw (待更正:5筆，異動:11筆)
07:50:26 宋恩承 encheng@cwb.gov.tw (待更正:0筆，異動:4筆)
07:50:26 唐睿 baron0607@cwb.gov.tw (待更正:3筆，異動:5筆)
07:50:26 莊惟然 chuangwj@cwb.gov.tw (待更正:4筆，異動:55筆)
07:50:26 許美玲 shiu@cwb.gov.tw (待更正:4筆，異動:0筆)
07:50:27 曾國棟 tseng@cwb.gov.tw (待更正:2筆，異動:1筆)
07:50:27 黃婉綺 wanchi@cwb.gov.tw (待更正:1筆，異動:1筆)
07:50:28 劉政 lc@cwb.gov.tw (待更正:24筆，異動:0筆)
07:50:28 吳政修 jswu@cwb.gov.tw (待更正:1筆，異動:2筆)
07:50:28 林介峰 dan@cwb.gov.tw (待更正:0筆，異動:6筆)
07:50:29 秦照萍 jpc@cwb.gov.tw (待更正:5筆，異動:8筆)
07:50:29 曾怡豪 tyh900@cwb.gov.tw (待更正:0筆，異動:6筆)
07:50:29 劉萬祿 gary@cwb.gov.tw (待更正:0筆，異動:6筆)
07:50:29 蔡佳學 B891@cwb.gov.tw (待更正:1筆，異動:6筆)
07:50:29 鄭照雄 wtbeer@cwb.gov.tw (待更正:5筆，異動:2筆)
07:50:30 機房OP sosop@cwb.gov.tw (待更正:4筆，異動:0筆)
07:50:30 許秀桃 shelly@cwb.gov.tw (待更正:4筆，異動:0筆)
07:50:30 郭奇偉 kiwikuo@cwb.gov.tw (待更正:2筆，異動:9筆)
07:50:31 潘如龍 pan@cwb.gov.tw (待更正:2筆，異動:9筆)
07:50:31 蔡煌濱 hptsai@cwb.gov.tw (待更正:2筆，異動:9筆)
07:50:31 吳蕙如 hrwu@cwb.gov.tw (待更正:2筆，異動:0筆)
2016/10/03 07:50:34(End)-------------------------------------------------------------------

2016/10/10 07:50:00(Begin)------------------------------------------------------------------
07:50:24 完成更新[資料查核]
07:50:25 洪景山 rfs14@cwb.gov.tw (待更正:1筆，異動:0筆)
07:50:25 曾雪卿 tsc@cwb.gov.tw (待更正:13筆，異動:0筆)
07:50:28 HP人員 hpuser@cwb.gov.tw (待更正:1筆，異動:0筆)
07:50:28 PC人員 chueh@cwb.gov.tw (待更正:15筆，異動:15筆)
07:50:28 宋恩承 encheng@cwb.gov.tw (待更正:0筆，異動:2筆)
07:50:28 唐睿 baron0607@cwb.gov.tw (待更正:3筆，異動:0筆)
07:50:28 莊惟然 chuangwj@cwb.gov.tw (待更正:4筆，異動:2筆)
07:50:29 許美玲 shiu@cwb.gov.tw (待更正:13筆，異動:0筆)
07:50:29 曾國棟 tseng@cwb.gov.tw (待更正:2筆，異動:0筆)
07:50:29 黃婉綺 wanchi@cwb.gov.tw (待更正:1筆，異動:3筆)
07:50:30 劉政 lc@cwb.gov.tw (待更正:24筆，異動:13筆)
07:50:31 吳政修 jswu@cwb.gov.tw (待更正:1筆，異動:1筆)
07:50:31 林介峰 dan@cwb.gov.tw (待更正:0筆，異動:1筆)
07:50:31 秦照萍 jpc@cwb.gov.tw (待更正:14筆，異動:2筆)
07:50:32 曾怡豪 tyh900@cwb.gov.tw (待更正:0筆，異動:1筆)
07:50:32 劉萬祿 gary@cwb.gov.tw (待更正:0筆，異動:1筆)
07:50:32 蔡佳學 B891@cwb.gov.tw (待更正:1筆，異動:1筆)
07:50:32 鄭照雄 wtbeer@cwb.gov.tw (待更正:14筆，異動:1筆)
07:50:32 機房OP sosop@cwb.gov.tw (待更正:13筆，異動:0筆)
07:50:33 胡錦淵 yuan@cwb.gov.tw (待更正:0筆，異動:3筆)
07:50:34 曹富傑 chuck@cwb.gov.tw (待更正:0筆，異動:3筆)
07:50:34 許秀桃 shelly@cwb.gov.tw (待更正:13筆，異動:0筆)
07:50:34 郭奇偉 kiwikuo@cwb.gov.tw (待更正:2筆，異動:0筆)
07:50:34 黃柏禎 joehuang74@cwb.gov.tw (待更正:0筆，異動:3筆)
07:50:34 黃崇益 chungyi.huang@cwb.gov.tw (待更正:0筆，異動:4筆)
07:50:35 潘如龍 pan@cwb.gov.tw (待更正:2筆，異動:0筆)
07:50:35 蔡煌濱 hptsai@cwb.gov.tw (待更正:2筆，異動:0筆)
07:50:35 吳蕙如 hrwu@cwb.gov.tw (待更正:2筆，異動:0筆)
07:50:36 林宗翰 atm8852@cwb.gov.tw (待更正:0筆，異動:1筆)
07:50:39 蘇奕叡 su2ray@cwb.gov.tw (待更正:1筆，異動:1筆)
2016/10/10 07:50:40(End)-------------------------------------------------------------------

2016/10/17 07:50:00(Begin)------------------------------------------------------------------
07:50:26 完成更新[資料查核]
07:50:27 洪景山 rfs14@cwb.gov.tw (待更正:1筆，異動:0筆)
07:50:27 曾雪卿 tsc@cwb.gov.tw (待更正:13筆，異動:0筆)
07:50:29 HP人員 hpuser@cwb.gov.tw (待更正:1筆，異動:0筆)
07:50:30 PC人員 chueh@cwb.gov.tw (待更正:14筆，異動:1筆)
07:50:30 唐睿 baron0607@cwb.gov.tw (待更正:3筆，異動:9筆)
07:50:30 莊惟然 chuangwj@cwb.gov.tw (待更正:3筆，異動:0筆)
07:50:31 許美玲 shiu@cwb.gov.tw (待更正:13筆，異動:0筆)
07:50:31 曾國棟 tseng@cwb.gov.tw (待更正:2筆，異動:0筆)
07:50:31 黃婉綺 wanchi@cwb.gov.tw (待更正:1筆，異動:1筆)
07:50:31 蔡志揮 taists@cwb.gov.tw (待更正:1筆，異動:1筆)
07:50:32 劉政 lc@cwb.gov.tw (待更正:23筆，異動:1筆)
07:50:32 吳政修 jswu@cwb.gov.tw (待更正:1筆，異動:0筆)
07:50:33 秦照萍 jpc@cwb.gov.tw (待更正:14筆，異動:0筆)
07:50:34 蔡佳學 B891@cwb.gov.tw (待更正:1筆，異動:0筆)
07:50:34 鄭照雄 wtbeer@cwb.gov.tw (待更正:14筆，異動:0筆)
07:50:34 機房OP sosop@cwb.gov.tw (待更正:13筆，異動:0筆)
07:50:35 胡錦淵 yuan@cwb.gov.tw (待更正:0筆，異動:2筆)
07:50:36 曹富傑 chuck@cwb.gov.tw (待更正:0筆，異動:2筆)
07:50:36 許秀桃 shelly@cwb.gov.tw (待更正:13筆，異動:0筆)
07:50:36 郭奇偉 kiwikuo@cwb.gov.tw (待更正:2筆，異動:0筆)
07:50:36 黃柏禎 joehuang74@cwb.gov.tw (待更正:0筆，異動:2筆)
07:50:37 黃崇益 chungyi.huang@cwb.gov.tw (待更正:0筆，異動:2筆)
07:50:37 潘如龍 pan@cwb.gov.tw (待更正:2筆，異動:0筆)
07:50:37 蔡煌濱 hptsai@cwb.gov.tw (待更正:2筆，異動:0筆)
07:50:38 吳蕙如 hrwu@cwb.gov.tw (待更正:2筆，異動:0筆)
07:50:41 蘇奕叡 su2ray@cwb.gov.tw (待更正:0筆，異動:1筆)
2016/10/17 07:50:42(End)-------------------------------------------------------------------

2016/10/24 07:50:00(Begin)------------------------------------------------------------------
07:50:23 完成更新[資料查核]
07:50:23 洪景山 rfs14@cwb.gov.tw (待更正:1筆，異動:0筆)
07:50:26 HP人員 hpuser@cwb.gov.tw (待更正:1筆，異動:0筆)
07:50:26 PC人員 chueh@cwb.gov.tw (待更正:1筆，異動:0筆)
07:50:26 唐睿 baron0607@cwb.gov.tw (待更正:3筆，異動:7筆)
07:50:26 莊惟然 chuangwj@cwb.gov.tw (待更正:2筆，異動:2筆)
07:50:27 曾國棟 tseng@cwb.gov.tw (待更正:2筆，異動:4筆)
07:50:27 黃婉綺 wanchi@cwb.gov.tw (待更正:1筆，異動:4筆)
07:50:27 蔡志揮 taists@cwb.gov.tw (待更正:1筆，異動:6筆)
07:50:28 劉政 lc@cwb.gov.tw (待更正:23筆，異動:0筆)
07:50:28 吳政修 jswu@cwb.gov.tw (待更正:1筆，異動:0筆)
07:50:29 秦照萍 jpc@cwb.gov.tw (待更正:1筆，異動:0筆)
07:50:30 蔡佳學 B891@cwb.gov.tw (待更正:1筆，異動:0筆)
07:50:30 鄭照雄 wtbeer@cwb.gov.tw (待更正:1筆，異動:0筆)
07:50:31 郭奇偉 kiwikuo@cwb.gov.tw (待更正:2筆，異動:0筆)
07:50:32 潘如龍 pan@cwb.gov.tw (待更正:2筆，異動:0筆)
07:50:32 蔡煌濱 hptsai@cwb.gov.tw (待更正:2筆，異動:0筆)
07:50:32 吳蕙如 hrwu@cwb.gov.tw (待更正:2筆，異動:0筆)
2016/10/24 07:50:36(End)-------------------------------------------------------------------

2016/10/31 07:50:00(Begin)------------------------------------------------------------------
07:50:29 完成更新[資料查核]
07:50:30 洪景山 rfs14@cwb.gov.tw (待更正:1筆，異動:0筆)
07:50:30 陳建河 river@cwb.gov.tw (待更正:0筆，異動:3筆)
07:50:33 HP人員 hpuser@cwb.gov.tw (待更正:1筆，異動:0筆)
07:50:33 PC人員 chueh@cwb.gov.tw (待更正:41筆，異動:0筆)
07:50:34 唐睿 baron0607@cwb.gov.tw (待更正:3筆，異動:0筆)
07:50:34 莊惟然 chuangwj@cwb.gov.tw (待更正:2筆，異動:0筆)
07:50:34 曾國棟 tseng@cwb.gov.tw (待更正:2筆，異動:0筆)
07:50:35 黃婉綺 wanchi@cwb.gov.tw (待更正:42筆，異動:43筆)
07:50:35 蔡志揮 taists@cwb.gov.tw (待更正:1筆，異動:0筆)
07:50:36 劉政 lc@cwb.gov.tw (待更正:23筆，異動:0筆)
07:50:37 林介峰 dan@cwb.gov.tw (待更正:1筆，異動:0筆)
07:50:37 秦照萍 jpc@cwb.gov.tw (待更正:1筆，異動:0筆)
07:50:38 曾怡豪 tyh900@cwb.gov.tw (待更正:1筆，異動:0筆)
07:50:38 劉萬祿 gary@cwb.gov.tw (待更正:1筆，異動:0筆)
07:50:38 蔡佳學 B891@cwb.gov.tw (待更正:2筆，異動:1筆)
07:50:40 郭奇偉 kiwikuo@cwb.gov.tw (待更正:1筆，異動:1筆)
07:50:40 潘如龍 pan@cwb.gov.tw (待更正:1筆，異動:1筆)
07:50:41 蔡煌濱 hptsai@cwb.gov.tw (待更正:1筆，異動:1筆)
07:50:41 吳蕙如 hrwu@cwb.gov.tw (待更正:2筆，異動:0筆)
2016/10/31 07:50:45(End)-------------------------------------------------------------------

2016/11/07 07:50:00(Begin)------------------------------------------------------------------
07:50:25 完成更新[資料查核]
07:50:26 洪景山 rfs14@cwb.gov.tw (待更正:1筆，異動:1筆)
07:50:26 曾雪卿 tsc@cwb.gov.tw (待更正:13筆，異動:0筆)
07:50:27 葉莉貞 lijen@cwb.gov.tw (待更正:0筆，異動:1筆)
07:50:28 王琇玄 amywang@cwb.gov.tw (待更正:0筆，異動:6筆)
07:50:28 劉亦容 fo@cwb.gov.tw (待更正:0筆，異動:6筆)
07:50:28 HP人員 hpuser@cwb.gov.tw (待更正:1筆，異動:0筆)
07:50:29 PC人員 chueh@cwb.gov.tw (待更正:54筆，異動:12筆)
07:50:29 宋恩承 encheng@cwb.gov.tw (待更正:0筆，異動:15筆)
07:50:29 唐睿 baron0607@cwb.gov.tw (待更正:3筆，異動:0筆)
07:50:29 莊惟然 chuangwj@cwb.gov.tw (待更正:2筆，異動:0筆)
07:50:30 許美玲 shiu@cwb.gov.tw (待更正:13筆，異動:0筆)
07:50:30 曾國棟 tseng@cwb.gov.tw (待更正:2筆，異動:0筆)
07:50:30 黃婉綺 wanchi@cwb.gov.tw (待更正:42筆，異動:5筆)
07:50:31 蔡志揮 taists@cwb.gov.tw (待更正:0筆，異動:5筆)
07:50:31 莊峰銘 fmchuang@cwb.gov.tw (待更正:0筆，異動:1筆)
07:50:32 劉政 lc@cwb.gov.tw (待更正:23筆，異動:3筆)
07:50:32 吳政修 jswu@cwb.gov.tw (待更正:0筆，異動:6筆)
07:50:32 林介峰 dan@cwb.gov.tw (待更正:1筆，異動:0筆)
07:50:33 秦照萍 jpc@cwb.gov.tw (待更正:14筆，異動:7筆)
07:50:33 曾怡豪 tyh900@cwb.gov.tw (待更正:1筆，異動:0筆)
07:50:34 劉萬祿 gary@cwb.gov.tw (待更正:1筆，異動:0筆)
07:50:34 蔡佳學 B891@cwb.gov.tw (待更正:2筆，異動:0筆)
07:50:34 鄭照雄 wtbeer@cwb.gov.tw (待更正:13筆，異動:6筆)
07:50:35 機房OP sosop@cwb.gov.tw (待更正:13筆，異動:0筆)
07:50:35 胡錦淵 yuan@cwb.gov.tw (待更正:0筆，異動:6筆)
07:50:35 曹富傑 chuck@cwb.gov.tw (待更正:0筆，異動:6筆)
07:50:36 許秀桃 shelly@cwb.gov.tw (待更正:13筆，異動:0筆)
07:50:36 郭奇偉 kiwikuo@cwb.gov.tw (待更正:1筆，異動:0筆)
07:50:36 黃崇益 chungyi.huang@cwb.gov.tw (待更正:0筆，異動:6筆)
07:50:36 潘如龍 pan@cwb.gov.tw (待更正:1筆，異動:0筆)
07:50:37 蔡煌濱 hptsai@cwb.gov.tw (待更正:1筆，異動:1筆)
07:50:37 吳蕙如 hrwu@cwb.gov.tw (待更正:2筆，異動:0筆)
07:50:38 陳柏榮 fajan09@cwb.gov.tw (待更正:0筆，異動:1筆)
07:50:40 周喬隆 ccl@cwb.gov.tw (待更正:0筆，異動:1筆)
2016/11/07 07:50:41(End)-------------------------------------------------------------------

2016/11/14 07:50:00(Begin)------------------------------------------------------------------
07:50:19 完成更新[資料查核]
07:50:20 洪景山 rfs14@cwb.gov.tw (待更正:1筆，異動:0筆)
07:50:20 曾雪卿 tsc@cwb.gov.tw (待更正:13筆，異動:0筆)
07:50:21 HP人員 hpuser@cwb.gov.tw (待更正:1筆，異動:0筆)
07:50:22 PC人員 chueh@cwb.gov.tw (待更正:54筆，異動:0筆)
07:50:23 唐睿 baron0607@cwb.gov.tw (待更正:3筆，異動:0筆)
07:50:23 莊惟然 chuangwj@cwb.gov.tw (待更正:2筆，異動:0筆)
07:50:23 許美玲 shiu@cwb.gov.tw (待更正:13筆，異動:0筆)
07:50:24 曾國棟 tseng@cwb.gov.tw (待更正:2筆，異動:0筆)
07:50:24 黃婉綺 wanchi@cwb.gov.tw (待更正:42筆，異動:0筆)
07:50:25 劉政 lc@cwb.gov.tw (待更正:23筆，異動:0筆)
07:50:26 林介峰 dan@cwb.gov.tw (待更正:1筆，異動:3筆)
07:50:26 秦照萍 jpc@cwb.gov.tw (待更正:14筆，異動:3筆)
07:50:26 曾怡豪 tyh900@cwb.gov.tw (待更正:1筆，異動:3筆)
07:50:26 劉萬祿 gary@cwb.gov.tw (待更正:1筆，異動:3筆)
07:50:27 蔡佳學 B891@cwb.gov.tw (待更正:2筆，異動:3筆)
07:50:27 鄭照雄 wtbeer@cwb.gov.tw (待更正:13筆，異動:0筆)
07:50:27 機房OP sosop@cwb.gov.tw (待更正:13筆，異動:0筆)
07:50:28 許秀桃 shelly@cwb.gov.tw (待更正:13筆，異動:0筆)
07:50:28 郭奇偉 kiwikuo@cwb.gov.tw (待更正:1筆，異動:0筆)
07:50:29 潘如龍 pan@cwb.gov.tw (待更正:1筆，異動:0筆)
07:50:29 蔡煌濱 hptsai@cwb.gov.tw (待更正:1筆，異動:0筆)
07:50:29 吳蕙如 hrwu@cwb.gov.tw (待更正:2筆，異動:0筆)
2016/11/14 07:50:32(End)-------------------------------------------------------------------

2016/11/21 07:50:00(Begin)------------------------------------------------------------------
07:50:22 完成更新[資料查核]
07:50:23 洪景山 rfs14@cwb.gov.tw (待更正:1筆，異動:1筆)
07:50:24 曾雪卿 tsc@cwb.gov.tw (待更正:10筆，異動:0筆)
07:50:25 HP人員 hpuser@cwb.gov.tw (待更正:1筆，異動:0筆)
07:50:26 PC人員 chueh@cwb.gov.tw (待更正:51筆，異動:13筆)
07:50:27 唐睿 baron0607@cwb.gov.tw (待更正:3筆，異動:0筆)
07:50:27 莊惟然 chuangwj@cwb.gov.tw (待更正:2筆，異動:0筆)
07:50:27 許美玲 shiu@cwb.gov.tw (待更正:10筆，異動:0筆)
07:50:28 曾國棟 tseng@cwb.gov.tw (待更正:2筆，異動:0筆)
07:50:28 黃婉綺 wanchi@cwb.gov.tw (待更正:42筆，異動:0筆)
07:50:29 劉政 lc@cwb.gov.tw (待更正:23筆，異動:3筆)
07:50:30 林介峰 dan@cwb.gov.tw (待更正:1筆，異動:0筆)
07:50:30 秦照萍 jpc@cwb.gov.tw (待更正:11筆，異動:4筆)
07:50:31 曾怡豪 tyh900@cwb.gov.tw (待更正:1筆，異動:0筆)
07:50:31 劉萬祿 gary@cwb.gov.tw (待更正:1筆，異動:0筆)
07:50:31 蔡佳學 B891@cwb.gov.tw (待更正:2筆，異動:0筆)
07:50:32 鄭照雄 wtbeer@cwb.gov.tw (待更正:10筆，異動:0筆)
07:50:32 機房OP sosop@cwb.gov.tw (待更正:10筆，異動:3筆)
07:50:32 胡錦淵 yuan@cwb.gov.tw (待更正:0筆，異動:2筆)
07:50:33 曹富傑 chuck@cwb.gov.tw (待更正:0筆，異動:2筆)
07:50:33 許秀桃 shelly@cwb.gov.tw (待更正:10筆，異動:0筆)
07:50:33 郭奇偉 kiwikuo@cwb.gov.tw (待更正:1筆，異動:3筆)
07:50:33 黃崇益 chungyi.huang@cwb.gov.tw (待更正:0筆，異動:2筆)
07:50:33 潘如龍 pan@cwb.gov.tw (待更正:1筆，異動:3筆)
07:50:33 蔡煌濱 hptsai@cwb.gov.tw (待更正:1筆，異動:3筆)
07:50:34 吳蕙如 hrwu@cwb.gov.tw (待更正:2筆，異動:0筆)
2016/11/21 07:50:37(End)-------------------------------------------------------------------

2016/11/28 07:50:00(Begin)------------------------------------------------------------------
07:50:54 完成更新[資料查核]
07:50:57 洪景山 rfs14@cwb.gov.tw (待更正:1筆，異動:0筆)
07:51:02 王琇玄 amywang@cwb.gov.tw (待更正:700筆，異動:0筆)
07:51:03 吳石吉 rfs12@cwb.gov.tw (待更正:0筆，異動:1筆)
07:51:04 劉亦容 fo@cwb.gov.tw (待更正:700筆，異動:0筆)
07:51:05 HP人員 hpuser@cwb.gov.tw (待更正:1筆，異動:0筆)
07:51:05 PC人員 chueh@cwb.gov.tw (待更正:40筆，異動:16筆)
07:51:07 唐睿 baron0607@cwb.gov.tw (待更正:3筆，異動:0筆)
07:51:08 曾國棟 tseng@cwb.gov.tw (待更正:2筆，異動:1筆)
07:51:09 黃婉綺 wanchi@cwb.gov.tw (待更正:41筆，異動:14筆)
07:51:12 劉政 lc@cwb.gov.tw (待更正:23筆，異動:0筆)
07:51:14 吳政修 jswu@cwb.gov.tw (待更正:0筆，異動:3筆)
07:51:15 林介峰 dan@cwb.gov.tw (待更正:1筆，異動:1筆)
07:51:16 秦照萍 jpc@cwb.gov.tw (待更正:1筆，異動:4筆)
07:51:17 曾怡豪 tyh900@cwb.gov.tw (待更正:1筆，異動:1筆)
07:51:18 劉萬祿 gary@cwb.gov.tw (待更正:1筆，異動:1筆)
07:51:19 蔡佳學 B891@cwb.gov.tw (待更正:2筆，異動:1筆)
07:51:20 鄭照雄 wtbeer@cwb.gov.tw (待更正:0筆，異動:3筆)
07:51:20 機房OP sosop@cwb.gov.tw (待更正:0筆，異動:2筆)
07:51:22 李宜芳 yvonne@cwb.gov.tw (待更正:0筆，異動:1筆)
07:51:23 胡錦淵 yuan@cwb.gov.tw (待更正:0筆，異動:24筆)
07:51:24 曹富傑 chuck@cwb.gov.tw (待更正:0筆，異動:24筆)
07:51:25 郭奇偉 kiwikuo@cwb.gov.tw (待更正:1筆，異動:2筆)
07:51:26 黃崇益 chungyi.huang@cwb.gov.tw (待更正:0筆，異動:24筆)
07:51:26 潘如龍 pan@cwb.gov.tw (待更正:1筆，異動:2筆)
07:51:27 蔡煌濱 hptsai@cwb.gov.tw (待更正:1筆，異動:2筆)
07:51:28 吳蕙如 hrwu@cwb.gov.tw (待更正:2筆，異動:0筆)
07:51:41 周喬隆 ccl@cwb.gov.tw (待更正:0筆，異動:1筆)
2016/11/28 07:51:43(End)-------------------------------------------------------------------

2016/12/05 07:50:00(Begin)------------------------------------------------------------------
07:50:55 完成更新[資料查核]
07:50:56 李淑蓉 lee@cwb.gov.tw (待更正:0筆，異動:2筆)
07:50:57 林昌鴻 changhong@cwb.gov.tw (待更正:0筆，異動:1筆)
07:50:58 洪景山 rfs14@cwb.gov.tw (待更正:1筆，異動:12筆)
07:50:59 陳建河 river@cwb.gov.tw (待更正:0筆，異動:4筆)
07:51:00 曾雪卿 tsc@cwb.gov.tw (待更正:1筆，異動:2筆)
07:51:00 程家平 olga@cwb.gov.tw (待更正:0筆，異動:13筆)
07:51:01 馮欽賜 fong@cwb.gov.tw (待更正:0筆，異動:5筆)
07:51:02 葉莉貞 lijen@cwb.gov.tw (待更正:0筆，異動:4筆)
07:51:03 潘琦 gfs8@cwb.gov.tw (待更正:0筆，異動:2筆)
07:51:07 王琇玄 amywang@cwb.gov.tw (待更正:700筆，異動:1筆)
07:51:08 吳石吉 rfs12@cwb.gov.tw (待更正:0筆，異動:7筆)
07:51:09 劉亦容 fo@cwb.gov.tw (待更正:700筆，異動:1筆)
07:51:09 HP人員 hpuser@cwb.gov.tw (待更正:1筆，異動:1筆)
07:51:10 PC人員 chueh@cwb.gov.tw (待更正:5筆，異動:250筆)
07:51:11 宋恩承 encheng@cwb.gov.tw (待更正:0筆，異動:1筆)
07:51:12 唐睿 baron0607@cwb.gov.tw (待更正:3筆，異動:5筆)
07:51:13 許美玲 shiu@cwb.gov.tw (待更正:1筆，異動:5筆)
07:51:14 曾國棟 tseng@cwb.gov.tw (待更正:2筆，異動:11筆)
07:51:14 黃婉綺 wanchi@cwb.gov.tw (待更正:5筆，異動:35筆)
07:51:15 蔡志揮 taists@cwb.gov.tw (待更正:0筆，異動:17筆)
07:51:16 莊柏浚 pcchuang@cwb.gov.tw (待更正:0筆，異動:1筆)
07:51:16 莊峰銘 fmchuang@cwb.gov.tw (待更正:0筆，異動:2筆)
07:51:17 陳蕙茹 michlle@cwb.gov.tw (待更正:0筆，異動:2筆)
07:51:18 黃秀珍 hsj@cwb.gov.tw (待更正:0筆，異動:1筆)
07:51:19 劉政 lc@cwb.gov.tw (待更正:23筆，異動:4筆)
07:51:20 韓承穎 cy_han@cwb.gov.tw (待更正:0筆，異動:3筆)
07:51:20 簡泰滄 ttchien@cwb.gov.tw (待更正:0筆，異動:2筆)
07:51:22 吳政修 jswu@cwb.gov.tw (待更正:0筆，異動:6筆)
07:51:23 林介峰 dan@cwb.gov.tw (待更正:1筆，異動:1筆)
07:51:24 柯惠華 hei_cwb@cwb.gov.tw (待更正:0筆，異動:3筆)
07:51:25 秦照萍 jpc@cwb.gov.tw (待更正:2筆，異動:13筆)
07:51:25 曾怡豪 tyh900@cwb.gov.tw (待更正:1筆，異動:1筆)
07:51:27 劉萬祿 gary@cwb.gov.tw (待更正:1筆，異動:11筆)
07:51:28 蔡佳學 B891@cwb.gov.tw (待更正:2筆，異動:1筆)
07:51:28 鄭照雄 wtbeer@cwb.gov.tw (待更正:1筆，異動:6筆)
07:51:29 機房OP sosop@cwb.gov.tw (待更正:1筆，異動:9筆)
07:51:30 吳俊鋒 vincentwu@cwb.gov.tw (待更正:0筆，異動:2筆)
07:51:30 李宜芳 yvonne@cwb.gov.tw (待更正:0筆，異動:10筆)
07:51:31 李俊樺 jyunhuali@cwb.gov.tw (待更正:0筆，異動:2筆)
07:51:32 胡錦淵 yuan@cwb.gov.tw (待更正:0筆，異動:8筆)
07:51:33 曹富傑 chuck@cwb.gov.tw (待更正:0筆，異動:6筆)
07:51:33 許秀桃 shelly@cwb.gov.tw (待更正:1筆，異動:3筆)
07:51:34 郭奇偉 kiwikuo@cwb.gov.tw (待更正:1筆，異動:20筆)
07:51:35 黃崇益 chungyi.huang@cwb.gov.tw (待更正:0筆，異動:6筆)
07:51:35 潘如龍 pan@cwb.gov.tw (待更正:1筆，異動:19筆)
07:51:36 蔡煌濱 hptsai@cwb.gov.tw (待更正:1筆，異動:21筆)
07:51:37 賴文敏 laiwm@cwb.gov.tw (待更正:0筆，異動:2筆)
07:51:38 何傳忠 monnan@cwb.gov.tw (待更正:0筆，異動:2筆)
07:51:39 吳蕙如 hrwu@cwb.gov.tw (待更正:2筆，異動:2筆)
07:51:39 李香蘭 gfs5@cwb.gov.tw (待更正:0筆，異動:2筆)
07:51:40 李淑玲 shanti@cwb.gov.tw (待更正:0筆，異動:4筆)
07:51:41 林宗翰 atm8852@cwb.gov.tw (待更正:0筆，異動:2筆)
07:51:42 林庭毅 tingyi@cwb.gov.tw (待更正:0筆，異動:1筆)
07:51:42 孫于力 isen21260@cwb.gov.tw (待更正:0筆，異動:2筆)
07:51:43 許喬祺 b879@cwb.gov.tw (待更正:0筆，異動:2筆)
07:51:44 陳柏榮 fajan09@cwb.gov.tw (待更正:0筆，異動:1筆)
07:51:45 陳婉瑜 carinchen@cwb.gov.tw (待更正:0筆，異動:2筆)
07:51:45 江晉孝 chiangch@cwb.gov.tw (待更正:0筆，異動:2筆)
07:51:46 江琇瑛 s91219264@cwb.gov.tw (待更正:0筆，異動:2筆)
07:51:46 李志昕 iamduduli@cwb.gov.tw (待更正:0筆，異動:1筆)
07:51:47 林伯勳 bslin0701@cwb.gov.tw (待更正:0筆，異動:2筆)
07:51:48 邵彥銘 benjamin1023@cwb.gov.tw (待更正:0筆，異動:2筆)
07:51:48 陳白榆 elmy926@cwb.gov.tw (待更正:0筆，異動:2筆)
07:51:49 陳依涵 ihan@cwb.gov.tw (待更正:0筆，異動:2筆)
07:51:50 陳怡儒 yiru@cwb.gov.tw (待更正:0筆，異動:2筆)
07:51:51 黃小玲 sling@cwb.gov.tw (待更正:0筆，異動:1筆)
07:51:51 蔡雅婷 yating@cwb.gov.tw (待更正:0筆，異動:2筆)
07:51:53 賴曉薇 hlai@cwb.gov.tw (待更正:0筆，異動:1筆)
07:51:54 戴俐卉 hway@cwb.gov.tw (待更正:0筆，異動:2筆)
07:51:55 蘇奕叡 su2ray@cwb.gov.tw (待更正:0筆，異動:2筆)
07:51:55 王惠瑜 rachel@cwb.gov.tw (待更正:0筆，異動:1筆)
07:51:56 周喬隆 ccl@cwb.gov.tw (待更正:0筆，異動:9筆)
07:51:57 張柏洋 lnchang@cwb.gov.tw (待更正:0筆，異動:2筆)
07:51:57 陳昱安 yuan731006@cwb.gov.tw (待更正:0筆，異動:1筆)
07:51:58 湯國輝 gorin@cwb.gov.tw (待更正:0筆，異動:2筆)
07:51:59 黃偉芬 mullysa@cwb.gov.tw (待更正:0筆，異動:2筆)
2016/12/05 07:51:59(End)-------------------------------------------------------------------

2016/12/12 07:50:00(Begin)------------------------------------------------------------------
07:51:01 完成更新[資料查核]
07:51:03 洪景山 rfs14@cwb.gov.tw (待更正:1筆，異動:0筆)
07:51:10 王琇玄 amywang@cwb.gov.tw (待更正:700筆，異動:0筆)
07:51:11 劉亦容 fo@cwb.gov.tw (待更正:700筆，異動:0筆)
07:51:12 HP人員 hpuser@cwb.gov.tw (待更正:1筆，異動:0筆)
07:51:12 PC人員 chueh@cwb.gov.tw (待更正:4筆，異動:9筆)
07:51:14 唐睿 baron0607@cwb.gov.tw (待更正:3筆，異動:4筆)
07:51:15 曾國棟 tseng@cwb.gov.tw (待更正:2筆，異動:0筆)
07:51:16 黃婉綺 wanchi@cwb.gov.tw (待更正:5筆，異動:4筆)
07:51:17 蔡志揮 taists@cwb.gov.tw (待更正:0筆，異動:1筆)
07:51:17 莊柏浚 pcchuang@cwb.gov.tw (待更正:0筆，異動:1筆)
07:51:18 陳蕙茹 michlle@cwb.gov.tw (待更正:0筆，異動:1筆)
07:51:19 劉政 lc@cwb.gov.tw (待更正:23筆，異動:1筆)
07:51:22 林介峰 dan@cwb.gov.tw (待更正:1筆，異動:0筆)
07:51:24 秦照萍 jpc@cwb.gov.tw (待更正:1筆，異動:0筆)
07:51:24 曾怡豪 tyh900@cwb.gov.tw (待更正:1筆，異動:0筆)
07:51:25 劉萬祿 gary@cwb.gov.tw (待更正:1筆，異動:0筆)
07:51:26 蔡佳學 B891@cwb.gov.tw (待更正:2筆，異動:0筆)
07:51:27 機房OP sosop@cwb.gov.tw (待更正:0筆，異動:9筆)
07:51:31 郭奇偉 kiwikuo@cwb.gov.tw (待更正:1筆，異動:15筆)
07:51:32 潘如龍 pan@cwb.gov.tw (待更正:1筆，異動:15筆)
07:51:33 蔡煌濱 hptsai@cwb.gov.tw (待更正:1筆，異動:15筆)
07:51:34 何傳忠 monnan@cwb.gov.tw (待更正:0筆，異動:3筆)
07:51:35 吳蕙如 hrwu@cwb.gov.tw (待更正:2筆，異動:0筆)
07:51:47 周喬隆 ccl@cwb.gov.tw (待更正:0筆，異動:2筆)
2016/12/12 07:51:49(End)-------------------------------------------------------------------

2016/12/19 07:50:00(Begin)------------------------------------------------------------------
07:50:58 完成更新[資料查核]
07:51:00 洪景山 rfs14@cwb.gov.tw (待更正:1筆，異動:2筆)
07:51:06 王琇玄 amywang@cwb.gov.tw (待更正:701筆，異動:2筆)
07:51:06 吳石吉 rfs12@cwb.gov.tw (待更正:0筆，異動:1筆)
07:51:07 劉亦容 fo@cwb.gov.tw (待更正:701筆，異動:2筆)
07:51:08 HP人員 hpuser@cwb.gov.tw (待更正:3筆，異動:0筆)
07:51:08 PC人員 chueh@cwb.gov.tw (待更正:4筆，異動:10筆)
07:51:09 宋恩承 encheng@cwb.gov.tw (待更正:2筆，異動:0筆)
07:51:09 唐睿 baron0607@cwb.gov.tw (待更正:5筆，異動:1筆)
07:51:10 許美玲 shiu@cwb.gov.tw (待更正:2筆，異動:0筆)
07:51:11 曾國棟 tseng@cwb.gov.tw (待更正:4筆，異動:0筆)
07:51:12 黃婉綺 wanchi@cwb.gov.tw (待更正:5筆，異動:0筆)
07:51:12 蔡志揮 taists@cwb.gov.tw (待更正:2筆，異動:0筆)
07:51:15 劉政 lc@cwb.gov.tw (待更正:23筆，異動:6筆)
07:51:17 吳政修 jswu@cwb.gov.tw (待更正:2筆，異動:23筆)
07:51:18 林介峰 dan@cwb.gov.tw (待更正:1筆，異動:0筆)
07:51:19 秦照萍 jpc@cwb.gov.tw (待更正:3筆，異動:24筆)
07:51:19 曾怡豪 tyh900@cwb.gov.tw (待更正:1筆，異動:0筆)
07:51:20 劉萬祿 gary@cwb.gov.tw (待更正:1筆，異動:0筆)
07:51:21 蔡佳學 B891@cwb.gov.tw (待更正:2筆，異動:0筆)
07:51:22 鄭照雄 wtbeer@cwb.gov.tw (待更正:2筆，異動:23筆)
07:51:22 機房OP sosop@cwb.gov.tw (待更正:0筆，異動:4筆)
07:51:25 胡錦淵 yuan@cwb.gov.tw (待更正:0筆，異動:3筆)
07:51:25 曹富傑 chuck@cwb.gov.tw (待更正:0筆，異動:3筆)
07:51:26 郭奇偉 kiwikuo@cwb.gov.tw (待更正:1筆，異動:4筆)
07:51:27 黃崇益 chungyi.huang@cwb.gov.tw (待更正:0筆，異動:3筆)
07:51:27 潘如龍 pan@cwb.gov.tw (待更正:1筆，異動:4筆)
07:51:28 蔡煌濱 hptsai@cwb.gov.tw (待更正:1筆，異動:6筆)
07:51:30 吳蕙如 hrwu@cwb.gov.tw (待更正:2筆，異動:1筆)
07:51:31 李淑玲 shanti@cwb.gov.tw (待更正:0筆，異動:1筆)
2016/12/19 07:51:43(End)-------------------------------------------------------------------

2016/12/26 07:50:00(Begin)------------------------------------------------------------------
07:50:56 完成更新[資料查核]
07:50:58 洪景山 rfs14@cwb.gov.tw (待更正:1筆，異動:0筆)
07:51:02 王琇玄 amywang@cwb.gov.tw (待更正:601筆，異動:0筆)
07:51:04 劉亦容 fo@cwb.gov.tw (待更正:601筆，異動:0筆)
07:51:04 HP人員 hpuser@cwb.gov.tw (待更正:3筆，異動:0筆)
07:51:05 PC人員 chueh@cwb.gov.tw (待更正:3筆，異動:8筆)
07:51:06 宋恩承 encheng@cwb.gov.tw (待更正:2筆，異動:0筆)
07:51:06 唐睿 baron0607@cwb.gov.tw (待更正:5筆，異動:0筆)
07:51:07 許美玲 shiu@cwb.gov.tw (待更正:2筆，異動:0筆)
07:51:08 曾國棟 tseng@cwb.gov.tw (待更正:5筆，異動:6筆)
07:51:08 黃婉綺 wanchi@cwb.gov.tw (待更正:5筆，異動:8筆)
07:51:09 蔡志揮 taists@cwb.gov.tw (待更正:2筆，異動:0筆)
07:51:11 劉政 lc@cwb.gov.tw (待更正:23筆，異動:0筆)
07:51:12 王奕紘 wangyihung@cwb.gov.tw (待更正:0筆，異動:39筆)
07:51:13 吳政修 jswu@cwb.gov.tw (待更正:2筆，異動:8筆)
07:51:14 林介峰 dan@cwb.gov.tw (待更正:1筆，異動:0筆)
07:51:14 秦照萍 jpc@cwb.gov.tw (待更正:3筆，異動:8筆)
07:51:15 曾怡豪 tyh900@cwb.gov.tw (待更正:1筆，異動:0筆)
07:51:16 劉萬祿 gary@cwb.gov.tw (待更正:1筆，異動:39筆)
07:51:17 蔡佳學 B891@cwb.gov.tw (待更正:2筆，異動:0筆)
07:51:17 鄭照雄 wtbeer@cwb.gov.tw (待更正:2筆，異動:8筆)
07:51:18 機房OP sosop@cwb.gov.tw (待更正:0筆，異動:10筆)
07:51:22 郭奇偉 kiwikuo@cwb.gov.tw (待更正:1筆，異動:10筆)
07:51:23 潘如龍 pan@cwb.gov.tw (待更正:1筆，異動:10筆)
07:51:24 蔡煌濱 hptsai@cwb.gov.tw (待更正:1筆，異動:10筆)
07:51:25 吳蕙如 hrwu@cwb.gov.tw (待更正:2筆，異動:0筆)
07:51:26 李淑玲 shanti@cwb.gov.tw (待更正:0筆，異動:1筆)
2016/12/26 07:51:38(End)-------------------------------------------------------------------

